<?xml version="1.0" encoding="UTF-8"?>
<robot generator="Robot 3.1.2 (Python 3.8.1 on win32)" generated="20210322 17:42:09.046" rpa="false">
<suite id="s1" name="Pix-Payments" source="C:\Users\vinicius.trindade\banking_continuous_testing\banking_continuous_testing\tests\pix-payments">
<suite id="s1-s1" name="Envio" source="C:\Users\vinicius.trindade\banking_continuous_testing\banking_continuous_testing\tests\pix-payments\envio">
<suite id="s1-s1-s1" name="Criar Pagamento PIX" source="C:\Users\vinicius.trindade\banking_continuous_testing\banking_continuous_testing\tests\pix-payments\envio\Criar Pagamento PIX.robot">
<test id="s1-s1-s1-t1" name="Cenário: Criar pagamento PIX de para holder business utilizando dados completos da conta de destino">
<kw name="criar chave pix ativa" library="pix_dict_create_active_key_pix">
<arguments>
<arg>holder_type=business</arg>
<arg>pix_type=email</arg>
</arguments>
<kw name="Random Number" library="FakerLibrary">
<doc>Returns a random number with 1 digit (default, when digits==None),
a random number with 0 to given number of digits, or a random number
with given number to given number of digits (when ``fix_len==True``).</doc>
<arguments>
<arg>digits=8</arg>
<arg>fix_len=True</arg>
</arguments>
<assign>
<var>${phone}</var>
</assign>
<msg timestamp="20210322 17:42:09.874" level="INFO">${phone} = 20432861</msg>
<status status="PASS" starttime="20210322 17:42:09.873" endtime="20210322 17:42:09.874"></status>
</kw>
<kw name="Set Variable" library="BuiltIn">
<doc>Returns the given values which can then be assigned to a variables.</doc>
<arguments>
<arg>+55219${phone}</arg>
</arguments>
<assign>
<var>${phone_pix}</var>
</assign>
<msg timestamp="20210322 17:42:09.874" level="INFO">${phone_pix} = +5521920432861</msg>
<status status="PASS" starttime="20210322 17:42:09.874" endtime="20210322 17:42:09.874"></status>
</kw>
<kw name="Set Global Variable" library="BuiltIn">
<doc>Makes a variable available globally in all tests and suites.</doc>
<arguments>
<arg>${phone_pix}</arg>
</arguments>
<msg timestamp="20210322 17:42:09.875" level="INFO">${phone_pix} = +5521920432861</msg>
<status status="PASS" starttime="20210322 17:42:09.875" endtime="20210322 17:42:09.875"></status>
</kw>
<kw name="Email" library="FakerLibrary">
<assign>
<var>${email_pix}</var>
</assign>
<msg timestamp="20210322 17:42:09.877" level="INFO">${email_pix} = maria-eduarda96@hotmail.com</msg>
<status status="PASS" starttime="20210322 17:42:09.876" endtime="20210322 17:42:09.877"></status>
</kw>
<kw name="Set Global Variable" library="BuiltIn">
<doc>Makes a variable available globally in all tests and suites.</doc>
<arguments>
<arg>${email_pix}</arg>
</arguments>
<msg timestamp="20210322 17:42:09.878" level="INFO">${email_pix} = maria-eduarda96@hotmail.com</msg>
<status status="PASS" starttime="20210322 17:42:09.877" endtime="20210322 17:42:09.878"></status>
</kw>
<kw name="Run Keyword If" library="BuiltIn">
<doc>Runs the given keyword with the given arguments, if ``condition`` is true.</doc>
<arguments>
<arg>'${holder_type}' == 'business'</arg>
<arg>criar holder business ativo</arg>
<arg>ELSE IF</arg>
<arg>'${holder_type}' == 'individual'</arg>
<arg>criar holder individual ativo</arg>
</arguments>
<kw name="criar holder business ativo" library="accreditation_create_holder_active">
<kw name="conectar accreditation" library="create_session_staging_internal">
<kw name="Create Session" library="RequestsLibrary">
<doc>Create Session: create a HTTP session to a server</doc>
<arguments>
<arg>alias=accreditation</arg>
<arg>url=${accreditation_url_base}</arg>
<arg>disable_warnings=true</arg>
</arguments>
<msg timestamp="20210322 17:42:09.880" level="INFO">Creating Session using : alias=accreditation, url=https://banking-accreditation-internal.staging.zoop.tech, headers={},                     cookies={}, auth=None, timeout=None, proxies=None, verify=False,                     debug=0 </msg>
<status status="PASS" starttime="20210322 17:42:09.880" endtime="20210322 17:42:09.881"></status>
</kw>
<status status="PASS" starttime="20210322 17:42:09.879" endtime="20210322 17:42:09.881"></status>
</kw>
<kw name="Cnpj" library="FakerLibrary">
<assign>
<var>${national_registration}</var>
</assign>
<msg timestamp="20210322 17:42:09.882" level="INFO">${national_registration} = 42.683.175/0001-90</msg>
<status status="PASS" starttime="20210322 17:42:09.881" endtime="20210322 17:42:09.882"></status>
</kw>
<kw name="Replace String" library="String">
<doc>Replaces ``search_for`` in the given ``string`` with ``replace_with``.</doc>
<arguments>
<arg>${national_registration}</arg>
<arg>.</arg>
<arg>${EMPTY}</arg>
</arguments>
<assign>
<var>${national_registration}</var>
</assign>
<msg timestamp="20210322 17:42:09.883" level="INFO">${national_registration} = 42683175/0001-90</msg>
<status status="PASS" starttime="20210322 17:42:09.883" endtime="20210322 17:42:09.883"></status>
</kw>
<kw name="Replace String" library="String">
<doc>Replaces ``search_for`` in the given ``string`` with ``replace_with``.</doc>
<arguments>
<arg>${national_registration}</arg>
<arg>-</arg>
<arg>${EMPTY}</arg>
</arguments>
<assign>
<var>${national_registration}</var>
</assign>
<msg timestamp="20210322 17:42:09.884" level="INFO">${national_registration} = 42683175/000190</msg>
<status status="PASS" starttime="20210322 17:42:09.884" endtime="20210322 17:42:09.884"></status>
</kw>
<kw name="Replace String" library="String">
<doc>Replaces ``search_for`` in the given ``string`` with ``replace_with``.</doc>
<arguments>
<arg>${national_registration}</arg>
<arg>/</arg>
<arg>${EMPTY}</arg>
</arguments>
<assign>
<var>${national_registration}</var>
</assign>
<msg timestamp="20210322 17:42:09.887" level="INFO">${national_registration} = 42683175000190</msg>
<status status="PASS" starttime="20210322 17:42:09.884" endtime="20210322 17:42:09.887"></status>
</kw>
<kw name="Set Global Variable" library="BuiltIn">
<doc>Makes a variable available globally in all tests and suites.</doc>
<arguments>
<arg>${national_registration}</arg>
</arguments>
<msg timestamp="20210322 17:42:09.889" level="INFO">${national_registration} = 42683175000190</msg>
<status status="PASS" starttime="20210322 17:42:09.888" endtime="20210322 17:42:09.889"></status>
</kw>
<kw name="Rg" library="FakerLibrary">
<doc>Brazilian RG, return plain numbers.
Check:  https://www.ngmatematica.com/2014/02/como-determinar-o-digito-verificador-do.html</doc>
<assign>
<var>${identity_card}</var>
</assign>
<msg timestamp="20210322 17:42:09.889" level="INFO">${identity_card} = 502431866</msg>
<status status="PASS" starttime="20210322 17:42:09.889" endtime="20210322 17:42:09.889"></status>
</kw>
<kw name="Set Global Variable" library="BuiltIn">
<doc>Makes a variable available globally in all tests and suites.</doc>
<arguments>
<arg>${identity_card}</arg>
</arguments>
<msg timestamp="20210322 17:42:09.890" level="INFO">${identity_card} = 502431866</msg>
<status status="PASS" starttime="20210322 17:42:09.890" endtime="20210322 17:42:09.890"></status>
</kw>
<kw name="criar holder business" library="accreditation_post_holder_business">
<arguments>
<arg>holder_type=business</arg>
<arg>holder_name=${holder_name}</arg>
<arg>email_business=${email_business}</arg>
<arg>national_registration=${national_registration}</arg>
<arg>revenue_business=${revenue_business}</arg>
<arg>cnae=${cnae}</arg>
<arg>legal_name=${legal_name}</arg>
<arg>establishment_format=mei</arg>
<arg>establishment_date=${establishment_date}</arg>
</arguments>
<kw name="conectar accreditation" library="create_session_staging_internal">
<kw name="Create Session" library="RequestsLibrary">
<doc>Create Session: create a HTTP session to a server</doc>
<arguments>
<arg>alias=accreditation</arg>
<arg>url=${accreditation_url_base}</arg>
<arg>disable_warnings=true</arg>
</arguments>
<msg timestamp="20210322 17:42:09.892" level="INFO">Creating Session using : alias=accreditation, url=https://banking-accreditation-internal.staging.zoop.tech, headers={},                     cookies={}, auth=None, timeout=None, proxies=None, verify=False,                     debug=0 </msg>
<status status="PASS" starttime="20210322 17:42:09.892" endtime="20210322 17:42:09.893"></status>
</kw>
<status status="PASS" starttime="20210322 17:42:09.891" endtime="20210322 17:42:09.893"></status>
</kw>
<kw name="Set Global Variable" library="BuiltIn">
<doc>Makes a variable available globally in all tests and suites.</doc>
<arguments>
<arg>${holder_type}</arg>
</arguments>
<msg timestamp="20210322 17:42:09.894" level="INFO">${holder_type} = business</msg>
<status status="PASS" starttime="20210322 17:42:09.893" endtime="20210322 17:42:09.894"></status>
</kw>
<kw name="Set Global Variable" library="BuiltIn">
<doc>Makes a variable available globally in all tests and suites.</doc>
<arguments>
<arg>${holder_name}</arg>
</arguments>
<msg timestamp="20210322 17:42:09.894" level="INFO">${holder_name} = Holder de teste</msg>
<status status="PASS" starttime="20210322 17:42:09.894" endtime="20210322 17:42:09.894"></status>
</kw>
<kw name="Set Global Variable" library="BuiltIn">
<doc>Makes a variable available globally in all tests and suites.</doc>
<arguments>
<arg>${legal_name}</arg>
</arguments>
<msg timestamp="20210322 17:42:09.895" level="INFO">${legal_name} = Nome Legal da Empresa</msg>
<status status="PASS" starttime="20210322 17:42:09.895" endtime="20210322 17:42:09.895"></status>
</kw>
<kw name="Create Dictionary" library="BuiltIn">
<doc>Creates and returns a dictionary based on the given ``items``.</doc>
<arguments>
<arg>Content-Type=application/json</arg>
</arguments>
<assign>
<var>${header}</var>
</assign>
<msg timestamp="20210322 17:42:09.907" level="INFO">${header} = {'Content-Type': 'application/json'}</msg>
<status status="PASS" starttime="20210322 17:42:09.895" endtime="20210322 17:42:09.907"></status>
</kw>
<kw name="Catenate" library="BuiltIn">
<doc>Catenates the given items together and returns the resulted string.</doc>
<arguments>
<arg>{</arg>
<arg>"type": "${holder_type}",</arg>
<arg>"name": "${holder_name}",</arg>
<arg>"email": "${email_business}",</arg>
<arg>"national_registration": "${national_registration}",</arg>
<arg>"revenue": ${revenue_business},</arg>
<arg>"cnae": "${cnae}",</arg>
<arg>"legal_name": "${legal_name}",</arg>
<arg>"establishment": {</arg>
<arg>"format":"${establishment_format}",</arg>
<arg>"date":"${establishment_date}"</arg>
<arg>}</arg>
<arg>}</arg>
</arguments>
<assign>
<var>${body}</var>
</assign>
<msg timestamp="20210322 17:42:09.909" level="INFO">${body} = { "type": "business", "name": "Holder de teste", "email": "contato@teste.com.br", "national_registration": "42683175000190", "revenue": 1005500.00, "cnae": "0111301", "legal_name": "Nome Legal da Empr...</msg>
<status status="PASS" starttime="20210322 17:42:09.908" endtime="20210322 17:42:09.909"></status>
</kw>
<kw name="Post Request" library="RequestsLibrary">
<doc>Send a POST request on the session object found using the
given `alias`</doc>
<arguments>
<arg>accreditation</arg>
<arg>/marketplaces/${marketplace_external_key}/banking/accreditation/holders</arg>
<arg>data=${body}</arg>
<arg>headers=${header}</arg>
</arguments>
<assign>
<var>${response}</var>
</assign>
<msg timestamp="20210322 17:42:09.910" level="INFO">POST Request using : uri=/marketplaces/f71a8951368a4cc085cf7875ff44e61c/banking/accreditation/holders, params=None, files=None, allow_redirects=True, timeout=None
headers={'User-Agent': 'python-requests/2.22.0', 'Accept-Encoding': 'gzip, deflate', 'Accept': '*/*', 'Connection': 'keep-alive', 'Content-Type': 'application/json'} 
data={ "type": "business", "name": "Holder de teste", "email": "contato@teste.com.br", "national_registration": "42683175000190", "revenue": 1005500.00, "cnae": "0111301", "legal_name": "Nome Legal da Empresa", "establishment": { "format":"mei", "date":"2012-04-25" } } 
json=None</msg>
<msg timestamp="20210322 17:42:10.613" level="INFO">${response} = &lt;Response [201]&gt;</msg>
<status status="PASS" starttime="20210322 17:42:09.909" endtime="20210322 17:42:10.613"></status>
</kw>
<kw name="Log" library="BuiltIn">
<doc>Logs the given message with the given level.</doc>
<arguments>
<arg>${response.json()}</arg>
</arguments>
<msg timestamp="20210322 17:42:10.616" level="INFO">{'id': '0d3edd69ab064855ac2e56117c3f4d02', 'name': 'Holder de teste', 'revenue': 1005500.0, 'email': 'contato@teste.com.br', 'status': 'waiting_info_and_documents', 'marketplace_id': 'f71a8951368a4cc085cf7875ff44e61c', 'marketplace_name': 'Marketplace de Teste', 'created_at': '2021-03-22T17:42:11.753604', 'updated_at': '2021-03-22T17:42:11.753605', 'type': 'business', 'national_registration': '42683175000190', 'legal_name': 'Nome Legal da Empresa', 'establishment': {'format': 'mei', 'date': '2012-04-25'}, 'cnae': '0111301', '_links': {'self': {'href': 'https://banking-accreditation-internal.staging.zoop.tech/marketplaces/f71a8951368a4cc085cf7875ff44e61c/banking/accreditation/holders/0d3edd69ab064855ac2e56117c3f4d02', 'type': 'GET'}, 'phones': {'href': 'https://banking-accreditation-internal.staging.zoop.tech/marketplaces/f71a8951368a4cc085cf7875ff44e61c/banking/accreditation/holders/0d3edd69ab064855ac2e56117c3f4d02/phones', 'type': 'GET'}, 'addresses': {'href': 'https://banking-accreditation-internal.staging.zoop.tech/marketplaces/f71a8951368a4cc085cf7875ff44e61c/banking/accreditation/holders/0d3edd69ab064855ac2e56117c3f4d02/addresses', 'type': 'GET'}, 'documents': {'href': 'https://banking-accreditation-internal.staging.zoop.tech/marketplaces/f71a8951368a4cc085cf7875ff44e61c/banking/accreditation/holders/0d3edd69ab064855ac2e56117c3f4d02/documents', 'type': 'GET'}, 'partners': {'href': 'https://banking-accreditation-internal.staging.zoop.tech/marketplaces/f71a8951368a4cc085cf7875ff44e61c/banking/accreditation/holders/0d3edd69ab064855ac2e56117c3f4d02/partners', 'type': 'GET'}, 'associates': {'href': 'https://banking-accreditation-internal.staging.zoop.tech/marketplaces/f71a8951368a4cc085cf7875ff44e61c/banking/accreditation/holders/0d3edd69ab064855ac2e56117c3f4d02/associates', 'type': 'GET'}}}</msg>
<status status="PASS" starttime="20210322 17:42:10.614" endtime="20210322 17:42:10.616"></status>
</kw>
<kw name="Log" library="BuiltIn">
<doc>Logs the given message with the given level.</doc>
<arguments>
<arg>${response.headers['X-REQUEST-ID']}</arg>
</arguments>
<msg timestamp="20210322 17:42:10.618" level="INFO">32f1ac59d84a751c</msg>
<status status="PASS" starttime="20210322 17:42:10.617" endtime="20210322 17:42:10.618"></status>
</kw>
<kw name="Log" library="BuiltIn">
<doc>Logs the given message with the given level.</doc>
<arguments>
<arg>${body}</arg>
</arguments>
<msg timestamp="20210322 17:42:10.620" level="INFO">{ "type": "business", "name": "Holder de teste", "email": "contato@teste.com.br", "national_registration": "42683175000190", "revenue": 1005500.00, "cnae": "0111301", "legal_name": "Nome Legal da Empresa", "establishment": { "format":"mei", "date":"2012-04-25" } }</msg>
<status status="PASS" starttime="20210322 17:42:10.619" endtime="20210322 17:42:10.620"></status>
</kw>
<kw name="Set Global Variable" library="BuiltIn">
<doc>Makes a variable available globally in all tests and suites.</doc>
<arguments>
<arg>${response}</arg>
</arguments>
<msg timestamp="20210322 17:42:10.623" level="INFO">${response} = &lt;Response [201]&gt;</msg>
<status status="PASS" starttime="20210322 17:42:10.621" endtime="20210322 17:42:10.623"></status>
</kw>
<kw name="Set Variable If" library="BuiltIn">
<doc>Sets variable based on the given condition.</doc>
<arguments>
<arg>${response.status_code}==201</arg>
<arg>${response.json()["id"]}</arg>
</arguments>
<assign>
<var>${holder_external_key}</var>
</assign>
<msg timestamp="20210322 17:42:10.626" level="INFO">${holder_external_key} = 0d3edd69ab064855ac2e56117c3f4d02</msg>
<status status="PASS" starttime="20210322 17:42:10.624" endtime="20210322 17:42:10.626"></status>
</kw>
<kw name="Set Global Variable" library="BuiltIn">
<doc>Makes a variable available globally in all tests and suites.</doc>
<arguments>
<arg>${holder_external_key}</arg>
</arguments>
<msg timestamp="20210322 17:42:10.628" level="INFO">${holder_external_key} = 0d3edd69ab064855ac2e56117c3f4d02</msg>
<status status="PASS" starttime="20210322 17:42:10.627" endtime="20210322 17:42:10.628"></status>
</kw>
<status status="PASS" starttime="20210322 17:42:09.890" endtime="20210322 17:42:10.628"></status>
</kw>
<kw name="Should Be Equal As Integers" library="BuiltIn">
<doc>Fails if objects are unequal after converting them to integers.</doc>
<arguments>
<arg>${response.status_code}</arg>
<arg>201</arg>
</arguments>
<msg timestamp="20210322 17:42:10.630" level="INFO">Argument types are:
&lt;class 'int'&gt;
&lt;type 'unicode'&gt;</msg>
<status status="PASS" starttime="20210322 17:42:10.629" endtime="20210322 17:42:10.630"></status>
</kw>
<kw name="criar holder phone" library="accreditation_post_holder_phone">
<arguments>
<arg>21</arg>
<arg>51</arg>
<arg>996221236</arg>
</arguments>
<kw name="Create Dictionary" library="BuiltIn">
<doc>Creates and returns a dictionary based on the given ``items``.</doc>
<arguments>
<arg>Content-Type=application/json</arg>
</arguments>
<assign>
<var>${header}</var>
</assign>
<msg timestamp="20210322 17:42:10.632" level="INFO">${header} = {'Content-Type': 'application/json'}</msg>
<status status="PASS" starttime="20210322 17:42:10.632" endtime="20210322 17:42:10.632"></status>
</kw>
<kw name="Catenate" library="BuiltIn">
<doc>Catenates the given items together and returns the resulted string.</doc>
<arguments>
<arg>{</arg>
<arg>"area_code": "${phone_area_code}",</arg>
<arg>"country_code": "${phone_country_code}",</arg>
<arg>"number": "${phone_number}"</arg>
<arg>}</arg>
</arguments>
<assign>
<var>${body}</var>
</assign>
<msg timestamp="20210322 17:42:10.633" level="INFO">${body} = { "area_code": "21", "country_code": "51", "number": "996221236" }</msg>
<status status="PASS" starttime="20210322 17:42:10.632" endtime="20210322 17:42:10.633"></status>
</kw>
<kw name="Post Request" library="RequestsLibrary">
<doc>Send a POST request on the session object found using the
given `alias`</doc>
<arguments>
<arg>accreditation</arg>
<arg>/marketplaces/${marketplace_external_key}/banking/accreditation/holders/${holder_external_key}/phones</arg>
<arg>data=${body}</arg>
<arg>headers=${header}</arg>
</arguments>
<assign>
<var>${response}</var>
</assign>
<msg timestamp="20210322 17:42:10.634" level="INFO">POST Request using : uri=/marketplaces/f71a8951368a4cc085cf7875ff44e61c/banking/accreditation/holders/0d3edd69ab064855ac2e56117c3f4d02/phones, params=None, files=None, allow_redirects=True, timeout=None
headers={'User-Agent': 'python-requests/2.22.0', 'Accept-Encoding': 'gzip, deflate', 'Accept': '*/*', 'Connection': 'keep-alive', 'Content-Type': 'application/json'} 
data={ "area_code": "21", "country_code": "51", "number": "996221236" } 
json=None</msg>
<msg timestamp="20210322 17:42:10.913" level="INFO">${response} = &lt;Response [201]&gt;</msg>
<status status="PASS" starttime="20210322 17:42:10.633" endtime="20210322 17:42:10.914"></status>
</kw>
<kw name="Log" library="BuiltIn">
<doc>Logs the given message with the given level.</doc>
<arguments>
<arg>${response.json()}</arg>
</arguments>
<msg timestamp="20210322 17:42:10.916" level="INFO">{'id': '3c0a0c54d6ba452cac7c1eda4890461b', 'area_code': '21', 'country_code': '51', 'number': '996221236', 'main': True, '_links': {'self': {'href': 'https://banking-accreditation-internal.staging.zoop.tech/marketplaces/f71a8951368a4cc085cf7875ff44e61c/banking/accreditation/holders/0d3edd69ab064855ac2e56117c3f4d02/phones/3c0a0c54d6ba452cac7c1eda4890461b', 'type': 'GET'}, 'holder': {'href': 'https://banking-accreditation-internal.staging.zoop.tech/marketplaces/f71a8951368a4cc085cf7875ff44e61c/banking/accreditation/holders/0d3edd69ab064855ac2e56117c3f4d02', 'type': 'GET'}}}</msg>
<status status="PASS" starttime="20210322 17:42:10.915" endtime="20210322 17:42:10.916"></status>
</kw>
<kw name="Log" library="BuiltIn">
<doc>Logs the given message with the given level.</doc>
<arguments>
<arg>${response.headers['X-REQUEST-ID']}</arg>
</arguments>
<msg timestamp="20210322 17:42:10.918" level="INFO">230c2fa6eb3745be</msg>
<status status="PASS" starttime="20210322 17:42:10.917" endtime="20210322 17:42:10.919"></status>
</kw>
<kw name="Set Global Variable" library="BuiltIn">
<doc>Makes a variable available globally in all tests and suites.</doc>
<arguments>
<arg>${response}</arg>
</arguments>
<msg timestamp="20210322 17:42:10.921" level="INFO">${response} = &lt;Response [201]&gt;</msg>
<status status="PASS" starttime="20210322 17:42:10.920" endtime="20210322 17:42:10.921"></status>
</kw>
<kw name="Set Variable If" library="BuiltIn">
<doc>Sets variable based on the given condition.</doc>
<arguments>
<arg>${response.status_code}==201</arg>
<arg>${response.json()["id"]}</arg>
</arguments>
<assign>
<var>${phone_external_key}</var>
</assign>
<msg timestamp="20210322 17:42:10.924" level="INFO">${phone_external_key} = 3c0a0c54d6ba452cac7c1eda4890461b</msg>
<status status="PASS" starttime="20210322 17:42:10.922" endtime="20210322 17:42:10.924"></status>
</kw>
<kw name="Set Global Variable" library="BuiltIn">
<doc>Makes a variable available globally in all tests and suites.</doc>
<arguments>
<arg>${phone_external_key}</arg>
</arguments>
<msg timestamp="20210322 17:42:10.926" level="INFO">${phone_external_key} = 3c0a0c54d6ba452cac7c1eda4890461b</msg>
<status status="PASS" starttime="20210322 17:42:10.925" endtime="20210322 17:42:10.926"></status>
</kw>
<status status="PASS" starttime="20210322 17:42:10.631" endtime="20210322 17:42:10.927"></status>
</kw>
<kw name="Should Be Equal As Integers" library="BuiltIn">
<doc>Fails if objects are unequal after converting them to integers.</doc>
<arguments>
<arg>${response.status_code}</arg>
<arg>201</arg>
</arguments>
<msg timestamp="20210322 17:42:10.928" level="INFO">Argument types are:
&lt;class 'int'&gt;
&lt;type 'unicode'&gt;</msg>
<status status="PASS" starttime="20210322 17:42:10.927" endtime="20210322 17:42:10.929"></status>
</kw>
<kw name="criar holder address" library="accreditation_post_holder_address">
<arguments>
<arg>Rio de Janeiro</arg>
<arg>Rio de Janeiro</arg>
<arg>Brasil</arg>
<arg>Bairro de Testes</arg>
<arg>Rua de Testes</arg>
<arg>90</arg>
<arg>apto 200</arg>
<arg>21550987</arg>
</arguments>
<kw name="Create Dictionary" library="BuiltIn">
<doc>Creates and returns a dictionary based on the given ``items``.</doc>
<arguments>
<arg>Content-Type=application/json</arg>
</arguments>
<assign>
<var>${header}</var>
</assign>
<msg timestamp="20210322 17:42:10.931" level="INFO">${header} = {'Content-Type': 'application/json'}</msg>
<status status="PASS" starttime="20210322 17:42:10.930" endtime="20210322 17:42:10.931"></status>
</kw>
<kw name="Catenate" library="BuiltIn">
<doc>Catenates the given items together and returns the resulted string.</doc>
<arguments>
<arg>{</arg>
<arg>"city": "${city}",</arg>
<arg>"state": "${state}",</arg>
<arg>"country": "${country}",</arg>
<arg>"neighborhood": "${neighborhood}",</arg>
<arg>"street": "${street}",</arg>
<arg>"number": "${number}",</arg>
<arg>"complement": "${complement}",</arg>
<arg>"postal_code": "${postal_code}"</arg>
<arg>}</arg>
</arguments>
<assign>
<var>${body}</var>
</assign>
<msg timestamp="20210322 17:42:10.933" level="INFO">${body} = { "city": "Rio de Janeiro", "state": "Rio de Janeiro", "country": "Brasil", "neighborhood": "Bairro de Testes", "street": "Rua de Testes", "number": "90", "complement": "apto 200", "postal_code": "215...</msg>
<status status="PASS" starttime="20210322 17:42:10.932" endtime="20210322 17:42:10.933"></status>
</kw>
<kw name="Post Request" library="RequestsLibrary">
<doc>Send a POST request on the session object found using the
given `alias`</doc>
<arguments>
<arg>accreditation</arg>
<arg>/marketplaces/${marketplace_external_key}/banking/accreditation/holders/${holder_external_key}/addresses</arg>
<arg>data=${body}</arg>
<arg>headers=${header}</arg>
</arguments>
<assign>
<var>${response}</var>
</assign>
<msg timestamp="20210322 17:42:10.935" level="INFO">POST Request using : uri=/marketplaces/f71a8951368a4cc085cf7875ff44e61c/banking/accreditation/holders/0d3edd69ab064855ac2e56117c3f4d02/addresses, params=None, files=None, allow_redirects=True, timeout=None
headers={'User-Agent': 'python-requests/2.22.0', 'Accept-Encoding': 'gzip, deflate', 'Accept': '*/*', 'Connection': 'keep-alive', 'Content-Type': 'application/json'} 
data={ "city": "Rio de Janeiro", "state": "Rio de Janeiro", "country": "Brasil", "neighborhood": "Bairro de Testes", "street": "Rua de Testes", "number": "90", "complement": "apto 200", "postal_code": "21550987" } 
json=None</msg>
<msg timestamp="20210322 17:42:11.149" level="INFO">${response} = &lt;Response [201]&gt;</msg>
<status status="PASS" starttime="20210322 17:42:10.934" endtime="20210322 17:42:11.150"></status>
</kw>
<kw name="Log" library="BuiltIn">
<doc>Logs the given message with the given level.</doc>
<arguments>
<arg>${response.json()}</arg>
</arguments>
<msg timestamp="20210322 17:42:11.152" level="INFO">{'id': '1bd2698f3bde4d1ba35b2f110bf8ab8b', 'street': 'Rua de Testes', 'number': '90', 'city': 'Rio de Janeiro', 'complement': 'apto 200', 'state': 'Rio de Janeiro', 'neighborhood': 'Bairro de Testes', 'postal_code': '21550987', 'country': 'Brasil', 'main': True, '_links': {'self': {'href': 'https://banking-accreditation-internal.staging.zoop.tech/marketplaces/f71a8951368a4cc085cf7875ff44e61c/banking/accreditation/holders/0d3edd69ab064855ac2e56117c3f4d02/addresses/1bd2698f3bde4d1ba35b2f110bf8ab8b', 'type': 'GET'}, 'holder': {'href': 'https://banking-accreditation-internal.staging.zoop.tech/marketplaces/f71a8951368a4cc085cf7875ff44e61c/banking/accreditation/holders/0d3edd69ab064855ac2e56117c3f4d02', 'type': 'GET'}}}</msg>
<status status="PASS" starttime="20210322 17:42:11.151" endtime="20210322 17:42:11.152"></status>
</kw>
<kw name="Log" library="BuiltIn">
<doc>Logs the given message with the given level.</doc>
<arguments>
<arg>${response.headers['X-REQUEST-ID']}</arg>
</arguments>
<msg timestamp="20210322 17:42:11.154" level="INFO">4ea5b3fb07d3ed18</msg>
<status status="PASS" starttime="20210322 17:42:11.153" endtime="20210322 17:42:11.154"></status>
</kw>
<kw name="Set Global Variable" library="BuiltIn">
<doc>Makes a variable available globally in all tests and suites.</doc>
<arguments>
<arg>${response}</arg>
</arguments>
<msg timestamp="20210322 17:42:11.157" level="INFO">${response} = &lt;Response [201]&gt;</msg>
<status status="PASS" starttime="20210322 17:42:11.155" endtime="20210322 17:42:11.157"></status>
</kw>
<kw name="Set Variable If" library="BuiltIn">
<doc>Sets variable based on the given condition.</doc>
<arguments>
<arg>${response.status_code}==201</arg>
<arg>${response.json()["id"]}</arg>
</arguments>
<assign>
<var>${address_external_key}</var>
</assign>
<msg timestamp="20210322 17:42:11.160" level="INFO">${address_external_key} = 1bd2698f3bde4d1ba35b2f110bf8ab8b</msg>
<status status="PASS" starttime="20210322 17:42:11.158" endtime="20210322 17:42:11.160"></status>
</kw>
<kw name="Set Global Variable" library="BuiltIn">
<doc>Makes a variable available globally in all tests and suites.</doc>
<arguments>
<arg>${address_external_key}</arg>
</arguments>
<msg timestamp="20210322 17:42:11.163" level="INFO">${address_external_key} = 1bd2698f3bde4d1ba35b2f110bf8ab8b</msg>
<status status="PASS" starttime="20210322 17:42:11.161" endtime="20210322 17:42:11.163"></status>
</kw>
<status status="PASS" starttime="20210322 17:42:10.929" endtime="20210322 17:42:11.163"></status>
</kw>
<kw name="Should Be Equal As Integers" library="BuiltIn">
<doc>Fails if objects are unequal after converting them to integers.</doc>
<arguments>
<arg>${response.status_code}</arg>
<arg>201</arg>
</arguments>
<msg timestamp="20210322 17:42:11.165" level="INFO">Argument types are:
&lt;class 'int'&gt;
&lt;type 'unicode'&gt;</msg>
<status status="PASS" starttime="20210322 17:42:11.164" endtime="20210322 17:42:11.165"></status>
</kw>
<kw name="criar holder document" library="accreditation_post_holder_document">
<arguments>
<arg>CCMEI</arg>
</arguments>
<kw name="Create Dictionary" library="BuiltIn">
<doc>Creates and returns a dictionary based on the given ``items``.</doc>
<arguments>
<arg>Content-Type=image/jpeg</arg>
</arguments>
<assign>
<var>${header}</var>
</assign>
<msg timestamp="20210322 17:42:11.168" level="INFO">${header} = {'Content-Type': 'image/jpeg'}</msg>
<status status="PASS" starttime="20210322 17:42:11.167" endtime="20210322 17:42:11.168"></status>
</kw>
<kw name="Get Binary File" library="OperatingSystem">
<doc>Returns the contents of a specified file.</doc>
<arguments>
<arg>./../../images/accreditation/image.jpg</arg>
</arguments>
<assign>
<var>${data}</var>
</assign>
<msg timestamp="20210322 17:42:11.169" level="INFO" html="yes">Getting file '&lt;a href="file://C:\Users\vinicius.trindade\banking_continuous_testing\banking_continuous_testing\images\accreditation\image.jpg"&gt;C:\Users\vinicius.trindade\banking_continuous_testing\banking_continuous_testing\images\accreditation\image.jpg&lt;/a&gt;'.</msg>
<msg timestamp="20210322 17:42:11.173" level="INFO">${data} = \xff\xd8\xff\xe0JFIF\xf0\xf0\xff\xdbC


		
%# , #&amp;')*)-0-(0%()(\xff\xc0\xa0\xf0\xff\xc4	\xff\xc4=...</msg>
<status status="PASS" starttime="20210322 17:42:11.168" endtime="20210322 17:42:11.173"></status>
</kw>
<kw name="Post Request" library="RequestsLibrary">
<doc>Send a POST request on the session object found using the
given `alias`</doc>
<arguments>
<arg>accreditation</arg>
<arg>/marketplaces/${marketplace_external_key}/banking/accreditation/holders/${holder_external_key}/documents?type=${document_type}</arg>
<arg>data=${data}</arg>
<arg>headers=${header}</arg>
</arguments>
<assign>
<var>${response}</var>
</assign>
<msg timestamp="20210322 17:42:11.175" level="INFO">POST Request using : uri=/marketplaces/f71a8951368a4cc085cf7875ff44e61c/banking/accreditation/holders/0d3edd69ab064855ac2e56117c3f4d02/documents?type=CCMEI, params=None, files=None, allow_redirects=True, timeout=None
headers={'User-Agent': 'python-requests/2.22.0', 'Accept-Encoding': 'gzip, deflate', 'Accept': '*/*', 'Connection': 'keep-alive', 'Content-Type': 'image/jpeg'} 
data=&lt;image/jpeg&gt; 
json=None</msg>
<msg timestamp="20210322 17:42:11.494" level="INFO">${response} = &lt;Response [201]&gt;</msg>
<status status="PASS" starttime="20210322 17:42:11.173" endtime="20210322 17:42:11.495"></status>
</kw>
<kw name="Log" library="BuiltIn">
<doc>Logs the given message with the given level.</doc>
<arguments>
<arg>${response.json()}</arg>
</arguments>
<msg timestamp="20210322 17:42:11.496" level="INFO">{'id': '0b5a14c11195438dbedc9e95b286ee76', 'document_type': 'ccmei', 'media_type': 'image_jpeg', 'length': 3135, '_links': {'self': {'href': 'https://banking-accreditation-internal.staging.zoop.tech/marketplaces/f71a8951368a4cc085cf7875ff44e61c/banking/accreditation/holders/0d3edd69ab064855ac2e56117c3f4d02/documents/0b5a14c11195438dbedc9e95b286ee76', 'type': 'GET'}, 'holder': {'href': 'https://banking-accreditation-internal.staging.zoop.tech/marketplaces/f71a8951368a4cc085cf7875ff44e61c/banking/accreditation/holders/0d3edd69ab064855ac2e56117c3f4d02', 'type': 'GET'}, 'download': {'href': 'https://banking-accreditation-internal.staging.zoop.tech/marketplaces/f71a8951368a4cc085cf7875ff44e61c/banking/accreditation/holders/0d3edd69ab064855ac2e56117c3f4d02/documents/0b5a14c11195438dbedc9e95b286ee76/download', 'type': 'GET'}}}</msg>
<status status="PASS" starttime="20210322 17:42:11.495" endtime="20210322 17:42:11.496"></status>
</kw>
<kw name="Log" library="BuiltIn">
<doc>Logs the given message with the given level.</doc>
<arguments>
<arg>${response.headers['X-REQUEST-ID']}</arg>
</arguments>
<msg timestamp="20210322 17:42:11.498" level="INFO">10b76a58fca67b5e</msg>
<status status="PASS" starttime="20210322 17:42:11.497" endtime="20210322 17:42:11.498"></status>
</kw>
<kw name="Set Global Variable" library="BuiltIn">
<doc>Makes a variable available globally in all tests and suites.</doc>
<arguments>
<arg>${response}</arg>
</arguments>
<msg timestamp="20210322 17:42:11.500" level="INFO">${response} = &lt;Response [201]&gt;</msg>
<status status="PASS" starttime="20210322 17:42:11.499" endtime="20210322 17:42:11.500"></status>
</kw>
<kw name="Set Variable If" library="BuiltIn">
<doc>Sets variable based on the given condition.</doc>
<arguments>
<arg>${response.status_code}==201</arg>
<arg>${response.json()["id"]}</arg>
</arguments>
<assign>
<var>${document_external_key}</var>
</assign>
<msg timestamp="20210322 17:42:11.501" level="INFO">${document_external_key} = 0b5a14c11195438dbedc9e95b286ee76</msg>
<status status="PASS" starttime="20210322 17:42:11.501" endtime="20210322 17:42:11.501"></status>
</kw>
<kw name="Set Global Variable" library="BuiltIn">
<doc>Makes a variable available globally in all tests and suites.</doc>
<arguments>
<arg>${document_external_key}</arg>
</arguments>
<msg timestamp="20210322 17:42:11.503" level="INFO">${document_external_key} = 0b5a14c11195438dbedc9e95b286ee76</msg>
<status status="PASS" starttime="20210322 17:42:11.502" endtime="20210322 17:42:11.503"></status>
</kw>
<status status="PASS" starttime="20210322 17:42:11.166" endtime="20210322 17:42:11.503"></status>
</kw>
<kw name="Should Be Equal As Integers" library="BuiltIn">
<doc>Fails if objects are unequal after converting them to integers.</doc>
<arguments>
<arg>${response.status_code}</arg>
<arg>201</arg>
</arguments>
<msg timestamp="20210322 17:42:11.504" level="INFO">Argument types are:
&lt;class 'int'&gt;
&lt;type 'unicode'&gt;</msg>
<status status="PASS" starttime="20210322 17:42:11.504" endtime="20210322 17:42:11.504"></status>
</kw>
<kw name="Cpf" library="FakerLibrary">
<assign>
<var>${partner_individual_national_registration}</var>
</assign>
<msg timestamp="20210322 17:42:11.505" level="INFO">${partner_individual_national_registration} = 034.792.518-97</msg>
<status status="PASS" starttime="20210322 17:42:11.504" endtime="20210322 17:42:11.505"></status>
</kw>
<kw name="Replace String" library="String">
<doc>Replaces ``search_for`` in the given ``string`` with ``replace_with``.</doc>
<arguments>
<arg>${partner_individual_national_registration}</arg>
<arg>.</arg>
<arg>${EMPTY}</arg>
</arguments>
<assign>
<var>${partner_individual_national_registration}</var>
</assign>
<msg timestamp="20210322 17:42:11.506" level="INFO">${partner_individual_national_registration} = 034792518-97</msg>
<status status="PASS" starttime="20210322 17:42:11.505" endtime="20210322 17:42:11.506"></status>
</kw>
<kw name="Replace String" library="String">
<doc>Replaces ``search_for`` in the given ``string`` with ``replace_with``.</doc>
<arguments>
<arg>${partner_individual_national_registration}</arg>
<arg>-</arg>
<arg>${EMPTY}</arg>
</arguments>
<assign>
<var>${partner_individual_national_registration}</var>
</assign>
<msg timestamp="20210322 17:42:11.507" level="INFO">${partner_individual_national_registration} = 03479251897</msg>
<status status="PASS" starttime="20210322 17:42:11.506" endtime="20210322 17:42:11.507"></status>
</kw>
<kw name="Set Global Variable" library="BuiltIn">
<doc>Makes a variable available globally in all tests and suites.</doc>
<arguments>
<arg>${partner_individual_national_registration}</arg>
</arguments>
<msg timestamp="20210322 17:42:11.507" level="INFO">${partner_individual_national_registration} = 03479251897</msg>
<status status="PASS" starttime="20210322 17:42:11.507" endtime="20210322 17:42:11.508"></status>
</kw>
<kw name="Rg" library="FakerLibrary">
<doc>Brazilian RG, return plain numbers.
Check:  https://www.ngmatematica.com/2014/02/como-determinar-o-digito-verificador-do.html</doc>
<assign>
<var>${partner_individual_identity_card}</var>
</assign>
<msg timestamp="20210322 17:42:11.508" level="INFO">${partner_individual_identity_card} = 07425831X</msg>
<status status="PASS" starttime="20210322 17:42:11.508" endtime="20210322 17:42:11.508"></status>
</kw>
<kw name="Set Global Variable" library="BuiltIn">
<doc>Makes a variable available globally in all tests and suites.</doc>
<arguments>
<arg>${partner_individual_identity_card}</arg>
</arguments>
<msg timestamp="20210322 17:42:11.509" level="INFO">${partner_individual_identity_card} = 07425831X</msg>
<status status="PASS" starttime="20210322 17:42:11.509" endtime="20210322 17:42:11.509"></status>
</kw>
<kw name="criar partner individual" library="accreditation_post_partner_individual">
<arguments>
<arg>partner_individual_type=individual</arg>
<arg>partner_individual_name=${partner_individual_name}</arg>
<arg>partner_individual_email=${partner_individual_email}</arg>
<arg>partner_individual_national_registration=${partner_individual_national_registration}</arg>
<arg>partner_individual_revenue=${partner_individual_revenue}</arg>
<arg>partner_individual_birthday=${partner_individual_birthday}</arg>
<arg>partner_individual_mothers_name=${partner_individual_mothers_name}</arg>
<arg>partner_individual_identity_card=${partner_individual_identity_card}</arg>
<arg>partner_individual_pep=false</arg>
<arg>partner_individual_percentage=100</arg>
<arg>partner_individual_adm=true</arg>
<arg>partner_individual_cbo=${partner_individual_cbo}</arg>
</arguments>
<kw name="Create Dictionary" library="BuiltIn">
<doc>Creates and returns a dictionary based on the given ``items``.</doc>
<arguments>
<arg>Content-Type=application/json</arg>
</arguments>
<assign>
<var>${header}</var>
</assign>
<msg timestamp="20210322 17:42:11.511" level="INFO">${header} = {'Content-Type': 'application/json'}</msg>
<status status="PASS" starttime="20210322 17:42:11.510" endtime="20210322 17:42:11.511"></status>
</kw>
<kw name="Catenate" library="BuiltIn">
<doc>Catenates the given items together and returns the resulted string.</doc>
<arguments>
<arg>{</arg>
<arg>"type": "${partner_individual_type}",</arg>
<arg>"name": "${partner_individual_name}",</arg>
<arg>"email": "${partner_individual_email}",</arg>
<arg>"national_registration": "${partner_individual_national_registration}",</arg>
<arg>"revenue": ${partner_individual_revenue},</arg>
<arg>"birthday": "${partner_individual_birthday}",</arg>
<arg>"mothers_name": "${partner_individual_mothers_name}",</arg>
<arg>"identity_card": "${partner_individual_identity_card}",</arg>
<arg>"pep": false,</arg>
<arg>"percentage": ${partner_individual_percentage},</arg>
<arg>"adm": ${partner_individual_adm},</arg>
<arg>"cbo": ${partner_individual_cbo}</arg>
<arg>}</arg>
</arguments>
<assign>
<var>${body}</var>
</assign>
<msg timestamp="20210322 17:42:11.512" level="INFO">${body} = { "type": "individual", "name": "Individual Partner de teste", "email": "teste@teste.com.br", "national_registration": "03479251897", "revenue": 5500.00, "birthday": "1988-04-23", "mothers_name": "Mãe...</msg>
<status status="PASS" starttime="20210322 17:42:11.511" endtime="20210322 17:42:11.512"></status>
</kw>
<kw name="Post Request" library="RequestsLibrary">
<doc>Send a POST request on the session object found using the
given `alias`</doc>
<arguments>
<arg>accreditation</arg>
<arg>/marketplaces/${marketplace_external_key}/banking/accreditation/holders/${holder_external_key}/partners</arg>
<arg>data=${body}</arg>
<arg>headers=${header}</arg>
</arguments>
<assign>
<var>${response}</var>
</assign>
<msg timestamp="20210322 17:42:11.513" level="INFO">POST Request using : uri=/marketplaces/f71a8951368a4cc085cf7875ff44e61c/banking/accreditation/holders/0d3edd69ab064855ac2e56117c3f4d02/partners, params=None, files=None, allow_redirects=True, timeout=None
headers={'User-Agent': 'python-requests/2.22.0', 'Accept-Encoding': 'gzip, deflate', 'Accept': '*/*', 'Connection': 'keep-alive', 'Content-Type': 'application/json'} 
data={ "type": "individual", "name": "Individual Partner de teste", "email": "teste@teste.com.br", "national_registration": "03479251897", "revenue": 5500.00, "birthday": "1988-04-23", "mothers_name": "Mãe do Individual Partner", "identity_card": "07425831X", "pep": false, "percentage": 100, "adm": true, "cbo": 821450 } 
json=None</msg>
<msg timestamp="20210322 17:42:11.742" level="INFO">${response} = &lt;Response [201]&gt;</msg>
<status status="PASS" starttime="20210322 17:42:11.512" endtime="20210322 17:42:11.743"></status>
</kw>
<kw name="Log" library="BuiltIn">
<doc>Logs the given message with the given level.</doc>
<arguments>
<arg>${response.json()}</arg>
</arguments>
<msg timestamp="20210322 17:42:11.746" level="INFO">{'id': 'cfd6c3e975e54328b634350904f9df75', 'name': 'Individual Partner de teste', 'revenue': 5500.0, 'email': 'teste@teste.com.br', 'created_at': '2021-03-22T17:42:12.87791', 'updated_at': '2021-03-22T17:42:12.877912', 'main': True, 'adm': True, 'percentage': 100.0, 'type': 'individual', 'national_registration': '03479251897', 'birthday': '1988-04-23', 'mothers_name': 'Mãe do Individual Partner', 'identity_card': '07425831X', 'pep': False, 'cbo': '821450', '_links': {'self': {'href': 'https://banking-accreditation-internal.staging.zoop.tech/marketplaces/f71a8951368a4cc085cf7875ff44e61c/banking/accreditation/holders/0d3edd69ab064855ac2e56117c3f4d02/partners/cfd6c3e975e54328b634350904f9df75', 'type': 'GET'}, 'phones': {'href': 'https://banking-accreditation-internal.staging.zoop.tech/marketplaces/f71a8951368a4cc085cf7875ff44e61c/banking/accreditation/holders/0d3edd69ab064855ac2e56117c3f4d02/partners/cfd6c3e975e54328b634350904f9df75/phones', 'type': 'GET'}, 'addresses': {'href': 'https://banking-accreditation-internal.staging.zoop.tech/marketplaces/f71a8951368a4cc085cf7875ff44e61c/banking/accreditation/holders/0d3edd69ab064855ac2e56117c3f4d02/partners/cfd6c3e975e54328b634350904f9df75/addresses', 'type': 'GET'}, 'documents': {'href': 'https://banking-accreditation-internal.staging.zoop.tech/marketplaces/f71a8951368a4cc085cf7875ff44e61c/banking/accreditation/holders/0d3edd69ab064855ac2e56117c3f4d02/partners/cfd6c3e975e54328b634350904f9df75/documents', 'type': 'GET'}, 'holder': {'href': 'https://banking-accreditation-internal.staging.zoop.tech/marketplaces/f71a8951368a4cc085cf7875ff44e61c/banking/accreditation/holders/0d3edd69ab064855ac2e56117c3f4d02', 'type': 'GET'}}}</msg>
<status status="PASS" starttime="20210322 17:42:11.745" endtime="20210322 17:42:11.746"></status>
</kw>
<kw name="Log" library="BuiltIn">
<doc>Logs the given message with the given level.</doc>
<arguments>
<arg>${response.headers['X-REQUEST-ID']}</arg>
</arguments>
<msg timestamp="20210322 17:42:11.749" level="INFO">1c2e3088009b4aee</msg>
<status status="PASS" starttime="20210322 17:42:11.747" endtime="20210322 17:42:11.749"></status>
</kw>
<kw name="Set Global Variable" library="BuiltIn">
<doc>Makes a variable available globally in all tests and suites.</doc>
<arguments>
<arg>${response}</arg>
</arguments>
<msg timestamp="20210322 17:42:11.750" level="INFO">${response} = &lt;Response [201]&gt;</msg>
<status status="PASS" starttime="20210322 17:42:11.750" endtime="20210322 17:42:11.751"></status>
</kw>
<kw name="Set Variable If" library="BuiltIn">
<doc>Sets variable based on the given condition.</doc>
<arguments>
<arg>${response.status_code}==201</arg>
<arg>${response.json()["id"]}</arg>
</arguments>
<assign>
<var>${partner_external_key}</var>
</assign>
<msg timestamp="20210322 17:42:11.753" level="INFO">${partner_external_key} = cfd6c3e975e54328b634350904f9df75</msg>
<status status="PASS" starttime="20210322 17:42:11.751" endtime="20210322 17:42:11.753"></status>
</kw>
<kw name="Set Global Variable" library="BuiltIn">
<doc>Makes a variable available globally in all tests and suites.</doc>
<arguments>
<arg>${partner_external_key}</arg>
</arguments>
<msg timestamp="20210322 17:42:11.754" level="INFO">${partner_external_key} = cfd6c3e975e54328b634350904f9df75</msg>
<status status="PASS" starttime="20210322 17:42:11.754" endtime="20210322 17:42:11.755"></status>
</kw>
<status status="PASS" starttime="20210322 17:42:11.509" endtime="20210322 17:42:11.755"></status>
</kw>
<kw name="Should Be Equal As Integers" library="BuiltIn">
<doc>Fails if objects are unequal after converting them to integers.</doc>
<arguments>
<arg>${response.status_code}</arg>
<arg>201</arg>
</arguments>
<msg timestamp="20210322 17:42:11.756" level="INFO">Argument types are:
&lt;class 'int'&gt;
&lt;type 'unicode'&gt;</msg>
<status status="PASS" starttime="20210322 17:42:11.755" endtime="20210322 17:42:11.756"></status>
</kw>
<kw name="criar partner phone" library="accreditation_post_partner_phone">
<arguments>
<arg>21</arg>
<arg>51</arg>
<arg>996554785</arg>
</arguments>
<kw name="Create Dictionary" library="BuiltIn">
<doc>Creates and returns a dictionary based on the given ``items``.</doc>
<arguments>
<arg>Content-Type=application/json</arg>
</arguments>
<assign>
<var>${header}</var>
</assign>
<msg timestamp="20210322 17:42:11.758" level="INFO">${header} = {'Content-Type': 'application/json'}</msg>
<status status="PASS" starttime="20210322 17:42:11.757" endtime="20210322 17:42:11.758"></status>
</kw>
<kw name="Catenate" library="BuiltIn">
<doc>Catenates the given items together and returns the resulted string.</doc>
<arguments>
<arg>{</arg>
<arg>"area_code": "${phone_area_code}",</arg>
<arg>"country_code": "${phone_country_code}",</arg>
<arg>"number": "${phone_number}"</arg>
<arg>}</arg>
</arguments>
<assign>
<var>${body}</var>
</assign>
<msg timestamp="20210322 17:42:11.759" level="INFO">${body} = { "area_code": "21", "country_code": "51", "number": "996554785" }</msg>
<status status="PASS" starttime="20210322 17:42:11.758" endtime="20210322 17:42:11.759"></status>
</kw>
<kw name="Post Request" library="RequestsLibrary">
<doc>Send a POST request on the session object found using the
given `alias`</doc>
<arguments>
<arg>accreditation</arg>
<arg>/marketplaces/${marketplace_external_key}/banking/accreditation/holders/${holder_external_key}/partners/${partner_external_key}/phones/</arg>
<arg>data=${body}</arg>
<arg>headers=${header}</arg>
</arguments>
<assign>
<var>${response}</var>
</assign>
<msg timestamp="20210322 17:42:11.760" level="INFO">POST Request using : uri=/marketplaces/f71a8951368a4cc085cf7875ff44e61c/banking/accreditation/holders/0d3edd69ab064855ac2e56117c3f4d02/partners/cfd6c3e975e54328b634350904f9df75/phones/, params=None, files=None, allow_redirects=True, timeout=None
headers={'User-Agent': 'python-requests/2.22.0', 'Accept-Encoding': 'gzip, deflate', 'Accept': '*/*', 'Connection': 'keep-alive', 'Content-Type': 'application/json'} 
data={ "area_code": "21", "country_code": "51", "number": "996554785" } 
json=None</msg>
<msg timestamp="20210322 17:42:11.986" level="INFO">${response} = &lt;Response [201]&gt;</msg>
<status status="PASS" starttime="20210322 17:42:11.759" endtime="20210322 17:42:11.986"></status>
</kw>
<kw name="Log" library="BuiltIn">
<doc>Logs the given message with the given level.</doc>
<arguments>
<arg>${response.json()}</arg>
</arguments>
<msg timestamp="20210322 17:42:11.987" level="INFO">{'id': '5ab2c1407c084e82aa9080596b1ad0c5', 'area_code': '21', 'country_code': '51', 'number': '996554785', 'main': True, '_links': {'self': {'href': 'https://banking-accreditation-internal.staging.zoop.tech/marketplaces/f71a8951368a4cc085cf7875ff44e61c/banking/accreditation/holders/0d3edd69ab064855ac2e56117c3f4d02/partners/cfd6c3e975e54328b634350904f9df75/phones/5ab2c1407c084e82aa9080596b1ad0c5', 'type': 'GET'}, 'partner': {'href': 'https://banking-accreditation-internal.staging.zoop.tech/marketplaces/f71a8951368a4cc085cf7875ff44e61c/banking/accreditation/holders/0d3edd69ab064855ac2e56117c3f4d02/partners/cfd6c3e975e54328b634350904f9df75', 'type': 'GET'}, 'holder': {'href': 'https://banking-accreditation-internal.staging.zoop.tech/marketplaces/f71a8951368a4cc085cf7875ff44e61c/banking/accreditation/holders/0d3edd69ab064855ac2e56117c3f4d02', 'type': 'GET'}}}</msg>
<status status="PASS" starttime="20210322 17:42:11.986" endtime="20210322 17:42:11.987"></status>
</kw>
<kw name="Log" library="BuiltIn">
<doc>Logs the given message with the given level.</doc>
<arguments>
<arg>${response.headers['X-REQUEST-ID']}</arg>
</arguments>
<msg timestamp="20210322 17:42:11.987" level="INFO">89b80de043c713e3</msg>
<status status="PASS" starttime="20210322 17:42:11.987" endtime="20210322 17:42:11.988"></status>
</kw>
<kw name="Set Global Variable" library="BuiltIn">
<doc>Makes a variable available globally in all tests and suites.</doc>
<arguments>
<arg>${response}</arg>
</arguments>
<msg timestamp="20210322 17:42:11.989" level="INFO">${response} = &lt;Response [201]&gt;</msg>
<status status="PASS" starttime="20210322 17:42:11.988" endtime="20210322 17:42:11.989"></status>
</kw>
<kw name="Set Variable If" library="BuiltIn">
<doc>Sets variable based on the given condition.</doc>
<arguments>
<arg>${response.status_code}==201</arg>
<arg>${response.json()["id"]}</arg>
</arguments>
<assign>
<var>${holder_external_key}</var>
</assign>
<msg timestamp="20210322 17:42:11.990" level="INFO">${holder_external_key} = 5ab2c1407c084e82aa9080596b1ad0c5</msg>
<status status="PASS" starttime="20210322 17:42:11.989" endtime="20210322 17:42:11.990"></status>
</kw>
<kw name="Set Global Variable" library="BuiltIn">
<doc>Makes a variable available globally in all tests and suites.</doc>
<arguments>
<arg>${phone_external_key}</arg>
</arguments>
<msg timestamp="20210322 17:42:11.991" level="INFO">${phone_external_key} = 3c0a0c54d6ba452cac7c1eda4890461b</msg>
<status status="PASS" starttime="20210322 17:42:11.990" endtime="20210322 17:42:11.991"></status>
</kw>
<status status="PASS" starttime="20210322 17:42:11.756" endtime="20210322 17:42:11.991"></status>
</kw>
<kw name="Should Be Equal As Integers" library="BuiltIn">
<doc>Fails if objects are unequal after converting them to integers.</doc>
<arguments>
<arg>${response.status_code}</arg>
<arg>201</arg>
</arguments>
<msg timestamp="20210322 17:42:11.991" level="INFO">Argument types are:
&lt;class 'int'&gt;
&lt;type 'unicode'&gt;</msg>
<status status="PASS" starttime="20210322 17:42:11.991" endtime="20210322 17:42:11.992"></status>
</kw>
<kw name="criar partner address" library="accreditation_post_partner_address">
<arguments>
<arg>Rio de Janeiro</arg>
<arg>Rio de Janeiro</arg>
<arg>Brasil</arg>
<arg>Bairro de Testes</arg>
<arg>Rua de Testes</arg>
<arg>61</arg>
<arg>apto 201</arg>
<arg>21550478</arg>
</arguments>
<kw name="Create Dictionary" library="BuiltIn">
<doc>Creates and returns a dictionary based on the given ``items``.</doc>
<arguments>
<arg>Content-Type=application/json</arg>
</arguments>
<assign>
<var>${header}</var>
</assign>
<msg timestamp="20210322 17:42:11.993" level="INFO">${header} = {'Content-Type': 'application/json'}</msg>
<status status="PASS" starttime="20210322 17:42:11.993" endtime="20210322 17:42:11.993"></status>
</kw>
<kw name="Catenate" library="BuiltIn">
<doc>Catenates the given items together and returns the resulted string.</doc>
<arguments>
<arg>{</arg>
<arg>"city": "${city}",</arg>
<arg>"state": "${state}",</arg>
<arg>"country": "${country}",</arg>
<arg>"neighborhood": "${neighborhood}",</arg>
<arg>"street": "${street}",</arg>
<arg>"number": "${number}",</arg>
<arg>"complement": "${complement}",</arg>
<arg>"postal_code": "${postal_code}"</arg>
<arg>}</arg>
</arguments>
<assign>
<var>${body}</var>
</assign>
<msg timestamp="20210322 17:42:11.994" level="INFO">${body} = { "city": "Rio de Janeiro", "state": "Rio de Janeiro", "country": "Brasil", "neighborhood": "Bairro de Testes", "street": "Rua de Testes", "number": "61", "complement": "apto 201", "postal_code": "215...</msg>
<status status="PASS" starttime="20210322 17:42:11.993" endtime="20210322 17:42:11.994"></status>
</kw>
<kw name="Post Request" library="RequestsLibrary">
<doc>Send a POST request on the session object found using the
given `alias`</doc>
<arguments>
<arg>accreditation</arg>
<arg>/marketplaces/${marketplace_external_key}/banking/accreditation/holders/${holder_external_key}/partners/${partner_external_key}/addresses</arg>
<arg>data=${body}</arg>
<arg>headers=${header}</arg>
</arguments>
<assign>
<var>${response}</var>
</assign>
<msg timestamp="20210322 17:42:11.995" level="INFO">POST Request using : uri=/marketplaces/f71a8951368a4cc085cf7875ff44e61c/banking/accreditation/holders/0d3edd69ab064855ac2e56117c3f4d02/partners/cfd6c3e975e54328b634350904f9df75/addresses, params=None, files=None, allow_redirects=True, timeout=None
headers={'User-Agent': 'python-requests/2.22.0', 'Accept-Encoding': 'gzip, deflate', 'Accept': '*/*', 'Connection': 'keep-alive', 'Content-Type': 'application/json'} 
data={ "city": "Rio de Janeiro", "state": "Rio de Janeiro", "country": "Brasil", "neighborhood": "Bairro de Testes", "street": "Rua de Testes", "number": "61", "complement": "apto 201", "postal_code": "21550478" } 
json=None</msg>
<msg timestamp="20210322 17:42:12.220" level="INFO">${response} = &lt;Response [201]&gt;</msg>
<status status="PASS" starttime="20210322 17:42:11.994" endtime="20210322 17:42:12.220"></status>
</kw>
<kw name="Log" library="BuiltIn">
<doc>Logs the given message with the given level.</doc>
<arguments>
<arg>${response.json()}</arg>
</arguments>
<msg timestamp="20210322 17:42:12.222" level="INFO">{'id': 'c0e29975a2ec45779a6cba52e2d6e9aa', 'street': 'Rua de Testes', 'number': '61', 'city': 'Rio de Janeiro', 'complement': 'apto 201', 'state': 'Rio de Janeiro', 'neighborhood': 'Bairro de Testes', 'postal_code': '21550478', 'country': 'Brasil', 'main': True, '_links': {'self': {'href': 'https://banking-accreditation-internal.staging.zoop.tech/marketplaces/f71a8951368a4cc085cf7875ff44e61c/banking/accreditation/holders/0d3edd69ab064855ac2e56117c3f4d02/partners/cfd6c3e975e54328b634350904f9df75/addresses/c0e29975a2ec45779a6cba52e2d6e9aa', 'type': 'GET'}, 'partner': {'href': 'https://banking-accreditation-internal.staging.zoop.tech/marketplaces/f71a8951368a4cc085cf7875ff44e61c/banking/accreditation/holders/0d3edd69ab064855ac2e56117c3f4d02/partners/cfd6c3e975e54328b634350904f9df75', 'type': 'GET'}, 'holder': {'href': 'https://banking-accreditation-internal.staging.zoop.tech/marketplaces/f71a8951368a4cc085cf7875ff44e61c/banking/accreditation/holders/0d3edd69ab064855ac2e56117c3f4d02', 'type': 'GET'}}}</msg>
<status status="PASS" starttime="20210322 17:42:12.221" endtime="20210322 17:42:12.223"></status>
</kw>
<kw name="Log" library="BuiltIn">
<doc>Logs the given message with the given level.</doc>
<arguments>
<arg>${response.headers['X-REQUEST-ID']}</arg>
</arguments>
<msg timestamp="20210322 17:42:12.224" level="INFO">80f4d2ce1b4235d6</msg>
<status status="PASS" starttime="20210322 17:42:12.223" endtime="20210322 17:42:12.225"></status>
</kw>
<kw name="Set Global Variable" library="BuiltIn">
<doc>Makes a variable available globally in all tests and suites.</doc>
<arguments>
<arg>${response}</arg>
</arguments>
<msg timestamp="20210322 17:42:12.227" level="INFO">${response} = &lt;Response [201]&gt;</msg>
<status status="PASS" starttime="20210322 17:42:12.226" endtime="20210322 17:42:12.227"></status>
</kw>
<kw name="Set Variable If" library="BuiltIn">
<doc>Sets variable based on the given condition.</doc>
<arguments>
<arg>${response.status_code}==201</arg>
<arg>${response.json()["id"]}</arg>
</arguments>
<assign>
<var>${address_external_key}</var>
</assign>
<msg timestamp="20210322 17:42:12.230" level="INFO">${address_external_key} = c0e29975a2ec45779a6cba52e2d6e9aa</msg>
<status status="PASS" starttime="20210322 17:42:12.228" endtime="20210322 17:42:12.230"></status>
</kw>
<kw name="Set Global Variable" library="BuiltIn">
<doc>Makes a variable available globally in all tests and suites.</doc>
<arguments>
<arg>${address_external_key}</arg>
</arguments>
<msg timestamp="20210322 17:42:12.233" level="INFO">${address_external_key} = c0e29975a2ec45779a6cba52e2d6e9aa</msg>
<status status="PASS" starttime="20210322 17:42:12.231" endtime="20210322 17:42:12.233"></status>
</kw>
<status status="PASS" starttime="20210322 17:42:11.992" endtime="20210322 17:42:12.234"></status>
</kw>
<kw name="Should Be Equal As Integers" library="BuiltIn">
<doc>Fails if objects are unequal after converting them to integers.</doc>
<arguments>
<arg>${response.status_code}</arg>
<arg>201</arg>
</arguments>
<msg timestamp="20210322 17:42:12.235" level="INFO">Argument types are:
&lt;class 'int'&gt;
&lt;type 'unicode'&gt;</msg>
<status status="PASS" starttime="20210322 17:42:12.234" endtime="20210322 17:42:12.235"></status>
</kw>
<kw name="criar partner document" library="accreditation_post_partner_document">
<arguments>
<arg>SELFIE</arg>
</arguments>
<kw name="Create Dictionary" library="BuiltIn">
<doc>Creates and returns a dictionary based on the given ``items``.</doc>
<arguments>
<arg>Content-Type=image/jpeg</arg>
</arguments>
<assign>
<var>${header}</var>
</assign>
<msg timestamp="20210322 17:42:12.238" level="INFO">${header} = {'Content-Type': 'image/jpeg'}</msg>
<status status="PASS" starttime="20210322 17:42:12.237" endtime="20210322 17:42:12.238"></status>
</kw>
<kw name="Get Binary File" library="OperatingSystem">
<doc>Returns the contents of a specified file.</doc>
<arguments>
<arg>./../../images/accreditation/image.jpg</arg>
</arguments>
<assign>
<var>${data}</var>
</assign>
<msg timestamp="20210322 17:42:12.239" level="INFO" html="yes">Getting file '&lt;a href="file://C:\Users\vinicius.trindade\banking_continuous_testing\banking_continuous_testing\images\accreditation\image.jpg"&gt;C:\Users\vinicius.trindade\banking_continuous_testing\banking_continuous_testing\images\accreditation\image.jpg&lt;/a&gt;'.</msg>
<msg timestamp="20210322 17:42:12.241" level="INFO">${data} = \xff\xd8\xff\xe0JFIF\xf0\xf0\xff\xdbC


		
%# , #&amp;')*)-0-(0%()(\xff\xc0\xa0\xf0\xff\xc4	\xff\xc4=...</msg>
<status status="PASS" starttime="20210322 17:42:12.238" endtime="20210322 17:42:12.241"></status>
</kw>
<kw name="Post Request" library="RequestsLibrary">
<doc>Send a POST request on the session object found using the
given `alias`</doc>
<arguments>
<arg>accreditation</arg>
<arg>/marketplaces/${marketplace_external_key}/banking/accreditation/holders/${holder_external_key}/partners/${partner_externaL_key}/documents?type=${document_type}</arg>
<arg>data=${data}</arg>
<arg>headers=${header}</arg>
</arguments>
<assign>
<var>${response}</var>
</assign>
<msg timestamp="20210322 17:42:12.243" level="INFO">POST Request using : uri=/marketplaces/f71a8951368a4cc085cf7875ff44e61c/banking/accreditation/holders/0d3edd69ab064855ac2e56117c3f4d02/partners/cfd6c3e975e54328b634350904f9df75/documents?type=SELFIE, params=None, files=None, allow_redirects=True, timeout=None
headers={'User-Agent': 'python-requests/2.22.0', 'Accept-Encoding': 'gzip, deflate', 'Accept': '*/*', 'Connection': 'keep-alive', 'Content-Type': 'image/jpeg'} 
data=&lt;image/jpeg&gt; 
json=None</msg>
<msg timestamp="20210322 17:42:12.558" level="INFO">${response} = &lt;Response [201]&gt;</msg>
<status status="PASS" starttime="20210322 17:42:12.242" endtime="20210322 17:42:12.558"></status>
</kw>
<kw name="Log" library="BuiltIn">
<doc>Logs the given message with the given level.</doc>
<arguments>
<arg>${response.json()}</arg>
</arguments>
<msg timestamp="20210322 17:42:12.560" level="INFO">{'id': 'c2de991d9cd2407ca76e125933a1d747', 'document_type': 'selfie', 'media_type': 'image_jpeg', 'length': 3135, '_links': {'self': {'href': 'https://banking-accreditation-internal.staging.zoop.tech/marketplaces/f71a8951368a4cc085cf7875ff44e61c/banking/accreditation/holders/0d3edd69ab064855ac2e56117c3f4d02/partners/cfd6c3e975e54328b634350904f9df75/documents/c2de991d9cd2407ca76e125933a1d747', 'type': 'GET'}, 'holder': {'href': 'https://banking-accreditation-internal.staging.zoop.tech/marketplaces/f71a8951368a4cc085cf7875ff44e61c/banking/accreditation/holders/0d3edd69ab064855ac2e56117c3f4d02', 'type': 'GET'}, 'partner': {'href': 'https://banking-accreditation-internal.staging.zoop.tech/marketplaces/f71a8951368a4cc085cf7875ff44e61c/banking/accreditation/holders/0d3edd69ab064855ac2e56117c3f4d02/partners/cfd6c3e975e54328b634350904f9df75', 'type': 'GET'}, 'download': {'href': 'https://banking-accreditation-internal.staging.zoop.tech/marketplaces/f71a8951368a4cc085cf7875ff44e61c/banking/accreditation/holders/0d3edd69ab064855ac2e56117c3f4d02/partners/cfd6c3e975e54328b634350904f9df75/documents/c2de991d9cd2407ca76e125933a1d747/download', 'type': 'GET'}}}</msg>
<status status="PASS" starttime="20210322 17:42:12.559" endtime="20210322 17:42:12.560"></status>
</kw>
<kw name="Log" library="BuiltIn">
<doc>Logs the given message with the given level.</doc>
<arguments>
<arg>${response.headers['X-REQUEST-ID']}</arg>
</arguments>
<msg timestamp="20210322 17:42:12.562" level="INFO">d9c9d056c36f97ea</msg>
<status status="PASS" starttime="20210322 17:42:12.561" endtime="20210322 17:42:12.562"></status>
</kw>
<kw name="Set Global Variable" library="BuiltIn">
<doc>Makes a variable available globally in all tests and suites.</doc>
<arguments>
<arg>${response}</arg>
</arguments>
<msg timestamp="20210322 17:42:12.564" level="INFO">${response} = &lt;Response [201]&gt;</msg>
<status status="PASS" starttime="20210322 17:42:12.562" endtime="20210322 17:42:12.564"></status>
</kw>
<kw name="Set Variable If" library="BuiltIn">
<doc>Sets variable based on the given condition.</doc>
<arguments>
<arg>${response.status_code}==201</arg>
<arg>${response.json()["id"]}</arg>
</arguments>
<assign>
<var>${document_external_key}</var>
</assign>
<msg timestamp="20210322 17:42:12.567" level="INFO">${document_external_key} = c2de991d9cd2407ca76e125933a1d747</msg>
<status status="PASS" starttime="20210322 17:42:12.564" endtime="20210322 17:42:12.567"></status>
</kw>
<kw name="Set Global Variable" library="BuiltIn">
<doc>Makes a variable available globally in all tests and suites.</doc>
<arguments>
<arg>${document_external_key}</arg>
</arguments>
<msg timestamp="20210322 17:42:12.568" level="INFO">${document_external_key} = c2de991d9cd2407ca76e125933a1d747</msg>
<status status="PASS" starttime="20210322 17:42:12.567" endtime="20210322 17:42:12.568"></status>
</kw>
<status status="PASS" starttime="20210322 17:42:12.236" endtime="20210322 17:42:12.569"></status>
</kw>
<kw name="Should Be Equal As Integers" library="BuiltIn">
<doc>Fails if objects are unequal after converting them to integers.</doc>
<arguments>
<arg>${response.status_code}</arg>
<arg>201</arg>
</arguments>
<msg timestamp="20210322 17:42:12.570" level="INFO">Argument types are:
&lt;class 'int'&gt;
&lt;type 'unicode'&gt;</msg>
<status status="PASS" starttime="20210322 17:42:12.569" endtime="20210322 17:42:12.570"></status>
</kw>
<kw name="criar partner document" library="accreditation_post_partner_document">
<arguments>
<arg>RG_FRENTE</arg>
</arguments>
<kw name="Create Dictionary" library="BuiltIn">
<doc>Creates and returns a dictionary based on the given ``items``.</doc>
<arguments>
<arg>Content-Type=image/jpeg</arg>
</arguments>
<assign>
<var>${header}</var>
</assign>
<msg timestamp="20210322 17:42:12.572" level="INFO">${header} = {'Content-Type': 'image/jpeg'}</msg>
<status status="PASS" starttime="20210322 17:42:12.572" endtime="20210322 17:42:12.572"></status>
</kw>
<kw name="Get Binary File" library="OperatingSystem">
<doc>Returns the contents of a specified file.</doc>
<arguments>
<arg>./../../images/accreditation/image.jpg</arg>
</arguments>
<assign>
<var>${data}</var>
</assign>
<msg timestamp="20210322 17:42:12.573" level="INFO" html="yes">Getting file '&lt;a href="file://C:\Users\vinicius.trindade\banking_continuous_testing\banking_continuous_testing\images\accreditation\image.jpg"&gt;C:\Users\vinicius.trindade\banking_continuous_testing\banking_continuous_testing\images\accreditation\image.jpg&lt;/a&gt;'.</msg>
<msg timestamp="20210322 17:42:12.576" level="INFO">${data} = \xff\xd8\xff\xe0JFIF\xf0\xf0\xff\xdbC


		
%# , #&amp;')*)-0-(0%()(\xff\xc0\xa0\xf0\xff\xc4	\xff\xc4=...</msg>
<status status="PASS" starttime="20210322 17:42:12.573" endtime="20210322 17:42:12.576"></status>
</kw>
<kw name="Post Request" library="RequestsLibrary">
<doc>Send a POST request on the session object found using the
given `alias`</doc>
<arguments>
<arg>accreditation</arg>
<arg>/marketplaces/${marketplace_external_key}/banking/accreditation/holders/${holder_external_key}/partners/${partner_externaL_key}/documents?type=${document_type}</arg>
<arg>data=${data}</arg>
<arg>headers=${header}</arg>
</arguments>
<assign>
<var>${response}</var>
</assign>
<msg timestamp="20210322 17:42:12.578" level="INFO">POST Request using : uri=/marketplaces/f71a8951368a4cc085cf7875ff44e61c/banking/accreditation/holders/0d3edd69ab064855ac2e56117c3f4d02/partners/cfd6c3e975e54328b634350904f9df75/documents?type=RG_FRENTE, params=None, files=None, allow_redirects=True, timeout=None
headers={'User-Agent': 'python-requests/2.22.0', 'Accept-Encoding': 'gzip, deflate', 'Accept': '*/*', 'Connection': 'keep-alive', 'Content-Type': 'image/jpeg'} 
data=&lt;image/jpeg&gt; 
json=None</msg>
<msg timestamp="20210322 17:42:12.873" level="INFO">${response} = &lt;Response [201]&gt;</msg>
<status status="PASS" starttime="20210322 17:42:12.577" endtime="20210322 17:42:12.874"></status>
</kw>
<kw name="Log" library="BuiltIn">
<doc>Logs the given message with the given level.</doc>
<arguments>
<arg>${response.json()}</arg>
</arguments>
<msg timestamp="20210322 17:42:12.876" level="INFO">{'id': '2be68c0a77c644d1b1cd1a1ffb2c1a6f', 'document_type': 'rg_frente', 'media_type': 'image_jpeg', 'length': 3135, '_links': {'self': {'href': 'https://banking-accreditation-internal.staging.zoop.tech/marketplaces/f71a8951368a4cc085cf7875ff44e61c/banking/accreditation/holders/0d3edd69ab064855ac2e56117c3f4d02/partners/cfd6c3e975e54328b634350904f9df75/documents/2be68c0a77c644d1b1cd1a1ffb2c1a6f', 'type': 'GET'}, 'holder': {'href': 'https://banking-accreditation-internal.staging.zoop.tech/marketplaces/f71a8951368a4cc085cf7875ff44e61c/banking/accreditation/holders/0d3edd69ab064855ac2e56117c3f4d02', 'type': 'GET'}, 'partner': {'href': 'https://banking-accreditation-internal.staging.zoop.tech/marketplaces/f71a8951368a4cc085cf7875ff44e61c/banking/accreditation/holders/0d3edd69ab064855ac2e56117c3f4d02/partners/cfd6c3e975e54328b634350904f9df75', 'type': 'GET'}, 'download': {'href': 'https://banking-accreditation-internal.staging.zoop.tech/marketplaces/f71a8951368a4cc085cf7875ff44e61c/banking/accreditation/holders/0d3edd69ab064855ac2e56117c3f4d02/partners/cfd6c3e975e54328b634350904f9df75/documents/2be68c0a77c644d1b1cd1a1ffb2c1a6f/download', 'type': 'GET'}}}</msg>
<status status="PASS" starttime="20210322 17:42:12.874" endtime="20210322 17:42:12.877"></status>
</kw>
<kw name="Log" library="BuiltIn">
<doc>Logs the given message with the given level.</doc>
<arguments>
<arg>${response.headers['X-REQUEST-ID']}</arg>
</arguments>
<msg timestamp="20210322 17:42:12.879" level="INFO">a0a4c8cd67584ce3</msg>
<status status="PASS" starttime="20210322 17:42:12.877" endtime="20210322 17:42:12.879"></status>
</kw>
<kw name="Set Global Variable" library="BuiltIn">
<doc>Makes a variable available globally in all tests and suites.</doc>
<arguments>
<arg>${response}</arg>
</arguments>
<msg timestamp="20210322 17:42:12.881" level="INFO">${response} = &lt;Response [201]&gt;</msg>
<status status="PASS" starttime="20210322 17:42:12.880" endtime="20210322 17:42:12.881"></status>
</kw>
<kw name="Set Variable If" library="BuiltIn">
<doc>Sets variable based on the given condition.</doc>
<arguments>
<arg>${response.status_code}==201</arg>
<arg>${response.json()["id"]}</arg>
</arguments>
<assign>
<var>${document_external_key}</var>
</assign>
<msg timestamp="20210322 17:42:12.885" level="INFO">${document_external_key} = 2be68c0a77c644d1b1cd1a1ffb2c1a6f</msg>
<status status="PASS" starttime="20210322 17:42:12.882" endtime="20210322 17:42:12.885"></status>
</kw>
<kw name="Set Global Variable" library="BuiltIn">
<doc>Makes a variable available globally in all tests and suites.</doc>
<arguments>
<arg>${document_external_key}</arg>
</arguments>
<msg timestamp="20210322 17:42:12.887" level="INFO">${document_external_key} = 2be68c0a77c644d1b1cd1a1ffb2c1a6f</msg>
<status status="PASS" starttime="20210322 17:42:12.886" endtime="20210322 17:42:12.887"></status>
</kw>
<status status="PASS" starttime="20210322 17:42:12.570" endtime="20210322 17:42:12.887"></status>
</kw>
<kw name="Should Be Equal As Integers" library="BuiltIn">
<doc>Fails if objects are unequal after converting them to integers.</doc>
<arguments>
<arg>${response.status_code}</arg>
<arg>201</arg>
</arguments>
<msg timestamp="20210322 17:42:12.889" level="INFO">Argument types are:
&lt;class 'int'&gt;
&lt;type 'unicode'&gt;</msg>
<status status="PASS" starttime="20210322 17:42:12.888" endtime="20210322 17:42:12.889"></status>
</kw>
<kw name="criar partner document" library="accreditation_post_partner_document">
<arguments>
<arg>RG_VERSO</arg>
</arguments>
<kw name="Create Dictionary" library="BuiltIn">
<doc>Creates and returns a dictionary based on the given ``items``.</doc>
<arguments>
<arg>Content-Type=image/jpeg</arg>
</arguments>
<assign>
<var>${header}</var>
</assign>
<msg timestamp="20210322 17:42:12.891" level="INFO">${header} = {'Content-Type': 'image/jpeg'}</msg>
<status status="PASS" starttime="20210322 17:42:12.891" endtime="20210322 17:42:12.891"></status>
</kw>
<kw name="Get Binary File" library="OperatingSystem">
<doc>Returns the contents of a specified file.</doc>
<arguments>
<arg>./../../images/accreditation/image.jpg</arg>
</arguments>
<assign>
<var>${data}</var>
</assign>
<msg timestamp="20210322 17:42:12.892" level="INFO" html="yes">Getting file '&lt;a href="file://C:\Users\vinicius.trindade\banking_continuous_testing\banking_continuous_testing\images\accreditation\image.jpg"&gt;C:\Users\vinicius.trindade\banking_continuous_testing\banking_continuous_testing\images\accreditation\image.jpg&lt;/a&gt;'.</msg>
<msg timestamp="20210322 17:42:12.895" level="INFO">${data} = \xff\xd8\xff\xe0JFIF\xf0\xf0\xff\xdbC


		
%# , #&amp;')*)-0-(0%()(\xff\xc0\xa0\xf0\xff\xc4	\xff\xc4=...</msg>
<status status="PASS" starttime="20210322 17:42:12.892" endtime="20210322 17:42:12.895"></status>
</kw>
<kw name="Post Request" library="RequestsLibrary">
<doc>Send a POST request on the session object found using the
given `alias`</doc>
<arguments>
<arg>accreditation</arg>
<arg>/marketplaces/${marketplace_external_key}/banking/accreditation/holders/${holder_external_key}/partners/${partner_externaL_key}/documents?type=${document_type}</arg>
<arg>data=${data}</arg>
<arg>headers=${header}</arg>
</arguments>
<assign>
<var>${response}</var>
</assign>
<msg timestamp="20210322 17:42:12.897" level="INFO">POST Request using : uri=/marketplaces/f71a8951368a4cc085cf7875ff44e61c/banking/accreditation/holders/0d3edd69ab064855ac2e56117c3f4d02/partners/cfd6c3e975e54328b634350904f9df75/documents?type=RG_VERSO, params=None, files=None, allow_redirects=True, timeout=None
headers={'User-Agent': 'python-requests/2.22.0', 'Accept-Encoding': 'gzip, deflate', 'Accept': '*/*', 'Connection': 'keep-alive', 'Content-Type': 'image/jpeg'} 
data=&lt;image/jpeg&gt; 
json=None</msg>
<msg timestamp="20210322 17:42:13.157" level="INFO">${response} = &lt;Response [201]&gt;</msg>
<status status="PASS" starttime="20210322 17:42:12.896" endtime="20210322 17:42:13.157"></status>
</kw>
<kw name="Log" library="BuiltIn">
<doc>Logs the given message with the given level.</doc>
<arguments>
<arg>${response.json()}</arg>
</arguments>
<msg timestamp="20210322 17:42:13.159" level="INFO">{'id': '5fcb50c42f164c859aeb2b199c9a1cdb', 'document_type': 'rg_verso', 'media_type': 'image_jpeg', 'length': 3135, '_links': {'self': {'href': 'https://banking-accreditation-internal.staging.zoop.tech/marketplaces/f71a8951368a4cc085cf7875ff44e61c/banking/accreditation/holders/0d3edd69ab064855ac2e56117c3f4d02/partners/cfd6c3e975e54328b634350904f9df75/documents/5fcb50c42f164c859aeb2b199c9a1cdb', 'type': 'GET'}, 'holder': {'href': 'https://banking-accreditation-internal.staging.zoop.tech/marketplaces/f71a8951368a4cc085cf7875ff44e61c/banking/accreditation/holders/0d3edd69ab064855ac2e56117c3f4d02', 'type': 'GET'}, 'partner': {'href': 'https://banking-accreditation-internal.staging.zoop.tech/marketplaces/f71a8951368a4cc085cf7875ff44e61c/banking/accreditation/holders/0d3edd69ab064855ac2e56117c3f4d02/partners/cfd6c3e975e54328b634350904f9df75', 'type': 'GET'}, 'download': {'href': 'https://banking-accreditation-internal.staging.zoop.tech/marketplaces/f71a8951368a4cc085cf7875ff44e61c/banking/accreditation/holders/0d3edd69ab064855ac2e56117c3f4d02/partners/cfd6c3e975e54328b634350904f9df75/documents/5fcb50c42f164c859aeb2b199c9a1cdb/download', 'type': 'GET'}}}</msg>
<status status="PASS" starttime="20210322 17:42:13.158" endtime="20210322 17:42:13.160"></status>
</kw>
<kw name="Log" library="BuiltIn">
<doc>Logs the given message with the given level.</doc>
<arguments>
<arg>${response.headers['X-REQUEST-ID']}</arg>
</arguments>
<msg timestamp="20210322 17:42:13.162" level="INFO">3619838b3ce48435</msg>
<status status="PASS" starttime="20210322 17:42:13.161" endtime="20210322 17:42:13.162"></status>
</kw>
<kw name="Set Global Variable" library="BuiltIn">
<doc>Makes a variable available globally in all tests and suites.</doc>
<arguments>
<arg>${response}</arg>
</arguments>
<msg timestamp="20210322 17:42:13.164" level="INFO">${response} = &lt;Response [201]&gt;</msg>
<status status="PASS" starttime="20210322 17:42:13.163" endtime="20210322 17:42:13.165"></status>
</kw>
<kw name="Set Variable If" library="BuiltIn">
<doc>Sets variable based on the given condition.</doc>
<arguments>
<arg>${response.status_code}==201</arg>
<arg>${response.json()["id"]}</arg>
</arguments>
<assign>
<var>${document_external_key}</var>
</assign>
<msg timestamp="20210322 17:42:13.168" level="INFO">${document_external_key} = 5fcb50c42f164c859aeb2b199c9a1cdb</msg>
<status status="PASS" starttime="20210322 17:42:13.166" endtime="20210322 17:42:13.168"></status>
</kw>
<kw name="Set Global Variable" library="BuiltIn">
<doc>Makes a variable available globally in all tests and suites.</doc>
<arguments>
<arg>${document_external_key}</arg>
</arguments>
<msg timestamp="20210322 17:42:13.170" level="INFO">${document_external_key} = 5fcb50c42f164c859aeb2b199c9a1cdb</msg>
<status status="PASS" starttime="20210322 17:42:13.168" endtime="20210322 17:42:13.170"></status>
</kw>
<status status="PASS" starttime="20210322 17:42:12.889" endtime="20210322 17:42:13.170"></status>
</kw>
<kw name="Should Be Equal As Integers" library="BuiltIn">
<doc>Fails if objects are unequal after converting them to integers.</doc>
<arguments>
<arg>${response.status_code}</arg>
<arg>201</arg>
</arguments>
<msg timestamp="20210322 17:42:13.171" level="INFO">Argument types are:
&lt;class 'int'&gt;
&lt;type 'unicode'&gt;</msg>
<status status="PASS" starttime="20210322 17:42:13.170" endtime="20210322 17:42:13.171"></status>
</kw>
<kw name="solicitar aprovação do holder" library="accreditation_request_approval">
<kw name="Create Dictionary" library="BuiltIn">
<doc>Creates and returns a dictionary based on the given ``items``.</doc>
<arguments>
<arg>Content-Type=application/json</arg>
</arguments>
<assign>
<var>${header}</var>
</assign>
<msg timestamp="20210322 17:42:13.174" level="INFO">${header} = {'Content-Type': 'application/json'}</msg>
<status status="PASS" starttime="20210322 17:42:13.173" endtime="20210322 17:42:13.174"></status>
</kw>
<kw name="Post Request" library="RequestsLibrary">
<doc>Send a POST request on the session object found using the
given `alias`</doc>
<arguments>
<arg>accreditation</arg>
<arg>/marketplaces/${marketplace_external_key}/banking/accreditation/holders/${holder_external_key}/approval</arg>
<arg>headers=${header}</arg>
</arguments>
<assign>
<var>${response}</var>
</assign>
<msg timestamp="20210322 17:42:13.175" level="INFO">POST Request using : uri=/marketplaces/f71a8951368a4cc085cf7875ff44e61c/banking/accreditation/holders/0d3edd69ab064855ac2e56117c3f4d02/approval, params=None, files=None, allow_redirects=True, timeout=None
headers={'User-Agent': 'python-requests/2.22.0', 'Accept-Encoding': 'gzip, deflate', 'Accept': '*/*', 'Connection': 'keep-alive', 'Content-Type': 'application/json'} 
data=None 
json=None</msg>
<msg timestamp="20210322 17:42:13.534" level="INFO">${response} = &lt;Response [200]&gt;</msg>
<status status="PASS" starttime="20210322 17:42:13.174" endtime="20210322 17:42:13.535"></status>
</kw>
<kw name="Log" library="BuiltIn">
<doc>Logs the given message with the given level.</doc>
<arguments>
<arg>${response.json()}</arg>
</arguments>
<msg timestamp="20210322 17:42:13.537" level="INFO">{'message': 'Approval request accepted successfully. Processing analysis'}</msg>
<status status="PASS" starttime="20210322 17:42:13.535" endtime="20210322 17:42:13.537"></status>
</kw>
<kw name="Log" library="BuiltIn">
<doc>Logs the given message with the given level.</doc>
<arguments>
<arg>${response.headers['X-REQUEST-ID']}</arg>
</arguments>
<msg timestamp="20210322 17:42:13.539" level="INFO">268ddb6017b21871</msg>
<status status="PASS" starttime="20210322 17:42:13.537" endtime="20210322 17:42:13.539"></status>
</kw>
<kw name="Set Global Variable" library="BuiltIn">
<doc>Makes a variable available globally in all tests and suites.</doc>
<arguments>
<arg>${response}</arg>
</arguments>
<msg timestamp="20210322 17:42:13.541" level="INFO">${response} = &lt;Response [200]&gt;</msg>
<status status="PASS" starttime="20210322 17:42:13.539" endtime="20210322 17:42:13.541"></status>
</kw>
<status status="PASS" starttime="20210322 17:42:13.172" endtime="20210322 17:42:13.541"></status>
</kw>
<kw name="Should Be Equal As Integers" library="BuiltIn">
<doc>Fails if objects are unequal after converting them to integers.</doc>
<arguments>
<arg>${response.status_code}</arg>
<arg>200</arg>
</arguments>
<msg timestamp="20210322 17:42:13.543" level="INFO">Argument types are:
&lt;class 'int'&gt;
&lt;type 'unicode'&gt;</msg>
<status status="PASS" starttime="20210322 17:42:13.541" endtime="20210322 17:42:13.543"></status>
</kw>
<kw name="recebendo notificação de aprovação" library="accreditation_risk_notification">
<kw name="Uuid 4" library="FakerLibrary">
<doc>Generates a random UUID4 string.
:param cast_to: Specify what type the UUID should be cast to. Default is `str`
:type cast_to: callable</doc>
<assign>
<var>${assessment_id}</var>
</assign>
<msg timestamp="20210322 17:42:13.545" level="INFO">${assessment_id} = 31fec755-014d-44f6-ad99-867c1697ca24</msg>
<status status="PASS" starttime="20210322 17:42:13.544" endtime="20210322 17:42:13.545"></status>
</kw>
<kw name="Get Time" library="BuiltIn">
<doc>Returns the given time in the requested format.</doc>
<arguments>
<arg>year</arg>
</arguments>
<assign>
<var>${year}</var>
</assign>
<msg timestamp="20210322 17:42:13.546" level="INFO">${year} = 2021</msg>
<status status="PASS" starttime="20210322 17:42:13.545" endtime="20210322 17:42:13.546"></status>
</kw>
<kw name="Get Time" library="BuiltIn">
<doc>Returns the given time in the requested format.</doc>
<arguments>
<arg>month</arg>
</arguments>
<assign>
<var>${month}</var>
</assign>
<msg timestamp="20210322 17:42:13.547" level="INFO">${month} = 03</msg>
<status status="PASS" starttime="20210322 17:42:13.546" endtime="20210322 17:42:13.547"></status>
</kw>
<kw name="Get Time" library="BuiltIn">
<doc>Returns the given time in the requested format.</doc>
<arguments>
<arg>day</arg>
</arguments>
<assign>
<var>${day}</var>
</assign>
<msg timestamp="20210322 17:42:13.547" level="INFO">${day} = 22</msg>
<status status="PASS" starttime="20210322 17:42:13.547" endtime="20210322 17:42:13.548"></status>
</kw>
<kw name="Create Dictionary" library="BuiltIn">
[...]
<arguments>
<arg>amount=${amount}</arg>
<arg>creditor_account_number=${creditor_account_number}</arg>
<arg>creditor_routing_number=${creditor_routing_number}</arg>
<arg>creditor_account_type=${creditor_account_type}</arg>
<arg>creditor_name=${creditor_name}</arg>
<arg>creditor_national_registration=${creditor_national_registration}</arg>
<arg>creditor_psp=${creditor_psp}</arg>
<arg>pix_description=${pix_description}</arg>
</arguments>
<kw name="conectar pix-payments" library="create_session_staging_internal">
<kw name="Create Session" library="RequestsLibrary">
<doc>Create Session: create a HTTP session to a server</doc>
<arguments>
<arg>alias=pix-payments</arg>
<arg>url=${pix_payments_url_base}</arg>
<arg>disable_warnings=true</arg>
</arguments>
<msg timestamp="20210322 17:42:26.512" level="INFO">Creating Session using : alias=pix-payments, url=https://banking-pix-payments-internal.staging.zoop.tech, headers={},                     cookies={}, auth=None, timeout=None, proxies=None, verify=False,                     debug=0 </msg>
<status status="PASS" starttime="20210322 17:42:26.511" endtime="20210322 17:42:26.512"></status>
</kw>
<status status="PASS" starttime="20210322 17:42:26.510" endtime="20210322 17:42:26.512"></status>
</kw>
<kw name="Create Dictionary" library="BuiltIn">
<doc>Creates and returns a dictionary based on the given ``items``.</doc>
<arguments>
<arg>Content-Type=application/json</arg>
</arguments>
<assign>
<var>${header}</var>
</assign>
<msg timestamp="20210322 17:42:26.513" level="INFO">${header} = {'Content-Type': 'application/json'}</msg>
<status status="PASS" starttime="20210322 17:42:26.513" endtime="20210322 17:42:26.513"></status>
</kw>
<kw name="Catenate" library="BuiltIn">
<doc>Catenates the given items together and returns the resulted string.</doc>
<arguments>
<arg>{</arg>
<arg>"amount": ${amount},</arg>
<arg>"creditor": {</arg>
<arg>"account": {</arg>
<arg>"number": "${creditor_account_number}",</arg>
<arg>"routing_number": "${creditor_routing_number}",</arg>
<arg>"type": "${creditor_account_type}"</arg>
<arg>},</arg>
<arg>"name": "${creditor_name}",</arg>
<arg>"national_registration": "${creditor_national_registration}",</arg>
<arg>"psp": "${creditor_psp}"</arg>
<arg>},</arg>
<arg>"description": "${pix_description}"</arg>
<arg>}</arg>
</arguments>
<assign>
<var>${body}</var>
</assign>
<msg timestamp="20210322 17:42:26.515" level="INFO">${body} = { "amount": 100, "creditor": { "account": { "number": "0243882974", "routing_number": "0500", "type": "cacc" }, "name": "Massa iti PF NauNNMO", "national_registration": "42808422644", "psp": "17192451...</msg>
<status status="PASS" starttime="20210322 17:42:26.514" endtime="20210322 17:42:26.515"></status>
</kw>
<kw name="Post Request" library="RequestsLibrary">
<doc>Send a POST request on the session object found using the
given `alias`</doc>
<arguments>
<arg>pix-payments</arg>
<arg>/marketplaces/${marketplace_external_key}/banking/pix/holders/${holder_external_key}/accounts/${account_external_key}/payments</arg>
<arg>data=${body}</arg>
<arg>headers=${header}</arg>
</arguments>
<assign>
<var>${response}</var>
</assign>
<msg timestamp="20210322 17:42:26.517" level="INFO">POST Request using : uri=/marketplaces/f71a8951368a4cc085cf7875ff44e61c/banking/pix/holders/44227ec1a3b145648bc56f1c8f341020/accounts/507519cfcdf641429ab8ec9e113f1cbd/payments, params=None, files=None, allow_redirects=True, timeout=None
headers={'User-Agent': 'python-requests/2.22.0', 'Accept-Encoding': 'gzip, deflate', 'Accept': '*/*', 'Connection': 'keep-alive', 'Content-Type': 'application/json'} 
data={ "amount": 100, "creditor": { "account": { "number": "0243882974", "routing_number": "0500", "type": "cacc" }, "name": "Massa iti PF NauNNMO", "national_registration": "42808422644", "psp": "17192451" }, "description": "Envio de PIX" } 
json=None</msg>
<msg timestamp="20210322 17:42:27.181" level="INFO">${response} = &lt;Response [201]&gt;</msg>
<status status="PASS" starttime="20210322 17:42:26.515" endtime="20210322 17:42:27.181"></status>
</kw>
<kw name="Log" library="BuiltIn">
<doc>Logs the given message with the given level.</doc>
<arguments>
<arg>${response.json()}</arg>
</arguments>
<msg timestamp="20210322 17:42:27.183" level="INFO">{'id': 'b41f89b126e84d58b27bcbe6d529b63e', 'marketplace_id': 'f71a8951368a4cc085cf7875ff44e61c', 'status': 'pending', 'end_to_end_id': 'E19468242202103222042b15fbaaf9dd', 'message_id': 'M19468242df6f0265dd4bf2f354f02b3', 'amount': 100, 'created_at': '2021-03-22T17:42:28.365144', 'description': 'Envio de PIX', 'debtor': {'national_registration': '15603984775', 'name': 'Holder de teste', 'type': 'individual', 'holder_id': '44227ec1a3b145648bc56f1c8f341020', 'account': {'psp': {'code': '19468242', 'name': 'Zoop Tecnologia e Meios de Pagamento S.A.'}, 'digital_account_id': '507519cfcdf641429ab8ec9e113f1cbd', 'number': '7682159541', 'routing_number': '0001', 'type': 'cacc'}}, 'creditor': {'national_registration': '42808422644', 'name': 'Massa iti PF NauNNMO', 'type': 'individual', 'account': {'psp': {'code': '17192451'}, 'number': '0243882974', 'routing_number': '0500', 'type': 'cacc'}}, 'refunded_amount': 0}</msg>
<status status="PASS" starttime="20210322 17:42:27.182" endtime="20210322 17:42:27.183"></status>
</kw>
<kw name="Log" library="BuiltIn">
<doc>Logs the given message with the given level.</doc>
<arguments>
<arg>${response.headers['X-REQUEST-ID']}</arg>
</arguments>
<msg timestamp="20210322 17:42:27.186" level="INFO">f723535b31d4fbff</msg>
<status status="PASS" starttime="20210322 17:42:27.185" endtime="20210322 17:42:27.186"></status>
</kw>
<kw name="Log" library="BuiltIn">
<doc>Logs the given message with the given level.</doc>
<arguments>
<arg>${response.status_code}</arg>
</arguments>
<msg timestamp="20210322 17:42:27.188" level="INFO">201</msg>
<status status="PASS" starttime="20210322 17:42:27.187" endtime="20210322 17:42:27.188"></status>
</kw>
<kw name="Set Global Variable" library="BuiltIn">
<doc>Makes a variable available globally in all tests and suites.</doc>
<arguments>
<arg>${response}</arg>
</arguments>
<msg timestamp="20210322 17:42:27.189" level="INFO">${response} = &lt;Response [201]&gt;</msg>
<status status="PASS" starttime="20210322 17:42:27.189" endtime="20210322 17:42:27.190"></status>
</kw>
<kw name="Set Variable If" library="BuiltIn">
<doc>Sets variable based on the given condition.</doc>
<arguments>
<arg>${response.status_code}==201</arg>
<arg>${response.json()["id"]}</arg>
</arguments>
<assign>
<var>${payment_external_key}</var>
</assign>
<msg timestamp="20210322 17:42:27.192" level="INFO">${payment_external_key} = b41f89b126e84d58b27bcbe6d529b63e</msg>
<status status="PASS" starttime="20210322 17:42:27.190" endtime="20210322 17:42:27.192"></status>
</kw>
<kw name="Set Global Variable" library="BuiltIn">
<doc>Makes a variable available globally in all tests and suites.</doc>
<arguments>
<arg>${payment_external_key}</arg>
</arguments>
<msg timestamp="20210322 17:42:27.193" level="INFO">${payment_external_key} = b41f89b126e84d58b27bcbe6d529b63e</msg>
<status status="PASS" starttime="20210322 17:42:27.193" endtime="20210322 17:42:27.193"></status>
</kw>
<kw name="Set Variable If" library="BuiltIn">
<doc>Sets variable based on the given condition.</doc>
<arguments>
<arg>${response.status_code}==201</arg>
<arg>${response.json()["end_to_end_id"]}</arg>
</arguments>
<assign>
<var>${end_to_end_id}</var>
</assign>
<msg timestamp="20210322 17:42:27.195" level="INFO">${end_to_end_id} = E19468242202103222042b15fbaaf9dd</msg>
<status status="PASS" starttime="20210322 17:42:27.194" endtime="20210322 17:42:27.195"></status>
</kw>
<kw name="Set Global Variable" library="BuiltIn">
<doc>Makes a variable available globally in all tests and suites.</doc>
<arguments>
<arg>${end_to_end_id}</arg>
</arguments>
<msg timestamp="20210322 17:42:27.196" level="INFO">${end_to_end_id} = E19468242202103222042b15fbaaf9dd</msg>
<status status="PASS" starttime="20210322 17:42:27.196" endtime="20210322 17:42:27.196"></status>
</kw>
<kw name="Set Variable If" library="BuiltIn">
<doc>Sets variable based on the given condition.</doc>
<arguments>
<arg>${response.status_code}==201</arg>
<arg>${response.json()["message_id"]}</arg>
</arguments>
<assign>
<var>${message_id}</var>
</assign>
<msg timestamp="20210322 17:42:27.198" level="INFO">${message_id} = M19468242df6f0265dd4bf2f354f02b3</msg>
<status status="PASS" starttime="20210322 17:42:27.197" endtime="20210322 17:42:27.198"></status>
</kw>
<kw name="Set Global Variable" library="BuiltIn">
<doc>Makes a variable available globally in all tests and suites.</doc>
<arguments>
<arg>${message_id}</arg>
</arguments>
<msg timestamp="20210322 17:42:27.199" level="INFO">${message_id} = M19468242df6f0265dd4bf2f354f02b3</msg>
<status status="PASS" starttime="20210322 17:42:27.198" endtime="20210322 17:42:27.199"></status>
</kw>
<status status="PASS" starttime="20210322 17:42:26.507" endtime="20210322 17:42:27.199"></status>
</kw>
<kw name="validar pagamento pix" library="asserts">
<arguments>
<arg>marketplace_external_key=${marketplace_external_key}</arg>
<arg>status_pix_payments=pending</arg>
<arg>amount=${amount}</arg>
<arg>pix_description=${pix_description}</arg>
<arg>debitor_national_registration=${national_registration}</arg>
<arg>debitor_name=${holder_name}</arg>
<arg>debitor_type=${holder_type}</arg>
<arg>debitor_holder_id=${holder_external_key}</arg>
<arg>debtor_account_psp_code=${debtor_account_psp_code}</arg>
<arg>debtor_account_psp_name=${debtor_account_psp_name}</arg>
<arg>debtor_digital_account=${account_external_key}</arg>
<arg>debtor_account_number=${account_number}</arg>
<arg>debtor_account_routing_number=${account_routing_number}</arg>
<arg>debtor_account_type=${debtor_account_type}</arg>
<arg>creditor_national_registration=${creditor_national_registration}</arg>
<arg>creditor_name=${creditor_name}</arg>
<arg>creditor_type=individual</arg>
<arg>creditor_account_psp_code=${creditor_psp}</arg>
<arg>creditor_account_number=${creditor_account_number}</arg>
<arg>creditor_account_routing_number=${creditor_routing_number}</arg>
<arg>creditor_account_type=${creditor_account_type}</arg>
<arg>refunded_amount=0</arg>
</arguments>
<kw name="Get Current Date" library="DateTime">
<doc>Returns current local or UTC time with an optional increment.</doc>
<arguments>
<arg>result_format=datetime</arg>
</arguments>
<assign>
<var>${date}</var>
</assign>
<msg timestamp="20210322 17:42:27.203" level="INFO">${date} = 2021-03-22 17:42:27.203256</msg>
<status status="PASS" starttime="20210322 17:42:27.203" endtime="20210322 17:42:27.203"></status>
</kw>
<kw name="Convert Date" library="DateTime">
<doc>Converts between supported `date formats`.</doc>
<arguments>
<arg>${date}</arg>
<arg>exclude_millis=yes</arg>
<arg>result_format=%Y-%m-%d</arg>
<arg>date_format=%d-%m-%Y</arg>
</arguments>
<assign>
<var>${date}</var>
</assign>
<msg timestamp="20210322 17:42:27.204" level="INFO">${date} = 2021-03-22</msg>
<status status="PASS" starttime="20210322 17:42:27.204" endtime="20210322 17:42:27.204"></status>
</kw>
<kw name="Should Be Equal" library="BuiltIn">
<doc>Fails if the given objects are unequal.</doc>
<arguments>
<arg>${response.json()["marketplace_id"]}</arg>
<arg>${marketplace_external_key}</arg>
</arguments>
<status status="PASS" starttime="20210322 17:42:27.205" endtime="20210322 17:42:27.205"></status>
</kw>
<kw name="Should Be Equal" library="BuiltIn">
<doc>Fails if the given objects are unequal.</doc>
<arguments>
<arg>${response.json()["status"]}</arg>
<arg>${status_pix_payments}</arg>
</arguments>
<status status="PASS" starttime="20210322 17:42:27.206" endtime="20210322 17:42:27.207"></status>
</kw>
<kw name="Should Not Be Empty" library="BuiltIn">
<doc>Verifies that the given item is not empty.</doc>
<arguments>
<arg>${response.json()["end_to_end_id"]}</arg>
</arguments>
<msg timestamp="20210322 17:42:27.208" level="INFO">Length is 32</msg>
<status status="PASS" starttime="20210322 17:42:27.207" endtime="20210322 17:42:27.208"></status>
</kw>
<kw name="Should Not Be Empty" library="BuiltIn">
<doc>Verifies that the given item is not empty.</doc>
<arguments>
<arg>${response.json()["message_id"]}</arg>
</arguments>
<msg timestamp="20210322 17:42:27.209" level="INFO">Length is 32</msg>
<status status="PASS" starttime="20210322 17:42:27.208" endtime="20210322 17:42:27.209"></status>
</kw>
<kw name="Should Be Equal As Integers" library="BuiltIn">
<doc>Fails if objects are unequal after converting them to integers.</doc>
<arguments>
<arg>${response.json()["amount"]}</arg>
<arg>${amount}</arg>
</arguments>
<msg timestamp="20210322 17:42:27.210" level="INFO">Argument types are:
&lt;class 'int'&gt;
&lt;type 'unicode'&gt;</msg>
<status status="PASS" starttime="20210322 17:42:27.209" endtime="20210322 17:42:27.210"></status>
</kw>
<kw name="Should Be Equal" library="BuiltIn">
<doc>Fails if the given objects are unequal.</doc>
<arguments>
<arg>${response.json()["description"]}</arg>
<arg>${pix_description}</arg>
</arguments>
<status status="PASS" starttime="20210322 17:42:27.210" endtime="20210322 17:42:27.211"></status>
</kw>
<kw name="Should Be Equal" library="BuiltIn">
<doc>Fails if the given objects are unequal.</doc>
<arguments>
<arg>${response.json()["debtor"]["national_registration"]}</arg>
<arg>${debitor_national_registration}</arg>
</arguments>
<status status="PASS" starttime="20210322 17:42:27.212" endtime="20210322 17:42:27.212"></status>
</kw>
<kw name="Should Be Equal" library="BuiltIn">
<doc>Fails if the given objects are unequal.</doc>
<arguments>
<arg>${response.json()["debtor"]["name"]}</arg>
<arg>${debitor_name}</arg>
</arguments>
<status status="PASS" starttime="20210322 17:42:27.212" endtime="20210322 17:42:27.213"></status>
</kw>
<kw name="Should Be Equal" library="BuiltIn">
<doc>Fails if the given objects are unequal.</doc>
<arguments>
<arg>${response.json()["debtor"]["type"]}</arg>
<arg>${debitor_type}</arg>
</arguments>
<status status="PASS" starttime="20210322 17:42:27.213" endtime="20210322 17:42:27.214"></status>
</kw>
<kw name="Should Be Equal" library="BuiltIn">
<doc>Fails if the given objects are unequal.</doc>
<arguments>
<arg>${response.json()["debtor"]["holder_id"]}</arg>
<arg>${debitor_holder_id}</arg>
</arguments>
<status status="PASS" starttime="20210322 17:42:27.214" endtime="20210322 17:42:27.215"></status>
</kw>
<kw name="Should Be Equal" library="BuiltIn">
<doc>Fails if the given objects are unequal.</doc>
<arguments>
<arg>${response.json()["debtor"]["account"]["psp"]["code"]}</arg>
<arg>${debtor_account_psp_code}</arg>
</arguments>
<status status="PASS" starttime="20210322 17:42:27.215" endtime="20210322 17:42:27.216"></status>
</kw>
<kw name="Should Be Equal" library="BuiltIn">
<doc>Fails if the given objects are unequal.</doc>
<arguments>
<arg>${response.json()["debtor"]["account"]["psp"]["name"]}</arg>
<arg>${debtor_account_psp_name}</arg>
</arguments>
<status status="PASS" starttime="20210322 17:42:27.216" endtime="20210322 17:42:27.217"></status>
</kw>
<kw name="Should Be Equal" library="BuiltIn">
<doc>Fails if the given objects are unequal.</doc>
<arguments>
<arg>${response.json()["debtor"]["account"]["digital_account_id"]}</arg>
<arg>${debtor_digital_account}</arg>
</arguments>
<status status="PASS" starttime="20210322 17:42:27.217" endtime="20210322 17:42:27.218"></status>
</kw>
<kw name="Should Be Equal" library="BuiltIn">
<doc>Fails if the given objects are unequal.</doc>
<arguments>
<arg>${response.json()["debtor"]["account"]["number"]}</arg>
<arg>${account_number}</arg>
</arguments>
<status status="PASS" starttime="20210322 17:42:27.218" endtime="20210322 17:42:27.219"></status>
</kw>
<kw name="Should Be Equal" library="BuiltIn">
<doc>Fails if the given objects are unequal.</doc>
<arguments>
<arg>${response.json()["debtor"]["account"]["routing_number"]}</arg>
<arg>0${debtor_account_routing_number}</arg>
</arguments>
<status status="PASS" starttime="20210322 17:42:27.219" endtime="20210322 17:42:27.220"></status>
</kw>
<kw name="Should Be Equal" library="BuiltIn">
<doc>Fails if the given objects are unequal.</doc>
<arguments>
<arg>${response.json()["debtor"]["account"]["type"]}</arg>
<arg>${debtor_account_type}</arg>
</arguments>
<status status="PASS" starttime="20210322 17:42:27.220" endtime="20210322 17:42:27.221"></status>
</kw>
<kw name="Should Be Equal" library="BuiltIn">
<doc>Fails if the given objects are unequal.</doc>
<arguments>
<arg>${response.json()["creditor"]["national_registration"]}</arg>
<arg>${creditor_national_registration}</arg>
</arguments>
<status status="PASS" starttime="20210322 17:42:27.221" endtime="20210322 17:42:27.222"></status>
</kw>
<kw name="Should Be Equal" library="BuiltIn">
<doc>Fails if the given objects are unequal.</doc>
<arguments>
<arg>${response.json()["creditor"]["name"]}</arg>
<arg>${creditor_name}</arg>
</arguments>
<status status="PASS" starttime="20210322 17:42:27.222" endtime="20210322 17:42:27.223"></status>
</kw>
<kw name="Should Be Equal" library="BuiltIn">
<doc>Fails if the given objects are unequal.</doc>
<arguments>
<arg>${response.json()["creditor"]["type"]}</arg>
<arg>${creditor_type}</arg>
</arguments>
<status status="PASS" starttime="20210322 17:42:27.223" endtime="20210322 17:42:27.223"></status>
</kw>
<kw name="Should Be Equal" library="BuiltIn">
<doc>Fails if the given objects are unequal.</doc>
<arguments>
<arg>${response.json()["creditor"]["account"]["psp"]["code"]}</arg>
<arg>${creditor_account_psp_code}</arg>
</arguments>
<status status="PASS" starttime="20210322 17:42:27.224" endtime="20210322 17:42:27.224"></status>
</kw>
<kw name="Should Be Equal" library="BuiltIn">
<doc>Fails if the given objects are unequal.</doc>
<arguments>
<arg>${response.json()["creditor"]["account"]["number"]}</arg>
<arg>${creditor_account_number}</arg>
</arguments>
<status status="PASS" starttime="20210322 17:42:27.225" endtime="20210322 17:42:27.225"></status>
</kw>
<kw name="Should Be Equal" library="BuiltIn">
<doc>Fails if the given objects are unequal.</doc>
<arguments>
<arg>${response.json()["creditor"]["account"]["routing_number"]}</arg>
<arg>${creditor_account_routing_number}</arg>
</arguments>
<status status="PASS" starttime="20210322 17:42:27.226" endtime="20210322 17:42:27.226"></status>
</kw>
<kw name="Should Be Equal" library="BuiltIn">
<doc>Fails if the given objects are unequal.</doc>
<arguments>
<arg>${response.json()["creditor"]["account"]["type"]}</arg>
<arg>${creditor_account_type}</arg>
</arguments>
<status status="PASS" starttime="20210322 17:42:27.227" endtime="20210322 17:42:27.227"></status>
</kw>
<status status="PASS" starttime="20210322 17:42:27.200" endtime="20210322 17:42:27.227"></status>
</kw>
<doc>Envio de PIX com sucesso para uma conta Iti, a partir de um Holder Business</doc>
<tags>
<tag>smoke_test</tag>
</tags>
<status status="PASS" starttime="20210322 17:42:19.338" endtime="20210322 17:42:27.228" critical="yes"></status>
</test>
<doc>Funcionalidade: Criar Chave de Endereçamento
Eu, como um Holder, portador de uma conta ativa em Banking
Desejo criar uma pagamento PIX</doc>
<status status="FAIL" starttime="20210322 17:42:09.210" endtime="20210322 17:42:27.228"></status>
</suite>
<status status="FAIL" starttime="20210322 17:42:09.208" endtime="20210322 17:42:27.656"></status>
</suite>
<status status="FAIL" starttime="20210322 17:42:09.174" endtime="20210322 17:42:28.082"></status>
</suite>
<statistics>
<total>
<stat pass="1" fail="1">Critical Tests</stat>
<stat pass="1" fail="1">All Tests</stat>
</total>
<tag>
<stat pass="1" fail="1">smoke_test</stat>
</tag>
<suite>
<stat pass="1" fail="1" id="s1" name="Pix-Payments">Pix-Payments</stat>
<stat pass="1" fail="1" id="s1-s1" name="Envio">Pix-Payments.Envio</stat>
<stat pass="1" fail="1" id="s1-s1-s1" name="Criar Pagamento PIX">Pix-Payments.Envio.Criar Pagamento PIX</stat>
</suite>
</statistics>
<errors>
</errors>
</robot>
