<?xml version="1.0" encoding="UTF-8"?>
<robot generator="Robot 3.1.2 (Python 3.8.1 on win32)" generated="20210327 22:48:35.439" rpa="false">
<suite id="s1" name="Pix-Payments" source="C:\Users\vinicius.trindade\banking_continuous_testing\banking_continuous_testing\tests\pix-payments">
<suite id="s1-s1" name="Envio" source="C:\Users\vinicius.trindade\banking_continuous_testing\banking_continuous_testing\tests\pix-payments\envio">
<suite id="s1-s1-s1" name="Cancelar Pagamento PIX" source="C:\Users\vinicius.trindade\banking_continuous_testing\banking_continuous_testing\tests\pix-payments\envio\Cancelar Pagamento PIX.robot">
<test id="s1-s1-s1-t1" name="Cenário: Cancelar pagamento PIX">
<kw name="criar chave pix ativa" library="pix_dict_create_active_key_pix">
<arguments>
<arg>holder_type=individual</arg>
<arg>pix_type=email</arg>
</arguments>
<kw name="Random Number" library="FakerLibrary">
<doc>Returns a random number with 1 digit (default, when digits==None),
a random number with 0 to given number of digits, or a random number
with given number to given number of digits (when ``fix_len==True``).</doc>
<arguments>
<arg>digits=8</arg>
<arg>fix_len=True</arg>
</arguments>
<assign>
<var>${phone}</var>
</assign>
<msg timestamp="20210327 22:48:36.032" level="INFO">${phone} = 26010216</msg>
<status status="PASS" starttime="20210327 22:48:36.032" endtime="20210327 22:48:36.032"></status>
</kw>
<kw name="Set Variable" library="BuiltIn">
<doc>Returns the given values which can then be assigned to a variables.</doc>
<arguments>
<arg>+55219${phone}</arg>
</arguments>
<assign>
<var>${phone_pix}</var>
</assign>
<msg timestamp="20210327 22:48:36.032" level="INFO">${phone_pix} = +5521926010216</msg>
<status status="PASS" starttime="20210327 22:48:36.032" endtime="20210327 22:48:36.032"></status>
</kw>
<kw name="Set Global Variable" library="BuiltIn">
<doc>Makes a variable available globally in all tests and suites.</doc>
<arguments>
<arg>${phone_pix}</arg>
</arguments>
<msg timestamp="20210327 22:48:36.033" level="INFO">${phone_pix} = +5521926010216</msg>
<status status="PASS" starttime="20210327 22:48:36.033" endtime="20210327 22:48:36.033"></status>
</kw>
<kw name="Email" library="FakerLibrary">
<assign>
<var>${email_pix}</var>
</assign>
<msg timestamp="20210327 22:48:36.033" level="INFO">${email_pix} = pietrofernandes@pereira.com</msg>
<status status="PASS" starttime="20210327 22:48:36.033" endtime="20210327 22:48:36.033"></status>
</kw>
<kw name="Set Global Variable" library="BuiltIn">
<doc>Makes a variable available globally in all tests and suites.</doc>
<arguments>
<arg>${email_pix}</arg>
</arguments>
<msg timestamp="20210327 22:48:36.034" level="INFO">${email_pix} = pietrofernandes@pereira.com</msg>
<status status="PASS" starttime="20210327 22:48:36.033" endtime="20210327 22:48:36.034"></status>
</kw>
<kw name="Run Keyword If" library="BuiltIn">
<doc>Runs the given keyword with the given arguments, if ``condition`` is true.</doc>
<arguments>
<arg>'${holder_type}' == 'business'</arg>
<arg>criar holder business ativo</arg>
<arg>ELSE IF</arg>
<arg>'${holder_type}' == 'individual'</arg>
<arg>criar holder individual ativo</arg>
</arguments>
<kw name="criar holder individual ativo" library="accreditation_create_holder_active">
<kw name="conectar accreditation" library="create_session_staging_internal">
<kw name="Create Session" library="RequestsLibrary">
<doc>Create Session: create a HTTP session to a server</doc>
<arguments>
<arg>alias=accreditation</arg>
<arg>url=${accreditation_url_base}</arg>
<arg>disable_warnings=true</arg>
</arguments>
<msg timestamp="20210327 22:48:36.035" level="INFO">Creating Session using : alias=accreditation, url=https://banking-accreditation-internal.staging.zoop.tech, headers={},                     cookies={}, auth=None, timeout=None, proxies=None, verify=False,                     debug=0 </msg>
<status status="PASS" starttime="20210327 22:48:36.035" endtime="20210327 22:48:36.035"></status>
</kw>
<status status="PASS" starttime="20210327 22:48:36.035" endtime="20210327 22:48:36.035"></status>
</kw>
<kw name="Cpf" library="FakerLibrary">
<assign>
<var>${national_registration}</var>
</assign>
<msg timestamp="20210327 22:48:36.036" level="INFO">${national_registration} = 509.436.781-10</msg>
<status status="PASS" starttime="20210327 22:48:36.035" endtime="20210327 22:48:36.036"></status>
</kw>
<kw name="Replace String" library="String">
<doc>Replaces ``search_for`` in the given ``string`` with ``replace_with``.</doc>
<arguments>
<arg>${national_registration}</arg>
<arg>.</arg>
<arg>${EMPTY}</arg>
</arguments>
<assign>
<var>${national_registration}</var>
</assign>
<msg timestamp="20210327 22:48:36.036" level="INFO">${national_registration} = 509436781-10</msg>
<status status="PASS" starttime="20210327 22:48:36.036" endtime="20210327 22:48:36.036"></status>
</kw>
<kw name="Replace String" library="String">
<doc>Replaces ``search_for`` in the given ``string`` with ``replace_with``.</doc>
<arguments>
<arg>${national_registration}</arg>
<arg>-</arg>
<arg>${EMPTY}</arg>
</arguments>
<assign>
<var>${national_registration}</var>
</assign>
<msg timestamp="20210327 22:48:36.036" level="INFO">${national_registration} = 50943678110</msg>
<status status="PASS" starttime="20210327 22:48:36.036" endtime="20210327 22:48:36.036"></status>
</kw>
<kw name="Set Global Variable" library="BuiltIn">
<doc>Makes a variable available globally in all tests and suites.</doc>
<arguments>
<arg>${national_registration}</arg>
</arguments>
<msg timestamp="20210327 22:48:36.037" level="INFO">${national_registration} = 50943678110</msg>
<status status="PASS" starttime="20210327 22:48:36.037" endtime="20210327 22:48:36.037"></status>
</kw>
<kw name="Rg" library="FakerLibrary">
<doc>Brazilian RG, return plain numbers.
Check:  https://www.ngmatematica.com/2014/02/como-determinar-o-digito-verificador-do.html</doc>
<assign>
<var>${identity_card}</var>
</assign>
<msg timestamp="20210327 22:48:36.037" level="INFO">${identity_card} = 162835073</msg>
<status status="PASS" starttime="20210327 22:48:36.037" endtime="20210327 22:48:36.037"></status>
</kw>
<kw name="Set Global Variable" library="BuiltIn">
<doc>Makes a variable available globally in all tests and suites.</doc>
<arguments>
<arg>${identity_card}</arg>
</arguments>
<msg timestamp="20210327 22:48:36.038" level="INFO">${identity_card} = 162835073</msg>
<status status="PASS" starttime="20210327 22:48:36.037" endtime="20210327 22:48:36.038"></status>
</kw>
<kw name="criar holder individual" library="accreditation_post_holder_individual">
<arguments>
<arg>holder_type=individual</arg>
<arg>holder_name=${holder_name}</arg>
<arg>email=${email}</arg>
<arg>national_registration=${national_registration}</arg>
<arg>revenue=${revenue}</arg>
<arg>birthday=${birthday}</arg>
<arg>mothers_name=${mothers_name}</arg>
<arg>identity_card=${identity_card}</arg>
<arg>pep=false</arg>
<arg>cbo=${cbo}</arg>
</arguments>
<kw name="conectar accreditation" library="create_session_staging_internal">
<kw name="Create Session" library="RequestsLibrary">
<doc>Create Session: create a HTTP session to a server</doc>
<arguments>
<arg>alias=accreditation</arg>
<arg>url=${accreditation_url_base}</arg>
<arg>disable_warnings=true</arg>
</arguments>
<msg timestamp="20210327 22:48:36.039" level="INFO">Creating Session using : alias=accreditation, url=https://banking-accreditation-internal.staging.zoop.tech, headers={},                     cookies={}, auth=None, timeout=None, proxies=None, verify=False,                     debug=0 </msg>
<status status="PASS" starttime="20210327 22:48:36.039" endtime="20210327 22:48:36.039"></status>
</kw>
<status status="PASS" starttime="20210327 22:48:36.038" endtime="20210327 22:48:36.039"></status>
</kw>
<kw name="Set Global Variable" library="BuiltIn">
<doc>Makes a variable available globally in all tests and suites.</doc>
<arguments>
<arg>${holder_type}</arg>
</arguments>
<msg timestamp="20210327 22:48:36.039" level="INFO">${holder_type} = individual</msg>
<status status="PASS" starttime="20210327 22:48:36.039" endtime="20210327 22:48:36.040"></status>
</kw>
<kw name="Set Global Variable" library="BuiltIn">
<doc>Makes a variable available globally in all tests and suites.</doc>
<arguments>
<arg>${holder_name}</arg>
</arguments>
<msg timestamp="20210327 22:48:36.040" level="INFO">${holder_name} = Holder de teste</msg>
<status status="PASS" starttime="20210327 22:48:36.040" endtime="20210327 22:48:36.040"></status>
</kw>
<kw name="Create Dictionary" library="BuiltIn">
<doc>Creates and returns a dictionary based on the given ``items``.</doc>
<arguments>
<arg>Content-Type=application/json</arg>
</arguments>
<assign>
<var>${header}</var>
</assign>
<msg timestamp="20210327 22:48:36.041" level="INFO">${header} = {'Content-Type': 'application/json'}</msg>
<status status="PASS" starttime="20210327 22:48:36.040" endtime="20210327 22:48:36.041"></status>
</kw>
<kw name="Catenate" library="BuiltIn">
<doc>Catenates the given items together and returns the resulted string.</doc>
<arguments>
<arg>{</arg>
<arg>"type": "${holder_type}",</arg>
<arg>"name": "${holder_name}",</arg>
<arg>"email": "${email}",</arg>
<arg>"national_registration": "${national_registration}",</arg>
<arg>"revenue": ${revenue},</arg>
<arg>"birthday": "${birthday}",</arg>
<arg>"mothers_name": "${mothers_name}",</arg>
<arg>"identity_card": "${identity_card}",</arg>
<arg>"pep": false,</arg>
<arg>"cbo": ${cbo}</arg>
<arg>}</arg>
</arguments>
<assign>
<var>${body}</var>
</assign>
<msg timestamp="20210327 22:48:36.041" level="INFO">${body} = { "type": "individual", "name": "Holder de teste", "email": "teste@teste.com.br", "national_registration": "50943678110", "revenue": 5500.00, "birthday": "1988-04-23", "mothers_name": "Mãe do Holder",...</msg>
<status status="PASS" starttime="20210327 22:48:36.041" endtime="20210327 22:48:36.041"></status>
</kw>
<kw name="Post Request" library="RequestsLibrary">
<doc>Send a POST request on the session object found using the
given `alias`</doc>
<arguments>
<arg>accreditation</arg>
<arg>/marketplaces/${marketplace_external_key}/banking/accreditation/holders</arg>
<arg>data=${body}</arg>
<arg>headers=${header}</arg>
</arguments>
<assign>
<var>${response}</var>
</assign>
<msg timestamp="20210327 22:48:36.042" level="INFO">POST Request using : uri=/marketplaces/f71a8951368a4cc085cf7875ff44e61c/banking/accreditation/holders, params=None, files=None, allow_redirects=True, timeout=None
headers={'User-Agent': 'python-requests/2.22.0', 'Accept-Encoding': 'gzip, deflate', 'Accept': '*/*', 'Connection': 'keep-alive', 'Content-Type': 'application/json'} 
data={ "type": "individual", "name": "Holder de teste", "email": "teste@teste.com.br", "national_registration": "50943678110", "revenue": 5500.00, "birthday": "1988-04-23", "mothers_name": "Mãe do Holder", "identity_card": "162835073", "pep": false, "cbo": 821450 } 
json=None</msg>
<msg timestamp="20210327 22:48:36.763" level="INFO">${response} = &lt;Response [201]&gt;</msg>
<status status="PASS" starttime="20210327 22:48:36.041" endtime="20210327 22:48:36.763"></status>
</kw>
<kw name="Log" library="BuiltIn">
<doc>Logs the given message with the given level.</doc>
<arguments>
<arg>${response.json()}</arg>
</arguments>
<msg timestamp="20210327 22:48:36.766" level="INFO">{'id': '73267feb8d8c4b2b849623e88386d77c', 'name': 'Holder de teste', 'revenue': 5500.0, 'email': 'teste@teste.com.br', 'status': 'waiting_info_and_documents', 'marketplace_id': 'f71a8951368a4cc085cf7875ff44e61c', 'marketplace_name': 'Marketplace de Teste', 'created_at': '2021-03-27T22:48:37.868375', 'updated_at': '2021-03-27T22:48:37.868377', 'type': 'individual', 'national_registration': '50943678110', 'birthday': '1988-04-23', 'mothers_name': 'Mãe do Holder', 'identity_card': '162835073', 'pep': False, 'cbo': '821450', '_links': {'self': {'href': 'https://banking-accreditation-internal.staging.zoop.tech/marketplaces/f71a8951368a4cc085cf7875ff44e61c/banking/accreditation/holders/73267feb8d8c4b2b849623e88386d77c', 'type': 'GET'}, 'phones': {'href': 'https://banking-accreditation-internal.staging.zoop.tech/marketplaces/f71a8951368a4cc085cf7875ff44e61c/banking/accreditation/holders/73267feb8d8c4b2b849623e88386d77c/phones', 'type': 'GET'}, 'addresses': {'href': 'https://banking-accreditation-internal.staging.zoop.tech/marketplaces/f71a8951368a4cc085cf7875ff44e61c/banking/accreditation/holders/73267feb8d8c4b2b849623e88386d77c/addresses', 'type': 'GET'}, 'documents': {'href': 'https://banking-accreditation-internal.staging.zoop.tech/marketplaces/f71a8951368a4cc085cf7875ff44e61c/banking/accreditation/holders/73267feb8d8c4b2b849623e88386d77c/documents', 'type': 'GET'}}}</msg>
<status status="PASS" starttime="20210327 22:48:36.764" endtime="20210327 22:48:36.766"></status>
</kw>
<kw name="Log" library="BuiltIn">
<doc>Logs the given message with the given level.</doc>
<arguments>
<arg>${response.headers['X-REQUEST-ID']}</arg>
</arguments>
<msg timestamp="20210327 22:48:36.768" level="INFO">2f6c148886689185</msg>
<status status="PASS" starttime="20210327 22:48:36.767" endtime="20210327 22:48:36.769"></status>
</kw>
<kw name="Log" library="BuiltIn">
<doc>Logs the given message with the given level.</doc>
<arguments>
<arg>${body}</arg>
</arguments>
<msg timestamp="20210327 22:48:36.770" level="INFO">{ "type": "individual", "name": "Holder de teste", "email": "teste@teste.com.br", "national_registration": "50943678110", "revenue": 5500.00, "birthday": "1988-04-23", "mothers_name": "Mãe do Holder", "identity_card": "162835073", "pep": false, "cbo": 821450 }</msg>
<status status="PASS" starttime="20210327 22:48:36.770" endtime="20210327 22:48:36.770"></status>
</kw>
<kw name="Set Global Variable" library="BuiltIn">
<doc>Makes a variable available globally in all tests and suites.</doc>
<arguments>
<arg>${response}</arg>
</arguments>
<msg timestamp="20210327 22:48:36.772" level="INFO">${response} = &lt;Response [201]&gt;</msg>
<status status="PASS" starttime="20210327 22:48:36.771" endtime="20210327 22:48:36.772"></status>
</kw>
<kw name="Set Variable If" library="BuiltIn">
<doc>Sets variable based on the given condition.</doc>
<arguments>
<arg>${response.status_code}==201</arg>
<arg>${response.json()["id"]}</arg>
</arguments>
<assign>
<var>${holder_external_key}</var>
</assign>
<msg timestamp="20210327 22:48:36.774" level="INFO">${holder_external_key} = 73267feb8d8c4b2b849623e88386d77c</msg>
<status status="PASS" starttime="20210327 22:48:36.773" endtime="20210327 22:48:36.774"></status>
</kw>
<kw name="Set Global Variable" library="BuiltIn">
<doc>Makes a variable available globally in all tests and suites.</doc>
<arguments>
<arg>${holder_external_key}</arg>
</arguments>
<msg timestamp="20210327 22:48:36.775" level="INFO">${holder_external_key} = 73267feb8d8c4b2b849623e88386d77c</msg>
<status status="PASS" starttime="20210327 22:48:36.775" endtime="20210327 22:48:36.775"></status>
</kw>
<status status="PASS" starttime="20210327 22:48:36.038" endtime="20210327 22:48:36.776"></status>
</kw>
<kw name="Set Global Variable" library="BuiltIn">
<doc>Makes a variable available globally in all tests and suites.</doc>
<arguments>
<arg>${holder_name}</arg>
</arguments>
<msg timestamp="20210327 22:48:36.777" level="INFO">${holder_name} = Holder de teste</msg>
<status status="PASS" starttime="20210327 22:48:36.776" endtime="20210327 22:48:36.777"></status>
</kw>
<kw name="validar status code" library="status_code_validade">
<arguments>
<arg>status_code=201</arg>
<arg>message_error=Erro ao criar holder individual</arg>
</arguments>
<kw name="Run Keyword If" library="BuiltIn">
<doc>Runs the given keyword with the given arguments, if ``condition`` is true.</doc>
<arguments>
<arg>'${response.status_code}' == '500'</arg>
<arg>Fatal Error</arg>
<arg>msg=|| Fatal Error || EXECUÇÃO DA SUITE DE TESTE INTERROMPIDA :: status_code: ${response.status_code} || message: ${response.json()["message"]} || X-REQUEST-ID: ${response.headers['X-REQUEST-ID']}</arg>
<arg>ELSE IF</arg>
<arg>'${response.status_code}' != '${status_code}'</arg>
<arg>Fail</arg>
<arg>msg=${message_error} :: status_code: ${response.status_code} || message: ${response.json()["message"]} || X-REQUEST-ID: ${response.headers['X-REQUEST-ID']}</arg>
</arguments>
<status status="PASS" starttime="20210327 22:48:36.778" endtime="20210327 22:48:36.779"></status>
</kw>
<status status="PASS" starttime="20210327 22:48:36.777" endtime="20210327 22:48:36.779"></status>
</kw>
<kw name="criar holder phone" library="accreditation_post_holder_phone">
<arguments>
<arg>21</arg>
<arg>51</arg>
<arg>996221236</arg>
</arguments>
<kw name="Create Dictionary" library="BuiltIn">
<doc>Creates and returns a dictionary based on the given ``items``.</doc>
<arguments>
<arg>Content-Type=application/json</arg>
</arguments>
<assign>
<var>${header}</var>
</assign>
<msg timestamp="20210327 22:48:36.781" level="INFO">${header} = {'Content-Type': 'application/json'}</msg>
<status status="PASS" starttime="20210327 22:48:36.780" endtime="20210327 22:48:36.781"></status>
</kw>
<kw name="Catenate" library="BuiltIn">
<doc>Catenates the given items together and returns the resulted string.</doc>
<arguments>
<arg>{</arg>
<arg>"area_code": "${phone_area_code}",</arg>
<arg>"country_code": "${phone_country_code}",</arg>
<arg>"number": "${phone_number}"</arg>
<arg>}</arg>
</arguments>
<assign>
<var>${body}</var>
</assign>
<msg timestamp="20210327 22:48:36.782" level="INFO">${body} = { "area_code": "21", "country_code": "51", "number": "996221236" }</msg>
<status status="PASS" starttime="20210327 22:48:36.781" endtime="20210327 22:48:36.782"></status>
</kw>
<kw name="Post Request" library="RequestsLibrary">
<doc>Send a POST request on the session object found using the
given `alias`</doc>
<arguments>
<arg>accreditation</arg>
<arg>/marketplaces/${marketplace_external_key}/banking/accreditation/holders/${holder_external_key}/phones</arg>
<arg>data=${body}</arg>
<arg>headers=${header}</arg>
</arguments>
<assign>
<var>${response}</var>
</assign>
<msg timestamp="20210327 22:48:36.783" level="INFO">POST Request using : uri=/marketplaces/f71a8951368a4cc085cf7875ff44e61c/banking/accreditation/holders/73267feb8d8c4b2b849623e88386d77c/phones, params=None, files=None, allow_redirects=True, timeout=None
headers={'User-Agent': 'python-requests/2.22.0', 'Accept-Encoding': 'gzip, deflate', 'Accept': '*/*', 'Connection': 'keep-alive', 'Content-Type': 'application/json'} 
data={ "area_code": "21", "country_code": "51", "number": "996221236" } 
json=None</msg>
<msg timestamp="20210327 22:48:37.035" level="INFO">${response} = &lt;Response [201]&gt;</msg>
<status status="PASS" starttime="20210327 22:48:36.782" endtime="20210327 22:48:37.035"></status>
</kw>
<kw name="Log" library="BuiltIn">
<doc>Logs the given message with the given level.</doc>
<arguments>
<arg>${response.json()}</arg>
</arguments>
<msg timestamp="20210327 22:48:37.038" level="INFO">{'id': '0412d4654a6a450a80da0e9607307ff0', 'area_code': '21', 'country_code': '51', 'number': '996221236', 'main': True, '_links': {'self': {'href': 'https://banking-accreditation-internal.staging.zoop.tech/marketplaces/f71a8951368a4cc085cf7875ff44e61c/banking/accreditation/holders/73267feb8d8c4b2b849623e88386d77c/phones/0412d4654a6a450a80da0e9607307ff0', 'type': 'GET'}, 'holder': {'href': 'https://banking-accreditation-internal.staging.zoop.tech/marketplaces/f71a8951368a4cc085cf7875ff44e61c/banking/accreditation/holders/73267feb8d8c4b2b849623e88386d77c', 'type': 'GET'}}}</msg>
<status status="PASS" starttime="20210327 22:48:37.036" endtime="20210327 22:48:37.039"></status>
</kw>
<kw name="Log" library="BuiltIn">
<doc>Logs the given message with the given level.</doc>
<arguments>
<arg>${response.headers['X-REQUEST-ID']}</arg>
</arguments>
<msg timestamp="20210327 22:48:37.040" level="INFO">4883e27673db373e</msg>
<status status="PASS" starttime="20210327 22:48:37.039" endtime="20210327 22:48:37.040"></status>
</kw>
<kw name="Set Global Variable" library="BuiltIn">
<doc>Makes a variable available globally in all tests and suites.</doc>
<arguments>
<arg>${response}</arg>
</arguments>
<msg timestamp="20210327 22:48:37.041" level="INFO">${response} = &lt;Response [201]&gt;</msg>
<status status="PASS" starttime="20210327 22:48:37.041" endtime="20210327 22:48:37.042"></status>
</kw>
<kw name="Set Variable If" library="BuiltIn">
<doc>Sets variable based on the given condition.</doc>
<arguments>
<arg>${response.status_code}==201</arg>
<arg>${response.json()["id"]}</arg>
</arguments>
<assign>
<var>${phone_external_key}</var>
</assign>
<msg timestamp="20210327 22:48:37.044" level="INFO">${phone_external_key} = 0412d4654a6a450a80da0e9607307ff0</msg>
<status status="PASS" starttime="20210327 22:48:37.042" endtime="20210327 22:48:37.044"></status>
</kw>
<kw name="Set Global Variable" library="BuiltIn">
<doc>Makes a variable available globally in all tests and suites.</doc>
<arguments>
<arg>${phone_external_key}</arg>
</arguments>
<msg timestamp="20210327 22:48:37.045" level="INFO">${phone_external_key} = 0412d4654a6a450a80da0e9607307ff0</msg>
<status status="PASS" starttime="20210327 22:48:37.044" endtime="20210327 22:48:37.045"></status>
</kw>
<status status="PASS" starttime="20210327 22:48:36.780" endtime="20210327 22:48:37.045"></status>
</kw>
<kw name="validar status code" library="status_code_validade">
<arguments>
<arg>status_code=201</arg>
<arg>message_error=Erro ao criar telefone do holder</arg>
</arguments>
<kw name="Run Keyword If" library="BuiltIn">
<doc>Runs the given keyword with the given arguments, if ``condition`` is true.</doc>
<arguments>
<arg>'${response.status_code}' == '500'</arg>
<arg>Fatal Error</arg>
<arg>msg=|| Fatal Error || EXECUÇÃO DA SUITE DE TESTE INTERROMPIDA :: status_code: ${response.status_code} || message: ${response.json()["message"]} || X-REQUEST-ID: ${response.headers['X-REQUEST-ID']}</arg>
<arg>ELSE IF</arg>
<arg>'${response.status_code}' != '${status_code}'</arg>
<arg>Fail</arg>
<arg>msg=${message_error} :: status_code: ${response.status_code} || message: ${response.json()["message"]} || X-REQUEST-ID: ${response.headers['X-REQUEST-ID']}</arg>
</arguments>
<status status="PASS" starttime="20210327 22:48:37.047" endtime="20210327 22:48:37.049"></status>
</kw>
<status status="PASS" starttime="20210327 22:48:37.047" endtime="20210327 22:48:37.049"></status>
</kw>
<kw name="criar holder address" library="accreditation_post_holder_address">
<arguments>
<arg>Rio de Janeiro</arg>
<arg>Rio de Janeiro</arg>
<arg>Brasil</arg>
<arg>Bairro de Testes</arg>
<arg>Rua de Testes</arg>
<arg>90</arg>
<arg>apto 200</arg>
<arg>21550987</arg>
</arguments>
<kw name="Create Dictionary" library="BuiltIn">
<doc>Creates and returns a dictionary based on the given ``items``.</doc>
<arguments>
<arg>Content-Type=application/json</arg>
</arguments>
<assign>
<var>${header}</var>
</assign>
<msg timestamp="20210327 22:48:37.050" level="INFO">${header} = {'Content-Type': 'application/json'}</msg>
<status status="PASS" starttime="20210327 22:48:37.050" endtime="20210327 22:48:37.050"></status>
</kw>
<kw name="Catenate" library="BuiltIn">
<doc>Catenates the given items together and returns the resulted string.</doc>
<arguments>
<arg>{</arg>
<arg>"city": "${city}",</arg>
<arg>"state": "${state}",</arg>
<arg>"country": "${country}",</arg>
<arg>"neighborhood": "${neighborhood}",</arg>
<arg>"street": "${street}",</arg>
<arg>"number": "${number}",</arg>
<arg>"complement": "${complement}",</arg>
<arg>"postal_code": "${postal_code}"</arg>
<arg>}</arg>
</arguments>
<assign>
<var>${body}</var>
</assign>
<msg timestamp="20210327 22:48:37.051" level="INFO">${body} = { "city": "Rio de Janeiro", "state": "Rio de Janeiro", "country": "Brasil", "neighborhood": "Bairro de Testes", "street": "Rua de Testes", "number": "90", "complement": "apto 200", "postal_code": "215...</msg>
<status status="PASS" starttime="20210327 22:48:37.050" endtime="20210327 22:48:37.051"></status>
</kw>
<kw name="Post Request" library="RequestsLibrary">
<doc>Send a POST request on the session object found using the
given `alias`</doc>
<arguments>
<arg>accreditation</arg>
<arg>/marketplaces/${marketplace_external_key}/banking/accreditation/holders/${holder_external_key}/addresses</arg>
<arg>data=${body}</arg>
<arg>headers=${header}</arg>
</arguments>
<assign>
<var>${response}</var>
</assign>
<msg timestamp="20210327 22:48:37.051" level="INFO">POST Request using : uri=/marketplaces/f71a8951368a4cc085cf7875ff44e61c/banking/accreditation/holders/73267feb8d8c4b2b849623e88386d77c/addresses, params=None, files=None, allow_redirects=True, timeout=None
headers={'User-Agent': 'python-requests/2.22.0', 'Accept-Encoding': 'gzip, deflate', 'Accept': '*/*', 'Connection': 'keep-alive', 'Content-Type': 'application/json'} 
data={ "city": "Rio de Janeiro", "state": "Rio de Janeiro", "country": "Brasil", "neighborhood": "Bairro de Testes", "street": "Rua de Testes", "number": "90", "complement": "apto 200", "postal_code": "21550987" } 
json=None</msg>
<msg timestamp="20210327 22:48:37.287" level="INFO">${response} = &lt;Response [201]&gt;</msg>
<status status="PASS" starttime="20210327 22:48:37.051" endtime="20210327 22:48:37.287"></status>
</kw>
<kw name="Log" library="BuiltIn">
<doc>Logs the given message with the given level.</doc>
<arguments>
<arg>${response.json()}</arg>
</arguments>
<msg timestamp="20210327 22:48:37.290" level="INFO">{'id': '761577004a9d4525b8ff934652943256', 'street': 'Rua de Testes', 'number': '90', 'city': 'Rio de Janeiro', 'complement': 'apto 200', 'state': 'Rio de Janeiro', 'neighborhood': 'Bairro de Testes', 'postal_code': '21550987', 'country': 'Brasil', 'main': True, '_links': {'self': {'href': 'https://banking-accreditation-internal.staging.zoop.tech/marketplaces/f71a8951368a4cc085cf7875ff44e61c/banking/accreditation/holders/73267feb8d8c4b2b849623e88386d77c/addresses/761577004a9d4525b8ff934652943256', 'type': 'GET'}, 'holder': {'href': 'https://banking-accreditation-internal.staging.zoop.tech/marketplaces/f71a8951368a4cc085cf7875ff44e61c/banking/accreditation/holders/73267feb8d8c4b2b849623e88386d77c', 'type': 'GET'}}}</msg>
<status status="PASS" starttime="20210327 22:48:37.288" endtime="20210327 22:48:37.290"></status>
</kw>
<kw name="Log" library="BuiltIn">
<doc>Logs the given message with the given level.</doc>
<arguments>
<arg>${response.headers['X-REQUEST-ID']}</arg>
</arguments>
<msg timestamp="20210327 22:48:37.293" level="INFO">f7445aeaa375f82c</msg>
<status status="PASS" starttime="20210327 22:48:37.291" endtime="20210327 22:48:37.293"></status>
</kw>
<kw name="Set Global Variable" library="BuiltIn">
<doc>Makes a variable available globally in all tests and suites.</doc>
<arguments>
<arg>${response}</arg>
</arguments>
<msg timestamp="20210327 22:48:37.295" level="INFO">${response} = &lt;Response [201]&gt;</msg>
<status status="PASS" starttime="20210327 22:48:37.294" endtime="20210327 22:48:37.295"></status>
</kw>
<kw name="Set Variable If" library="BuiltIn">
<doc>Sets variable based on the given condition.</doc>
<arguments>
<arg>${response.status_code}==201</arg>
<arg>${response.json()["id"]}</arg>
</arguments>
<assign>
<var>${address_external_key}</var>
</assign>
<msg timestamp="20210327 22:48:37.298" level="INFO">${address_external_key} = 761577004a9d4525b8ff934652943256</msg>
<status status="PASS" starttime="20210327 22:48:37.296" endtime="20210327 22:48:37.299"></status>
</kw>
<kw name="Set Global Variable" library="BuiltIn">
<doc>Makes a variable available globally in all tests and suites.</doc>
<arguments>
<arg>${address_external_key}</arg>
</arguments>
<msg timestamp="20210327 22:48:37.300" level="INFO">${address_external_key} = 761577004a9d4525b8ff934652943256</msg>
<status status="PASS" starttime="20210327 22:48:37.299" endtime="20210327 22:48:37.300"></status>
</kw>
<status status="PASS" starttime="20210327 22:48:37.049" endtime="20210327 22:48:37.301"></status>
</kw>
<kw name="validar status code" library="status_code_validade">
<arguments>
<arg>status_code=201</arg>
<arg>message_error=Erro ao criar endereço do holder</arg>
</arguments>
<kw name="Run Keyword If" library="BuiltIn">
<doc>Runs the given keyword with the given arguments, if ``condition`` is true.</doc>
<arguments>
<arg>'${response.status_code}' == '500'</arg>
<arg>Fatal Error</arg>
<arg>msg=|| Fatal Error || EXECUÇÃO DA SUITE DE TESTE INTERROMPIDA :: status_code: ${response.status_code} || message: ${response.json()["message"]} || X-REQUEST-ID: ${response.headers['X-REQUEST-ID']}</arg>
<arg>ELSE IF</arg>
<arg>'${response.status_code}' != '${status_code}'</arg>
<arg>Fail</arg>
<arg>msg=${message_error} :: status_code: ${response.status_code} || message: ${response.json()["message"]} || X-REQUEST-ID: ${response.headers['X-REQUEST-ID']}</arg>
</arguments>
<status status="PASS" starttime="20210327 22:48:37.302" endtime="20210327 22:48:37.304"></status>
</kw>
<status status="PASS" starttime="20210327 22:48:37.301" endtime="20210327 22:48:37.304"></status>
</kw>
<kw name="criar holder document" library="accreditation_post_holder_document">
<arguments>
<arg>document_type=SELFIE</arg>
</arguments>
<kw name="Set Test Variable" library="BuiltIn">
<doc>Makes a variable available everywhere within the scope of the current test.</doc>
<arguments>
<arg>${document_type}</arg>
</arguments>
<msg timestamp="20210327 22:48:37.305" level="INFO">${document_type} = SELFIE</msg>
<status status="PASS" starttime="20210327 22:48:37.305" endtime="20210327 22:48:37.305"></status>
</kw>
<kw name="Create Dictionary" library="BuiltIn">
<doc>Creates and returns a dictionary based on the given ``items``.</doc>
<arguments>
<arg>Content-Type=image/jpeg</arg>
</arguments>
<assign>
<var>${header}</var>
</assign>
<msg timestamp="20210327 22:48:37.305" level="INFO">${header} = {'Content-Type': 'image/jpeg'}</msg>
<status status="PASS" starttime="20210327 22:48:37.305" endtime="20210327 22:48:37.305"></status>
</kw>
<kw name="Get Binary File" library="OperatingSystem">
<doc>Returns the contents of a specified file.</doc>
<arguments>
<arg>C:\\Users\\vinicius.trindade\\banking_continuous_testing\\banking_continuous_testing\\apis\\accreditation\\documents\\holder_documents\\post.${/}..${/}..${/}..${/}..${/}..${/}images${/}accreditation${/}image.jpg</arg>
</arguments>
<assign>
<var>${data}</var>
</assign>
<msg timestamp="20210327 22:48:37.306" level="INFO" html="yes">Getting file '&lt;a href="file://C:\Users\vinicius.trindade\banking_continuous_testing\banking_continuous_testing\images\accreditation\image.jpg"&gt;C:\Users\vinicius.trindade\banking_continuous_testing\banking_continuous_testing\images\accreditation\image.jpg&lt;/a&gt;'.</msg>
<msg timestamp="20210327 22:48:37.307" level="INFO">${data} = \xff\xd8\xff\xe0JFIF\xf0\xf0\xff\xdbC


		
%# , #&amp;')*)-0-(0%()(\xff\xc0\xa0\xf0\xff\xc4	\xff\xc4=...</msg>
<status status="PASS" starttime="20210327 22:48:37.305" endtime="20210327 22:48:37.307"></status>
</kw>
<kw name="Post Request" library="RequestsLibrary">
<doc>Send a POST request on the session object found using the
given `alias`</doc>
<arguments>
<arg>accreditation</arg>
<arg>/marketplaces/${marketplace_external_key}/banking/accreditation/holders/${holder_external_key}/documents?type=${document_type}</arg>
<arg>data=${data}</arg>
<arg>headers=${header}</arg>
</arguments>
<assign>
<var>${response}</var>
</assign>
<msg timestamp="20210327 22:48:37.307" level="INFO">POST Request using : uri=/marketplaces/f71a8951368a4cc085cf7875ff44e61c/banking/accreditation/holders/73267feb8d8c4b2b849623e88386d77c/documents?type=SELFIE, params=None, files=None, allow_redirects=True, timeout=None
headers={'User-Agent': 'python-requests/2.22.0', 'Accept-Encoding': 'gzip, deflate', 'Accept': '*/*', 'Connection': 'keep-alive', 'Content-Type': 'image/jpeg'} 
data=&lt;image/jpeg&gt; 
json=None</msg>
<msg timestamp="20210327 22:48:37.600" level="INFO">${response} = &lt;Response [201]&gt;</msg>
<status status="PASS" starttime="20210327 22:48:37.307" endtime="20210327 22:48:37.600"></status>
</kw>
<kw name="Log" library="BuiltIn">
<doc>Logs the given message with the given level.</doc>
<arguments>
<arg>${response.json()}</arg>
</arguments>
<msg timestamp="20210327 22:48:37.602" level="INFO">{'id': '9d9db6fb9f6141e9b4cb42607c7aa5b9', 'document_type': 'selfie', 'media_type': 'image_jpeg', 'length': 3135, '_links': {'self': {'href': 'https://banking-accreditation-internal.staging.zoop.tech/marketplaces/f71a8951368a4cc085cf7875ff44e61c/banking/accreditation/holders/73267feb8d8c4b2b849623e88386d77c/documents/9d9db6fb9f6141e9b4cb42607c7aa5b9', 'type': 'GET'}, 'holder': {'href': 'https://banking-accreditation-internal.staging.zoop.tech/marketplaces/f71a8951368a4cc085cf7875ff44e61c/banking/accreditation/holders/73267feb8d8c4b2b849623e88386d77c', 'type': 'GET'}, 'download': {'href': 'https://banking-accreditation-internal.staging.zoop.tech/marketplaces/f71a8951368a4cc085cf7875ff44e61c/banking/accreditation/holders/73267feb8d8c4b2b849623e88386d77c/documents/9d9db6fb9f6141e9b4cb42607c7aa5b9/download', 'type': 'GET'}}}</msg>
<status status="PASS" starttime="20210327 22:48:37.600" endtime="20210327 22:48:37.602"></status>
</kw>
<kw name="Log" library="BuiltIn">
<doc>Logs the given message with the given level.</doc>
<arguments>
<arg>${response.headers['X-REQUEST-ID']}</arg>
</arguments>
<msg timestamp="20210327 22:48:37.603" level="INFO">0fc1a2650f3a07e9</msg>
<status status="PASS" starttime="20210327 22:48:37.603" endtime="20210327 22:48:37.603"></status>
</kw>
<kw name="Set Global Variable" library="BuiltIn">
<doc>Makes a variable available globally in all tests and suites.</doc>
<arguments>
<arg>${response}</arg>
</arguments>
<msg timestamp="20210327 22:48:37.604" level="INFO">${response} = &lt;Response [201]&gt;</msg>
<status status="PASS" starttime="20210327 22:48:37.604" endtime="20210327 22:48:37.604"></status>
</kw>
<kw name="Set Variable If" library="BuiltIn">
<doc>Sets variable based on the given condition.</doc>
<arguments>
<arg>${response.status_code}==201</arg>
<arg>${response.json()["id"]}</arg>
</arguments>
<assign>
<var>${document_external_key}</var>
</assign>
<msg timestamp="20210327 22:48:37.606" level="INFO">${document_external_key} = 9d9db6fb9f6141e9b4cb42607c7aa5b9</msg>
<status status="PASS" starttime="20210327 22:48:37.605" endtime="20210327 22:48:37.606"></status>
</kw>
<kw name="Set Global Variable" library="BuiltIn">
<doc>Makes a variable available globally in all tests and suites.</doc>
<arguments>
<arg>${document_external_key}</arg>
</arguments>
<msg timestamp="20210327 22:48:37.606" level="INFO">${document_external_key} = 9d9db6fb9f6141e9b4cb42607c7aa5b9</msg>
<status status="PASS" starttime="20210327 22:48:37.606" endtime="20210327 22:48:37.606"></status>
</kw>
<status status="PASS" starttime="20210327 22:48:37.304" endtime="20210327 22:48:37.607"></status>
</kw>
<kw name="validar status code" library="status_code_validade">
<arguments>
<arg>status_code=201</arg>
<arg>message_error=Erro ao criar ${document_type} do holder</arg>
</arguments>
<kw name="Run Keyword If" library="BuiltIn">
<doc>Runs the given keyword with the given arguments, if ``condition`` is true.</doc>
<arguments>
<arg>'${response.status_code}' == '500'</arg>
<arg>Fatal Error</arg>
<arg>msg=|| Fatal Error || EXECUÇÃO DA SUITE DE TESTE INTERROMPIDA :: status_code: ${response.status_code} || message: ${response.json()["message"]} || X-REQUEST-ID: ${response.headers['X-REQUEST-ID']}</arg>
<arg>ELSE IF</arg>
<arg>'${response.status_code}' != '${status_code}'</arg>
<arg>Fail</arg>
<arg>msg=${message_error} :: status_code: ${response.status_code} || message: ${response.json()["message"]} || X-REQUEST-ID: ${response.headers['X-REQUEST-ID']}</arg>
</arguments>
<status status="PASS" starttime="20210327 22:48:37.607" endtime="20210327 22:48:37.607"></status>
</kw>
<status status="PASS" starttime="20210327 22:48:37.607" endtime="20210327 22:48:37.608"></status>
</kw>
<kw name="criar holder document" library="accreditation_post_holder_document">
<arguments>
<arg>document_type=RG_FRENTE</arg>
</arguments>
<kw name="Set Test Variable" library="BuiltIn">
<doc>Makes a variable available everywhere within the scope of the current test.</doc>
<arguments>
<arg>${document_type}</arg>
</arguments>
<msg timestamp="20210327 22:48:37.608" level="INFO">${document_type} = RG_FRENTE</msg>
<status status="PASS" starttime="20210327 22:48:37.608" endtime="20210327 22:48:37.608"></status>
</kw>
<kw name="Create Dictionary" library="BuiltIn">
<doc>Creates and returns a dictionary based on the given ``items``.</doc>
<arguments>
<arg>Content-Type=image/jpeg</arg>
</arguments>
<assign>
<var>${header}</var>
</assign>
<msg timestamp="20210327 22:48:37.609" level="INFO">${header} = {'Content-Type': 'image/jpeg'}</msg>
<status status="PASS" starttime="20210327 22:48:37.608" endtime="20210327 22:48:37.609"></status>
</kw>
<kw name="Get Binary File" library="OperatingSystem">
<doc>Returns the contents of a specified file.</doc>
<arguments>
<arg>C:\\Users\\vinicius.trindade\\banking_continuous_testing\\banking_continuous_testing\\apis\\accreditation\\documents\\holder_documents\\post.${/}..${/}..${/}..${/}..${/}..${/}images${/}accreditation${/}image.jpg</arg>
</arguments>
<assign>
<var>${data}</var>
</assign>
<msg timestamp="20210327 22:48:37.609" level="INFO" html="yes">Getting file '&lt;a href="file://C:\Users\vinicius.trindade\banking_continuous_testing\banking_continuous_testing\images\accreditation\image.jpg"&gt;C:\Users\vinicius.trindade\banking_continuous_testing\banking_continuous_testing\images\accreditation\image.jpg&lt;/a&gt;'.</msg>
<msg timestamp="20210327 22:48:37.610" level="INFO">${data} = \xff\xd8\xff\xe0JFIF\xf0\xf0\xff\xdbC


		
%# , #&amp;')*)-0-(0%()(\xff\xc0\xa0\xf0\xff\xc4	\xff\xc4=...</msg>
<status status="PASS" starttime="20210327 22:48:37.609" endtime="20210327 22:48:37.610"></status>
</kw>
<kw name="Post Request" library="RequestsLibrary">
<doc>Send a POST request on the session object found using the
given `alias`</doc>
<arguments>
<arg>accreditation</arg>
<arg>/marketplaces/${marketplace_external_key}/banking/accreditation/holders/${holder_external_key}/documents?type=${document_type}</arg>
<arg>data=${data}</arg>
<arg>headers=${header}</arg>
</arguments>
<assign>
<var>${response}</var>
</assign>
<msg timestamp="20210327 22:48:37.611" level="INFO">POST Request using : uri=/marketplaces/f71a8951368a4cc085cf7875ff44e61c/banking/accreditation/holders/73267feb8d8c4b2b849623e88386d77c/documents?type=RG_FRENTE, params=None, files=None, allow_redirects=True, timeout=None
headers={'User-Agent': 'python-requests/2.22.0', 'Accept-Encoding': 'gzip, deflate', 'Accept': '*/*', 'Connection': 'keep-alive', 'Content-Type': 'image/jpeg'} 
data=&lt;image/jpeg&gt; 
json=None</msg>
<msg timestamp="20210327 22:48:37.919" level="INFO">${response} = &lt;Response [201]&gt;</msg>
<status status="PASS" starttime="20210327 22:48:37.610" endtime="20210327 22:48:37.919"></status>
</kw>
<kw name="Log" library="BuiltIn">
<doc>Logs the given message with the given level.</doc>
<arguments>
<arg>${response.json()}</arg>
</arguments>
<msg timestamp="20210327 22:48:37.921" level="INFO">{'id': '3672c838cb824022bd2e58fa51e6f53f', 'document_type': 'rg_frente', 'media_type': 'image_jpeg', 'length': 3135, '_links': {'self': {'href': 'https://banking-accreditation-internal.staging.zoop.tech/marketplaces/f71a8951368a4cc085cf7875ff44e61c/banking/accreditation/holders/73267feb8d8c4b2b849623e88386d77c/documents/3672c838cb824022bd2e58fa51e6f53f', 'type': 'GET'}, 'holder': {'href': 'https://banking-accreditation-internal.staging.zoop.tech/marketplaces/f71a8951368a4cc085cf7875ff44e61c/banking/accreditation/holders/73267feb8d8c4b2b849623e88386d77c', 'type': 'GET'}, 'download': {'href': 'https://banking-accreditation-internal.staging.zoop.tech/marketplaces/f71a8951368a4cc085cf7875ff44e61c/banking/accreditation/holders/73267feb8d8c4b2b849623e88386d77c/documents/3672c838cb824022bd2e58fa51e6f53f/download', 'type': 'GET'}}}</msg>
<status status="PASS" starttime="20210327 22:48:37.920" endtime="20210327 22:48:37.922"></status>
</kw>
<kw name="Log" library="BuiltIn">
<doc>Logs the given message with the given level.</doc>
<arguments>
<arg>${response.headers['X-REQUEST-ID']}</arg>
</arguments>
<msg timestamp="20210327 22:48:37.924" level="INFO">64d8ab65bfe396df</msg>
<status status="PASS" starttime="20210327 22:48:37.923" endtime="20210327 22:48:37.924"></status>
</kw>
<kw name="Set Global Variable" library="BuiltIn">
<doc>Makes a variable available globally in all tests and suites.</doc>
<arguments>
<arg>${response}</arg>
</arguments>
<msg timestamp="20210327 22:48:37.927" level="INFO">${response} = &lt;Response [201]&gt;</msg>
<status status="PASS" starttime="20210327 22:48:37.925" endtime="20210327 22:48:37.927"></status>
</kw>
<kw name="Set Variable If" library="BuiltIn">
<doc>Sets variable based on the given condition.</doc>
<arguments>
<arg>${response.status_code}==201</arg>
<arg>${response.json()["id"]}</arg>
</arguments>
<assign>
<var>${document_external_key}</var>
</assign>
<msg timestamp="20210327 22:48:37.929" level="INFO">${document_external_key} = 3672c838cb824022bd2e58fa51e6f53f</msg>
<status status="PASS" starttime="20210327 22:48:37.928" endtime="20210327 22:48:37.929"></status>
</kw>
<kw name="Set Global Variable" library="BuiltIn">
<doc>Makes a variable available globally in all tests and suites.</doc>
<arguments>
<arg>${document_external_key}</arg>
</arguments>
<msg timestamp="20210327 22:48:37.932" level="INFO">${document_external_key} = 3672c838cb824022bd2e58fa51e6f53f</msg>
<status status="PASS" starttime="20210327 22:48:37.930" endtime="20210327 22:48:37.932"></status>
</kw>
<status status="PASS" starttime="20210327 22:48:37.608" endtime="20210327 22:48:37.932"></status>
</kw>
<kw name="validar status code" library="status_code_validade">
<arguments>
<arg>status_code=201</arg>
<arg>message_error=Erro ao criar ${document_type} do holder</arg>
</arguments>
<kw name="Run Keyword If" library="BuiltIn">
<doc>Runs the given keyword with the given arguments, if ``condition`` is true.</doc>
<arguments>
<arg>'${response.status_code}' == '500'</arg>
<arg>Fatal Error</arg>
<arg>msg=|| Fatal Error || EXECUÇÃO DA SUITE DE TESTE INTERROMPIDA :: status_code: ${response.status_code} || message: ${response.json()["message"]} || X-REQUEST-ID: ${response.headers['X-REQUEST-ID']}</arg>
<arg>ELSE IF</arg>
<arg>'${response.status_code}' != '${status_code}'</arg>
<arg>Fail</arg>
<arg>msg=${message_error} :: status_code: ${response.status_code} || message: ${response.json()["message"]} || X-REQUEST-ID: ${response.headers['X-REQUEST-ID']}</arg>
</arguments>
<status status="PASS" starttime="20210327 22:48:37.934" endtime="20210327 22:48:37.935"></status>
</kw>
<status status="PASS" starttime="20210327 22:48:37.933" endtime="20210327 22:48:37.935"></status>
</kw>
<kw name="criar holder document" library="accreditation_post_holder_document">
<arguments>
<arg>document_type=RG_VERSO</arg>
</arguments>
<kw name="Set Test Variable" library="BuiltIn">
<doc>Makes a variable available everywhere within the scope of the current test.</doc>
<arguments>
<arg>${document_type}</arg>
</arguments>
<msg timestamp="20210327 22:48:37.938" level="INFO">${document_type} = RG_VERSO</msg>
<status status="PASS" starttime="20210327 22:48:37.937" endtime="20210327 22:48:37.938"></status>
</kw>
<kw name="Create Dictionary" library="BuiltIn">
<doc>Creates and returns a dictionary based on the given ``items``.</doc>
<arguments>
<arg>Content-Type=image/jpeg</arg>
</arguments>
<assign>
<var>${header}</var>
</assign>
<msg timestamp="20210327 22:48:37.939" level="INFO">${header} = {'Content-Type': 'image/jpeg'}</msg>
<status status="PASS" starttime="20210327 22:48:37.938" endtime="20210327 22:48:37.939"></status>
</kw>
<kw name="Get Binary File" library="OperatingSystem">
<doc>Returns the contents of a specified file.</doc>
<arguments>
<arg>C:\\Users\\vinicius.trindade\\banking_continuous_testing\\banking_continuous_testing\\apis\\accreditation\\documents\\holder_documents\\post.${/}..${/}..${/}..${/}..${/}..${/}images${/}accreditation${/}image.jpg</arg>
</arguments>
<assign>
<var>${data}</var>
</assign>
<msg timestamp="20210327 22:48:37.941" level="INFO" html="yes">Getting file '&lt;a href="file://C:\Users\vinicius.trindade\banking_continuous_testing\banking_continuous_testing\images\accreditation\image.jpg"&gt;C:\Users\vinicius.trindade\banking_continuous_testing\banking_continuous_testing\images\accreditation\image.jpg&lt;/a&gt;'.</msg>
<msg timestamp="20210327 22:48:37.942" level="INFO">${data} = \xff\xd8\xff\xe0JFIF\xf0\xf0\xff\xdbC


		
%# , #&amp;')*)-0-(0%()(\xff\xc0\xa0\xf0\xff\xc4	\xff\xc4=...</msg>
<status status="PASS" starttime="20210327 22:48:37.940" endtime="20210327 22:48:37.942"></status>
</kw>
<kw name="Post Request" library="RequestsLibrary">
<doc>Send a POST request on the session object found using the
given `alias`</doc>
<arguments>
<arg>accreditation</arg>
<arg>/marketplaces/${marketplace_external_key}/banking/accreditation/holders/${holder_external_key}/documents?type=${document_type}</arg>
<arg>data=${data}</arg>
<arg>headers=${header}</arg>
</arguments>
<assign>
<var>${response}</var>
</assign>
<msg timestamp="20210327 22:48:37.943" level="INFO">POST Request using : uri=/marketplaces/f71a8951368a4cc085cf7875ff44e61c/banking/accreditation/holders/73267feb8d8c4b2b849623e88386d77c/documents?type=RG_VERSO, params=None, files=None, allow_redirects=True, timeout=None
headers={'User-Agent': 'python-requests/2.22.0', 'Accept-Encoding': 'gzip, deflate', 'Accept': '*/*', 'Connection': 'keep-alive', 'Content-Type': 'image/jpeg'} 
data=&lt;image/jpeg&gt; 
json=None</msg>
<msg timestamp="20210327 22:48:38.230" level="INFO">${response} = &lt;Response [201]&gt;</msg>
<status status="PASS" starttime="20210327 22:48:37.943" endtime="20210327 22:48:38.230"></status>
</kw>
<kw name="Log" library="BuiltIn">
<doc>Logs the given message with the given level.</doc>
<arguments>
<arg>${response.json()}</arg>
</arguments>
<msg timestamp="20210327 22:48:38.231" level="INFO">{'id': '19f667cdb79b4b768b01de4660a6b47b', 'document_type': 'rg_verso', 'media_type': 'image_jpeg', 'length': 3135, '_links': {'self': {'href': 'https://banking-accreditation-internal.staging.zoop.tech/marketplaces/f71a8951368a4cc085cf7875ff44e61c/banking/accreditation/holders/73267feb8d8c4b2b849623e88386d77c/documents/19f667cdb79b4b768b01de4660a6b47b', 'type': 'GET'}, 'holder': {'href': 'https://banking-accreditation-internal.staging.zoop.tech/marketplaces/f71a8951368a4cc085cf7875ff44e61c/banking/accreditation/holders/73267feb8d8c4b2b849623e88386d77c', 'type': 'GET'}, 'download': {'href': 'https://banking-accreditation-internal.staging.zoop.tech/marketplaces/f71a8951368a4cc085cf7875ff44e61c/banking/accreditation/holders/73267feb8d8c4b2b849623e88386d77c/documents/19f667cdb79b4b768b01de4660a6b47b/download', 'type': 'GET'}}}</msg>
<status status="PASS" starttime="20210327 22:48:38.230" endtime="20210327 22:48:38.231"></status>
</kw>
<kw name="Log" library="BuiltIn">
<doc>Logs the given message with the given level.</doc>
<arguments>
<arg>${response.headers['X-REQUEST-ID']}</arg>
</arguments>
<msg timestamp="20210327 22:48:38.231" level="INFO">2ed334d9ebfc48ec</msg>
<status status="PASS" starttime="20210327 22:48:38.231" endtime="20210327 22:48:38.231"></status>
</kw>
<kw name="Set Global Variable" library="BuiltIn">
<doc>Makes a variable available globally in all tests and suites.</doc>
<arguments>
<arg>${response}</arg>
</arguments>
<msg timestamp="20210327 22:48:38.232" level="INFO">${response} = &lt;Response [201]&gt;</msg>
<status status="PASS" starttime="20210327 22:48:38.231" endtime="20210327 22:48:38.232"></status>
</kw>
<kw name="Set Variable If" library="BuiltIn">
<doc>Sets variable based on the given condition.</doc>
<arguments>
<arg>${response.status_code}==201</arg>
<arg>${response.json()["id"]}</arg>
</arguments>
<assign>
<var>${document_external_key}</var>
</assign>
<msg timestamp="20210327 22:48:38.232" level="INFO">${document_external_key} = 19f667cdb79b4b768b01de4660a6b47b</msg>
<status status="PASS" starttime="20210327 22:48:38.232" endtime="20210327 22:48:38.232"></status>
</kw>
<kw name="Set Global Variable" library="BuiltIn">
<doc>Makes a variable available globally in all tests and suites.</doc>
<arguments>
<arg>${document_external_key}</arg>
</arguments>
<msg timestamp="20210327 22:48:38.233" level="INFO">${document_external_key} = 19f667cdb79b4b768b01de4660a6b47b</msg>
<status status="PASS" starttime="20210327 22:48:38.233" endtime="20210327 22:48:38.233"></status>
</kw>
<status status="PASS" starttime="20210327 22:48:37.936" endtime="20210327 22:48:38.233"></status>
</kw>
<kw name="validar status code" library="status_code_validade">
<arguments>
<arg>status_code=201</arg>
<arg>message_error=Erro ao criar ${document_type} do holder</arg>
</arguments>
<kw name="Run Keyword If" library="BuiltIn">
<doc>Runs the given keyword with the given arguments, if ``condition`` is true.</doc>
<arguments>
<arg>'${response.status_code}' == '500'</arg>
<arg>Fatal Error</arg>
<arg>msg=|| Fatal Error || EXECUÇÃO DA SUITE DE TESTE INTERROMPIDA :: status_code: ${response.status_code} || message: ${response.json()["message"]} || X-REQUEST-ID: ${response.headers['X-REQUEST-ID']}</arg>
<arg>ELSE IF</arg>
<arg>'${response.status_code}' != '${status_code}'</arg>
<arg>Fail</arg>
<arg>msg=${message_error} :: status_code: ${response.status_code} || message: ${response.json()["message"]} || X-REQUEST-ID: ${response.headers['X-REQUEST-ID']}</arg>
</arguments>
<status status="PASS" starttime="20210327 22:48:38.234" endtime="20210327 22:48:38.235"></status>
</kw>
<status status="PASS" starttime="20210327 22:48:38.233" endtime="20210327 22:48:38.235"></status>
</kw>
<kw name="solicitar aprovação do holder" library="accreditation_request_approval">
<kw name="Create Dictionary" library="BuiltIn">
<doc>Creates and returns a dictionary based on the given ``items``.</doc>
<arguments>
<arg>Content-Type=application/json</arg>
</arguments>
<assign>
<var>${header}</var>
</assign>
<msg timestamp="20210327 22:48:38.235" level="INFO">${header} = {'Content-Type': 'application/json'}</msg>
<status status="PASS" starttime="20210327 22:48:38.235" endtime="20210327 22:48:38.235"></status>
</kw>
<kw name="Post Request" library="RequestsLibrary">
<doc>Send a POST request on the session object found using the
given `alias`</doc>
<arguments>
<arg>accreditation</arg>
<arg>/marketplaces/${marketplace_external_key}/banking/accreditation/holders/${holder_external_key}/approval</arg>
<arg>headers=${header}</arg>
</arguments>
<assign>
<var>${response}</var>
</assign>
<msg timestamp="20210327 22:48:38.236" level="INFO">POST Request using : uri=/marketplaces/f71a8951368a4cc085cf7875ff44e61c/banking/accreditation/holders/73267feb8d8c4b2b849623e88386d77c/approval, params=None, files=None, allow_redirects=True, timeout=None
headers={'User-Agent': 'python-requests/2.22.0', 'Accept-Encoding': 'gzip, deflate', 'Accept': '*/*', 'Connection': 'keep-alive', 'Content-Type': 'application/json'} 
data=None 
json=None</msg>
<msg timestamp="20210327 22:48:38.611" level="INFO">${response} = &lt;Response [200]&gt;</msg>
<status status="PASS" starttime="20210327 22:48:38.236" endtime="20210327 22:48:38.611"></status>
</kw>
<kw name="Log" library="BuiltIn">
<doc>Logs the given message with the given level.</doc>
<arguments>
<arg>${response.json()}</arg>
</arguments>
<msg timestamp="20210327 22:48:38.611" level="INFO">{'message': 'Approval request accepted successfully. Processing analysis'}</msg>
<status status="PASS" starttime="20210327 22:48:38.611" endtime="20210327 22:48:38.611"></status>
</kw>
<kw name="Log" library="BuiltIn">
<doc>Logs the given message with the given level.</doc>
<arguments>
<arg>${response.headers['X-REQUEST-ID']}</arg>
</arguments>
<msg timestamp="20210327 22:48:38.611" level="INFO">984c82e59b3c0f17</msg>
<status status="PASS" starttime="20210327 22:48:38.611" endtime="20210327 22:48:38.611"></status>
</kw>
<kw name="Set Global Variable" library="BuiltIn">
<doc>Makes a variable available globally in all tests and suites.</doc>
<arguments>
<arg>${response}</arg>
</arguments>
<msg timestamp="20210327 22:48:38.612" level="INFO">${response} = &lt;Response [200]&gt;</msg>
<status status="PASS" starttime="20210327 22:48:38.612" endtime="20210327 22:48:38.612"></status>
</kw>
<status status="PASS" starttime="20210327 22:48:38.235" endtime="20210327 22:48:38.612"></status>
</kw>
<kw name="validar status code" library="status_code_validade">
<arguments>
<arg>status_code=200</arg>
<arg>message_error=Erro ao solicitar aprovação do holder</arg>
</arguments>
<kw name="Run Keyword If" library="BuiltIn">
<doc>Runs the given keyword with the given arguments, if ``condition`` is true.</doc>
<arguments>
<arg>'${response.status_code}' == '500'</arg>
<arg>Fatal Error</arg>
<arg>msg=|| Fatal Error || EXECUÇÃO DA SUITE DE TESTE INTERROMPIDA :: status_code: ${response.status_code} || message: ${response.json()["message"]} || X-REQUEST-ID: ${response.headers['X-REQUEST-ID']}</arg>
<arg>ELSE IF</arg>
<arg>'${response.status_code}' != '${status_code}'</arg>
<arg>Fail</arg>
<arg>msg=${message_error} :: status_code: ${response.status_code} || message: ${response.json()["message"]} || X-REQUEST-ID: ${response.headers['X-REQUEST-ID']}</arg>
</arguments>
<status status="PASS" starttime="20210327 22:48:38.612" endtime="20210327 22:48:38.613"></status>
</kw>
<status status="PASS" starttime="20210327 22:48:38.612" endtime="20210327 22:48:38.613"></status>
</kw>
<kw name="recebendo notificação de aprovação" library="accreditation_risk_notification">
<kw name="Uuid 4" library="FakerLibrary">
<doc>Generates a random UUID4 string.
:param cast_to: Specify what type the UUID should be cast to. Default is `str`
:type cast_to: callable</doc>
<assign>
<var>${assessment_id}</var>
</assign>
<msg timestamp="20210327 22:48:38.613" level="INFO">${assessment_id} = d64ea8d1-fa51-4d4e-9fed-4f7f4964b216</msg>
<status status="PASS" starttime="20210327 22:48:38.613" endtime="20210327 22:48:38.614"></status>
</kw>
<kw name="Get Time" library="BuiltIn">
<doc>Returns the given time in the requested format.</doc>
<arguments>
<arg>year</arg>
</arguments>
<assign>
<var>${year}</var>
</assign>
<msg timestamp="20210327 22:48:38.614" level="INFO">${year} = 2021</msg>
<status status="PASS" starttime="20210327 22:48:38.614" endtime="20210327 22:48:38.614"></status>
</kw>
<kw name="Get Time" library="BuiltIn">
<doc>Returns the given time in the requested format.</doc>
<arguments>
<arg>month</arg>
</arguments>
<assign>
<var>${month}</var>
</assign>
<msg timestamp="20210327 22:48:38.614" level="INFO">${month} = 03</msg>
<status status="PASS" starttime="20210327 22:48:38.614" endtime="20210327 22:48:38.614"></status>
</kw>
<kw name="Get Time" library="BuiltIn">
<doc>Returns the given time in the requested format.</doc>
<arguments>
<arg>day</arg>
</arguments>
<assign>
<var>${day}</var>
</assign>
<msg timestamp="20210327 22:48:38.615" level="INFO">${day} = 27</msg>
<status status="PASS" starttime="20210327 22:48:38.614" endtime="20210327 22:48:38.615"></status>
</kw>
<kw name="Create Dictionary" library="BuiltIn">
<doc>Creates and returns a dictionary based on the given ``items``.</doc>
<arguments>
<arg>Content-Type=application/json</arg>
</arguments>
<assign>
<var>${header}</var>
</assign>
<msg timestamp="20210327 22:48:38.615" level="INFO">${header} = {'Content-Type': 'application/json'}</msg>
<status status="PASS" starttime="20210327 22:48:38.615" endtime="20210327 22:48:38.615"></status>
</kw>
<kw name="Catenate" library="BuiltIn">
<doc>Catenates the given items together and returns the resulted string.</doc>
<arguments>
<arg>{</arg>
<arg>"type": "risk.assessment.result",</arg>
<arg>"resource": "business.holder",</arg>
<arg>"created_at": "${year}-${month}-${day} 15:28:56.747Z",</arg>
<arg>"marketplace_id": "${marketplace_external_key}",</arg>
<arg>"object": {</arg>
<arg>"result": "APPROVED",</arg>
<arg>"holder_id": "${holder_external_key}",</arg>
<arg>"applicant_id": "${application_external_key}",</arg>
<arg>"assessment_id": "${assessment_id}"</arg>
<arg>}</arg>
<arg>}</arg>
</arguments>
<assign>
<var>${body}</var>
</assign>
<msg timestamp="20210327 22:48:38.616" level="INFO">${body} = { "type": "risk.assessment.result", "resource": "business.holder", "created_at": "2021-03-27 15:28:56.747Z", "marketplace_id": "f71a8951368a4cc085cf7875ff44e61c", "object": { "result": "APPROVED", "ho...</msg>
<status status="PASS" starttime="20210327 22:48:38.615" endtime="20210327 22:48:38.616"></status>
</kw>
<kw name="Post Request" library="RequestsLibrary">
<doc>Send a POST request on the session object found using the
given `alias`</doc>
<arguments>
<arg>accreditation</arg>
<arg>/admin/internal_operation/marketplaces/${marketplace_external_key}/banking/accreditation/holders/${holder_external_key}/registration/approval</arg>
<arg>data=${body}</arg>
<arg>headers=${header}</arg>
</arguments>
<assign>
<var>${response}</var>
</assign>
<msg timestamp="20210327 22:48:38.617" level="INFO">POST Request using : uri=/admin/internal_operation/marketplaces/f71a8951368a4cc085cf7875ff44e61c/banking/accreditation/holders/73267feb8d8c4b2b849623e88386d77c/registration/approval, params=None, files=None, allow_redirects=True, timeout=None
headers={'User-Agent': 'python-requests/2.22.0', 'Accept-Encoding': 'gzip, deflate', 'Accept': '*/*', 'Connection': 'keep-alive', 'Content-Type': 'application/json'} 
data={ "type": "risk.assessment.result", "resource": "business.holder", "created_at": "2021-03-27 15:28:56.747Z", "marketplace_id": "f71a8951368a4cc085cf7875ff44e61c", "object": { "result": "APPROVED", "holder_id": "73267feb8d8c4b2b849623e88386d77c", "applicant_id": "bcc25a6751c14b52af1340d40dba78c5", "assessment_id": "d64ea8d1-fa51-4d4e-9fed-4f7f4964b216" } } 
json=None</msg>
<msg timestamp="20210327 22:48:38.841" level="INFO">${response} = &lt;Response [200]&gt;</msg>
<status status="PASS" starttime="20210327 22:48:38.616" endtime="20210327 22:48:38.841"></status>
</kw>
<kw name="Log" library="BuiltIn">
<doc>Logs the given message with the given level.</doc>
<arguments>
<arg>${response.json()}</arg>
</arguments>
<msg timestamp="20210327 22:48:38.843" level="INFO">{'message': 'Holder approved successfully'}</msg>
<status status="PASS" starttime="20210327 22:48:38.842" endtime="20210327 22:48:38.844"></status>
</kw>
<kw name="Log" library="BuiltIn">
<doc>Logs the given message with the given level.</doc>
<arguments>
<arg>${response.headers['X-REQUEST-ID']}</arg>
</arguments>
<msg timestamp="20210327 22:48:38.845" level="INFO">7cc40d04de94c24e</msg>
<status status="PASS" starttime="20210327 22:48:38.844" endtime="20210327 22:48:38.846"></status>
</kw>
<kw name="Set Global Variable" library="BuiltIn">
<doc>Makes a variable available globally in all tests and suites.</doc>
<arguments>
<arg>${response}</arg>
</arguments>
<msg timestamp="20210327 22:48:38.848" level="INFO">${response} = &lt;Response [200]&gt;</msg>
<status status="PASS" starttime="20210327 22:48:38.847" endtime="20210327 22:48:38.848"></status>
</kw>
<kw name="Should Be Equal As Strings" library="BuiltIn">
<doc>Fails if objects are unequal after converting them to strings.</doc>
<arguments>
<arg>${response.status_code}</arg>
<arg>200</arg>
</arguments>
<msg timestamp="20210327 22:48:38.850" level="INFO">Argument types are:
&lt;class 'int'&gt;
&lt;type 'unicode'&gt;</msg>
<status status="PASS" starttime="20210327 22:48:38.849" endtime="20210327 22:48:38.850"></status>
</kw>
<status status="PASS" starttime="20210327 22:48:38.613" endtime="20210327 22:48:38.850"></status>
</kw>
<kw name="validar status code" library="status_code_validade">
<arguments>
<arg>status_code=200</arg>
<arg>message_error=Erro ao receber notificação de aprovação</arg>
</arguments>
<kw name="Run Keyword If" library="BuiltIn">
<doc>Runs the given keyword with the given arguments, if ``condition`` is true.</doc>
<arguments>
<arg>'${response.status_code}' == '500'</arg>
<arg>Fatal Error</arg>
<arg>msg=|| Fatal Error || EXECUÇÃO DA SUITE DE TESTE INTERROMPIDA :: status_code: ${response.status_code} || message: ${response.json()["message"]} || X-REQUEST-ID: ${response.headers['X-REQUEST-ID']}</arg>
<arg>ELSE IF</arg>
<arg>'${response.status_code}' != '${status_code}'</arg>
<arg>Fail</arg>
<arg>msg=${message_error} :: status_code: ${response.status_code} || message: ${response.json()["message"]} || X-REQUEST-ID: ${response.headers['X-REQUEST-ID']}</arg>
</arguments>
<status status="PASS" starttime="20210327 22:48:38.852" endtime="20210327 22:48:38.852"></status>
</kw>
<status status="PASS" starttime="20210327 22:48:38.851" endtime="20210327 22:48:38.852"></status>
</kw>
<kw name="buscar account por holder" library="accounts_get_accounts_by_holder">
<kw name="conectar accounts" library="create_session_staging_internal">
<kw name="Create Session" library="RequestsLibrary">
<doc>Create Session: create a HTTP session to a server</doc>
<arguments>
<arg>alias=accounts</arg>
<arg>url=${account_url_base}</arg>
<arg>disable_warnings=true</arg>
</arguments>
<msg timestamp="20210327 22:48:38.853" level="INFO">Creating Session using : alias=accounts, url=https://banking-accounts-internal.staging.zoop.tech, headers={},                     cookies={}, auth=None, timeout=None, proxies=None, verify=False,                     debug=0 </msg>
<status status="PASS" starttime="20210327 22:48:38.853" endtime="20210327 22:48:38.853"></status>
</kw>
<status status="PASS" starttime="20210327 22:48:38.852" endtime="20210327 22:48:38.853"></status>
</kw>
<kw name="Get Request" library="RequestsLibrary">
<doc>Send a GET request on the session object found using the
given `alias`</doc>
<arguments>
<arg>accounts</arg>
<arg>/marketplaces/${marketplace_external_key}/holders/${holder_external_key}/accounts</arg>
</arguments>
<assign>
<var>${response}</var>
</assign>
<msg timestamp="20210327 22:48:38.854" level="INFO">GET Request using : uri=/marketplaces/f71a8951368a4cc085cf7875ff44e61c/holders/73267feb8d8c4b2b849623e88386d77c/accounts, params=None, allow_redirects=True, timeout=None
headers={'User-Agent': 'python-requests/2.22.0', 'Accept-Encoding': 'gzip, deflate', 'Accept': '*/*', 'Connection': 'keep-alive'} 
data=None 
json=None</msg>
<msg timestamp="20210327 22:48:39.503" level="INFO">${response} = &lt;Response [200]&gt;</msg>
<status status="PASS" starttime="20210327 22:48:38.854" endtime="20210327 22:48:39.503"></status>
</kw>
<kw name="Log" library="BuiltIn">
<doc>Logs the given message with the given level.</doc>
<arguments>
<arg>${response.json()}</arg>
</arguments>
<msg timestamp="20210327 22:48:39.506" level="INFO">{'items': [{'id': '795ab720e8ff45ff926a499b0ef4c811', 'holder': '73267feb8d8c4b2b849623e88386d77c', 'balance': '0.00', 'currency': 'BRL', 'routing_number': '001', 'number': '3668627314', 'status': 'active', 'metadata': {}, 'created_at': '2021-03-28T01:48:39.946912', 'updated_at': '2021-03-28T01:48:39.946912', 'primary': True, 'marketplace_id': 'f71a8951368a4cc085cf7875ff44e61c', 'uri': '/v2/marketplaces/f71a8951368a4cc085cf7875ff44e61c/accounts/795ab720e8ff45ff926a499b0ef4c811', 'resource': 'payment_account'}], 'has_more': False, 'limit': 100, 'total_pages': 1, 'page': 1, 'offset': 0, 'total': '1', 'query_count': '1'}</msg>
<status status="PASS" starttime="20210327 22:48:39.504" endtime="20210327 22:48:39.506"></status>
</kw>
<kw name="Set Global Variable" library="BuiltIn">
<doc>Makes a variable available globally in all tests and suites.</doc>
<arguments>
<arg>${response}</arg>
</arguments>
<msg timestamp="20210327 22:48:39.508" level="INFO">${response} = &lt;Response [200]&gt;</msg>
<status status="PASS" starttime="20210327 22:48:39.507" endtime="20210327 22:48:39.509"></status>
</kw>
<kw name="Set Variable If" library="BuiltIn">
<doc>Sets variable based on the given condition.</doc>
<arguments>
<arg>${response.status_code}==200</arg>
<arg>${response.json()["items"][0]["id"]}</arg>
</arguments>
<assign>
<var>${account_external_key}</var>
</assign>
<msg timestamp="20210327 22:48:39.511" level="INFO">${account_external_key} = 795ab720e8ff45ff926a499b0ef4c811</msg>
<status status="PASS" starttime="20210327 22:48:39.510" endtime="20210327 22:48:39.512"></status>
</kw>
<kw name="Set Global Variable" library="BuiltIn">
<doc>Makes a variable available globally in all tests and suites.</doc>
<arguments>
<arg>${account_external_key}</arg>
</arguments>
<msg timestamp="20210327 22:48:39.513" level="INFO">${account_external_key} = 795ab720e8ff45ff926a499b0ef4c811</msg>
<status status="PASS" starttime="20210327 22:48:39.512" endtime="20210327 22:48:39.513"></status>
</kw>
<kw name="Set Variable If" library="BuiltIn">
<doc>Sets variable based on the given condition.</doc>
<arguments>
<arg>${response.status_code}==200</arg>
<arg>${response.json()["items"][0]["number"]}</arg>
</arguments>
<assign>
<var>${account_number}</var>
</assign>
<msg timestamp="20210327 22:48:39.515" level="INFO">${account_number} = 3668627314</msg>
<status status="PASS" starttime="20210327 22:48:39.514" endtime="20210327 22:48:39.515"></status>
</kw>
<kw name="Set Global Variable" library="BuiltIn">
<doc>Makes a variable available globally in all tests and suites.</doc>
<arguments>
<arg>${account_number}</arg>
</arguments>
<msg timestamp="20210327 22:48:39.516" level="INFO">${account_number} = 3668627314</msg>
<status status="PASS" starttime="20210327 22:48:39.516" endtime="20210327 22:48:39.517"></status>
</kw>
<kw name="Set Variable If" library="BuiltIn">
<doc>Sets variable based on the given condition.</doc>
<arguments>
<arg>${response.status_code}==200</arg>
<arg>${response.json()["items"][0]["routing_number"]}</arg>
</arguments>
<assign>
<var>${account_routing_number}</var>
</assign>
<msg timestamp="20210327 22:48:39.518" level="INFO">${account_routing_number} = 001</msg>
<status status="PASS" starttime="20210327 22:48:39.517" endtime="20210327 22:48:39.518"></status>
</kw>
<kw name="Set Global Variable" library="BuiltIn">
<doc>Makes a variable available globally in all tests and suites.</doc>
<arguments>
<arg>${account_routing_number}</arg>
</arguments>
<msg timestamp="20210327 22:48:39.519" level="INFO">${account_routing_number} = 001</msg>
<status status="PASS" starttime="20210327 22:48:39.518" endtime="20210327 22:48:39.519"></status>
</kw>
<status status="PASS" starttime="20210327 22:48:38.852" endtime="20210327 22:48:39.519"></status>
</kw>
<kw name="validar status code" library="status_code_validade">
<arguments>
<arg>status_code=200</arg>
<arg>message_error=Erro ao buscar account do holder</arg>
</arguments>
<kw name="Run Keyword If" library="BuiltIn">
<doc>Runs the given keyword with the given arguments, if ``condition`` is true.</doc>
<arguments>
<arg>'${response.status_code}' == '500'</arg>
<arg>Fatal Error</arg>
<arg>msg=|| Fatal Error || EXECUÇÃO DA SUITE DE TESTE INTERROMPIDA :: status_code: ${response.status_code} || message: ${response.json()["message"]} || X-REQUEST-ID: ${response.headers['X-REQUEST-ID']}</arg>
<arg>ELSE IF</arg>
<arg>'${response.status_code}' != '${status_code}'</arg>
<arg>Fail</arg>
<arg>msg=${message_error} :: status_code: ${response.status_code} || message: ${response.json()["message"]} || X-REQUEST-ID: ${response.headers['X-REQUEST-ID']}</arg>
</arguments>
<status status="PASS" starttime="20210327 22:48:39.519" endtime="20210327 22:48:39.520"></status>
</kw>
<status status="PASS" starttime="20210327 22:48:39.519" endtime="20210327 22:48:39.520"></status>
</kw>
<status status="PASS" starttime="20210327 22:48:36.034" endtime="20210327 22:48:39.520"></status>
</kw>
<status status="PASS" starttime="20210327 22:48:36.034" endtime="20210327 22:48:39.520"></status>
</kw>
<kw name="gerar saldo para account" library="account_generate_balance">
<arguments>
<arg>${account_external_key}</arg>
</arguments>
<kw name="Uuid 4" library="FakerLibrary">
<doc>Generates a random UUID4 string.
:param cast_to: Specify what type the UUID should be cast to. Default is `str`
:type cast_to: callable</doc>
<assign>
<var>${uuid}</var>
</assign>
<msg timestamp="20210327 22:48:39.520" level="INFO">${uuid} = 6958789d-5e02-4362-bade-6fcad9a2bf14</msg>
<status status="PASS" starttime="20210327 22:48:39.520" endtime="20210327 22:48:39.520"></status>
</kw>
<kw name="conectar accounts" library="create_session_staging_internal">
<kw name="Create Session" library="RequestsLibrary">
<doc>Create Session: create a HTTP session to a server</doc>
<arguments>
<arg>alias=accounts</arg>
<arg>url=${account_url_base}</arg>
<arg>disable_warnings=true</arg>
</arguments>
<msg timestamp="20210327 22:48:39.521" level="INFO">Creating Session using : alias=accounts, url=https://banking-accounts-internal.staging.zoop.tech, headers={},                     cookies={}, auth=None, timeout=None, proxies=None, verify=False,                     debug=0 </msg>
<status status="PASS" starttime="20210327 22:48:39.521" endtime="20210327 22:48:39.521"></status>
</kw>
<status status="PASS" starttime="20210327 22:48:39.521" endtime="20210327 22:48:39.521"></status>
</kw>
<kw name="Create Dictionary" library="BuiltIn">
<doc>Creates and returns a dictionary based on the given ``items``.</doc>
<arguments>
<arg>Content-Type=application/json</arg>
</arguments>
<assign>
<var>${header}</var>
</assign>
<msg timestamp="20210327 22:48:39.522" level="INFO">${header} = {'Content-Type': 'application/json'}</msg>
<status status="PASS" starttime="20210327 22:48:39.522" endtime="20210327 22:48:39.522"></status>
</kw>
<kw name="Catenate" library="BuiltIn">
<doc>Catenates the given items together and returns the resulted string.</doc>
<arguments>
<arg>{</arg>
<arg>"operations": [</arg>
<arg>{</arg>
<arg>"amount": 9000000000000,</arg>
<arg>"authorization_code": "${uuid}",</arg>
<arg>"transaction_id": "${uuid}",</arg>
<arg>"id": "${uuid}",</arg>
<arg>"id_checking_account": "${account_external_key}",</arg>
<arg>"transfer_date": "2020-02-20T20:58:06.510Z",</arg>
<arg>"fee": 0,</arg>
<arg>"description": "Teste",</arg>
<arg>"object_type": "transfer",</arg>
<arg>"object_id": "${uuid}",</arg>
<arg>"dflag": "ACTIVE",</arg>
<arg>"created_at": "2019-10-14T20:58:06.510Z",</arg>
<arg>"type": "Transfer"</arg>
<arg>}</arg>
<arg>],</arg>
<arg>"reference_id": "Criando saldo na account"</arg>
<arg>}</arg>
</arguments>
<assign>
<var>${body}</var>
</assign>
<msg timestamp="20210327 22:48:39.522" level="INFO">${body} = { "operations": [ { "amount": 9000000000000, "authorization_code": "6958789d-5e02-4362-bade-6fcad9a2bf14", "transaction_id": "6958789d-5e02-4362-bade-6fcad9a2bf14", "id": "6958789d-5e02-4362-bade-6fca...</msg>
<status status="PASS" starttime="20210327 22:48:39.522" endtime="20210327 22:48:39.522"></status>
</kw>
<kw name="Post Request" library="RequestsLibrary">
<doc>Send a POST request on the session object found using the
given `alias`</doc>
<arguments>
<arg>accounts</arg>
<arg>/admin/internal_operation/authorization/${uuid}</arg>
<arg>data=${body}</arg>
<arg>headers=${header}</arg>
</arguments>
<assign>
<var>${response}</var>
</assign>
<msg timestamp="20210327 22:48:39.523" level="INFO">POST Request using : uri=/admin/internal_operation/authorization/6958789d-5e02-4362-bade-6fcad9a2bf14, params=None, files=None, allow_redirects=True, timeout=None
headers={'User-Agent': 'python-requests/2.22.0', 'Accept-Encoding': 'gzip, deflate', 'Accept': '*/*', 'Connection': 'keep-alive', 'Content-Type': 'application/json'} 
data={ "operations": [ { "amount": 9000000000000, "authorization_code": "6958789d-5e02-4362-bade-6fcad9a2bf14", "transaction_id": "6958789d-5e02-4362-bade-6fcad9a2bf14", "id": "6958789d-5e02-4362-bade-6fcad9a2bf14", "id_checking_account": "795ab720e8ff45ff926a499b0ef4c811", "transfer_date": "2020-02-20T20:58:06.510Z", "fee": 0, "description": "Teste", "object_type": "transfer", "object_id": "6958789d-5e02-4362-bade-6fcad9a2bf14", "dflag": "ACTIVE", "created_at": "2019-10-14T20:58:06.510Z", "type": "Transfer" } ], "reference_id": "Criando saldo na account" } 
json=None</msg>
<msg timestamp="20210327 22:48:40.203" level="INFO">${response} = &lt;Response [200]&gt;</msg>
<status status="PASS" starttime="20210327 22:48:39.523" endtime="20210327 22:48:40.203"></status>
</kw>
<kw name="Run Keyword If" library="BuiltIn">
<doc>Runs the given keyword with the given arguments, if ``condition`` is true.</doc>
<arguments>
<arg>'${response.status_code}' == 200</arg>
<arg>Log</arg>
<arg>${response.json()}</arg>
</arguments>
<status status="PASS" starttime="20210327 22:48:40.205" endtime="20210327 22:48:40.206"></status>
</kw>
<kw name="Run Keyword If" library="BuiltIn">
<doc>Runs the given keyword with the given arguments, if ``condition`` is true.</doc>
<arguments>
<arg>'${response.status_code}' == 200</arg>
<arg>Log</arg>
<arg>${response.headers['X-REQUEST-ID']}</arg>
</arguments>
<status status="PASS" starttime="20210327 22:48:40.208" endtime="20210327 22:48:40.208"></status>
</kw>
<kw name="Run Keyword If" library="BuiltIn">
<doc>Runs the given keyword with the given arguments, if ``condition`` is true.</doc>
<arguments>
<arg>'${response.status_code}' == 200</arg>
<arg>Log</arg>
<arg>${response.status_code}</arg>
</arguments>
<status status="PASS" starttime="20210327 22:48:40.209" endtime="20210327 22:48:40.209"></status>
</kw>
<status status="PASS" starttime="20210327 22:48:39.520" endtime="20210327 22:48:40.210"></status>
</kw>
<kw name="validar status code" library="status_code_validade">
<arguments>
<arg>status_code=200</arg>
<arg>message_error=Erro ao gerar saldo</arg>
</arguments>
<kw name="Run Keyword If" library="BuiltIn">
<doc>Runs the given keyword with the given arguments, if ``condition`` is true.</doc>
<arguments>
<arg>'${response.status_code}' == '500'</arg>
<arg>Fatal Error</arg>
<arg>msg=|| Fatal Error || EXECUÇÃO DA SUITE DE TESTE INTERROMPIDA :: status_code: ${response.status_code} || message: ${response.json()["message"]} || X-REQUEST-ID: ${response.headers['X-REQUEST-ID']}</arg>
<arg>ELSE IF</arg>
<arg>'${response.status_code}' != '${status_code}'</arg>
<arg>Fail</arg>
<arg>msg=${message_error} :: status_code: ${response.status_code} || message: ${response.json()["message"]} || X-REQUEST-ID: ${response.headers['X-REQUEST-ID']}</arg>
</arguments>
<status status="PASS" starttime="20210327 22:48:40.211" endtime="20210327 22:48:40.211"></status>
</kw>
<status status="PASS" starttime="20210327 22:48:40.210" endtime="20210327 22:48:40.211"></status>
</kw>
<kw name="Run Keyword If" library="BuiltIn">
<doc>Runs the given keyword with the given arguments, if ``condition`` is true.</doc>
<arguments>
<arg>'${pix_type}' == 'phone'</arg>
<arg>criar chave pix</arg>
<arg>${pix_type}</arg>
<arg>${phone_pix}</arg>
<arg>ELSE IF</arg>
<arg>'${pix_type}' == 'email'</arg>
<arg>criar chave pix</arg>
<arg>${pix_type}</arg>
<arg>${email_pix}</arg>
<arg>ELSE IF</arg>
<arg>'${pix_type}' == 'evp'</arg>
<arg>criar chave pix</arg>
<arg>${pix_type}</arg>
<arg>${EMPTY}</arg>
<arg>ELSE IF</arg>
<arg>'${pix_type}' == 'national_registration'</arg>
<arg>criar chave pix</arg>
<arg>${pix_type}</arg>
<arg>${EMPTY}</arg>
</arguments>
<kw name="criar chave pix" library="pix_dict_create_entry">
<arguments>
<arg>${pix_type}</arg>
<arg>${email_pix}</arg>
</arguments>
<kw name="conectar pix-dict" library="create_session_staging_internal">
<kw name="Create Session" library="RequestsLibrary">
<doc>Create Session: create a HTTP session to a server</doc>
<arguments>
<arg>alias=pix-dict</arg>
<arg>url=${pix_dict_url_base}</arg>
<arg>disable_warnings=true</arg>
</arguments>
<msg timestamp="20210327 22:48:40.213" level="INFO">Creating Session using : alias=pix-dict, url=https://banking-pix-dict-internal.staging.zoop.tech, headers={},                     cookies={}, auth=None, timeout=None, proxies=None, verify=False,                     debug=0 </msg>
<status status="PASS" starttime="20210327 22:48:40.213" endtime="20210327 22:48:40.213"></status>
</kw>
<status status="PASS" starttime="20210327 22:48:40.212" endtime="20210327 22:48:40.213"></status>
</kw>
<kw name="Set Global Variable" library="BuiltIn">
<doc>Makes a variable available globally in all tests and suites.</doc>
<arguments>
<arg>${type}</arg>
</arguments>
<msg timestamp="20210327 22:48:40.214" level="INFO">${type} = email</msg>
<status status="PASS" starttime="20210327 22:48:40.213" endtime="20210327 22:48:40.214"></status>
</kw>
<kw name="Set Global Variable" library="BuiltIn">
<doc>Makes a variable available globally in all tests and suites.</doc>
<arguments>
<arg>${value}</arg>
</arguments>
<msg timestamp="20210327 22:48:40.214" level="INFO">${value} = pietrofernandes@pereira.com</msg>
<status status="PASS" starttime="20210327 22:48:40.214" endtime="20210327 22:48:40.214"></status>
</kw>
<kw name="Create Dictionary" library="BuiltIn">
<doc>Creates and returns a dictionary based on the given ``items``.</doc>
<arguments>
<arg>Content-Type=application/json</arg>
</arguments>
<assign>
<var>${header}</var>
</assign>
<msg timestamp="20210327 22:48:40.214" level="INFO">${header} = {'Content-Type': 'application/json'}</msg>
<status status="PASS" starttime="20210327 22:48:40.214" endtime="20210327 22:48:40.214"></status>
</kw>
<kw name="Catenate" library="BuiltIn">
<doc>Catenates the given items together and returns the resulted string.</doc>
<arguments>
<arg>{</arg>
<arg>"type": "${type}",</arg>
<arg>"value": "${value}"</arg>
<arg>}</arg>
</arguments>
<assign>
<var>${body}</var>
</assign>
<msg timestamp="20210327 22:48:40.215" level="INFO">${body} = { "type": "email", "value": "pietrofernandes@pereira.com" }</msg>
<status status="PASS" starttime="20210327 22:48:40.215" endtime="20210327 22:48:40.215"></status>
</kw>
<kw name="Post Request" library="RequestsLibrary">
<doc>Send a POST request on the session object found using the
given `alias`</doc>
<arguments>
<arg>pix-dict</arg>
<arg>/marketplaces/${marketplace_external_key}/banking/dict/holders/${holder_external_key}/accounts/${account_external_key}/entries</arg>
<arg>data=${body}</arg>
<arg>headers=${header}</arg>
</arguments>
<assign>
<var>${response}</var>
</assign>
<msg timestamp="20210327 22:48:40.215" level="INFO">POST Request using : uri=/marketplaces/f71a8951368a4cc085cf7875ff44e61c/banking/dict/holders/73267feb8d8c4b2b849623e88386d77c/accounts/795ab720e8ff45ff926a499b0ef4c811/entries, params=None, files=None, allow_redirects=True, timeout=None
headers={'User-Agent': 'python-requests/2.22.0', 'Accept-Encoding': 'gzip, deflate', 'Accept': '*/*', 'Connection': 'keep-alive', 'Content-Type': 'application/json'} 
data={ "type": "email", "value": "pietrofernandes@pereira.com" } 
json=None</msg>
<msg timestamp="20210327 22:48:40.928" level="INFO">${response} = &lt;Response [202]&gt;</msg>
<status status="PASS" starttime="20210327 22:48:40.215" endtime="20210327 22:48:40.929"></status>
</kw>
<kw name="Log" library="BuiltIn">
<doc>Logs the given message with the given level.</doc>
<arguments>
<arg>${response.json()}</arg>
</arguments>
[...]
</arguments>
<kw name="Run Keyword If" library="BuiltIn">
<doc>Runs the given keyword with the given arguments, if ``condition`` is true.</doc>
<arguments>
<arg>'${response.status_code}' == '500'</arg>
<arg>Fatal Error</arg>
<arg>msg=|| Fatal Error || EXECUÇÃO DA SUITE DE TESTE INTERROMPIDA :: status_code: ${response.status_code} || message: ${response.json()["message"]} || X-REQUEST-ID: ${response.headers['X-REQUEST-ID']}</arg>
<arg>ELSE IF</arg>
<arg>'${response.status_code}' != '${status_code}'</arg>
<arg>Fail</arg>
<arg>msg=${message_error} :: status_code: ${response.status_code} || message: ${response.json()["message"]} || X-REQUEST-ID: ${response.headers['X-REQUEST-ID']}</arg>
</arguments>
<status status="PASS" starttime="20210327 22:49:50.743" endtime="20210327 22:49:50.744"></status>
</kw>
<status status="PASS" starttime="20210327 22:49:50.742" endtime="20210327 22:49:50.745"></status>
</kw>
<kw name="Run Keyword If" library="BuiltIn">
<doc>Runs the given keyword with the given arguments, if ``condition`` is true.</doc>
<arguments>
<arg>'${pix_type}' == 'phone'</arg>
<arg>confirmar propriedade da chave pix</arg>
<arg>${verification_code}</arg>
<arg>${holder_external_key}</arg>
<arg>${account_external_key}</arg>
<arg>${entry_external_key}</arg>
<arg>ELSE IF</arg>
<arg>'${pix_type}' == 'email'</arg>
<arg>confirmar propriedade da chave pix</arg>
<arg>${verification_code}</arg>
<arg>${holder_external_key}</arg>
<arg>${account_external_key}</arg>
<arg>${entry_external_key}</arg>
</arguments>
<kw name="confirmar propriedade da chave pix" library="pix_dict_confirm_propriety">
<arguments>
<arg>${verification_code}</arg>
<arg>${holder_external_key}</arg>
<arg>${account_external_key}</arg>
<arg>${entry_external_key}</arg>
</arguments>
<kw name="conectar pix-dict" library="create_session_staging_internal">
<kw name="Create Session" library="RequestsLibrary">
<doc>Create Session: create a HTTP session to a server</doc>
<arguments>
<arg>alias=pix-dict</arg>
<arg>url=${pix_dict_url_base}</arg>
<arg>disable_warnings=true</arg>
</arguments>
<msg timestamp="20210327 22:49:50.748" level="INFO">Creating Session using : alias=pix-dict, url=https://banking-pix-dict-internal.staging.zoop.tech, headers={},                     cookies={}, auth=None, timeout=None, proxies=None, verify=False,                     debug=0 </msg>
<status status="PASS" starttime="20210327 22:49:50.748" endtime="20210327 22:49:50.749"></status>
</kw>
<status status="PASS" starttime="20210327 22:49:50.747" endtime="20210327 22:49:50.749"></status>
</kw>
<kw name="Create Dictionary" library="BuiltIn">
<doc>Creates and returns a dictionary based on the given ``items``.</doc>
<arguments>
<arg>Content-Type=application/json</arg>
</arguments>
<assign>
<var>${header}</var>
</assign>
<msg timestamp="20210327 22:49:50.750" level="INFO">${header} = {'Content-Type': 'application/json'}</msg>
<status status="PASS" starttime="20210327 22:49:50.750" endtime="20210327 22:49:50.750"></status>
</kw>
<kw name="Catenate" library="BuiltIn">
<doc>Catenates the given items together and returns the resulted string.</doc>
<arguments>
<arg>{</arg>
<arg>"code": "${verification_code}"</arg>
<arg>}</arg>
</arguments>
<assign>
<var>${body}</var>
</assign>
<msg timestamp="20210327 22:49:50.751" level="INFO">${body} = { "code": "2147" }</msg>
<status status="PASS" starttime="20210327 22:49:50.750" endtime="20210327 22:49:50.751"></status>
</kw>
<kw name="Post Request" library="RequestsLibrary">
<doc>Send a POST request on the session object found using the
given `alias`</doc>
<arguments>
<arg>pix-dict</arg>
<arg>/marketplaces/${marketplace_external_key}/banking/dict/holders/${holder_external_key}/accounts/${account_external_key}/entries/${entry_external_key}/ownership</arg>
<arg>data=${body}</arg>
<arg>headers=${header}</arg>
</arguments>
<assign>
<var>${response}</var>
</assign>
<msg timestamp="20210327 22:49:50.752" level="INFO">POST Request using : uri=/marketplaces/f71a8951368a4cc085cf7875ff44e61c/banking/dict/holders/7c51332ae4b0417eace5d281d4f50c7d/accounts/f85f49c56e414fab87a3ebb4bf79ca41/entries/feba6027c412410c8e55983577dba977/ownership, params=None, files=None, allow_redirects=True, timeout=None
headers={'User-Agent': 'python-requests/2.22.0', 'Accept-Encoding': 'gzip, deflate', 'Accept': '*/*', 'Connection': 'keep-alive', 'Content-Type': 'application/json'} 
data={ "code": "2147" } 
json=None</msg>
<msg timestamp="20210327 22:49:52.484" level="INFO">${response} = &lt;Response [201]&gt;</msg>
<status status="PASS" starttime="20210327 22:49:50.751" endtime="20210327 22:49:52.485"></status>
</kw>
<kw name="Log" library="BuiltIn">
<doc>Logs the given message with the given level.</doc>
<arguments>
<arg>${response.json()}</arg>
</arguments>
<msg timestamp="20210327 22:49:52.487" level="INFO">{'id': 'feba6027c412410c8e55983577dba977', 'status': 'active', 'created_at': '2021-03-27T10:49:51.186', 'updated_at': '2021-03-27T10:49:53.640', 'key': {'value': '+5521927153281', 'type': 'phone'}, 'account': {'id': 'f85f49c56e414fab87a3ebb4bf79ca41', 'marketplace': 'f71a8951368a4cc085cf7875ff44e61c', 'holder': '7c51332ae4b0417eace5d281d4f50c7d', 'owner': {'name': 'Holder de teste', 'national_registration': '28970154388', 'type': 'individual'}, 'routing_number': '001', 'number': '241612176', 'type': 'CACC'}, 'psp': {'code': '19468242', 'name': 'Zoop Tecnologia e Meios de Pagamento S.A.'}, 'resource': 'pix.entry'}</msg>
<status status="PASS" starttime="20210327 22:49:52.486" endtime="20210327 22:49:52.487"></status>
</kw>
<kw name="Log" library="BuiltIn">
<doc>Logs the given message with the given level.</doc>
<arguments>
<arg>${response.headers['X-REQUEST-ID']}</arg>
</arguments>
<msg timestamp="20210327 22:49:52.489" level="INFO">89d7957643c965f6</msg>
<status status="PASS" starttime="20210327 22:49:52.488" endtime="20210327 22:49:52.490"></status>
</kw>
<kw name="Log" library="BuiltIn">
<doc>Logs the given message with the given level.</doc>
<arguments>
<arg>${response.status_code}</arg>
</arguments>
<msg timestamp="20210327 22:49:52.491" level="INFO">201</msg>
<status status="PASS" starttime="20210327 22:49:52.490" endtime="20210327 22:49:52.491"></status>
</kw>
<kw name="Set Global Variable" library="BuiltIn">
<doc>Makes a variable available globally in all tests and suites.</doc>
<arguments>
<arg>${response}</arg>
</arguments>
<msg timestamp="20210327 22:49:52.492" level="INFO">${response} = &lt;Response [201]&gt;</msg>
<status status="PASS" starttime="20210327 22:49:52.492" endtime="20210327 22:49:52.492"></status>
</kw>
<status status="PASS" starttime="20210327 22:49:50.746" endtime="20210327 22:49:52.493"></status>
</kw>
<status status="PASS" starttime="20210327 22:49:50.745" endtime="20210327 22:49:52.493"></status>
</kw>
<kw name="validar status code" library="status_code_validade">
<arguments>
<arg>status_code=201</arg>
<arg>message_error=Erro ao confirmar propriedade da chave pix</arg>
</arguments>
<kw name="Run Keyword If" library="BuiltIn">
<doc>Runs the given keyword with the given arguments, if ``condition`` is true.</doc>
<arguments>
<arg>'${response.status_code}' == '500'</arg>
<arg>Fatal Error</arg>
<arg>msg=|| Fatal Error || EXECUÇÃO DA SUITE DE TESTE INTERROMPIDA :: status_code: ${response.status_code} || message: ${response.json()["message"]} || X-REQUEST-ID: ${response.headers['X-REQUEST-ID']}</arg>
<arg>ELSE IF</arg>
<arg>'${response.status_code}' != '${status_code}'</arg>
<arg>Fail</arg>
<arg>msg=${message_error} :: status_code: ${response.status_code} || message: ${response.json()["message"]} || X-REQUEST-ID: ${response.headers['X-REQUEST-ID']}</arg>
</arguments>
<status status="PASS" starttime="20210327 22:49:52.494" endtime="20210327 22:49:52.496"></status>
</kw>
<status status="PASS" starttime="20210327 22:49:52.493" endtime="20210327 22:49:52.496"></status>
</kw>
<status status="PASS" starttime="20210327 22:49:45.146" endtime="20210327 22:49:52.496"></status>
</kw>
<kw name="receber pagamento pix admin" library="pix_admin_receive_payment">
<arguments>
<arg>amount=5000000</arg>
<arg>end_to_end_id=${end_to_end_id}</arg>
<arg>message_id=${message_id}</arg>
<arg>account_number=${account_number}</arg>
<arg>psp_code=${psp_code}</arg>
<arg>account_rounting_number=${account_routing_number}</arg>
<arg>account_type=${account_type}</arg>
<arg>national_registration=${national_registration}</arg>
</arguments>
<kw name="Get Current Date" library="DateTime">
<doc>Returns current local or UTC time with an optional increment.</doc>
<arguments>
<arg>result_format=datetime</arg>
</arguments>
<assign>
<var>${date}</var>
</assign>
<msg timestamp="20210327 22:49:52.501" level="INFO">${date} = 2021-03-27 22:49:52.499582</msg>
<status status="PASS" starttime="20210327 22:49:52.500" endtime="20210327 22:49:52.501"></status>
</kw>
<kw name="Convert Date" library="DateTime">
<doc>Converts between supported `date formats`.</doc>
<arguments>
<arg>${date}</arg>
<arg>result_format=%Y-%m-%d</arg>
</arguments>
<assign>
<var>${datetime}</var>
</assign>
<msg timestamp="20210327 22:49:52.502" level="INFO">${datetime} = 2021-03-27</msg>
<status status="PASS" starttime="20210327 22:49:52.501" endtime="20210327 22:49:52.502"></status>
</kw>
<kw name="Set Global Variable" library="BuiltIn">
<doc>Makes a variable available globally in all tests and suites.</doc>
<arguments>
<arg>${amount}</arg>
</arguments>
<msg timestamp="20210327 22:49:52.503" level="INFO">${amount} = 5000000</msg>
<status status="PASS" starttime="20210327 22:49:52.503" endtime="20210327 22:49:52.504"></status>
</kw>
<kw name="conectar pix-payments" library="create_session_staging_internal">
<kw name="Create Session" library="RequestsLibrary">
<doc>Create Session: create a HTTP session to a server</doc>
<arguments>
<arg>alias=pix-payments</arg>
<arg>url=${pix_payments_url_base}</arg>
<arg>disable_warnings=true</arg>
</arguments>
<msg timestamp="20210327 22:49:52.506" level="INFO">Creating Session using : alias=pix-payments, url=https://banking-pix-payments-internal.staging.zoop.tech, headers={},                     cookies={}, auth=None, timeout=None, proxies=None, verify=False,                     debug=0 </msg>
<status status="PASS" starttime="20210327 22:49:52.505" endtime="20210327 22:49:52.507"></status>
</kw>
<status status="PASS" starttime="20210327 22:49:52.504" endtime="20210327 22:49:52.507"></status>
</kw>
<kw name="Create Dictionary" library="BuiltIn">
<doc>Creates and returns a dictionary based on the given ``items``.</doc>
<arguments>
<arg>Content-Type=application/json</arg>
</arguments>
<assign>
<var>${header}</var>
</assign>
<msg timestamp="20210327 22:49:52.508" level="INFO">${header} = {'Content-Type': 'application/json'}</msg>
<status status="PASS" starttime="20210327 22:49:52.508" endtime="20210327 22:49:52.508"></status>
</kw>
<kw name="Catenate" library="BuiltIn">
<doc>Catenates the given items together and returns the resulted string.</doc>
<arguments>
<arg>{</arg>
<arg>"acceptance_date_time": "${datetime}T15:55:43.269Z",</arg>
<arg>"amount": ${amount},</arg>
<arg>"end_to_end_id": "${end_to_end_id}",</arg>
<arg>"message_id": "${message_id}",</arg>
<arg>"receiver": {</arg>
<arg>"account_details": {</arg>
<arg>"number": "${account_number}",</arg>
<arg>"psp": "${psp_code}",</arg>
<arg>"routing_number": "${account_rounting_number}",</arg>
<arg>"type": "${account_type}"</arg>
<arg>},</arg>
<arg>"document": "${national_registration}"</arg>
<arg>},</arg>
<arg>"remittance_information": "Teste Crédito PIX",</arg>
<arg>"sender": {</arg>
<arg>"account_details": {</arg>
<arg>"number": "0243882974",</arg>
<arg>"psp": "17192451",</arg>
<arg>"routing_number": "0500",</arg>
<arg>"type": "cacc"</arg>
<arg>},</arg>
<arg>"document": "42808422644",</arg>
<arg>"identification": "Teste de Recebimento de PIX",</arg>
<arg>"name": "Massa ITI PFNAUmNNO"</arg>
<arg>}</arg>
<arg>}</arg>
</arguments>
<assign>
<var>${body}</var>
</assign>
<msg timestamp="20210327 22:49:52.511" level="INFO">${body} = { "acceptance_date_time": "2021-03-27T15:55:43.269Z", "amount": 5000000, "end_to_end_id": "E1946824220210327224975761008684", "message_id": "M1946824286267613350496103227083", "receiver": { "account_d...</msg>
<status status="PASS" starttime="20210327 22:49:52.509" endtime="20210327 22:49:52.511"></status>
</kw>
<kw name="Post Request" library="RequestsLibrary">
<doc>Send a POST request on the session object found using the
given `alias`</doc>
<arguments>
<arg>pix-payments</arg>
<arg>/admin/internal_operation/pix</arg>
<arg>data=${body}</arg>
<arg>headers=${header}</arg>
</arguments>
<assign>
<var>${response}</var>
</assign>
<msg timestamp="20210327 22:49:52.513" level="INFO">POST Request using : uri=/admin/internal_operation/pix, params=None, files=None, allow_redirects=True, timeout=None
headers={'User-Agent': 'python-requests/2.22.0', 'Accept-Encoding': 'gzip, deflate', 'Accept': '*/*', 'Connection': 'keep-alive', 'Content-Type': 'application/json'} 
data={ "acceptance_date_time": "2021-03-27T15:55:43.269Z", "amount": 5000000, "end_to_end_id": "E1946824220210327224975761008684", "message_id": "M1946824286267613350496103227083", "receiver": { "account_details": { "number": "241612176", "psp": "19468242", "routing_number": "001", "type": "cacc" }, "document": "28970154388" }, "remittance_information": "Teste Crédito PIX", "sender": { "account_details": { "number": "0243882974", "psp": "17192451", "routing_number": "0500", "type": "cacc" }, "document": "42808422644", "identification": "Teste de Recebimento de PIX", "name": "Massa ITI PFNAUmNNO" } } 
json=None</msg>
<msg timestamp="20210327 22:49:53.257" level="INFO">${response} = &lt;Response [409]&gt;</msg>
<status status="PASS" starttime="20210327 22:49:52.512" endtime="20210327 22:49:53.257"></status>
</kw>
<kw name="Log" library="BuiltIn">
<doc>Logs the given message with the given level.</doc>
<arguments>
<arg>${response.json()}</arg>
</arguments>
<msg timestamp="20210327 22:49:53.259" level="INFO">{'code': 4001, 'status': 'conflict', 'type': 'precondition_failed', 'message': 'Duplicated endToEndId', 'category': 'business', 'status_code': 409}</msg>
<status status="PASS" starttime="20210327 22:49:53.258" endtime="20210327 22:49:53.259"></status>
</kw>
<kw name="Log" library="BuiltIn">
<doc>Logs the given message with the given level.</doc>
<arguments>
<arg>${response.headers['X-REQUEST-ID']}</arg>
</arguments>
<msg timestamp="20210327 22:49:53.260" level="INFO">5d58f5d7f77d9a2b</msg>
<status status="PASS" starttime="20210327 22:49:53.260" endtime="20210327 22:49:53.261"></status>
</kw>
<kw name="Log" library="BuiltIn">
<doc>Logs the given message with the given level.</doc>
<arguments>
<arg>${response.status_code}</arg>
</arguments>
<msg timestamp="20210327 22:49:53.262" level="INFO">409</msg>
<status status="PASS" starttime="20210327 22:49:53.261" endtime="20210327 22:49:53.263"></status>
</kw>
<kw name="Set Global Variable" library="BuiltIn">
<doc>Makes a variable available globally in all tests and suites.</doc>
<arguments>
<arg>${response}</arg>
</arguments>
<msg timestamp="20210327 22:49:53.263" level="INFO">${response} = &lt;Response [409]&gt;</msg>
<status status="PASS" starttime="20210327 22:49:53.263" endtime="20210327 22:49:53.263"></status>
</kw>
<status status="PASS" starttime="20210327 22:49:52.498" endtime="20210327 22:49:53.264"></status>
</kw>
<kw name="validar conflict" library="conflict">
<arguments>
<arg>message=Duplicated endToEndId</arg>
<arg>message_code=4001</arg>
</arguments>
<kw name="Log" library="BuiltIn">
<doc>Logs the given message with the given level.</doc>
<arguments>
<arg>Validando response precondition failed</arg>
</arguments>
<msg timestamp="20210327 22:49:53.267" level="INFO">Validando response precondition failed</msg>
<status status="PASS" starttime="20210327 22:49:53.267" endtime="20210327 22:49:53.268"></status>
</kw>
<kw name="Should Be Equal As Integers" library="BuiltIn">
<doc>Fails if objects are unequal after converting them to integers.</doc>
<arguments>
<arg>${response.status_code}</arg>
<arg>409</arg>
</arguments>
<msg timestamp="20210327 22:49:53.269" level="INFO">Argument types are:
&lt;class 'int'&gt;
&lt;type 'unicode'&gt;</msg>
<status status="PASS" starttime="20210327 22:49:53.268" endtime="20210327 22:49:53.269"></status>
</kw>
<kw name="Should Be Equal" library="BuiltIn">
<doc>Fails if the given objects are unequal.</doc>
<arguments>
<arg>${response.json()["status"]}</arg>
<arg>conflict</arg>
</arguments>
<status status="PASS" starttime="20210327 22:49:53.270" endtime="20210327 22:49:53.270"></status>
</kw>
<kw name="Should Be Equal" library="BuiltIn">
<doc>Fails if the given objects are unequal.</doc>
<arguments>
<arg>${response.json()["category"]}</arg>
<arg>business</arg>
</arguments>
<status status="PASS" starttime="20210327 22:49:53.271" endtime="20210327 22:49:53.272"></status>
</kw>
<kw name="Should Be Equal As Integers" library="BuiltIn">
<doc>Fails if objects are unequal after converting them to integers.</doc>
<arguments>
<arg>${response.json()["code"]}</arg>
<arg>${message_code}</arg>
</arguments>
<msg timestamp="20210327 22:49:53.273" level="INFO">Argument types are:
&lt;class 'int'&gt;
&lt;type 'unicode'&gt;</msg>
<status status="PASS" starttime="20210327 22:49:53.272" endtime="20210327 22:49:53.273"></status>
</kw>
<kw name="Should Be Equal As Integers" library="BuiltIn">
<doc>Fails if objects are unequal after converting them to integers.</doc>
<arguments>
<arg>${response.json()["status_code"]}</arg>
<arg>409</arg>
</arguments>
<msg timestamp="20210327 22:49:53.274" level="INFO">Argument types are:
&lt;class 'int'&gt;
&lt;type 'unicode'&gt;</msg>
<status status="PASS" starttime="20210327 22:49:53.273" endtime="20210327 22:49:53.274"></status>
</kw>
<kw name="Should Be Equal" library="BuiltIn">
<doc>Fails if the given objects are unequal.</doc>
<arguments>
<arg>${response.json()["message"]}</arg>
<arg>${message}</arg>
</arguments>
<status status="PASS" starttime="20210327 22:49:53.274" endtime="20210327 22:49:53.276"></status>
</kw>
<kw name="Should Be Equal" library="BuiltIn">
<doc>Fails if the given objects are unequal.</doc>
<arguments>
<arg>${response.json()["type"]}</arg>
<arg>precondition_failed</arg>
</arguments>
<status status="PASS" starttime="20210327 22:49:53.276" endtime="20210327 22:49:53.276"></status>
</kw>
<status status="PASS" starttime="20210327 22:49:53.267" endtime="20210327 22:49:53.277"></status>
</kw>
<doc>Não permitir o recebimento de PIX com o mesmo End to End</doc>
<tags>
<tag>smoke_test</tag>
</tags>
<status status="PASS" starttime="20210327 22:49:37.111" endtime="20210327 22:49:53.277" critical="yes"></status>
</test>
<doc>Funcionalidade: Recebimento de PIX
Eu, como um Holder, portador de uma conta ativa em Banking
Desejo receber um pagamento PIX</doc>
<status status="PASS" starttime="20210327 22:49:01.051" endtime="20210327 22:49:53.282"></status>
</suite>
<status status="PASS" starttime="20210327 22:49:01.050" endtime="20210327 22:49:53.287"></status>
</suite>
<status status="FAIL" starttime="20210327 22:48:35.442" endtime="20210327 22:49:53.291"></status>
</suite>
<statistics>
<total>
<stat pass="6" fail="1">Critical Tests</stat>
<stat pass="6" fail="1">All Tests</stat>
</total>
<tag>
<stat pass="6" fail="1">smoke_test</stat>
</tag>
<suite>
<stat pass="6" fail="1" id="s1" name="Pix-Payments">Pix-Payments</stat>
<stat pass="2" fail="1" id="s1-s1" name="Envio">Pix-Payments.Envio</stat>
<stat pass="1" fail="0" id="s1-s1-s1" name="Cancelar Pagamento PIX">Pix-Payments.Envio.Cancelar Pagamento PIX</stat>
<stat pass="1" fail="1" id="s1-s1-s2" name="Criar Pagamento PIX">Pix-Payments.Envio.Criar Pagamento PIX</stat>
<stat pass="4" fail="0" id="s1-s2" name="Recebimento">Pix-Payments.Recebimento</stat>
<stat pass="4" fail="0" id="s1-s2-s1" name="Receber Pagamento PIX">Pix-Payments.Recebimento.Receber Pagamento PIX</stat>
</suite>
</statistics>
<errors>
</errors>
</robot>
