<?xml version="1.0" encoding="UTF-8"?>
<robot generator="Robot 3.1.2 (Python 3.8.1 on win32)" generated="20210327 01:24:35.102" rpa="false">
<suite id="s1" name="Pix-Payments" source="C:\Users\vinicius.trindade\banking_continuous_testing\banking_continuous_testing\tests\pix-payments">
<suite id="s1-s1" name="Envio" source="C:\Users\vinicius.trindade\banking_continuous_testing\banking_continuous_testing\tests\pix-payments\envio">
<suite id="s1-s1-s1" name="Cancelar Pagamento PIX" source="C:\Users\vinicius.trindade\banking_continuous_testing\banking_continuous_testing\tests\pix-payments\envio\Cancelar Pagamento PIX.robot">
<test id="s1-s1-s1-t1" name="Cenário: Cancelar pagamento PIX">
<kw name="criar chave pix ativa" library="pix_dict_create_active_key_pix">
<arguments>
<arg>holder_type=individual</arg>
<arg>pix_type=email</arg>
</arguments>
<kw name="Random Number" library="FakerLibrary">
<doc>Returns a random number with 1 digit (default, when digits==None),
a random number with 0 to given number of digits, or a random number
with given number to given number of digits (when ``fix_len==True``).</doc>
<arguments>
<arg>digits=8</arg>
<arg>fix_len=True</arg>
</arguments>
<assign>
<var>${phone}</var>
</assign>
<msg timestamp="20210327 01:24:35.687" level="INFO">${phone} = 65454155</msg>
<status status="PASS" starttime="20210327 01:24:35.687" endtime="20210327 01:24:35.687"></status>
</kw>
<kw name="Set Variable" library="BuiltIn">
<doc>Returns the given values which can then be assigned to a variables.</doc>
<arguments>
<arg>+55219${phone}</arg>
</arguments>
<assign>
<var>${phone_pix}</var>
</assign>
<msg timestamp="20210327 01:24:35.687" level="INFO">${phone_pix} = +5521965454155</msg>
<status status="PASS" starttime="20210327 01:24:35.687" endtime="20210327 01:24:35.687"></status>
</kw>
<kw name="Set Global Variable" library="BuiltIn">
<doc>Makes a variable available globally in all tests and suites.</doc>
<arguments>
<arg>${phone_pix}</arg>
</arguments>
<msg timestamp="20210327 01:24:35.688" level="INFO">${phone_pix} = +5521965454155</msg>
<status status="PASS" starttime="20210327 01:24:35.688" endtime="20210327 01:24:35.688"></status>
</kw>
<kw name="Email" library="FakerLibrary">
<assign>
<var>${email_pix}</var>
</assign>
<msg timestamp="20210327 01:24:35.688" level="INFO">${email_pix} = marianamartins@hotmail.com</msg>
<status status="PASS" starttime="20210327 01:24:35.688" endtime="20210327 01:24:35.688"></status>
</kw>
<kw name="Set Global Variable" library="BuiltIn">
<doc>Makes a variable available globally in all tests and suites.</doc>
<arguments>
<arg>${email_pix}</arg>
</arguments>
<msg timestamp="20210327 01:24:35.689" level="INFO">${email_pix} = marianamartins@hotmail.com</msg>
<status status="PASS" starttime="20210327 01:24:35.688" endtime="20210327 01:24:35.689"></status>
</kw>
<kw name="Run Keyword If" library="BuiltIn">
<doc>Runs the given keyword with the given arguments, if ``condition`` is true.</doc>
<arguments>
<arg>'${holder_type}' == 'business'</arg>
<arg>criar holder business ativo</arg>
<arg>ELSE IF</arg>
<arg>'${holder_type}' == 'individual'</arg>
<arg>criar holder individual ativo</arg>
</arguments>
<kw name="criar holder individual ativo" library="accreditation_create_holder_active">
<kw name="conectar accreditation" library="create_session_staging_internal">
<kw name="Create Session" library="RequestsLibrary">
<doc>Create Session: create a HTTP session to a server</doc>
<arguments>
<arg>alias=accreditation</arg>
<arg>url=${accreditation_url_base}</arg>
<arg>disable_warnings=true</arg>
</arguments>
<msg timestamp="20210327 01:24:35.690" level="INFO">Creating Session using : alias=accreditation, url=https://banking-accreditation-internal.staging.zoop.tech, headers={},                     cookies={}, auth=None, timeout=None, proxies=None, verify=False,                     debug=0 </msg>
<status status="PASS" starttime="20210327 01:24:35.690" endtime="20210327 01:24:35.690"></status>
</kw>
<status status="PASS" starttime="20210327 01:24:35.690" endtime="20210327 01:24:35.690"></status>
</kw>
<kw name="Cpf" library="FakerLibrary">
<assign>
<var>${national_registration}</var>
</assign>
<msg timestamp="20210327 01:24:35.691" level="INFO">${national_registration} = 852.673.941-73</msg>
<status status="PASS" starttime="20210327 01:24:35.691" endtime="20210327 01:24:35.691"></status>
</kw>
<kw name="Replace String" library="String">
<doc>Replaces ``search_for`` in the given ``string`` with ``replace_with``.</doc>
<arguments>
<arg>${national_registration}</arg>
<arg>.</arg>
<arg>${EMPTY}</arg>
</arguments>
<assign>
<var>${national_registration}</var>
</assign>
<msg timestamp="20210327 01:24:35.691" level="INFO">${national_registration} = 852673941-73</msg>
<status status="PASS" starttime="20210327 01:24:35.691" endtime="20210327 01:24:35.691"></status>
</kw>
<kw name="Replace String" library="String">
<doc>Replaces ``search_for`` in the given ``string`` with ``replace_with``.</doc>
<arguments>
<arg>${national_registration}</arg>
<arg>-</arg>
<arg>${EMPTY}</arg>
</arguments>
<assign>
<var>${national_registration}</var>
</assign>
<msg timestamp="20210327 01:24:35.692" level="INFO">${national_registration} = 85267394173</msg>
<status status="PASS" starttime="20210327 01:24:35.691" endtime="20210327 01:24:35.692"></status>
</kw>
<kw name="Set Global Variable" library="BuiltIn">
<doc>Makes a variable available globally in all tests and suites.</doc>
<arguments>
<arg>${national_registration}</arg>
</arguments>
<msg timestamp="20210327 01:24:35.692" level="INFO">${national_registration} = 85267394173</msg>
<status status="PASS" starttime="20210327 01:24:35.692" endtime="20210327 01:24:35.692"></status>
</kw>
<kw name="Rg" library="FakerLibrary">
<doc>Brazilian RG, return plain numbers.
Check:  https://www.ngmatematica.com/2014/02/como-determinar-o-digito-verificador-do.html</doc>
<assign>
<var>${identity_card}</var>
</assign>
<msg timestamp="20210327 01:24:35.692" level="INFO">${identity_card} = 360548210</msg>
<status status="PASS" starttime="20210327 01:24:35.692" endtime="20210327 01:24:35.692"></status>
</kw>
<kw name="Set Global Variable" library="BuiltIn">
<doc>Makes a variable available globally in all tests and suites.</doc>
<arguments>
<arg>${identity_card}</arg>
</arguments>
<msg timestamp="20210327 01:24:35.693" level="INFO">${identity_card} = 360548210</msg>
<status status="PASS" starttime="20210327 01:24:35.693" endtime="20210327 01:24:35.693"></status>
</kw>
<kw name="criar holder individual" library="accreditation_post_holder_individual">
<arguments>
<arg>holder_type=individual</arg>
<arg>holder_name=${holder_name}</arg>
<arg>email=${email}</arg>
<arg>national_registration=${national_registration}</arg>
<arg>revenue=${revenue}</arg>
<arg>birthday=${birthday}</arg>
<arg>mothers_name=${mothers_name}</arg>
<arg>identity_card=${identity_card}</arg>
<arg>pep=false</arg>
<arg>cbo=${cbo}</arg>
</arguments>
<kw name="conectar accreditation" library="create_session_staging_internal">
<kw name="Create Session" library="RequestsLibrary">
<doc>Create Session: create a HTTP session to a server</doc>
<arguments>
<arg>alias=accreditation</arg>
<arg>url=${accreditation_url_base}</arg>
<arg>disable_warnings=true</arg>
</arguments>
<msg timestamp="20210327 01:24:35.694" level="INFO">Creating Session using : alias=accreditation, url=https://banking-accreditation-internal.staging.zoop.tech, headers={},                     cookies={}, auth=None, timeout=None, proxies=None, verify=False,                     debug=0 </msg>
<status status="PASS" starttime="20210327 01:24:35.694" endtime="20210327 01:24:35.694"></status>
</kw>
<status status="PASS" starttime="20210327 01:24:35.694" endtime="20210327 01:24:35.694"></status>
</kw>
<kw name="Set Global Variable" library="BuiltIn">
<doc>Makes a variable available globally in all tests and suites.</doc>
<arguments>
<arg>${holder_type}</arg>
</arguments>
<msg timestamp="20210327 01:24:35.695" level="INFO">${holder_type} = individual</msg>
<status status="PASS" starttime="20210327 01:24:35.695" endtime="20210327 01:24:35.695"></status>
</kw>
<kw name="Set Global Variable" library="BuiltIn">
<doc>Makes a variable available globally in all tests and suites.</doc>
<arguments>
<arg>${holder_name}</arg>
</arguments>
<msg timestamp="20210327 01:24:35.695" level="INFO">${holder_name} = Holder de teste</msg>
<status status="PASS" starttime="20210327 01:24:35.695" endtime="20210327 01:24:35.696"></status>
</kw>
<kw name="Create Dictionary" library="BuiltIn">
<doc>Creates and returns a dictionary based on the given ``items``.</doc>
<arguments>
<arg>Content-Type=application/json</arg>
</arguments>
<assign>
<var>${header}</var>
</assign>
<msg timestamp="20210327 01:24:35.696" level="INFO">${header} = {'Content-Type': 'application/json'}</msg>
<status status="PASS" starttime="20210327 01:24:35.696" endtime="20210327 01:24:35.696"></status>
</kw>
<kw name="Catenate" library="BuiltIn">
<doc>Catenates the given items together and returns the resulted string.</doc>
<arguments>
<arg>{</arg>
<arg>"type": "${holder_type}",</arg>
<arg>"name": "${holder_name}",</arg>
<arg>"email": "${email}",</arg>
<arg>"national_registration": "${national_registration}",</arg>
<arg>"revenue": ${revenue},</arg>
<arg>"birthday": "${birthday}",</arg>
<arg>"mothers_name": "${mothers_name}",</arg>
<arg>"identity_card": "${identity_card}",</arg>
<arg>"pep": false,</arg>
<arg>"cbo": ${cbo}</arg>
<arg>}</arg>
</arguments>
<assign>
<var>${body}</var>
</assign>
<msg timestamp="20210327 01:24:35.697" level="INFO">${body} = { "type": "individual", "name": "Holder de teste", "email": "teste@teste.com.br", "national_registration": "85267394173", "revenue": 5500.00, "birthday": "1988-04-23", "mothers_name": "Mãe do Holder",...</msg>
<status status="PASS" starttime="20210327 01:24:35.696" endtime="20210327 01:24:35.697"></status>
</kw>
<kw name="Post Request" library="RequestsLibrary">
<doc>Send a POST request on the session object found using the
given `alias`</doc>
<arguments>
<arg>accreditation</arg>
<arg>/marketplaces/${marketplace_external_key}/banking/accreditation/holders</arg>
<arg>data=${body}</arg>
<arg>headers=${header}</arg>
</arguments>
<assign>
<var>${response}</var>
</assign>
<msg timestamp="20210327 01:24:35.697" level="INFO">POST Request using : uri=/marketplaces/f71a8951368a4cc085cf7875ff44e61c/banking/accreditation/holders, params=None, files=None, allow_redirects=True, timeout=None
headers={'User-Agent': 'python-requests/2.22.0', 'Accept-Encoding': 'gzip, deflate', 'Accept': '*/*', 'Connection': 'keep-alive', 'Content-Type': 'application/json'} 
data={ "type": "individual", "name": "Holder de teste", "email": "teste@teste.com.br", "national_registration": "85267394173", "revenue": 5500.00, "birthday": "1988-04-23", "mothers_name": "Mãe do Holder", "identity_card": "360548210", "pep": false, "cbo": 821450 } 
json=None</msg>
<msg timestamp="20210327 01:24:36.414" level="INFO">${response} = &lt;Response [201]&gt;</msg>
<status status="PASS" starttime="20210327 01:24:35.697" endtime="20210327 01:24:36.414"></status>
</kw>
<kw name="Log" library="BuiltIn">
<doc>Logs the given message with the given level.</doc>
<arguments>
<arg>${response.json()}</arg>
</arguments>
<msg timestamp="20210327 01:24:36.416" level="INFO">{'id': 'afb4ddd17a12446a8d10e0739ed11e34', 'name': 'Holder de teste', 'revenue': 5500.0, 'email': 'teste@teste.com.br', 'status': 'waiting_info_and_documents', 'marketplace_id': 'f71a8951368a4cc085cf7875ff44e61c', 'marketplace_name': 'Marketplace de Teste', 'created_at': '2021-03-27T01:24:36.616624', 'updated_at': '2021-03-27T01:24:36.616627', 'type': 'individual', 'national_registration': '85267394173', 'birthday': '1988-04-23', 'mothers_name': 'Mãe do Holder', 'identity_card': '360548210', 'pep': False, 'cbo': '821450', '_links': {'self': {'href': 'https://banking-accreditation-internal.staging.zoop.tech/marketplaces/f71a8951368a4cc085cf7875ff44e61c/banking/accreditation/holders/afb4ddd17a12446a8d10e0739ed11e34', 'type': 'GET'}, 'phones': {'href': 'https://banking-accreditation-internal.staging.zoop.tech/marketplaces/f71a8951368a4cc085cf7875ff44e61c/banking/accreditation/holders/afb4ddd17a12446a8d10e0739ed11e34/phones', 'type': 'GET'}, 'addresses': {'href': 'https://banking-accreditation-internal.staging.zoop.tech/marketplaces/f71a8951368a4cc085cf7875ff44e61c/banking/accreditation/holders/afb4ddd17a12446a8d10e0739ed11e34/addresses', 'type': 'GET'}, 'documents': {'href': 'https://banking-accreditation-internal.staging.zoop.tech/marketplaces/f71a8951368a4cc085cf7875ff44e61c/banking/accreditation/holders/afb4ddd17a12446a8d10e0739ed11e34/documents', 'type': 'GET'}}}</msg>
<status status="PASS" starttime="20210327 01:24:36.415" endtime="20210327 01:24:36.416"></status>
</kw>
<kw name="Log" library="BuiltIn">
<doc>Logs the given message with the given level.</doc>
<arguments>
<arg>${response.headers['X-REQUEST-ID']}</arg>
</arguments>
<msg timestamp="20210327 01:24:36.416" level="INFO">51f69c1314916b00</msg>
<status status="PASS" starttime="20210327 01:24:36.416" endtime="20210327 01:24:36.416"></status>
</kw>
<kw name="Log" library="BuiltIn">
<doc>Logs the given message with the given level.</doc>
<arguments>
<arg>${body}</arg>
</arguments>
<msg timestamp="20210327 01:24:36.417" level="INFO">{ "type": "individual", "name": "Holder de teste", "email": "teste@teste.com.br", "national_registration": "85267394173", "revenue": 5500.00, "birthday": "1988-04-23", "mothers_name": "Mãe do Holder", "identity_card": "360548210", "pep": false, "cbo": 821450 }</msg>
<status status="PASS" starttime="20210327 01:24:36.416" endtime="20210327 01:24:36.417"></status>
</kw>
<kw name="Set Global Variable" library="BuiltIn">
<doc>Makes a variable available globally in all tests and suites.</doc>
<arguments>
<arg>${response}</arg>
</arguments>
<msg timestamp="20210327 01:24:36.417" level="INFO">${response} = &lt;Response [201]&gt;</msg>
<status status="PASS" starttime="20210327 01:24:36.417" endtime="20210327 01:24:36.417"></status>
</kw>
<kw name="Set Variable If" library="BuiltIn">
<doc>Sets variable based on the given condition.</doc>
<arguments>
<arg>${response.status_code}==201</arg>
<arg>${response.json()["id"]}</arg>
</arguments>
<assign>
<var>${holder_external_key}</var>
</assign>
<msg timestamp="20210327 01:24:36.418" level="INFO">${holder_external_key} = afb4ddd17a12446a8d10e0739ed11e34</msg>
<status status="PASS" starttime="20210327 01:24:36.417" endtime="20210327 01:24:36.418"></status>
</kw>
<kw name="Set Global Variable" library="BuiltIn">
<doc>Makes a variable available globally in all tests and suites.</doc>
<arguments>
<arg>${holder_external_key}</arg>
</arguments>
<msg timestamp="20210327 01:24:36.418" level="INFO">${holder_external_key} = afb4ddd17a12446a8d10e0739ed11e34</msg>
<status status="PASS" starttime="20210327 01:24:36.418" endtime="20210327 01:24:36.418"></status>
</kw>
<status status="PASS" starttime="20210327 01:24:35.693" endtime="20210327 01:24:36.418"></status>
</kw>
<kw name="Set Global Variable" library="BuiltIn">
<doc>Makes a variable available globally in all tests and suites.</doc>
<arguments>
<arg>${holder_name}</arg>
</arguments>
<msg timestamp="20210327 01:24:36.419" level="INFO">${holder_name} = Holder de teste</msg>
<status status="PASS" starttime="20210327 01:24:36.419" endtime="20210327 01:24:36.419"></status>
</kw>
<kw name="validar status code" library="status_code_validade">
<arguments>
<arg>status_code=201</arg>
<arg>message_error=Erro ao criar holder individual</arg>
</arguments>
<kw name="Run Keyword If" library="BuiltIn">
<doc>Runs the given keyword with the given arguments, if ``condition`` is true.</doc>
<arguments>
<arg>'${response.status_code}' == '500'</arg>
<arg>Fatal Error</arg>
<arg>msg=|| Fatal Error || EXECUÇÃO DA SUITE DE TESTE INTERROMPIDA :: status_code: ${response.status_code} || message: ${response.json()["message"]} || X-REQUEST-ID: ${response.headers['X-REQUEST-ID']}</arg>
<arg>ELSE IF</arg>
<arg>'${response.status_code}' != '${status_code}'</arg>
<arg>Fail</arg>
<arg>msg=${message_error} :: status_code: ${response.status_code} || message: ${response.json()["message"]} || X-REQUEST-ID: ${response.headers['X-REQUEST-ID']}</arg>
</arguments>
<status status="PASS" starttime="20210327 01:24:36.420" endtime="20210327 01:24:36.420"></status>
</kw>
<status status="PASS" starttime="20210327 01:24:36.419" endtime="20210327 01:24:36.420"></status>
</kw>
<kw name="criar holder phone" library="accreditation_post_holder_phone">
<arguments>
<arg>21</arg>
<arg>51</arg>
<arg>996221236</arg>
</arguments>
<kw name="Create Dictionary" library="BuiltIn">
<doc>Creates and returns a dictionary based on the given ``items``.</doc>
<arguments>
<arg>Content-Type=application/json</arg>
</arguments>
<assign>
<var>${header}</var>
</assign>
<msg timestamp="20210327 01:24:36.421" level="INFO">${header} = {'Content-Type': 'application/json'}</msg>
<status status="PASS" starttime="20210327 01:24:36.421" endtime="20210327 01:24:36.421"></status>
</kw>
<kw name="Catenate" library="BuiltIn">
<doc>Catenates the given items together and returns the resulted string.</doc>
<arguments>
<arg>{</arg>
<arg>"area_code": "${phone_area_code}",</arg>
<arg>"country_code": "${phone_country_code}",</arg>
<arg>"number": "${phone_number}"</arg>
<arg>}</arg>
</arguments>
<assign>
<var>${body}</var>
</assign>
<msg timestamp="20210327 01:24:36.422" level="INFO">${body} = { "area_code": "21", "country_code": "51", "number": "996221236" }</msg>
<status status="PASS" starttime="20210327 01:24:36.421" endtime="20210327 01:24:36.422"></status>
</kw>
<kw name="Post Request" library="RequestsLibrary">
<doc>Send a POST request on the session object found using the
given `alias`</doc>
<arguments>
<arg>accreditation</arg>
<arg>/marketplaces/${marketplace_external_key}/banking/accreditation/holders/${holder_external_key}/phones</arg>
<arg>data=${body}</arg>
<arg>headers=${header}</arg>
</arguments>
<assign>
<var>${response}</var>
</assign>
<msg timestamp="20210327 01:24:36.422" level="INFO">POST Request using : uri=/marketplaces/f71a8951368a4cc085cf7875ff44e61c/banking/accreditation/holders/afb4ddd17a12446a8d10e0739ed11e34/phones, params=None, files=None, allow_redirects=True, timeout=None
headers={'User-Agent': 'python-requests/2.22.0', 'Accept-Encoding': 'gzip, deflate', 'Accept': '*/*', 'Connection': 'keep-alive', 'Content-Type': 'application/json'} 
data={ "area_code": "21", "country_code": "51", "number": "996221236" } 
json=None</msg>
<msg timestamp="20210327 01:24:36.674" level="INFO">${response} = &lt;Response [201]&gt;</msg>
<status status="PASS" starttime="20210327 01:24:36.422" endtime="20210327 01:24:36.674"></status>
</kw>
<kw name="Log" library="BuiltIn">
<doc>Logs the given message with the given level.</doc>
<arguments>
<arg>${response.json()}</arg>
</arguments>
<msg timestamp="20210327 01:24:36.674" level="INFO">{'id': '89ae9a6771a6424b8b989140b3a1a841', 'area_code': '21', 'country_code': '51', 'number': '996221236', 'main': True, '_links': {'self': {'href': 'https://banking-accreditation-internal.staging.zoop.tech/marketplaces/f71a8951368a4cc085cf7875ff44e61c/banking/accreditation/holders/afb4ddd17a12446a8d10e0739ed11e34/phones/89ae9a6771a6424b8b989140b3a1a841', 'type': 'GET'}, 'holder': {'href': 'https://banking-accreditation-internal.staging.zoop.tech/marketplaces/f71a8951368a4cc085cf7875ff44e61c/banking/accreditation/holders/afb4ddd17a12446a8d10e0739ed11e34', 'type': 'GET'}}}</msg>
<status status="PASS" starttime="20210327 01:24:36.674" endtime="20210327 01:24:36.676"></status>
</kw>
<kw name="Log" library="BuiltIn">
<doc>Logs the given message with the given level.</doc>
<arguments>
<arg>${response.headers['X-REQUEST-ID']}</arg>
</arguments>
<msg timestamp="20210327 01:24:36.676" level="INFO">4fc095736db798c5</msg>
<status status="PASS" starttime="20210327 01:24:36.676" endtime="20210327 01:24:36.676"></status>
</kw>
<kw name="Set Global Variable" library="BuiltIn">
<doc>Makes a variable available globally in all tests and suites.</doc>
<arguments>
<arg>${response}</arg>
</arguments>
<msg timestamp="20210327 01:24:36.677" level="INFO">${response} = &lt;Response [201]&gt;</msg>
<status status="PASS" starttime="20210327 01:24:36.676" endtime="20210327 01:24:36.677"></status>
</kw>
<kw name="Set Variable If" library="BuiltIn">
<doc>Sets variable based on the given condition.</doc>
<arguments>
<arg>${response.status_code}==201</arg>
<arg>${response.json()["id"]}</arg>
</arguments>
<assign>
<var>${phone_external_key}</var>
</assign>
<msg timestamp="20210327 01:24:36.677" level="INFO">${phone_external_key} = 89ae9a6771a6424b8b989140b3a1a841</msg>
<status status="PASS" starttime="20210327 01:24:36.677" endtime="20210327 01:24:36.677"></status>
</kw>
<kw name="Set Global Variable" library="BuiltIn">
<doc>Makes a variable available globally in all tests and suites.</doc>
<arguments>
<arg>${phone_external_key}</arg>
</arguments>
<msg timestamp="20210327 01:24:36.678" level="INFO">${phone_external_key} = 89ae9a6771a6424b8b989140b3a1a841</msg>
<status status="PASS" starttime="20210327 01:24:36.678" endtime="20210327 01:24:36.678"></status>
</kw>
<status status="PASS" starttime="20210327 01:24:36.421" endtime="20210327 01:24:36.678"></status>
</kw>
<kw name="validar status code" library="status_code_validade">
<arguments>
<arg>status_code=201</arg>
<arg>message_error=Erro ao criar telefone do holder</arg>
</arguments>
<kw name="Run Keyword If" library="BuiltIn">
<doc>Runs the given keyword with the given arguments, if ``condition`` is true.</doc>
<arguments>
<arg>'${response.status_code}' == '500'</arg>
<arg>Fatal Error</arg>
<arg>msg=|| Fatal Error || EXECUÇÃO DA SUITE DE TESTE INTERROMPIDA :: status_code: ${response.status_code} || message: ${response.json()["message"]} || X-REQUEST-ID: ${response.headers['X-REQUEST-ID']}</arg>
<arg>ELSE IF</arg>
<arg>'${response.status_code}' != '${status_code}'</arg>
<arg>Fail</arg>
<arg>msg=${message_error} :: status_code: ${response.status_code} || message: ${response.json()["message"]} || X-REQUEST-ID: ${response.headers['X-REQUEST-ID']}</arg>
</arguments>
<status status="PASS" starttime="20210327 01:24:36.679" endtime="20210327 01:24:36.679"></status>
</kw>
<status status="PASS" starttime="20210327 01:24:36.678" endtime="20210327 01:24:36.679"></status>
</kw>
<kw name="criar holder address" library="accreditation_post_holder_address">
<arguments>
<arg>Rio de Janeiro</arg>
<arg>Rio de Janeiro</arg>
<arg>Brasil</arg>
<arg>Bairro de Testes</arg>
<arg>Rua de Testes</arg>
<arg>90</arg>
<arg>apto 200</arg>
<arg>21550987</arg>
</arguments>
<kw name="Create Dictionary" library="BuiltIn">
<doc>Creates and returns a dictionary based on the given ``items``.</doc>
<arguments>
<arg>Content-Type=application/json</arg>
</arguments>
<assign>
<var>${header}</var>
</assign>
<msg timestamp="20210327 01:24:36.680" level="INFO">${header} = {'Content-Type': 'application/json'}</msg>
<status status="PASS" starttime="20210327 01:24:36.680" endtime="20210327 01:24:36.680"></status>
</kw>
<kw name="Catenate" library="BuiltIn">
<doc>Catenates the given items together and returns the resulted string.</doc>
<arguments>
<arg>{</arg>
<arg>"city": "${city}",</arg>
<arg>"state": "${state}",</arg>
<arg>"country": "${country}",</arg>
<arg>"neighborhood": "${neighborhood}",</arg>
<arg>"street": "${street}",</arg>
<arg>"number": "${number}",</arg>
<arg>"complement": "${complement}",</arg>
<arg>"postal_code": "${postal_code}"</arg>
<arg>}</arg>
</arguments>
<assign>
<var>${body}</var>
</assign>
<msg timestamp="20210327 01:24:36.681" level="INFO">${body} = { "city": "Rio de Janeiro", "state": "Rio de Janeiro", "country": "Brasil", "neighborhood": "Bairro de Testes", "street": "Rua de Testes", "number": "90", "complement": "apto 200", "postal_code": "215...</msg>
<status status="PASS" starttime="20210327 01:24:36.680" endtime="20210327 01:24:36.681"></status>
</kw>
<kw name="Post Request" library="RequestsLibrary">
<doc>Send a POST request on the session object found using the
given `alias`</doc>
<arguments>
<arg>accreditation</arg>
<arg>/marketplaces/${marketplace_external_key}/banking/accreditation/holders/${holder_external_key}/addresses</arg>
<arg>data=${body}</arg>
<arg>headers=${header}</arg>
</arguments>
<assign>
<var>${response}</var>
</assign>
<msg timestamp="20210327 01:24:36.681" level="INFO">POST Request using : uri=/marketplaces/f71a8951368a4cc085cf7875ff44e61c/banking/accreditation/holders/afb4ddd17a12446a8d10e0739ed11e34/addresses, params=None, files=None, allow_redirects=True, timeout=None
headers={'User-Agent': 'python-requests/2.22.0', 'Accept-Encoding': 'gzip, deflate', 'Accept': '*/*', 'Connection': 'keep-alive', 'Content-Type': 'application/json'} 
data={ "city": "Rio de Janeiro", "state": "Rio de Janeiro", "country": "Brasil", "neighborhood": "Bairro de Testes", "street": "Rua de Testes", "number": "90", "complement": "apto 200", "postal_code": "21550987" } 
json=None</msg>
<msg timestamp="20210327 01:24:36.955" level="INFO">${response} = &lt;Response [201]&gt;</msg>
<status status="PASS" starttime="20210327 01:24:36.681" endtime="20210327 01:24:36.955"></status>
</kw>
<kw name="Log" library="BuiltIn">
<doc>Logs the given message with the given level.</doc>
<arguments>
<arg>${response.json()}</arg>
</arguments>
<msg timestamp="20210327 01:24:36.956" level="INFO">{'id': '3b3113b1a75b47c6a3601ed59dc2046a', 'street': 'Rua de Testes', 'number': '90', 'city': 'Rio de Janeiro', 'complement': 'apto 200', 'state': 'Rio de Janeiro', 'neighborhood': 'Bairro de Testes', 'postal_code': '21550987', 'country': 'Brasil', 'main': True, '_links': {'self': {'href': 'https://banking-accreditation-internal.staging.zoop.tech/marketplaces/f71a8951368a4cc085cf7875ff44e61c/banking/accreditation/holders/afb4ddd17a12446a8d10e0739ed11e34/addresses/3b3113b1a75b47c6a3601ed59dc2046a', 'type': 'GET'}, 'holder': {'href': 'https://banking-accreditation-internal.staging.zoop.tech/marketplaces/f71a8951368a4cc085cf7875ff44e61c/banking/accreditation/holders/afb4ddd17a12446a8d10e0739ed11e34', 'type': 'GET'}}}</msg>
<status status="PASS" starttime="20210327 01:24:36.956" endtime="20210327 01:24:36.956"></status>
</kw>
<kw name="Log" library="BuiltIn">
<doc>Logs the given message with the given level.</doc>
<arguments>
<arg>${response.headers['X-REQUEST-ID']}</arg>
</arguments>
<msg timestamp="20210327 01:24:36.956" level="INFO">4d311e9b1c3fcd81</msg>
<status status="PASS" starttime="20210327 01:24:36.956" endtime="20210327 01:24:36.957"></status>
</kw>
<kw name="Set Global Variable" library="BuiltIn">
<doc>Makes a variable available globally in all tests and suites.</doc>
<arguments>
<arg>${response}</arg>
</arguments>
<msg timestamp="20210327 01:24:36.957" level="INFO">${response} = &lt;Response [201]&gt;</msg>
<status status="PASS" starttime="20210327 01:24:36.957" endtime="20210327 01:24:36.957"></status>
</kw>
<kw name="Set Variable If" library="BuiltIn">
<doc>Sets variable based on the given condition.</doc>
<arguments>
<arg>${response.status_code}==201</arg>
<arg>${response.json()["id"]}</arg>
</arguments>
<assign>
<var>${address_external_key}</var>
</assign>
<msg timestamp="20210327 01:24:36.958" level="INFO">${address_external_key} = 3b3113b1a75b47c6a3601ed59dc2046a</msg>
<status status="PASS" starttime="20210327 01:24:36.957" endtime="20210327 01:24:36.958"></status>
</kw>
<kw name="Set Global Variable" library="BuiltIn">
<doc>Makes a variable available globally in all tests and suites.</doc>
<arguments>
<arg>${address_external_key}</arg>
</arguments>
<msg timestamp="20210327 01:24:36.958" level="INFO">${address_external_key} = 3b3113b1a75b47c6a3601ed59dc2046a</msg>
<status status="PASS" starttime="20210327 01:24:36.958" endtime="20210327 01:24:36.958"></status>
</kw>
<status status="PASS" starttime="20210327 01:24:36.679" endtime="20210327 01:24:36.958"></status>
</kw>
<kw name="validar status code" library="status_code_validade">
<arguments>
<arg>status_code=201</arg>
<arg>message_error=Erro ao criar endereço do holder</arg>
</arguments>
<kw name="Run Keyword If" library="BuiltIn">
<doc>Runs the given keyword with the given arguments, if ``condition`` is true.</doc>
<arguments>
<arg>'${response.status_code}' == '500'</arg>
<arg>Fatal Error</arg>
<arg>msg=|| Fatal Error || EXECUÇÃO DA SUITE DE TESTE INTERROMPIDA :: status_code: ${response.status_code} || message: ${response.json()["message"]} || X-REQUEST-ID: ${response.headers['X-REQUEST-ID']}</arg>
<arg>ELSE IF</arg>
<arg>'${response.status_code}' != '${status_code}'</arg>
<arg>Fail</arg>
<arg>msg=${message_error} :: status_code: ${response.status_code} || message: ${response.json()["message"]} || X-REQUEST-ID: ${response.headers['X-REQUEST-ID']}</arg>
</arguments>
<status status="PASS" starttime="20210327 01:24:36.959" endtime="20210327 01:24:36.959"></status>
</kw>
<status status="PASS" starttime="20210327 01:24:36.958" endtime="20210327 01:24:36.959"></status>
</kw>
<kw name="criar holder document" library="accreditation_post_holder_document">
<arguments>
<arg>document_type=SELFIE</arg>
</arguments>
<kw name="Set Test Variable" library="BuiltIn">
<doc>Makes a variable available everywhere within the scope of the current test.</doc>
<arguments>
<arg>${document_type}</arg>
</arguments>
<msg timestamp="20210327 01:24:36.960" level="INFO">${document_type} = SELFIE</msg>
<status status="PASS" starttime="20210327 01:24:36.960" endtime="20210327 01:24:36.960"></status>
</kw>
<kw name="Create Dictionary" library="BuiltIn">
<doc>Creates and returns a dictionary based on the given ``items``.</doc>
<arguments>
<arg>Content-Type=image/jpeg</arg>
</arguments>
<assign>
<var>${header}</var>
</assign>
<msg timestamp="20210327 01:24:36.961" level="INFO">${header} = {'Content-Type': 'image/jpeg'}</msg>
<status status="PASS" starttime="20210327 01:24:36.960" endtime="20210327 01:24:36.961"></status>
</kw>
<kw name="Get Binary File" library="OperatingSystem">
<doc>Returns the contents of a specified file.</doc>
<arguments>
<arg>C:\\Users\\vinicius.trindade\\banking_continuous_testing\\banking_continuous_testing\\apis\\accreditation\\documents\\holder_documents\\post.${/}..${/}..${/}..${/}..${/}..${/}images${/}accreditation${/}image.jpg</arg>
</arguments>
<assign>
<var>${data}</var>
</assign>
<msg timestamp="20210327 01:24:36.961" level="INFO" html="yes">Getting file '&lt;a href="file://C:\Users\vinicius.trindade\banking_continuous_testing\banking_continuous_testing\images\accreditation\image.jpg"&gt;C:\Users\vinicius.trindade\banking_continuous_testing\banking_continuous_testing\images\accreditation\image.jpg&lt;/a&gt;'.</msg>
<msg timestamp="20210327 01:24:36.962" level="INFO">${data} = \xff\xd8\xff\xe0JFIF\xf0\xf0\xff\xdbC


		
%# , #&amp;')*)-0-(0%()(\xff\xc0\xa0\xf0\xff\xc4	\xff\xc4=...</msg>
<status status="PASS" starttime="20210327 01:24:36.961" endtime="20210327 01:24:36.962"></status>
</kw>
<kw name="Post Request" library="RequestsLibrary">
<doc>Send a POST request on the session object found using the
given `alias`</doc>
<arguments>
<arg>accreditation</arg>
<arg>/marketplaces/${marketplace_external_key}/banking/accreditation/holders/${holder_external_key}/documents?type=${document_type}</arg>
<arg>data=${data}</arg>
<arg>headers=${header}</arg>
</arguments>
<assign>
<var>${response}</var>
</assign>
<msg timestamp="20210327 01:24:36.963" level="INFO">POST Request using : uri=/marketplaces/f71a8951368a4cc085cf7875ff44e61c/banking/accreditation/holders/afb4ddd17a12446a8d10e0739ed11e34/documents?type=SELFIE, params=None, files=None, allow_redirects=True, timeout=None
headers={'User-Agent': 'python-requests/2.22.0', 'Accept-Encoding': 'gzip, deflate', 'Accept': '*/*', 'Connection': 'keep-alive', 'Content-Type': 'image/jpeg'} 
data=&lt;image/jpeg&gt; 
json=None</msg>
<msg timestamp="20210327 01:24:37.308" level="INFO">${response} = &lt;Response [201]&gt;</msg>
<status status="PASS" starttime="20210327 01:24:36.962" endtime="20210327 01:24:37.308"></status>
</kw>
<kw name="Log" library="BuiltIn">
<doc>Logs the given message with the given level.</doc>
<arguments>
<arg>${response.json()}</arg>
</arguments>
<msg timestamp="20210327 01:24:37.311" level="INFO">{'id': '30b597485eb94ea094ed0d0a56dcb30e', 'document_type': 'selfie', 'media_type': 'image_jpeg', 'length': 3135, '_links': {'self': {'href': 'https://banking-accreditation-internal.staging.zoop.tech/marketplaces/f71a8951368a4cc085cf7875ff44e61c/banking/accreditation/holders/afb4ddd17a12446a8d10e0739ed11e34/documents/30b597485eb94ea094ed0d0a56dcb30e', 'type': 'GET'}, 'holder': {'href': 'https://banking-accreditation-internal.staging.zoop.tech/marketplaces/f71a8951368a4cc085cf7875ff44e61c/banking/accreditation/holders/afb4ddd17a12446a8d10e0739ed11e34', 'type': 'GET'}, 'download': {'href': 'https://banking-accreditation-internal.staging.zoop.tech/marketplaces/f71a8951368a4cc085cf7875ff44e61c/banking/accreditation/holders/afb4ddd17a12446a8d10e0739ed11e34/documents/30b597485eb94ea094ed0d0a56dcb30e/download', 'type': 'GET'}}}</msg>
<status status="PASS" starttime="20210327 01:24:37.309" endtime="20210327 01:24:37.312"></status>
</kw>
<kw name="Log" library="BuiltIn">
<doc>Logs the given message with the given level.</doc>
<arguments>
<arg>${response.headers['X-REQUEST-ID']}</arg>
</arguments>
<msg timestamp="20210327 01:24:37.313" level="INFO">d43acca5209ed461</msg>
<status status="PASS" starttime="20210327 01:24:37.312" endtime="20210327 01:24:37.313"></status>
</kw>
<kw name="Set Global Variable" library="BuiltIn">
<doc>Makes a variable available globally in all tests and suites.</doc>
<arguments>
<arg>${response}</arg>
</arguments>
<msg timestamp="20210327 01:24:37.314" level="INFO">${response} = &lt;Response [201]&gt;</msg>
<status status="PASS" starttime="20210327 01:24:37.313" endtime="20210327 01:24:37.314"></status>
</kw>
<kw name="Set Variable If" library="BuiltIn">
<doc>Sets variable based on the given condition.</doc>
<arguments>
<arg>${response.status_code}==201</arg>
<arg>${response.json()["id"]}</arg>
</arguments>
<assign>
<var>${document_external_key}</var>
</assign>
<msg timestamp="20210327 01:24:37.317" level="INFO">${document_external_key} = 30b597485eb94ea094ed0d0a56dcb30e</msg>
<status status="PASS" starttime="20210327 01:24:37.316" endtime="20210327 01:24:37.317"></status>
</kw>
<kw name="Set Global Variable" library="BuiltIn">
<doc>Makes a variable available globally in all tests and suites.</doc>
<arguments>
<arg>${document_external_key}</arg>
</arguments>
<msg timestamp="20210327 01:24:37.318" level="INFO">${document_external_key} = 30b597485eb94ea094ed0d0a56dcb30e</msg>
<status status="PASS" starttime="20210327 01:24:37.317" endtime="20210327 01:24:37.318"></status>
</kw>
<status status="PASS" starttime="20210327 01:24:36.960" endtime="20210327 01:24:37.319"></status>
</kw>
<kw name="validar status code" library="status_code_validade">
<arguments>
<arg>status_code=201</arg>
<arg>message_error=Erro ao criar ${document_type} do holder</arg>
</arguments>
<kw name="Run Keyword If" library="BuiltIn">
<doc>Runs the given keyword with the given arguments, if ``condition`` is true.</doc>
<arguments>
<arg>'${response.status_code}' == '500'</arg>
<arg>Fatal Error</arg>
<arg>msg=|| Fatal Error || EXECUÇÃO DA SUITE DE TESTE INTERROMPIDA :: status_code: ${response.status_code} || message: ${response.json()["message"]} || X-REQUEST-ID: ${response.headers['X-REQUEST-ID']}</arg>
<arg>ELSE IF</arg>
<arg>'${response.status_code}' != '${status_code}'</arg>
<arg>Fail</arg>
<arg>msg=${message_error} :: status_code: ${response.status_code} || message: ${response.json()["message"]} || X-REQUEST-ID: ${response.headers['X-REQUEST-ID']}</arg>
</arguments>
<status status="PASS" starttime="20210327 01:24:37.320" endtime="20210327 01:24:37.321"></status>
</kw>
<status status="PASS" starttime="20210327 01:24:37.319" endtime="20210327 01:24:37.321"></status>
</kw>
<kw name="criar holder document" library="accreditation_post_holder_document">
<arguments>
<arg>document_type=RG_FRENTE</arg>
</arguments>
<kw name="Set Test Variable" library="BuiltIn">
<doc>Makes a variable available everywhere within the scope of the current test.</doc>
<arguments>
<arg>${document_type}</arg>
</arguments>
<msg timestamp="20210327 01:24:37.323" level="INFO">${document_type} = RG_FRENTE</msg>
<status status="PASS" starttime="20210327 01:24:37.323" endtime="20210327 01:24:37.324"></status>
</kw>
<kw name="Create Dictionary" library="BuiltIn">
<doc>Creates and returns a dictionary based on the given ``items``.</doc>
<arguments>
<arg>Content-Type=image/jpeg</arg>
</arguments>
<assign>
<var>${header}</var>
</assign>
<msg timestamp="20210327 01:24:37.324" level="INFO">${header} = {'Content-Type': 'image/jpeg'}</msg>
<status status="PASS" starttime="20210327 01:24:37.324" endtime="20210327 01:24:37.324"></status>
</kw>
<kw name="Get Binary File" library="OperatingSystem">
<doc>Returns the contents of a specified file.</doc>
<arguments>
<arg>C:\\Users\\vinicius.trindade\\banking_continuous_testing\\banking_continuous_testing\\apis\\accreditation\\documents\\holder_documents\\post.${/}..${/}..${/}..${/}..${/}..${/}images${/}accreditation${/}image.jpg</arg>
</arguments>
<assign>
<var>${data}</var>
</assign>
<msg timestamp="20210327 01:24:37.325" level="INFO" html="yes">Getting file '&lt;a href="file://C:\Users\vinicius.trindade\banking_continuous_testing\banking_continuous_testing\images\accreditation\image.jpg"&gt;C:\Users\vinicius.trindade\banking_continuous_testing\banking_continuous_testing\images\accreditation\image.jpg&lt;/a&gt;'.</msg>
<msg timestamp="20210327 01:24:37.326" level="INFO">${data} = \xff\xd8\xff\xe0JFIF\xf0\xf0\xff\xdbC


		
%# , #&amp;')*)-0-(0%()(\xff\xc0\xa0\xf0\xff\xc4	\xff\xc4=...</msg>
<status status="PASS" starttime="20210327 01:24:37.324" endtime="20210327 01:24:37.326"></status>
</kw>
<kw name="Post Request" library="RequestsLibrary">
<doc>Send a POST request on the session object found using the
given `alias`</doc>
<arguments>
<arg>accreditation</arg>
<arg>/marketplaces/${marketplace_external_key}/banking/accreditation/holders/${holder_external_key}/documents?type=${document_type}</arg>
<arg>data=${data}</arg>
<arg>headers=${header}</arg>
</arguments>
<assign>
<var>${response}</var>
</assign>
<msg timestamp="20210327 01:24:37.326" level="INFO">POST Request using : uri=/marketplaces/f71a8951368a4cc085cf7875ff44e61c/banking/accreditation/holders/afb4ddd17a12446a8d10e0739ed11e34/documents?type=RG_FRENTE, params=None, files=None, allow_redirects=True, timeout=None
headers={'User-Agent': 'python-requests/2.22.0', 'Accept-Encoding': 'gzip, deflate', 'Accept': '*/*', 'Connection': 'keep-alive', 'Content-Type': 'image/jpeg'} 
data=&lt;image/jpeg&gt; 
json=None</msg>
<msg timestamp="20210327 01:24:37.616" level="INFO">${response} = &lt;Response [201]&gt;</msg>
<status status="PASS" starttime="20210327 01:24:37.326" endtime="20210327 01:24:37.616"></status>
</kw>
<kw name="Log" library="BuiltIn">
<doc>Logs the given message with the given level.</doc>
<arguments>
<arg>${response.json()}</arg>
</arguments>
<msg timestamp="20210327 01:24:37.618" level="INFO">{'id': '21d3ff949acd4fd8a66194df21d88050', 'document_type': 'rg_frente', 'media_type': 'image_jpeg', 'length': 3135, '_links': {'self': {'href': 'https://banking-accreditation-internal.staging.zoop.tech/marketplaces/f71a8951368a4cc085cf7875ff44e61c/banking/accreditation/holders/afb4ddd17a12446a8d10e0739ed11e34/documents/21d3ff949acd4fd8a66194df21d88050', 'type': 'GET'}, 'holder': {'href': 'https://banking-accreditation-internal.staging.zoop.tech/marketplaces/f71a8951368a4cc085cf7875ff44e61c/banking/accreditation/holders/afb4ddd17a12446a8d10e0739ed11e34', 'type': 'GET'}, 'download': {'href': 'https://banking-accreditation-internal.staging.zoop.tech/marketplaces/f71a8951368a4cc085cf7875ff44e61c/banking/accreditation/holders/afb4ddd17a12446a8d10e0739ed11e34/documents/21d3ff949acd4fd8a66194df21d88050/download', 'type': 'GET'}}}</msg>
<status status="PASS" starttime="20210327 01:24:37.617" endtime="20210327 01:24:37.618"></status>
</kw>
<kw name="Log" library="BuiltIn">
<doc>Logs the given message with the given level.</doc>
<arguments>
<arg>${response.headers['X-REQUEST-ID']}</arg>
</arguments>
<msg timestamp="20210327 01:24:37.619" level="INFO">b3279570522e0c89</msg>
<status status="PASS" starttime="20210327 01:24:37.618" endtime="20210327 01:24:37.619"></status>
</kw>
<kw name="Set Global Variable" library="BuiltIn">
<doc>Makes a variable available globally in all tests and suites.</doc>
<arguments>
<arg>${response}</arg>
</arguments>
<msg timestamp="20210327 01:24:37.621" level="INFO">${response} = &lt;Response [201]&gt;</msg>
<status status="PASS" starttime="20210327 01:24:37.620" endtime="20210327 01:24:37.621"></status>
</kw>
<kw name="Set Variable If" library="BuiltIn">
<doc>Sets variable based on the given condition.</doc>
<arguments>
<arg>${response.status_code}==201</arg>
<arg>${response.json()["id"]}</arg>
</arguments>
<assign>
<var>${document_external_key}</var>
</assign>
<msg timestamp="20210327 01:24:37.623" level="INFO">${document_external_key} = 21d3ff949acd4fd8a66194df21d88050</msg>
<status status="PASS" starttime="20210327 01:24:37.622" endtime="20210327 01:24:37.623"></status>
</kw>
<kw name="Set Global Variable" library="BuiltIn">
<doc>Makes a variable available globally in all tests and suites.</doc>
<arguments>
<arg>${document_external_key}</arg>
</arguments>
<msg timestamp="20210327 01:24:37.624" level="INFO">${document_external_key} = 21d3ff949acd4fd8a66194df21d88050</msg>
<status status="PASS" starttime="20210327 01:24:37.623" endtime="20210327 01:24:37.624"></status>
</kw>
<status status="PASS" starttime="20210327 01:24:37.322" endtime="20210327 01:24:37.625"></status>
</kw>
<kw name="validar status code" library="status_code_validade">
<arguments>
<arg>status_code=201</arg>
<arg>message_error=Erro ao criar ${document_type} do holder</arg>
</arguments>
<kw name="Run Keyword If" library="BuiltIn">
<doc>Runs the given keyword with the given arguments, if ``condition`` is true.</doc>
<arguments>
<arg>'${response.status_code}' == '500'</arg>
<arg>Fatal Error</arg>
<arg>msg=|| Fatal Error || EXECUÇÃO DA SUITE DE TESTE INTERROMPIDA :: status_code: ${response.status_code} || message: ${response.json()["message"]} || X-REQUEST-ID: ${response.headers['X-REQUEST-ID']}</arg>
<arg>ELSE IF</arg>
<arg>'${response.status_code}' != '${status_code}'</arg>
<arg>Fail</arg>
<arg>msg=${message_error} :: status_code: ${response.status_code} || message: ${response.json()["message"]} || X-REQUEST-ID: ${response.headers['X-REQUEST-ID']}</arg>
</arguments>
<status status="PASS" starttime="20210327 01:24:37.626" endtime="20210327 01:24:37.627"></status>
</kw>
<status status="PASS" starttime="20210327 01:24:37.625" endtime="20210327 01:24:37.627"></status>
</kw>
<kw name="criar holder document" library="accreditation_post_holder_document">
<arguments>
<arg>document_type=RG_VERSO</arg>
</arguments>
<kw name="Set Test Variable" library="BuiltIn">
<doc>Makes a variable available everywhere within the scope of the current test.</doc>
<arguments>
<arg>${document_type}</arg>
</arguments>
<msg timestamp="20210327 01:24:37.628" level="INFO">${document_type} = RG_VERSO</msg>
<status status="PASS" starttime="20210327 01:24:37.628" endtime="20210327 01:24:37.628"></status>
</kw>
<kw name="Create Dictionary" library="BuiltIn">
<doc>Creates and returns a dictionary based on the given ``items``.</doc>
<arguments>
<arg>Content-Type=image/jpeg</arg>
</arguments>
<assign>
<var>${header}</var>
</assign>
<msg timestamp="20210327 01:24:37.628" level="INFO">${header} = {'Content-Type': 'image/jpeg'}</msg>
<status status="PASS" starttime="20210327 01:24:37.628" endtime="20210327 01:24:37.628"></status>
</kw>
<kw name="Get Binary File" library="OperatingSystem">
<doc>Returns the contents of a specified file.</doc>
<arguments>
<arg>C:\\Users\\vinicius.trindade\\banking_continuous_testing\\banking_continuous_testing\\apis\\accreditation\\documents\\holder_documents\\post.${/}..${/}..${/}..${/}..${/}..${/}images${/}accreditation${/}image.jpg</arg>
</arguments>
<assign>
<var>${data}</var>
</assign>
<msg timestamp="20210327 01:24:37.629" level="INFO" html="yes">Getting file '&lt;a href="file://C:\Users\vinicius.trindade\banking_continuous_testing\banking_continuous_testing\images\accreditation\image.jpg"&gt;C:\Users\vinicius.trindade\banking_continuous_testing\banking_continuous_testing\images\accreditation\image.jpg&lt;/a&gt;'.</msg>
<msg timestamp="20210327 01:24:37.630" level="INFO">${data} = \xff\xd8\xff\xe0JFIF\xf0\xf0\xff\xdbC


		
%# , #&amp;')*)-0-(0%()(\xff\xc0\xa0\xf0\xff\xc4	\xff\xc4=...</msg>
<status status="PASS" starttime="20210327 01:24:37.629" endtime="20210327 01:24:37.630"></status>
</kw>
<kw name="Post Request" library="RequestsLibrary">
<doc>Send a POST request on the session object found using the
given `alias`</doc>
<arguments>
<arg>accreditation</arg>
<arg>/marketplaces/${marketplace_external_key}/banking/accreditation/holders/${holder_external_key}/documents?type=${document_type}</arg>
<arg>data=${data}</arg>
<arg>headers=${header}</arg>
</arguments>
<assign>
<var>${response}</var>
</assign>
<msg timestamp="20210327 01:24:37.631" level="INFO">POST Request using : uri=/marketplaces/f71a8951368a4cc085cf7875ff44e61c/banking/accreditation/holders/afb4ddd17a12446a8d10e0739ed11e34/documents?type=RG_VERSO, params=None, files=None, allow_redirects=True, timeout=None
headers={'User-Agent': 'python-requests/2.22.0', 'Accept-Encoding': 'gzip, deflate', 'Accept': '*/*', 'Connection': 'keep-alive', 'Content-Type': 'image/jpeg'} 
data=&lt;image/jpeg&gt; 
json=None</msg>
<msg timestamp="20210327 01:24:37.928" level="INFO">${response} = &lt;Response [201]&gt;</msg>
<status status="PASS" starttime="20210327 01:24:37.630" endtime="20210327 01:24:37.928"></status>
</kw>
<kw name="Log" library="BuiltIn">
<doc>Logs the given message with the given level.</doc>
<arguments>
<arg>${response.json()}</arg>
</arguments>
<msg timestamp="20210327 01:24:37.928" level="INFO">{'id': '1fed84fa491f4b6486e4d3224657455c', 'document_type': 'rg_verso', 'media_type': 'image_jpeg', 'length': 3135, '_links': {'self': {'href': 'https://banking-accreditation-internal.staging.zoop.tech/marketplaces/f71a8951368a4cc085cf7875ff44e61c/banking/accreditation/holders/afb4ddd17a12446a8d10e0739ed11e34/documents/1fed84fa491f4b6486e4d3224657455c', 'type': 'GET'}, 'holder': {'href': 'https://banking-accreditation-internal.staging.zoop.tech/marketplaces/f71a8951368a4cc085cf7875ff44e61c/banking/accreditation/holders/afb4ddd17a12446a8d10e0739ed11e34', 'type': 'GET'}, 'download': {'href': 'https://banking-accreditation-internal.staging.zoop.tech/marketplaces/f71a8951368a4cc085cf7875ff44e61c/banking/accreditation/holders/afb4ddd17a12446a8d10e0739ed11e34/documents/1fed84fa491f4b6486e4d3224657455c/download', 'type': 'GET'}}}</msg>
<status status="PASS" starttime="20210327 01:24:37.928" endtime="20210327 01:24:37.928"></status>
</kw>
<kw name="Log" library="BuiltIn">
<doc>Logs the given message with the given level.</doc>
<arguments>
<arg>${response.headers['X-REQUEST-ID']}</arg>
</arguments>
<msg timestamp="20210327 01:24:37.929" level="INFO">83a2dc2548e4f93b</msg>
<status status="PASS" starttime="20210327 01:24:37.929" endtime="20210327 01:24:37.929"></status>
</kw>
<kw name="Set Global Variable" library="BuiltIn">
<doc>Makes a variable available globally in all tests and suites.</doc>
<arguments>
<arg>${response}</arg>
</arguments>
<msg timestamp="20210327 01:24:37.930" level="INFO">${response} = &lt;Response [201]&gt;</msg>
<status status="PASS" starttime="20210327 01:24:37.929" endtime="20210327 01:24:37.930"></status>
</kw>
<kw name="Set Variable If" library="BuiltIn">
<doc>Sets variable based on the given condition.</doc>
<arguments>
<arg>${response.status_code}==201</arg>
<arg>${response.json()["id"]}</arg>
</arguments>
<assign>
<var>${document_external_key}</var>
</assign>
<msg timestamp="20210327 01:24:37.930" level="INFO">${document_external_key} = 1fed84fa491f4b6486e4d3224657455c</msg>
<status status="PASS" starttime="20210327 01:24:37.930" endtime="20210327 01:24:37.930"></status>
</kw>
<kw name="Set Global Variable" library="BuiltIn">
<doc>Makes a variable available globally in all tests and suites.</doc>
<arguments>
<arg>${document_external_key}</arg>
</arguments>
<msg timestamp="20210327 01:24:37.931" level="INFO">${document_external_key} = 1fed84fa491f4b6486e4d3224657455c</msg>
<status status="PASS" starttime="20210327 01:24:37.931" endtime="20210327 01:24:37.931"></status>
</kw>
<status status="PASS" starttime="20210327 01:24:37.628" endtime="20210327 01:24:37.931"></status>
</kw>
<kw name="validar status code" library="status_code_validade">
<arguments>
<arg>status_code=201</arg>
<arg>message_error=Erro ao criar ${document_type} do holder</arg>
</arguments>
<kw name="Run Keyword If" library="BuiltIn">
<doc>Runs the given keyword with the given arguments, if ``condition`` is true.</doc>
<arguments>
<arg>'${response.status_code}' == '500'</arg>
<arg>Fatal Error</arg>
<arg>msg=|| Fatal Error || EXECUÇÃO DA SUITE DE TESTE INTERROMPIDA :: status_code: ${response.status_code} || message: ${response.json()["message"]} || X-REQUEST-ID: ${response.headers['X-REQUEST-ID']}</arg>
<arg>ELSE IF</arg>
<arg>'${response.status_code}' != '${status_code}'</arg>
<arg>Fail</arg>
<arg>msg=${message_error} :: status_code: ${response.status_code} || message: ${response.json()["message"]} || X-REQUEST-ID: ${response.headers['X-REQUEST-ID']}</arg>
</arguments>
<status status="PASS" starttime="20210327 01:24:37.932" endtime="20210327 01:24:37.932"></status>
</kw>
<status status="PASS" starttime="20210327 01:24:37.931" endtime="20210327 01:24:37.933"></status>
</kw>
<kw name="solicitar aprovação do holder" library="accreditation_request_approval">
<kw name="Create Dictionary" library="BuiltIn">
<doc>Creates and returns a dictionary based on the given ``items``.</doc>
<arguments>
<arg>Content-Type=application/json</arg>
</arguments>
<assign>
<var>${header}</var>
</assign>
<msg timestamp="20210327 01:24:37.933" level="INFO">${header} = {'Content-Type': 'application/json'}</msg>
<status status="PASS" starttime="20210327 01:24:37.933" endtime="20210327 01:24:37.933"></status>
</kw>
<kw name="Post Request" library="RequestsLibrary">
<doc>Send a POST request on the session object found using the
given `alias`</doc>
<arguments>
<arg>accreditation</arg>
<arg>/marketplaces/${marketplace_external_key}/banking/accreditation/holders/${holder_external_key}/approval</arg>
<arg>headers=${header}</arg>
</arguments>
<assign>
<var>${response}</var>
</assign>
<msg timestamp="20210327 01:24:37.934" level="INFO">POST Request using : uri=/marketplaces/f71a8951368a4cc085cf7875ff44e61c/banking/accreditation/holders/afb4ddd17a12446a8d10e0739ed11e34/approval, params=None, files=None, allow_redirects=True, timeout=None
headers={'User-Agent': 'python-requests/2.22.0', 'Accept-Encoding': 'gzip, deflate', 'Accept': '*/*', 'Connection': 'keep-alive', 'Content-Type': 'application/json'} 
data=None 
json=None</msg>
<msg timestamp="20210327 01:24:38.230" level="INFO">${response} = &lt;Response [200]&gt;</msg>
<status status="PASS" starttime="20210327 01:24:37.934" endtime="20210327 01:24:38.230"></status>
</kw>
<kw name="Log" library="BuiltIn">
<doc>Logs the given message with the given level.</doc>
<arguments>
<arg>${response.json()}</arg>
</arguments>
<msg timestamp="20210327 01:24:38.230" level="INFO">{'message': 'Approval request accepted successfully. Processing analysis'}</msg>
<status status="PASS" starttime="20210327 01:24:38.230" endtime="20210327 01:24:38.230"></status>
</kw>
<kw name="Log" library="BuiltIn">
<doc>Logs the given message with the given level.</doc>
<arguments>
<arg>${response.headers['X-REQUEST-ID']}</arg>
</arguments>
<msg timestamp="20210327 01:24:38.231" level="INFO">b8a5fa2cff655812</msg>
<status status="PASS" starttime="20210327 01:24:38.230" endtime="20210327 01:24:38.231"></status>
</kw>
<kw name="Set Global Variable" library="BuiltIn">
<doc>Makes a variable available globally in all tests and suites.</doc>
<arguments>
<arg>${response}</arg>
</arguments>
<msg timestamp="20210327 01:24:38.231" level="INFO">${response} = &lt;Response [200]&gt;</msg>
<status status="PASS" starttime="20210327 01:24:38.231" endtime="20210327 01:24:38.231"></status>
</kw>
<status status="PASS" starttime="20210327 01:24:37.933" endtime="20210327 01:24:38.231"></status>
</kw>
<kw name="validar status code" library="status_code_validade">
<arguments>
<arg>status_code=200</arg>
<arg>message_error=Erro ao solicitar aprovação do holder</arg>
</arguments>
<kw name="Run Keyword If" library="BuiltIn">
<doc>Runs the given keyword with the given arguments, if ``condition`` is true.</doc>
<arguments>
<arg>'${response.status_code}' == '500'</arg>
<arg>Fatal Error</arg>
<arg>msg=|| Fatal Error || EXECUÇÃO DA SUITE DE TESTE INTERROMPIDA :: status_code: ${response.status_code} || message: ${response.json()["message"]} || X-REQUEST-ID: ${response.headers['X-REQUEST-ID']}</arg>
<arg>ELSE IF</arg>
<arg>'${response.status_code}' != '${status_code}'</arg>
<arg>Fail</arg>
<arg>msg=${message_error} :: status_code: ${response.status_code} || message: ${response.json()["message"]} || X-REQUEST-ID: ${response.headers['X-REQUEST-ID']}</arg>
</arguments>
<status status="PASS" starttime="20210327 01:24:38.232" endtime="20210327 01:24:38.232"></status>
</kw>
<status status="PASS" starttime="20210327 01:24:38.231" endtime="20210327 01:24:38.232"></status>
</kw>
<kw name="recebendo notificação de aprovação" library="accreditation_risk_notification">
<kw name="Uuid 4" library="FakerLibrary">
<doc>Generates a random UUID4 string.
:param cast_to: Specify what type the UUID should be cast to. Default is `str`
:type cast_to: callable</doc>
<assign>
<var>${assessment_id}</var>
</assign>
<msg timestamp="20210327 01:24:38.233" level="INFO">${assessment_id} = d11d510b-3a09-48e7-8fca-467a58d540cf</msg>
<status status="PASS" starttime="20210327 01:24:38.233" endtime="20210327 01:24:38.233"></status>
</kw>
<kw name="Get Time" library="BuiltIn">
<doc>Returns the given time in the requested format.</doc>
<arguments>
<arg>year</arg>
</arguments>
<assign>
<var>${year}</var>
</assign>
<msg timestamp="20210327 01:24:38.234" level="INFO">${year} = 2021</msg>
<status status="PASS" starttime="20210327 01:24:38.233" endtime="20210327 01:24:38.234"></status>
</kw>
<kw name="Get Time" library="BuiltIn">
<doc>Returns the given time in the requested format.</doc>
<arguments>
<arg>month</arg>
</arguments>
<assign>
<var>${month}</var>
</assign>
<msg timestamp="20210327 01:24:38.234" level="INFO">${month} = 03</msg>
<status status="PASS" starttime="20210327 01:24:38.234" endtime="20210327 01:24:38.234"></status>
</kw>
<kw name="Get Time" library="BuiltIn">
<doc>Returns the given time in the requested format.</doc>
<arguments>
<arg>day</arg>
</arguments>
<assign>
<var>${day}</var>
</assign>
<msg timestamp="20210327 01:24:38.235" level="INFO">${day} = 27</msg>
<status status="PASS" starttime="20210327 01:24:38.234" endtime="20210327 01:24:38.235"></status>
</kw>
<kw name="Create Dictionary" library="BuiltIn">
<doc>Creates and returns a dictionary based on the given ``items``.</doc>
<arguments>
<arg>Content-Type=application/json</arg>
</arguments>
<assign>
<var>${header}</var>
</assign>
<msg timestamp="20210327 01:24:38.235" level="INFO">${header} = {'Content-Type': 'application/json'}</msg>
<status status="PASS" starttime="20210327 01:24:38.235" endtime="20210327 01:24:38.235"></status>
</kw>
<kw name="Catenate" library="BuiltIn">
<doc>Catenates the given items together and returns the resulted string.</doc>
<arguments>
<arg>{</arg>
<arg>"type": "risk.assessment.result",</arg>
<arg>"resource": "business.holder",</arg>
<arg>"created_at": "${year}-${month}-${day} 15:28:56.747Z",</arg>
<arg>"marketplace_id": "${marketplace_external_key}",</arg>
<arg>"object": {</arg>
<arg>"result": "APPROVED",</arg>
<arg>"holder_id": "${holder_external_key}",</arg>
<arg>"applicant_id": "${application_external_key}",</arg>
<arg>"assessment_id": "${assessment_id}"</arg>
<arg>}</arg>
<arg>}</arg>
</arguments>
<assign>
<var>${body}</var>
</assign>
<msg timestamp="20210327 01:24:38.236" level="INFO">${body} = { "type": "risk.assessment.result", "resource": "business.holder", "created_at": "2021-03-27 15:28:56.747Z", "marketplace_id": "f71a8951368a4cc085cf7875ff44e61c", "object": { "result": "APPROVED", "ho...</msg>
<status status="PASS" starttime="20210327 01:24:38.235" endtime="20210327 01:24:38.236"></status>
</kw>
<kw name="Post Request" library="RequestsLibrary">
<doc>Send a POST request on the session object found using the
given `alias`</doc>
<arguments>
<arg>accreditation</arg>
<arg>/admin/internal_operation/marketplaces/${marketplace_external_key}/banking/accreditation/holders/${holder_external_key}/registration/approval</arg>
<arg>data=${body}</arg>
<arg>headers=${header}</arg>
</arguments>
<assign>
<var>${response}</var>
</assign>
<msg timestamp="20210327 01:24:38.237" level="INFO">POST Request using : uri=/admin/internal_operation/marketplaces/f71a8951368a4cc085cf7875ff44e61c/banking/accreditation/holders/afb4ddd17a12446a8d10e0739ed11e34/registration/approval, params=None, files=None, allow_redirects=True, timeout=None
headers={'User-Agent': 'python-requests/2.22.0', 'Accept-Encoding': 'gzip, deflate', 'Accept': '*/*', 'Connection': 'keep-alive', 'Content-Type': 'application/json'} 
data={ "type": "risk.assessment.result", "resource": "business.holder", "created_at": "2021-03-27 15:28:56.747Z", "marketplace_id": "f71a8951368a4cc085cf7875ff44e61c", "object": { "result": "APPROVED", "holder_id": "afb4ddd17a12446a8d10e0739ed11e34", "applicant_id": "bcc25a6751c14b52af1340d40dba78c5", "assessment_id": "d11d510b-3a09-48e7-8fca-467a58d540cf" } } 
json=None</msg>
<msg timestamp="20210327 01:24:38.457" level="INFO">${response} = &lt;Response [200]&gt;</msg>
<status status="PASS" starttime="20210327 01:24:38.236" endtime="20210327 01:24:38.457"></status>
</kw>
<kw name="Log" library="BuiltIn">
<doc>Logs the given message with the given level.</doc>
<arguments>
<arg>${response.json()}</arg>
</arguments>
<msg timestamp="20210327 01:24:38.458" level="INFO">{'message': 'Holder approved successfully'}</msg>
<status status="PASS" starttime="20210327 01:24:38.457" endtime="20210327 01:24:38.459"></status>
</kw>
<kw name="Log" library="BuiltIn">
<doc>Logs the given message with the given level.</doc>
<arguments>
<arg>${response.headers['X-REQUEST-ID']}</arg>
</arguments>
<msg timestamp="20210327 01:24:38.461" level="INFO">7ec445cebd168619</msg>
<status status="PASS" starttime="20210327 01:24:38.460" endtime="20210327 01:24:38.461"></status>
</kw>
<kw name="Set Global Variable" library="BuiltIn">
<doc>Makes a variable available globally in all tests and suites.</doc>
<arguments>
<arg>${response}</arg>
</arguments>
<msg timestamp="20210327 01:24:38.463" level="INFO">${response} = &lt;Response [200]&gt;</msg>
<status status="PASS" starttime="20210327 01:24:38.462" endtime="20210327 01:24:38.464"></status>
</kw>
<kw name="Should Be Equal As Strings" library="BuiltIn">
<doc>Fails if objects are unequal after converting them to strings.</doc>
<arguments>
<arg>${response.status_code}</arg>
<arg>200</arg>
</arguments>
<msg timestamp="20210327 01:24:38.465" level="INFO">Argument types are:
&lt;class 'int'&gt;
&lt;type 'unicode'&gt;</msg>
<status status="PASS" starttime="20210327 01:24:38.465" endtime="20210327 01:24:38.466"></status>
</kw>
<status status="PASS" starttime="20210327 01:24:38.233" endtime="20210327 01:24:38.466"></status>
</kw>
<kw name="validar status code" library="status_code_validade">
<arguments>
<arg>status_code=200</arg>
<arg>message_error=Erro ao receber notificação de aprovação</arg>
</arguments>
<kw name="Run Keyword If" library="BuiltIn">
<doc>Runs the given keyword with the given arguments, if ``condition`` is true.</doc>
<arguments>
<arg>'${response.status_code}' == '500'</arg>
<arg>Fatal Error</arg>
<arg>msg=|| Fatal Error || EXECUÇÃO DA SUITE DE TESTE INTERROMPIDA :: status_code: ${response.status_code} || message: ${response.json()["message"]} || X-REQUEST-ID: ${response.headers['X-REQUEST-ID']}</arg>
<arg>ELSE IF</arg>
<arg>'${response.status_code}' != '${status_code}'</arg>
<arg>Fail</arg>
<arg>msg=${message_error} :: status_code: ${response.status_code} || message: ${response.json()["message"]} || X-REQUEST-ID: ${response.headers['X-REQUEST-ID']}</arg>
</arguments>
<status status="PASS" starttime="20210327 01:24:38.468" endtime="20210327 01:24:38.470"></status>
</kw>
<status status="PASS" starttime="20210327 01:24:38.467" endtime="20210327 01:24:38.470"></status>
</kw>
<kw name="buscar account por holder" library="accounts_get_accounts_by_holder">
<kw name="conectar accounts" library="create_session_staging_internal">
<kw name="Create Session" library="RequestsLibrary">
<doc>Create Session: create a HTTP session to a server</doc>
<arguments>
<arg>alias=accounts</arg>
<arg>url=${account_url_base}</arg>
<arg>disable_warnings=true</arg>
</arguments>
<msg timestamp="20210327 01:24:38.472" level="INFO">Creating Session using : alias=accounts, url=https://banking-accounts-internal.staging.zoop.tech, headers={},                     cookies={}, auth=None, timeout=None, proxies=None, verify=False,                     debug=0 </msg>
<status status="PASS" starttime="20210327 01:24:38.472" endtime="20210327 01:24:38.472"></status>
</kw>
<status status="PASS" starttime="20210327 01:24:38.471" endtime="20210327 01:24:38.473"></status>
</kw>
<kw name="Get Request" library="RequestsLibrary">
<doc>Send a GET request on the session object found using the
given `alias`</doc>
<arguments>
<arg>accounts</arg>
<arg>/marketplaces/${marketplace_external_key}/holders/${holder_external_key}/accounts</arg>
</arguments>
<assign>
<var>${response}</var>
</assign>
<msg timestamp="20210327 01:24:38.473" level="INFO">GET Request using : uri=/marketplaces/f71a8951368a4cc085cf7875ff44e61c/holders/afb4ddd17a12446a8d10e0739ed11e34/accounts, params=None, allow_redirects=True, timeout=None
headers={'User-Agent': 'python-requests/2.22.0', 'Accept-Encoding': 'gzip, deflate', 'Accept': '*/*', 'Connection': 'keep-alive'} 
data=None 
json=None</msg>
<msg timestamp="20210327 01:24:39.112" level="INFO">${response} = &lt;Response [200]&gt;</msg>
<status status="PASS" starttime="20210327 01:24:38.473" endtime="20210327 01:24:39.112"></status>
</kw>
<kw name="Log" library="BuiltIn">
<doc>Logs the given message with the given level.</doc>
<arguments>
<arg>${response.json()}</arg>
</arguments>
<msg timestamp="20210327 01:24:39.113" level="INFO">{'items': [{'id': '82b4e8ad20a94bf780d8b9c2375d782b', 'holder': 'afb4ddd17a12446a8d10e0739ed11e34', 'balance': '0.00', 'currency': 'BRL', 'routing_number': '001', 'number': '6559227830', 'status': 'active', 'metadata': {}, 'created_at': '2021-03-27T04:24:38.681783', 'updated_at': '2021-03-27T04:24:38.681783', 'primary': True, 'marketplace_id': 'f71a8951368a4cc085cf7875ff44e61c', 'uri': '/v2/marketplaces/f71a8951368a4cc085cf7875ff44e61c/accounts/82b4e8ad20a94bf780d8b9c2375d782b', 'resource': 'payment_account'}], 'has_more': False, 'limit': 100, 'total_pages': 1, 'page': 1, 'offset': 0, 'total': '1', 'query_count': '1'}</msg>
<status status="PASS" starttime="20210327 01:24:39.112" endtime="20210327 01:24:39.113"></status>
</kw>
<kw name="Set Global Variable" library="BuiltIn">
<doc>Makes a variable available globally in all tests and suites.</doc>
<arguments>
<arg>${response}</arg>
</arguments>
<msg timestamp="20210327 01:24:39.113" level="INFO">${response} = &lt;Response [200]&gt;</msg>
<status status="PASS" starttime="20210327 01:24:39.113" endtime="20210327 01:24:39.113"></status>
</kw>
<kw name="Set Variable If" library="BuiltIn">
<doc>Sets variable based on the given condition.</doc>
<arguments>
<arg>${response.status_code}==200</arg>
<arg>${response.json()["items"][0]["id"]}</arg>
</arguments>
<assign>
<var>${account_external_key}</var>
</assign>
<msg timestamp="20210327 01:24:39.114" level="INFO">${account_external_key} = 82b4e8ad20a94bf780d8b9c2375d782b</msg>
<status status="PASS" starttime="20210327 01:24:39.113" endtime="20210327 01:24:39.114"></status>
</kw>
<kw name="Set Global Variable" library="BuiltIn">
<doc>Makes a variable available globally in all tests and suites.</doc>
<arguments>
<arg>${account_external_key}</arg>
</arguments>
<msg timestamp="20210327 01:24:39.114" level="INFO">${account_external_key} = 82b4e8ad20a94bf780d8b9c2375d782b</msg>
<status status="PASS" starttime="20210327 01:24:39.114" endtime="20210327 01:24:39.115"></status>
</kw>
<kw name="Set Variable If" library="BuiltIn">
<doc>Sets variable based on the given condition.</doc>
<arguments>
<arg>${response.status_code}==200</arg>
<arg>${response.json()["items"][0]["number"]}</arg>
</arguments>
<assign>
<var>${account_number}</var>
</assign>
<msg timestamp="20210327 01:24:39.115" level="INFO">${account_number} = 6559227830</msg>
<status status="PASS" starttime="20210327 01:24:39.115" endtime="20210327 01:24:39.115"></status>
</kw>
<kw name="Set Global Variable" library="BuiltIn">
<doc>Makes a variable available globally in all tests and suites.</doc>
<arguments>
<arg>${account_number}</arg>
</arguments>
<msg timestamp="20210327 01:24:39.115" level="INFO">${account_number} = 6559227830</msg>
<status status="PASS" starttime="20210327 01:24:39.115" endtime="20210327 01:24:39.116"></status>
</kw>
<kw name="Set Variable If" library="BuiltIn">
<doc>Sets variable based on the given condition.</doc>
<arguments>
<arg>${response.status_code}==200</arg>
<arg>${response.json()["items"][0]["routing_number"]}</arg>
</arguments>
<assign>
<var>${account_routing_number}</var>
</assign>
<msg timestamp="20210327 01:24:39.116" level="INFO">${account_routing_number} = 001</msg>
<status status="PASS" starttime="20210327 01:24:39.116" endtime="20210327 01:24:39.116"></status>
</kw>
<kw name="Set Global Variable" library="BuiltIn">
<doc>Makes a variable available globally in all tests and suites.</doc>
<arguments>
<arg>${account_routing_number}</arg>
</arguments>
<msg timestamp="20210327 01:24:39.116" level="INFO">${account_routing_number} = 001</msg>
<status status="PASS" starttime="20210327 01:24:39.116" endtime="20210327 01:24:39.116"></status>
</kw>
<status status="PASS" starttime="20210327 01:24:38.470" endtime="20210327 01:24:39.117"></status>
</kw>
<kw name="validar status code" library="status_code_validade">
<arguments>
<arg>status_code=200</arg>
<arg>message_error=Erro ao buscar account do holder</arg>
</arguments>
<kw name="Run Keyword If" library="BuiltIn">
<doc>Runs the given keyword with the given arguments, if ``condition`` is true.</doc>
<arguments>
<arg>'${response.status_code}' == '500'</arg>
<arg>Fatal Error</arg>
<arg>msg=|| Fatal Error || EXECUÇÃO DA SUITE DE TESTE INTERROMPIDA :: status_code: ${response.status_code} || message: ${response.json()["message"]} || X-REQUEST-ID: ${response.headers['X-REQUEST-ID']}</arg>
<arg>ELSE IF</arg>
<arg>'${response.status_code}' != '${status_code}'</arg>
<arg>Fail</arg>
<arg>msg=${message_error} :: status_code: ${response.status_code} || message: ${response.json()["message"]} || X-REQUEST-ID: ${response.headers['X-REQUEST-ID']}</arg>
</arguments>
<status status="PASS" starttime="20210327 01:24:39.117" endtime="20210327 01:24:39.117"></status>
</kw>
<status status="PASS" starttime="20210327 01:24:39.117" endtime="20210327 01:24:39.117"></status>
</kw>
<status status="PASS" starttime="20210327 01:24:35.689" endtime="20210327 01:24:39.118"></status>
</kw>
<status status="PASS" starttime="20210327 01:24:35.689" endtime="20210327 01:24:39.118"></status>
</kw>
<kw name="gerar saldo para account" library="account_generate_balance">
<arguments>
<arg>${account_external_key}</arg>
</arguments>
<kw name="Uuid 4" library="FakerLibrary">
<doc>Generates a random UUID4 string.
:param cast_to: Specify what type the UUID should be cast to. Default is `str`
:type cast_to: callable</doc>
<assign>
<var>${uuid}</var>
</assign>
<msg timestamp="20210327 01:24:39.118" level="INFO">${uuid} = daa26c65-a29a-479b-8854-da4c618a5129</msg>
<status status="PASS" starttime="20210327 01:24:39.118" endtime="20210327 01:24:39.118"></status>
</kw>
<kw name="conectar accounts" library="create_session_staging_internal">
<kw name="Create Session" library="RequestsLibrary">
<doc>Create Session: create a HTTP session to a server</doc>
<arguments>
<arg>alias=accounts</arg>
<arg>url=${account_url_base}</arg>
<arg>disable_warnings=true</arg>
</arguments>
<msg timestamp="20210327 01:24:39.119" level="INFO">Creating Session using : alias=accounts, url=https://banking-accounts-internal.staging.zoop.tech, headers={},                     cookies={}, auth=None, timeout=None, proxies=None, verify=False,                     debug=0 </msg>
<status status="PASS" starttime="20210327 01:24:39.119" endtime="20210327 01:24:39.119"></status>
</kw>
<status status="PASS" starttime="20210327 01:24:39.118" endtime="20210327 01:24:39.119"></status>
</kw>
<kw name="Create Dictionary" library="BuiltIn">
<doc>Creates and returns a dictionary based on the given ``items``.</doc>
<arguments>
<arg>Content-Type=application/json</arg>
</arguments>
<assign>
<var>${header}</var>
</assign>
<msg timestamp="20210327 01:24:39.120" level="INFO">${header} = {'Content-Type': 'application/json'}</msg>
<status status="PASS" starttime="20210327 01:24:39.119" endtime="20210327 01:24:39.120"></status>
</kw>
<kw name="Catenate" library="BuiltIn">
<doc>Catenates the given items together and returns the resulted string.</doc>
<arguments>
<arg>{</arg>
<arg>"operations": [</arg>
<arg>{</arg>
<arg>"amount": 9000000000000,</arg>
<arg>"authorization_code": "${uuid}",</arg>
<arg>"transaction_id": "${uuid}",</arg>
<arg>"id": "${uuid}",</arg>
<arg>"id_checking_account": "${account_external_key}",</arg>
<arg>"transfer_date": "2020-02-20T20:58:06.510Z",</arg>
<arg>"fee": 0,</arg>
<arg>"description": "Teste",</arg>
<arg>"object_type": "transfer",</arg>
<arg>"object_id": "${uuid}",</arg>
<arg>"dflag": "ACTIVE",</arg>
<arg>"created_at": "2019-10-14T20:58:06.510Z",</arg>
<arg>"type": "Transfer"</arg>
<arg>}</arg>
<arg>],</arg>
<arg>"reference_id": "Criando saldo na account"</arg>
<arg>}</arg>
</arguments>
<assign>
<var>${body}</var>
</assign>
<msg timestamp="20210327 01:24:39.120" level="INFO">${body} = { "operations": [ { "amount": 9000000000000, "authorization_code": "daa26c65-a29a-479b-8854-da4c618a5129", "transaction_id": "daa26c65-a29a-479b-8854-da4c618a5129", "id": "daa26c65-a29a-479b-8854-da4c...</msg>
<status status="PASS" starttime="20210327 01:24:39.120" endtime="20210327 01:24:39.120"></status>
</kw>
<kw name="Post Request" library="RequestsLibrary">
<doc>Send a POST request on the session object found using the
given `alias`</doc>
<arguments>
<arg>accounts</arg>
<arg>/admin/internal_operation/authorization/${uuid}</arg>
<arg>data=${body}</arg>
<arg>headers=${header}</arg>
</arguments>
<assign>
<var>${response}</var>
</assign>
<msg timestamp="20210327 01:24:39.121" level="INFO">POST Request using : uri=/admin/internal_operation/authorization/daa26c65-a29a-479b-8854-da4c618a5129, params=None, files=None, allow_redirects=True, timeout=None
headers={'User-Agent': 'python-requests/2.22.0', 'Accept-Encoding': 'gzip, deflate', 'Accept': '*/*', 'Connection': 'keep-alive', 'Content-Type': 'application/json'} 
data={ "operations": [ { "amount": 9000000000000, "authorization_code": "daa26c65-a29a-479b-8854-da4c618a5129", "transaction_id": "daa26c65-a29a-479b-8854-da4c618a5129", "id": "daa26c65-a29a-479b-8854-da4c618a5129", "id_checking_account": "82b4e8ad20a94bf780d8b9c2375d782b", "transfer_date": "2020-02-20T20:58:06.510Z", "fee": 0, "description": "Teste", "object_type": "transfer", "object_id": "daa26c65-a29a-479b-8854-da4c618a5129", "dflag": "ACTIVE", "created_at": "2019-10-14T20:58:06.510Z", "type": "Transfer" } ], "reference_id": "Criando saldo na account" } 
json=None</msg>
<msg timestamp="20210327 01:24:39.802" level="INFO">${response} = &lt;Response [200]&gt;</msg>
<status status="PASS" starttime="20210327 01:24:39.120" endtime="20210327 01:24:39.802"></status>
</kw>
<kw name="Run Keyword If" library="BuiltIn">
<doc>Runs the given keyword with the given arguments, if ``condition`` is true.</doc>
<arguments>
<arg>'${response.status_code}' == 200</arg>
<arg>Log</arg>
<arg>${response.json()}</arg>
</arguments>
<status status="PASS" starttime="20210327 01:24:39.803" endtime="20210327 01:24:39.805"></status>
</kw>
<kw name="Run Keyword If" library="BuiltIn">
<doc>Runs the given keyword with the given arguments, if ``condition`` is true.</doc>
<arguments>
<arg>'${response.status_code}' == 200</arg>
<arg>Log</arg>
<arg>${response.headers['X-REQUEST-ID']}</arg>
</arguments>
<status status="PASS" starttime="20210327 01:24:39.806" endtime="20210327 01:24:39.807"></status>
</kw>
<kw name="Run Keyword If" library="BuiltIn">
<doc>Runs the given keyword with the given arguments, if ``condition`` is true.</doc>
<arguments>
<arg>'${response.status_code}' == 200</arg>
<arg>Log</arg>
<arg>${response.status_code}</arg>
</arguments>
<status status="PASS" starttime="20210327 01:24:39.808" endtime="20210327 01:24:39.809"></status>
</kw>
<status status="PASS" starttime="20210327 01:24:39.118" endtime="20210327 01:24:39.810"></status>
</kw>
<kw name="validar status code" library="status_code_validade">
<arguments>
<arg>status_code=200</arg>
<arg>message_error=Erro ao gerar saldo</arg>
</arguments>
<kw name="Run Keyword If" library="BuiltIn">
<doc>Runs the given keyword with the given arguments, if ``condition`` is true.</doc>
<arguments>
<arg>'${response.status_code}' == '500'</arg>
<arg>Fatal Error</arg>
<arg>msg=|| Fatal Error || EXECUÇÃO DA SUITE DE TESTE INTERROMPIDA :: status_code: ${response.status_code} || message: ${response.json()["message"]} || X-REQUEST-ID: ${response.headers['X-REQUEST-ID']}</arg>
<arg>ELSE IF</arg>
<arg>'${response.status_code}' != '${status_code}'</arg>
<arg>Fail</arg>
<arg>msg=${message_error} :: status_code: ${response.status_code} || message: ${response.json()["message"]} || X-REQUEST-ID: ${response.headers['X-REQUEST-ID']}</arg>
</arguments>
<status status="PASS" starttime="20210327 01:24:39.811" endtime="20210327 01:24:39.813"></status>
</kw>
<status status="PASS" starttime="20210327 01:24:39.810" endtime="20210327 01:24:39.813"></status>
</kw>
<kw name="Run Keyword If" library="BuiltIn">
<doc>Runs the given keyword with the given arguments, if ``condition`` is true.</doc>
<arguments>
<arg>'${pix_type}' == 'phone'</arg>
<arg>criar chave pix</arg>
<arg>${pix_type}</arg>
<arg>${phone_pix}</arg>
<arg>ELSE IF</arg>
<arg>'${pix_type}' == 'email'</arg>
<arg>criar chave pix</arg>
<arg>${pix_type}</arg>
<arg>${email_pix}</arg>
<arg>ELSE IF</arg>
<arg>'${pix_type}' == 'evp'</arg>
<arg>criar chave pix</arg>
<arg>${pix_type}</arg>
<arg>${EMPTY}</arg>
<arg>ELSE IF</arg>
<arg>'${pix_type}' == 'national_registration'</arg>
<arg>criar chave pix</arg>
<arg>${pix_type}</arg>
<arg>${EMPTY}</arg>
</arguments>
<kw name="criar chave pix" library="pix_dict_create_entry">
<arguments>
<arg>${pix_type}</arg>
<arg>${email_pix}</arg>
</arguments>
<kw name="conectar pix-dict" library="create_session_staging_internal">
<kw name="Create Session" library="RequestsLibrary">
<doc>Create Session: create a HTTP session to a server</doc>
<arguments>
<arg>alias=pix-dict</arg>
<arg>url=${pix_dict_url_base}</arg>
<arg>disable_warnings=true</arg>
</arguments>
<msg timestamp="20210327 01:24:39.817" level="INFO">Creating Session using : alias=pix-dict, url=https://banking-pix-dict-internal.staging.zoop.tech, headers={},                     cookies={}, auth=None, timeout=None, proxies=None, verify=False,                     debug=0 </msg>
<status status="PASS" starttime="20210327 01:24:39.816" endtime="20210327 01:24:39.818"></status>
</kw>
<status status="PASS" starttime="20210327 01:24:39.816" endtime="20210327 01:24:39.818"></status>
</kw>
<kw name="Set Global Variable" library="BuiltIn">
<doc>Makes a variable available globally in all tests and suites.</doc>
<arguments>
<arg>${type}</arg>
</arguments>
<msg timestamp="20210327 01:24:39.819" level="INFO">${type} = email</msg>
<status status="PASS" starttime="20210327 01:24:39.819" endtime="20210327 01:24:39.819"></status>
</kw>
<kw name="Set Global Variable" library="BuiltIn">
<doc>Makes a variable available globally in all tests and suites.</doc>
<arguments>
<arg>${value}</arg>
</arguments>
<msg timestamp="20210327 01:24:39.820" level="INFO">${value} = marianamartins@hotmail.com</msg>
<status status="PASS" starttime="20210327 01:24:39.820" endtime="20210327 01:24:39.820"></status>
</kw>
<kw name="Create Dictionary" library="BuiltIn">
<doc>Creates and returns a dictionary based on the given ``items``.</doc>
<arguments>
<arg>Content-Type=application/json</arg>
</arguments>
<assign>
<var>${header}</var>
</assign>
<msg timestamp="20210327 01:24:39.821" level="INFO">${header} = {'Content-Type': 'application/json'}</msg>
<status status="PASS" starttime="20210327 01:24:39.821" endtime="20210327 01:24:39.821"></status>
</kw>
<kw name="Catenate" library="BuiltIn">
<doc>Catenates the given items together and returns the resulted string.</doc>
<arguments>
<arg>{</arg>
<arg>"type": "${type}",</arg>
<arg>"value": "${value}"</arg>
<arg>}</arg>
</arguments>
<assign>
<var>${body}</var>
</assign>
<msg timestamp="20210327 01:24:39.821" level="INFO">${body} = { "type": "email", "value": "marianamartins@hotmail.com" }</msg>
<status status="PASS" starttime="20210327 01:24:39.821" endtime="20210327 01:24:39.821"></status>
</kw>
<kw name="Post Request" library="RequestsLibrary">
<doc>Send a POST request on the session object found using the
given `alias`</doc>
<arguments>
<arg>pix-dict</arg>
<arg>/marketplaces/${marketplace_external_key}/banking/dict/holders/${holder_external_key}/accounts/${account_external_key}/entries</arg>
<arg>data=${body}</arg>
<arg>headers=${header}</arg>
</arguments>
<assign>
<var>${response}</var>
</assign>
<msg timestamp="20210327 01:24:39.822" level="INFO">POST Request using : uri=/marketplaces/f71a8951368a4cc085cf7875ff44e61c/banking/dict/holders/afb4ddd17a12446a8d10e0739ed11e34/accounts/82b4e8ad20a94bf780d8b9c2375d782b/entries, params=None, files=None, allow_redirects=True, timeout=None
headers={'User-Agent': 'python-requests/2.22.0', 'Accept-Encoding': 'gzip, deflate', 'Accept': '*/*', 'Connection': 'keep-alive', 'Content-Type': 'application/json'} 
data={ "type": "email", "value": "marianamartins@hotmail.com" } 
json=None</msg>
<msg timestamp="20210327 01:24:40.553" level="INFO">${response} = &lt;Response [202]&gt;</msg>
<status status="PASS" starttime="20210327 01:24:39.822" endtime="20210327 01:24:40.554"></status>
</kw>
<kw name="Log" library="BuiltIn">
<doc>Logs the given message with the given level.</doc>
<arguments>
<arg>${response.json()}</arg>
</arguments>
[...]
</arguments>
<status status="PASS" starttime="20210327 01:25:22.482" endtime="20210327 01:25:22.483"></status>
</kw>
<status status="PASS" starttime="20210327 01:25:22.482" endtime="20210327 01:25:22.483"></status>
</kw>
<status status="PASS" starttime="20210327 01:25:22.481" endtime="20210327 01:25:22.483"></status>
</kw>
<kw name="Run Keyword If" library="BuiltIn">
<doc>Runs the given keyword with the given arguments, if ``condition`` is true.</doc>
<arguments>
<arg>'${pix_type}' == 'phone'</arg>
<arg>buscar verification code</arg>
<arg>${holder_external_key}</arg>
<arg>${account_external_key}</arg>
<arg>${entry_external_key}</arg>
<arg>ELSE IF</arg>
<arg>'${pix_type}' == 'email'</arg>
<arg>buscar verification code</arg>
<arg>${holder_external_key}</arg>
<arg>${account_external_key}</arg>
<arg>${entry_external_key}</arg>
</arguments>
<kw name="buscar verification code" library="pix_dict_verification_code">
<arguments>
<arg>${holder_external_key}</arg>
<arg>${account_external_key}</arg>
<arg>${entry_external_key}</arg>
</arguments>
<kw name="conectar pix-dict" library="create_session_staging_internal">
<kw name="Create Session" library="RequestsLibrary">
<doc>Create Session: create a HTTP session to a server</doc>
<arguments>
<arg>alias=pix-dict</arg>
<arg>url=${pix_dict_url_base}</arg>
<arg>disable_warnings=true</arg>
</arguments>
<msg timestamp="20210327 01:25:22.484" level="INFO">Creating Session using : alias=pix-dict, url=https://banking-pix-dict-internal.staging.zoop.tech, headers={},                     cookies={}, auth=None, timeout=None, proxies=None, verify=False,                     debug=0 </msg>
<status status="PASS" starttime="20210327 01:25:22.484" endtime="20210327 01:25:22.485"></status>
</kw>
<status status="PASS" starttime="20210327 01:25:22.484" endtime="20210327 01:25:22.485"></status>
</kw>
<kw name="Get Request" library="RequestsLibrary">
<doc>Send a GET request on the session object found using the
given `alias`</doc>
<arguments>
<arg>pix-dict</arg>
<arg>/admin/internal_operation/marketplaces/${marketplace_external_key}/banking/dict/holders/${holder_external_key}/accounts/${account_external_key}/entries/${entry_external_key}/code</arg>
</arguments>
<assign>
<var>${response}</var>
</assign>
<msg timestamp="20210327 01:25:22.485" level="INFO">GET Request using : uri=/admin/internal_operation/marketplaces/f71a8951368a4cc085cf7875ff44e61c/banking/dict/holders/30ff6b8c299345f2a6e5332868281aa6/accounts/8d8f0657dad04b2ea3048597801960f5/entries/4aa3b8fdff834ce0ae8f904a347c0a95/code, params=None, allow_redirects=True, timeout=None
headers={'User-Agent': 'python-requests/2.22.0', 'Accept-Encoding': 'gzip, deflate', 'Accept': '*/*', 'Connection': 'keep-alive'} 
data=None 
json=None</msg>
<msg timestamp="20210327 01:25:23.130" level="INFO">${response} = &lt;Response [200]&gt;</msg>
<status status="PASS" starttime="20210327 01:25:22.485" endtime="20210327 01:25:23.130"></status>
</kw>
<kw name="Log" library="BuiltIn">
<doc>Logs the given message with the given level.</doc>
<arguments>
<arg>${response.json()}</arg>
</arguments>
<msg timestamp="20210327 01:25:23.131" level="INFO">{'code': '6817'}</msg>
<status status="PASS" starttime="20210327 01:25:23.130" endtime="20210327 01:25:23.131"></status>
</kw>
<kw name="Log" library="BuiltIn">
<doc>Logs the given message with the given level.</doc>
<arguments>
<arg>${response.headers['X-REQUEST-ID']}</arg>
</arguments>
<msg timestamp="20210327 01:25:23.131" level="INFO">230a48ebd52ffc88</msg>
<status status="PASS" starttime="20210327 01:25:23.131" endtime="20210327 01:25:23.131"></status>
</kw>
<kw name="Log" library="BuiltIn">
<doc>Logs the given message with the given level.</doc>
<arguments>
<arg>${response.status_code}</arg>
</arguments>
<msg timestamp="20210327 01:25:23.132" level="INFO">200</msg>
<status status="PASS" starttime="20210327 01:25:23.132" endtime="20210327 01:25:23.132"></status>
</kw>
<kw name="Set Global Variable" library="BuiltIn">
<doc>Makes a variable available globally in all tests and suites.</doc>
<arguments>
<arg>${response}</arg>
</arguments>
<msg timestamp="20210327 01:25:23.133" level="INFO">${response} = &lt;Response [200]&gt;</msg>
<status status="PASS" starttime="20210327 01:25:23.132" endtime="20210327 01:25:23.133"></status>
</kw>
<kw name="Set Variable If" library="BuiltIn">
<doc>Sets variable based on the given condition.</doc>
<arguments>
<arg>${response.status_code}==200</arg>
<arg>${response.json()["code"]}</arg>
</arguments>
<assign>
<var>${verification_code}</var>
</assign>
<msg timestamp="20210327 01:25:23.134" level="INFO">${verification_code} = 6817</msg>
<status status="PASS" starttime="20210327 01:25:23.133" endtime="20210327 01:25:23.134"></status>
</kw>
<kw name="Set Global Variable" library="BuiltIn">
<doc>Makes a variable available globally in all tests and suites.</doc>
<arguments>
<arg>${verification_code}</arg>
</arguments>
<msg timestamp="20210327 01:25:23.134" level="INFO">${verification_code} = 6817</msg>
<status status="PASS" starttime="20210327 01:25:23.134" endtime="20210327 01:25:23.134"></status>
</kw>
<status status="PASS" starttime="20210327 01:25:22.483" endtime="20210327 01:25:23.134"></status>
</kw>
<status status="PASS" starttime="20210327 01:25:22.483" endtime="20210327 01:25:23.134"></status>
</kw>
<kw name="validar status code" library="status_code_validade">
<arguments>
<arg>status_code=200</arg>
<arg>message_error=Erro ao buscar verification code</arg>
</arguments>
<kw name="Run Keyword If" library="BuiltIn">
<doc>Runs the given keyword with the given arguments, if ``condition`` is true.</doc>
<arguments>
<arg>'${response.status_code}' == '500'</arg>
<arg>Fatal Error</arg>
<arg>msg=|| Fatal Error || EXECUÇÃO DA SUITE DE TESTE INTERROMPIDA :: status_code: ${response.status_code} || message: ${response.json()["message"]} || X-REQUEST-ID: ${response.headers['X-REQUEST-ID']}</arg>
<arg>ELSE IF</arg>
<arg>'${response.status_code}' != '${status_code}'</arg>
<arg>Fail</arg>
<arg>msg=${message_error} :: status_code: ${response.status_code} || message: ${response.json()["message"]} || X-REQUEST-ID: ${response.headers['X-REQUEST-ID']}</arg>
</arguments>
<status status="PASS" starttime="20210327 01:25:23.135" endtime="20210327 01:25:23.136"></status>
</kw>
<status status="PASS" starttime="20210327 01:25:23.135" endtime="20210327 01:25:23.136"></status>
</kw>
<kw name="Run Keyword If" library="BuiltIn">
<doc>Runs the given keyword with the given arguments, if ``condition`` is true.</doc>
<arguments>
<arg>'${pix_type}' == 'phone'</arg>
<arg>confirmar propriedade da chave pix</arg>
<arg>${verification_code}</arg>
<arg>${holder_external_key}</arg>
<arg>${account_external_key}</arg>
<arg>${entry_external_key}</arg>
<arg>ELSE IF</arg>
<arg>'${pix_type}' == 'email'</arg>
<arg>confirmar propriedade da chave pix</arg>
<arg>${verification_code}</arg>
<arg>${holder_external_key}</arg>
<arg>${account_external_key}</arg>
<arg>${entry_external_key}</arg>
</arguments>
<kw name="confirmar propriedade da chave pix" library="pix_dict_confirm_propriety">
<arguments>
<arg>${verification_code}</arg>
<arg>${holder_external_key}</arg>
<arg>${account_external_key}</arg>
<arg>${entry_external_key}</arg>
</arguments>
<kw name="conectar pix-dict" library="create_session_staging_internal">
<kw name="Create Session" library="RequestsLibrary">
<doc>Create Session: create a HTTP session to a server</doc>
<arguments>
<arg>alias=pix-dict</arg>
<arg>url=${pix_dict_url_base}</arg>
<arg>disable_warnings=true</arg>
</arguments>
<msg timestamp="20210327 01:25:23.138" level="INFO">Creating Session using : alias=pix-dict, url=https://banking-pix-dict-internal.staging.zoop.tech, headers={},                     cookies={}, auth=None, timeout=None, proxies=None, verify=False,                     debug=0 </msg>
<status status="PASS" starttime="20210327 01:25:23.138" endtime="20210327 01:25:23.138"></status>
</kw>
<status status="PASS" starttime="20210327 01:25:23.137" endtime="20210327 01:25:23.138"></status>
</kw>
<kw name="Create Dictionary" library="BuiltIn">
<doc>Creates and returns a dictionary based on the given ``items``.</doc>
<arguments>
<arg>Content-Type=application/json</arg>
</arguments>
<assign>
<var>${header}</var>
</assign>
<msg timestamp="20210327 01:25:23.139" level="INFO">${header} = {'Content-Type': 'application/json'}</msg>
<status status="PASS" starttime="20210327 01:25:23.138" endtime="20210327 01:25:23.139"></status>
</kw>
<kw name="Catenate" library="BuiltIn">
<doc>Catenates the given items together and returns the resulted string.</doc>
<arguments>
<arg>{</arg>
<arg>"code": "${verification_code}"</arg>
<arg>}</arg>
</arguments>
<assign>
<var>${body}</var>
</assign>
<msg timestamp="20210327 01:25:23.139" level="INFO">${body} = { "code": "6817" }</msg>
<status status="PASS" starttime="20210327 01:25:23.139" endtime="20210327 01:25:23.139"></status>
</kw>
<kw name="Post Request" library="RequestsLibrary">
<doc>Send a POST request on the session object found using the
given `alias`</doc>
<arguments>
<arg>pix-dict</arg>
<arg>/marketplaces/${marketplace_external_key}/banking/dict/holders/${holder_external_key}/accounts/${account_external_key}/entries/${entry_external_key}/ownership</arg>
<arg>data=${body}</arg>
<arg>headers=${header}</arg>
</arguments>
<assign>
<var>${response}</var>
</assign>
<msg timestamp="20210327 01:25:23.140" level="INFO">POST Request using : uri=/marketplaces/f71a8951368a4cc085cf7875ff44e61c/banking/dict/holders/30ff6b8c299345f2a6e5332868281aa6/accounts/8d8f0657dad04b2ea3048597801960f5/entries/4aa3b8fdff834ce0ae8f904a347c0a95/ownership, params=None, files=None, allow_redirects=True, timeout=None
headers={'User-Agent': 'python-requests/2.22.0', 'Accept-Encoding': 'gzip, deflate', 'Accept': '*/*', 'Connection': 'keep-alive', 'Content-Type': 'application/json'} 
data={ "code": "6817" } 
json=None</msg>
<msg timestamp="20210327 01:25:24.690" level="INFO">${response} = &lt;Response [201]&gt;</msg>
<status status="PASS" starttime="20210327 01:25:23.139" endtime="20210327 01:25:24.690"></status>
</kw>
<kw name="Log" library="BuiltIn">
<doc>Logs the given message with the given level.</doc>
<arguments>
<arg>${response.json()}</arg>
</arguments>
<msg timestamp="20210327 01:25:24.693" level="INFO">{'id': '4aa3b8fdff834ce0ae8f904a347c0a95', 'status': 'active', 'created_at': '2021-03-27T01:25:22.700', 'updated_at': '2021-03-27T01:25:24.953', 'key': {'value': '+5521944364707', 'type': 'phone'}, 'account': {'id': '8d8f0657dad04b2ea3048597801960f5', 'marketplace': 'f71a8951368a4cc085cf7875ff44e61c', 'holder': '30ff6b8c299345f2a6e5332868281aa6', 'owner': {'name': 'Holder de teste', 'national_registration': '85421936015', 'type': 'individual'}, 'routing_number': '001', 'number': '2120451722', 'type': 'CACC'}, 'psp': {'code': '19468242', 'name': 'Zoop Tecnologia e Meios de Pagamento S.A.'}, 'resource': 'pix.entry'}</msg>
<status status="PASS" starttime="20210327 01:25:24.691" endtime="20210327 01:25:24.693"></status>
</kw>
<kw name="Log" library="BuiltIn">
<doc>Logs the given message with the given level.</doc>
<arguments>
<arg>${response.headers['X-REQUEST-ID']}</arg>
</arguments>
<msg timestamp="20210327 01:25:24.695" level="INFO">24261ad6e3d940e1</msg>
<status status="PASS" starttime="20210327 01:25:24.694" endtime="20210327 01:25:24.695"></status>
</kw>
<kw name="Log" library="BuiltIn">
<doc>Logs the given message with the given level.</doc>
<arguments>
<arg>${response.status_code}</arg>
</arguments>
<msg timestamp="20210327 01:25:24.697" level="INFO">201</msg>
<status status="PASS" starttime="20210327 01:25:24.696" endtime="20210327 01:25:24.697"></status>
</kw>
<kw name="Set Global Variable" library="BuiltIn">
<doc>Makes a variable available globally in all tests and suites.</doc>
<arguments>
<arg>${response}</arg>
</arguments>
<msg timestamp="20210327 01:25:24.698" level="INFO">${response} = &lt;Response [201]&gt;</msg>
<status status="PASS" starttime="20210327 01:25:24.697" endtime="20210327 01:25:24.699"></status>
</kw>
<status status="PASS" starttime="20210327 01:25:23.137" endtime="20210327 01:25:24.699"></status>
</kw>
<status status="PASS" starttime="20210327 01:25:23.136" endtime="20210327 01:25:24.699"></status>
</kw>
<kw name="validar status code" library="status_code_validade">
<arguments>
<arg>status_code=201</arg>
<arg>message_error=Erro ao confirmar propriedade da chave pix</arg>
</arguments>
<kw name="Run Keyword If" library="BuiltIn">
<doc>Runs the given keyword with the given arguments, if ``condition`` is true.</doc>
<arguments>
<arg>'${response.status_code}' == '500'</arg>
<arg>Fatal Error</arg>
<arg>msg=|| Fatal Error || EXECUÇÃO DA SUITE DE TESTE INTERROMPIDA :: status_code: ${response.status_code} || message: ${response.json()["message"]} || X-REQUEST-ID: ${response.headers['X-REQUEST-ID']}</arg>
<arg>ELSE IF</arg>
<arg>'${response.status_code}' != '${status_code}'</arg>
<arg>Fail</arg>
<arg>msg=${message_error} :: status_code: ${response.status_code} || message: ${response.json()["message"]} || X-REQUEST-ID: ${response.headers['X-REQUEST-ID']}</arg>
</arguments>
<status status="PASS" starttime="20210327 01:25:24.701" endtime="20210327 01:25:24.702"></status>
</kw>
<status status="PASS" starttime="20210327 01:25:24.699" endtime="20210327 01:25:24.702"></status>
</kw>
<status status="PASS" starttime="20210327 01:25:17.644" endtime="20210327 01:25:24.703"></status>
</kw>
<kw name="gerar end_to_end_id" library="end_to_end_generator">
<kw name="Get Current Date" library="DateTime">
<doc>Returns current local or UTC time with an optional increment.</doc>
<arguments>
<arg>result_format=datetime</arg>
</arguments>
<assign>
<var>${date}</var>
</assign>
<msg timestamp="20210327 01:25:24.706" level="INFO">${date} = 2021-03-27 01:25:24.705931</msg>
<status status="PASS" starttime="20210327 01:25:24.705" endtime="20210327 01:25:24.706"></status>
</kw>
<kw name="Convert Date" library="DateTime">
<doc>Converts between supported `date formats`.</doc>
<arguments>
<arg>${date}</arg>
<arg>result_format=%Y%m%d%H%M</arg>
</arguments>
<assign>
<var>${datetime}</var>
</assign>
<msg timestamp="20210327 01:25:24.707" level="INFO">${datetime} = 202103270125</msg>
<status status="PASS" starttime="20210327 01:25:24.706" endtime="20210327 01:25:24.707"></status>
</kw>
<kw name="Random Number" library="FakerLibrary">
<doc>Returns a random number with 1 digit (default, when digits==None),
a random number with 0 to given number of digits, or a random number
with given number to given number of digits (when ``fix_len==True``).</doc>
<arguments>
<arg>digits=11</arg>
<arg>fix_len=True</arg>
</arguments>
<assign>
<var>${random_number_end_to_end_id}</var>
</assign>
<msg timestamp="20210327 01:25:24.708" level="INFO">${random_number_end_to_end_id} = 74004458791</msg>
<status status="PASS" starttime="20210327 01:25:24.707" endtime="20210327 01:25:24.708"></status>
</kw>
<kw name="Set Variable" library="BuiltIn">
<doc>Returns the given values which can then be assigned to a variables.</doc>
<arguments>
<arg>E19468242${datetime}${random_number_end_to_end_id}</arg>
</arguments>
<assign>
<var>${end_to_end_id}</var>
</assign>
<msg timestamp="20210327 01:25:24.709" level="INFO">${end_to_end_id} = E1946824220210327012574004458791</msg>
<status status="PASS" starttime="20210327 01:25:24.708" endtime="20210327 01:25:24.709"></status>
</kw>
<kw name="Set Global Variable" library="BuiltIn">
<doc>Makes a variable available globally in all tests and suites.</doc>
<arguments>
<arg>${end_to_end_id}</arg>
</arguments>
<msg timestamp="20210327 01:25:24.710" level="INFO">${end_to_end_id} = E1946824220210327012574004458791</msg>
<status status="PASS" starttime="20210327 01:25:24.709" endtime="20210327 01:25:24.710"></status>
</kw>
<status status="PASS" starttime="20210327 01:25:24.704" endtime="20210327 01:25:24.710"></status>
</kw>
<kw name="gerar message_id" library="message_id_generator">
<kw name="Get Current Date" library="DateTime">
<doc>Returns current local or UTC time with an optional increment.</doc>
<arguments>
<arg>result_format=datetime</arg>
</arguments>
<assign>
<var>${date}</var>
</assign>
<msg timestamp="20210327 01:25:24.711" level="INFO">${date} = 2021-03-27 01:25:24.709866</msg>
<status status="PASS" starttime="20210327 01:25:24.710" endtime="20210327 01:25:24.711"></status>
</kw>
<kw name="Convert Date" library="DateTime">
<doc>Converts between supported `date formats`.</doc>
<arguments>
<arg>${date}</arg>
<arg>result_format=%Y%m%d%H%M</arg>
</arguments>
<assign>
<var>${datetime}</var>
</assign>
<msg timestamp="20210327 01:25:24.711" level="INFO">${datetime} = 202103270125</msg>
<status status="PASS" starttime="20210327 01:25:24.711" endtime="20210327 01:25:24.711"></status>
</kw>
<kw name="Random Number" library="FakerLibrary">
<doc>Returns a random number with 1 digit (default, when digits==None),
a random number with 0 to given number of digits, or a random number
with given number to given number of digits (when ``fix_len==True``).</doc>
<arguments>
<arg>digits=23</arg>
<arg>fix_len=True</arg>
</arguments>
<assign>
<var>${random_number_message_id}</var>
</assign>
<msg timestamp="20210327 01:25:24.711" level="INFO">${random_number_message_id} = 41448636180314900811997</msg>
<status status="PASS" starttime="20210327 01:25:24.711" endtime="20210327 01:25:24.711"></status>
</kw>
<kw name="Set Variable" library="BuiltIn">
<doc>Returns the given values which can then be assigned to a variables.</doc>
<arguments>
<arg>M19468242${random_number_message_id}</arg>
</arguments>
<assign>
<var>${message_id}</var>
</assign>
<msg timestamp="20210327 01:25:24.712" level="INFO">${message_id} = M1946824241448636180314900811997</msg>
<status status="PASS" starttime="20210327 01:25:24.712" endtime="20210327 01:25:24.712"></status>
</kw>
<kw name="Set Global Variable" library="BuiltIn">
<doc>Makes a variable available globally in all tests and suites.</doc>
<arguments>
<arg>${message_id}</arg>
</arguments>
<msg timestamp="20210327 01:25:24.713" level="INFO">${message_id} = M1946824241448636180314900811997</msg>
<status status="PASS" starttime="20210327 01:25:24.712" endtime="20210327 01:25:24.713"></status>
</kw>
<status status="PASS" starttime="20210327 01:25:24.710" endtime="20210327 01:25:24.713"></status>
</kw>
<doc>Receber PIX com sucesso</doc>
<tags>
<tag>smoke_test</tag>
</tags>
<status status="PASS" starttime="20210327 01:25:17.643" endtime="20210327 01:25:24.714" critical="yes"></status>
</test>
<doc>Funcionalidade: Recebimento de PIX
Eu, como um Holder, portador de uma conta ativa em Banking
Desejo receber um pagamento PIX</doc>
<status status="PASS" starttime="20210327 01:25:17.573" endtime="20210327 01:25:24.717"></status>
</suite>
<status status="PASS" starttime="20210327 01:25:17.571" endtime="20210327 01:25:24.720"></status>
</suite>
<status status="FAIL" starttime="20210327 01:24:35.103" endtime="20210327 01:25:24.721"></status>
</suite>
<statistics>
<total>
<stat pass="4" fail="1">Critical Tests</stat>
<stat pass="4" fail="1">All Tests</stat>
</total>
<tag>
<stat pass="1" fail="0">regression_test</stat>
<stat pass="3" fail="1">smoke_test</stat>
</tag>
<suite>
<stat pass="4" fail="1" id="s1" name="Pix-Payments">Pix-Payments</stat>
<stat pass="3" fail="1" id="s1-s1" name="Envio">Pix-Payments.Envio</stat>
<stat pass="1" fail="0" id="s1-s1-s1" name="Cancelar Pagamento PIX">Pix-Payments.Envio.Cancelar Pagamento PIX</stat>
<stat pass="1" fail="0" id="s1-s1-s2" name="Confirmar Pagamento PIX">Pix-Payments.Envio.Confirmar Pagamento PIX</stat>
<stat pass="1" fail="1" id="s1-s1-s3" name="Criar Pagamento PIX">Pix-Payments.Envio.Criar Pagamento PIX</stat>
<stat pass="1" fail="0" id="s1-s2" name="Recebimento">Pix-Payments.Recebimento</stat>
<stat pass="1" fail="0" id="s1-s2-s1" name="Receber Pagamento PIX">Pix-Payments.Recebimento.Receber Pagamento PIX</stat>
</suite>
</statistics>
<errors>
</errors>
</robot>
