<?xml version="1.0" encoding="UTF-8"?>
<robot generator="Robot 3.1.2 (Python 3.8.1 on win32)" generated="20210324 11:38:06.815" rpa="false">
<suite id="s1" name="Pix-Payments" source="C:\Users\vinicius.trindade\banking_continuous_testing\banking_continuous_testing\tests\pix-payments">
<suite id="s1-s1" name="Envio" source="C:\Users\vinicius.trindade\banking_continuous_testing\banking_continuous_testing\tests\pix-payments\envio">
<suite id="s1-s1-s1" name="Cancelar Pagamento PIX" source="C:\Users\vinicius.trindade\banking_continuous_testing\banking_continuous_testing\tests\pix-payments\envio\Cancelar Pagamento PIX.robot">
<test id="s1-s1-s1-t1" name="Cenário: Cancelar pagamento PIX">
<kw name="criar chave pix ativa" library="pix_dict_create_active_key_pix">
<arguments>
<arg>holder_type=individual</arg>
<arg>pix_type=email</arg>
</arguments>
<kw name="Random Number" library="FakerLibrary">
<doc>Returns a random number with 1 digit (default, when digits==None),
a random number with 0 to given number of digits, or a random number
with given number to given number of digits (when ``fix_len==True``).</doc>
<arguments>
<arg>digits=8</arg>
<arg>fix_len=True</arg>
</arguments>
<assign>
<var>${phone}</var>
</assign>
<msg timestamp="20210324 11:38:07.863" level="INFO">${phone} = 90858450</msg>
<status status="PASS" starttime="20210324 11:38:07.862" endtime="20210324 11:38:07.863"></status>
</kw>
<kw name="Set Variable" library="BuiltIn">
<doc>Returns the given values which can then be assigned to a variables.</doc>
<arguments>
<arg>+55219${phone}</arg>
</arguments>
<assign>
<var>${phone_pix}</var>
</assign>
<msg timestamp="20210324 11:38:07.863" level="INFO">${phone_pix} = +5521990858450</msg>
<status status="PASS" starttime="20210324 11:38:07.863" endtime="20210324 11:38:07.864"></status>
</kw>
<kw name="Set Global Variable" library="BuiltIn">
<doc>Makes a variable available globally in all tests and suites.</doc>
<arguments>
<arg>${phone_pix}</arg>
</arguments>
<msg timestamp="20210324 11:38:07.864" level="INFO">${phone_pix} = +5521990858450</msg>
<status status="PASS" starttime="20210324 11:38:07.864" endtime="20210324 11:38:07.864"></status>
</kw>
<kw name="Email" library="FakerLibrary">
<assign>
<var>${email_pix}</var>
</assign>
<msg timestamp="20210324 11:38:07.865" level="INFO">${email_pix} = waraujo@yahoo.com.br</msg>
<status status="PASS" starttime="20210324 11:38:07.865" endtime="20210324 11:38:07.865"></status>
</kw>
<kw name="Set Global Variable" library="BuiltIn">
<doc>Makes a variable available globally in all tests and suites.</doc>
<arguments>
<arg>${email_pix}</arg>
</arguments>
<msg timestamp="20210324 11:38:07.866" level="INFO">${email_pix} = waraujo@yahoo.com.br</msg>
<status status="PASS" starttime="20210324 11:38:07.866" endtime="20210324 11:38:07.866"></status>
</kw>
<kw name="Run Keyword If" library="BuiltIn">
<doc>Runs the given keyword with the given arguments, if ``condition`` is true.</doc>
<arguments>
<arg>'${holder_type}' == 'business'</arg>
<arg>criar holder business ativo</arg>
<arg>ELSE IF</arg>
<arg>'${holder_type}' == 'individual'</arg>
<arg>criar holder individual ativo</arg>
</arguments>
<kw name="criar holder individual ativo" library="accreditation_create_holder_active">
<kw name="conectar accreditation" library="create_session_staging_internal">
<kw name="Create Session" library="RequestsLibrary">
<doc>Create Session: create a HTTP session to a server</doc>
<arguments>
<arg>alias=accreditation</arg>
<arg>url=${accreditation_url_base}</arg>
<arg>disable_warnings=true</arg>
</arguments>
<msg timestamp="20210324 11:38:07.868" level="INFO">Creating Session using : alias=accreditation, url=https://banking-accreditation-internal.staging.zoop.tech, headers={},                     cookies={}, auth=None, timeout=None, proxies=None, verify=False,                     debug=0 </msg>
<status status="PASS" starttime="20210324 11:38:07.868" endtime="20210324 11:38:07.869"></status>
</kw>
<status status="PASS" starttime="20210324 11:38:07.867" endtime="20210324 11:38:07.869"></status>
</kw>
<kw name="Cpf" library="FakerLibrary">
<assign>
<var>${national_registration}</var>
</assign>
<msg timestamp="20210324 11:38:07.870" level="INFO">${national_registration} = 518.296.730-68</msg>
<status status="PASS" starttime="20210324 11:38:07.870" endtime="20210324 11:38:07.871"></status>
</kw>
<kw name="Replace String" library="String">
<doc>Replaces ``search_for`` in the given ``string`` with ``replace_with``.</doc>
<arguments>
<arg>${national_registration}</arg>
<arg>.</arg>
<arg>${EMPTY}</arg>
</arguments>
<assign>
<var>${national_registration}</var>
</assign>
<msg timestamp="20210324 11:38:07.872" level="INFO">${national_registration} = 518296730-68</msg>
<status status="PASS" starttime="20210324 11:38:07.871" endtime="20210324 11:38:07.872"></status>
</kw>
<kw name="Replace String" library="String">
<doc>Replaces ``search_for`` in the given ``string`` with ``replace_with``.</doc>
<arguments>
<arg>${national_registration}</arg>
<arg>-</arg>
<arg>${EMPTY}</arg>
</arguments>
<assign>
<var>${national_registration}</var>
</assign>
<msg timestamp="20210324 11:38:07.873" level="INFO">${national_registration} = 51829673068</msg>
<status status="PASS" starttime="20210324 11:38:07.872" endtime="20210324 11:38:07.873"></status>
</kw>
<kw name="Set Global Variable" library="BuiltIn">
<doc>Makes a variable available globally in all tests and suites.</doc>
<arguments>
<arg>${national_registration}</arg>
</arguments>
<msg timestamp="20210324 11:38:07.874" level="INFO">${national_registration} = 51829673068</msg>
<status status="PASS" starttime="20210324 11:38:07.873" endtime="20210324 11:38:07.874"></status>
</kw>
<kw name="Rg" library="FakerLibrary">
<doc>Brazilian RG, return plain numbers.
Check:  https://www.ngmatematica.com/2014/02/como-determinar-o-digito-verificador-do.html</doc>
<assign>
<var>${identity_card}</var>
</assign>
<msg timestamp="20210324 11:38:07.875" level="INFO">${identity_card} = 760432855</msg>
<status status="PASS" starttime="20210324 11:38:07.874" endtime="20210324 11:38:07.875"></status>
</kw>
<kw name="Set Global Variable" library="BuiltIn">
<doc>Makes a variable available globally in all tests and suites.</doc>
<arguments>
<arg>${identity_card}</arg>
</arguments>
<msg timestamp="20210324 11:38:07.876" level="INFO">${identity_card} = 760432855</msg>
<status status="PASS" starttime="20210324 11:38:07.876" endtime="20210324 11:38:07.876"></status>
</kw>
<kw name="criar holder individual" library="accreditation_post_holder_individual">
<arguments>
<arg>holder_type=individual</arg>
<arg>holder_name=${holder_name}</arg>
<arg>email=${email}</arg>
<arg>national_registration=${national_registration}</arg>
<arg>revenue=${revenue}</arg>
<arg>birthday=${birthday}</arg>
<arg>mothers_name=${mothers_name}</arg>
<arg>identity_card=${identity_card}</arg>
<arg>pep=false</arg>
<arg>cbo=${cbo}</arg>
</arguments>
<kw name="conectar accreditation" library="create_session_staging_internal">
<kw name="Create Session" library="RequestsLibrary">
<doc>Create Session: create a HTTP session to a server</doc>
<arguments>
<arg>alias=accreditation</arg>
<arg>url=${accreditation_url_base}</arg>
<arg>disable_warnings=true</arg>
</arguments>
<msg timestamp="20210324 11:38:07.880" level="INFO">Creating Session using : alias=accreditation, url=https://banking-accreditation-internal.staging.zoop.tech, headers={},                     cookies={}, auth=None, timeout=None, proxies=None, verify=False,                     debug=0 </msg>
<status status="PASS" starttime="20210324 11:38:07.880" endtime="20210324 11:38:07.881"></status>
</kw>
<status status="PASS" starttime="20210324 11:38:07.879" endtime="20210324 11:38:07.881"></status>
</kw>
<kw name="Set Global Variable" library="BuiltIn">
<doc>Makes a variable available globally in all tests and suites.</doc>
<arguments>
<arg>${holder_type}</arg>
</arguments>
<msg timestamp="20210324 11:38:07.882" level="INFO">${holder_type} = individual</msg>
<status status="PASS" starttime="20210324 11:38:07.881" endtime="20210324 11:38:07.883"></status>
</kw>
<kw name="Set Global Variable" library="BuiltIn">
<doc>Makes a variable available globally in all tests and suites.</doc>
<arguments>
<arg>${holder_name}</arg>
</arguments>
<msg timestamp="20210324 11:38:07.884" level="INFO">${holder_name} = Holder de teste</msg>
<status status="PASS" starttime="20210324 11:38:07.883" endtime="20210324 11:38:07.884"></status>
</kw>
<kw name="Create Dictionary" library="BuiltIn">
<doc>Creates and returns a dictionary based on the given ``items``.</doc>
<arguments>
<arg>Content-Type=application/json</arg>
</arguments>
<assign>
<var>${header}</var>
</assign>
<msg timestamp="20210324 11:38:07.885" level="INFO">${header} = {'Content-Type': 'application/json'}</msg>
<status status="PASS" starttime="20210324 11:38:07.884" endtime="20210324 11:38:07.885"></status>
</kw>
<kw name="Catenate" library="BuiltIn">
<doc>Catenates the given items together and returns the resulted string.</doc>
<arguments>
<arg>{</arg>
<arg>"type": "${holder_type}",</arg>
<arg>"name": "${holder_name}",</arg>
<arg>"email": "${email}",</arg>
<arg>"national_registration": "${national_registration}",</arg>
<arg>"revenue": ${revenue},</arg>
<arg>"birthday": "${birthday}",</arg>
<arg>"mothers_name": "${mothers_name}",</arg>
<arg>"identity_card": "${identity_card}",</arg>
<arg>"pep": false,</arg>
<arg>"cbo": ${cbo}</arg>
<arg>}</arg>
</arguments>
<assign>
<var>${body}</var>
</assign>
<msg timestamp="20210324 11:38:07.887" level="INFO">${body} = { "type": "individual", "name": "Holder de teste", "email": "teste@teste.com.br", "national_registration": "51829673068", "revenue": 5500.00, "birthday": "1988-04-23", "mothers_name": "Mãe do Holder",...</msg>
<status status="PASS" starttime="20210324 11:38:07.886" endtime="20210324 11:38:07.887"></status>
</kw>
<kw name="Post Request" library="RequestsLibrary">
<doc>Send a POST request on the session object found using the
given `alias`</doc>
<arguments>
<arg>accreditation</arg>
<arg>/marketplaces/${marketplace_external_key}/banking/accreditation/holders</arg>
<arg>data=${body}</arg>
<arg>headers=${header}</arg>
</arguments>
<assign>
<var>${response}</var>
</assign>
<msg timestamp="20210324 11:38:07.888" level="INFO">POST Request using : uri=/marketplaces/f71a8951368a4cc085cf7875ff44e61c/banking/accreditation/holders, params=None, files=None, allow_redirects=True, timeout=None
headers={'User-Agent': 'python-requests/2.22.0', 'Accept-Encoding': 'gzip, deflate', 'Accept': '*/*', 'Connection': 'keep-alive', 'Content-Type': 'application/json'} 
data={ "type": "individual", "name": "Holder de teste", "email": "teste@teste.com.br", "national_registration": "51829673068", "revenue": 5500.00, "birthday": "1988-04-23", "mothers_name": "Mãe do Holder", "identity_card": "760432855", "pep": false, "cbo": 821450 } 
json=None</msg>
<msg timestamp="20210324 11:38:08.689" level="INFO">${response} = &lt;Response [201]&gt;</msg>
<status status="PASS" starttime="20210324 11:38:07.887" endtime="20210324 11:38:08.689"></status>
</kw>
<kw name="Log" library="BuiltIn">
<doc>Logs the given message with the given level.</doc>
<arguments>
<arg>${response.json()}</arg>
</arguments>
<msg timestamp="20210324 11:38:08.690" level="INFO">{'id': '441ce6271c064240b2bdc4cd0a042d77', 'name': 'Holder de teste', 'revenue': 5500.0, 'email': 'teste@teste.com.br', 'status': 'waiting_info_and_documents', 'marketplace_id': 'f71a8951368a4cc085cf7875ff44e61c', 'marketplace_name': 'Marketplace de Teste', 'created_at': '2021-03-24T11:38:08.280305', 'updated_at': '2021-03-24T11:38:08.280306', 'type': 'individual', 'national_registration': '51829673068', 'birthday': '1988-04-23', 'mothers_name': 'Mãe do Holder', 'identity_card': '760432855', 'pep': False, 'cbo': '821450', '_links': {'self': {'href': 'https://banking-accreditation-internal.staging.zoop.tech/marketplaces/f71a8951368a4cc085cf7875ff44e61c/banking/accreditation/holders/441ce6271c064240b2bdc4cd0a042d77', 'type': 'GET'}, 'phones': {'href': 'https://banking-accreditation-internal.staging.zoop.tech/marketplaces/f71a8951368a4cc085cf7875ff44e61c/banking/accreditation/holders/441ce6271c064240b2bdc4cd0a042d77/phones', 'type': 'GET'}, 'addresses': {'href': 'https://banking-accreditation-internal.staging.zoop.tech/marketplaces/f71a8951368a4cc085cf7875ff44e61c/banking/accreditation/holders/441ce6271c064240b2bdc4cd0a042d77/addresses', 'type': 'GET'}, 'documents': {'href': 'https://banking-accreditation-internal.staging.zoop.tech/marketplaces/f71a8951368a4cc085cf7875ff44e61c/banking/accreditation/holders/441ce6271c064240b2bdc4cd0a042d77/documents', 'type': 'GET'}}}</msg>
<status status="PASS" starttime="20210324 11:38:08.689" endtime="20210324 11:38:08.690"></status>
</kw>
<kw name="Log" library="BuiltIn">
<doc>Logs the given message with the given level.</doc>
<arguments>
<arg>${response.headers['X-REQUEST-ID']}</arg>
</arguments>
<msg timestamp="20210324 11:38:08.691" level="INFO">2794a1d43814b0d8</msg>
<status status="PASS" starttime="20210324 11:38:08.691" endtime="20210324 11:38:08.691"></status>
</kw>
<kw name="Log" library="BuiltIn">
<doc>Logs the given message with the given level.</doc>
<arguments>
<arg>${body}</arg>
</arguments>
<msg timestamp="20210324 11:38:08.692" level="INFO">{ "type": "individual", "name": "Holder de teste", "email": "teste@teste.com.br", "national_registration": "51829673068", "revenue": 5500.00, "birthday": "1988-04-23", "mothers_name": "Mãe do Holder", "identity_card": "760432855", "pep": false, "cbo": 821450 }</msg>
<status status="PASS" starttime="20210324 11:38:08.692" endtime="20210324 11:38:08.692"></status>
</kw>
<kw name="Set Global Variable" library="BuiltIn">
<doc>Makes a variable available globally in all tests and suites.</doc>
<arguments>
<arg>${response}</arg>
</arguments>
<msg timestamp="20210324 11:38:08.693" level="INFO">${response} = &lt;Response [201]&gt;</msg>
<status status="PASS" starttime="20210324 11:38:08.692" endtime="20210324 11:38:08.693"></status>
</kw>
<kw name="Set Variable If" library="BuiltIn">
<doc>Sets variable based on the given condition.</doc>
<arguments>
<arg>${response.status_code}==201</arg>
<arg>${response.json()["id"]}</arg>
</arguments>
<assign>
<var>${holder_external_key}</var>
</assign>
<msg timestamp="20210324 11:38:08.694" level="INFO">${holder_external_key} = 441ce6271c064240b2bdc4cd0a042d77</msg>
<status status="PASS" starttime="20210324 11:38:08.693" endtime="20210324 11:38:08.694"></status>
</kw>
<kw name="Set Global Variable" library="BuiltIn">
<doc>Makes a variable available globally in all tests and suites.</doc>
<arguments>
<arg>${holder_external_key}</arg>
</arguments>
<msg timestamp="20210324 11:38:08.695" level="INFO">${holder_external_key} = 441ce6271c064240b2bdc4cd0a042d77</msg>
<status status="PASS" starttime="20210324 11:38:08.694" endtime="20210324 11:38:08.695"></status>
</kw>
<status status="PASS" starttime="20210324 11:38:07.877" endtime="20210324 11:38:08.695"></status>
</kw>
<kw name="Set Global Variable" library="BuiltIn">
<doc>Makes a variable available globally in all tests and suites.</doc>
<arguments>
<arg>${holder_name}</arg>
</arguments>
<msg timestamp="20210324 11:38:08.696" level="INFO">${holder_name} = Holder de teste</msg>
<status status="PASS" starttime="20210324 11:38:08.695" endtime="20210324 11:38:08.696"></status>
</kw>
<kw name="Should Be Equal As Integers" library="BuiltIn">
<doc>Fails if objects are unequal after converting them to integers.</doc>
<arguments>
<arg>${response.status_code}</arg>
<arg>201</arg>
</arguments>
<msg timestamp="20210324 11:38:08.697" level="INFO">Argument types are:
&lt;class 'int'&gt;
&lt;type 'unicode'&gt;</msg>
<status status="PASS" starttime="20210324 11:38:08.696" endtime="20210324 11:38:08.697"></status>
</kw>
<kw name="criar holder phone" library="accreditation_post_holder_phone">
<arguments>
<arg>21</arg>
<arg>51</arg>
<arg>996221236</arg>
</arguments>
<kw name="Create Dictionary" library="BuiltIn">
<doc>Creates and returns a dictionary based on the given ``items``.</doc>
<arguments>
<arg>Content-Type=application/json</arg>
</arguments>
<assign>
<var>${header}</var>
</assign>
<msg timestamp="20210324 11:38:08.699" level="INFO">${header} = {'Content-Type': 'application/json'}</msg>
<status status="PASS" starttime="20210324 11:38:08.698" endtime="20210324 11:38:08.699"></status>
</kw>
<kw name="Catenate" library="BuiltIn">
<doc>Catenates the given items together and returns the resulted string.</doc>
<arguments>
<arg>{</arg>
<arg>"area_code": "${phone_area_code}",</arg>
<arg>"country_code": "${phone_country_code}",</arg>
<arg>"number": "${phone_number}"</arg>
<arg>}</arg>
</arguments>
<assign>
<var>${body}</var>
</assign>
<msg timestamp="20210324 11:38:08.699" level="INFO">${body} = { "area_code": "21", "country_code": "51", "number": "996221236" }</msg>
<status status="PASS" starttime="20210324 11:38:08.699" endtime="20210324 11:38:08.700"></status>
</kw>
<kw name="Post Request" library="RequestsLibrary">
<doc>Send a POST request on the session object found using the
given `alias`</doc>
<arguments>
<arg>accreditation</arg>
<arg>/marketplaces/${marketplace_external_key}/banking/accreditation/holders/${holder_external_key}/phones</arg>
<arg>data=${body}</arg>
<arg>headers=${header}</arg>
</arguments>
<assign>
<var>${response}</var>
</assign>
<msg timestamp="20210324 11:38:08.701" level="INFO">POST Request using : uri=/marketplaces/f71a8951368a4cc085cf7875ff44e61c/banking/accreditation/holders/441ce6271c064240b2bdc4cd0a042d77/phones, params=None, files=None, allow_redirects=True, timeout=None
headers={'User-Agent': 'python-requests/2.22.0', 'Accept-Encoding': 'gzip, deflate', 'Accept': '*/*', 'Connection': 'keep-alive', 'Content-Type': 'application/json'} 
data={ "area_code": "21", "country_code": "51", "number": "996221236" } 
json=None</msg>
<msg timestamp="20210324 11:38:08.966" level="INFO">${response} = &lt;Response [201]&gt;</msg>
<status status="PASS" starttime="20210324 11:38:08.700" endtime="20210324 11:38:08.966"></status>
</kw>
<kw name="Log" library="BuiltIn">
<doc>Logs the given message with the given level.</doc>
<arguments>
<arg>${response.json()}</arg>
</arguments>
<msg timestamp="20210324 11:38:08.968" level="INFO">{'id': 'ac510111b0cf4ae2931dfc3bb1f08657', 'area_code': '21', 'country_code': '51', 'number': '996221236', 'main': True, '_links': {'self': {'href': 'https://banking-accreditation-internal.staging.zoop.tech/marketplaces/f71a8951368a4cc085cf7875ff44e61c/banking/accreditation/holders/441ce6271c064240b2bdc4cd0a042d77/phones/ac510111b0cf4ae2931dfc3bb1f08657', 'type': 'GET'}, 'holder': {'href': 'https://banking-accreditation-internal.staging.zoop.tech/marketplaces/f71a8951368a4cc085cf7875ff44e61c/banking/accreditation/holders/441ce6271c064240b2bdc4cd0a042d77', 'type': 'GET'}}}</msg>
<status status="PASS" starttime="20210324 11:38:08.967" endtime="20210324 11:38:08.969"></status>
</kw>
<kw name="Log" library="BuiltIn">
<doc>Logs the given message with the given level.</doc>
<arguments>
<arg>${response.headers['X-REQUEST-ID']}</arg>
</arguments>
<msg timestamp="20210324 11:38:08.970" level="INFO">90851562da48b250</msg>
<status status="PASS" starttime="20210324 11:38:08.969" endtime="20210324 11:38:08.970"></status>
</kw>
<kw name="Set Global Variable" library="BuiltIn">
<doc>Makes a variable available globally in all tests and suites.</doc>
<arguments>
<arg>${response}</arg>
</arguments>
<msg timestamp="20210324 11:38:08.971" level="INFO">${response} = &lt;Response [201]&gt;</msg>
<status status="PASS" starttime="20210324 11:38:08.971" endtime="20210324 11:38:08.971"></status>
</kw>
<kw name="Set Variable If" library="BuiltIn">
<doc>Sets variable based on the given condition.</doc>
<arguments>
<arg>${response.status_code}==201</arg>
<arg>${response.json()["id"]}</arg>
</arguments>
<assign>
<var>${phone_external_key}</var>
</assign>
<msg timestamp="20210324 11:38:08.972" level="INFO">${phone_external_key} = ac510111b0cf4ae2931dfc3bb1f08657</msg>
<status status="PASS" starttime="20210324 11:38:08.972" endtime="20210324 11:38:08.973"></status>
</kw>
<kw name="Set Global Variable" library="BuiltIn">
<doc>Makes a variable available globally in all tests and suites.</doc>
<arguments>
<arg>${phone_external_key}</arg>
</arguments>
<msg timestamp="20210324 11:38:08.973" level="INFO">${phone_external_key} = ac510111b0cf4ae2931dfc3bb1f08657</msg>
<status status="PASS" starttime="20210324 11:38:08.973" endtime="20210324 11:38:08.973"></status>
</kw>
<status status="PASS" starttime="20210324 11:38:08.697" endtime="20210324 11:38:08.974"></status>
</kw>
<kw name="Should Be Equal As Integers" library="BuiltIn">
<doc>Fails if objects are unequal after converting them to integers.</doc>
<arguments>
<arg>${response.status_code}</arg>
<arg>201</arg>
</arguments>
<msg timestamp="20210324 11:38:08.974" level="INFO">Argument types are:
&lt;class 'int'&gt;
&lt;type 'unicode'&gt;</msg>
<status status="PASS" starttime="20210324 11:38:08.974" endtime="20210324 11:38:08.974"></status>
</kw>
<kw name="criar holder address" library="accreditation_post_holder_address">
<arguments>
<arg>Rio de Janeiro</arg>
<arg>Rio de Janeiro</arg>
<arg>Brasil</arg>
<arg>Bairro de Testes</arg>
<arg>Rua de Testes</arg>
<arg>90</arg>
<arg>apto 200</arg>
<arg>21550987</arg>
</arguments>
<kw name="Create Dictionary" library="BuiltIn">
<doc>Creates and returns a dictionary based on the given ``items``.</doc>
<arguments>
<arg>Content-Type=application/json</arg>
</arguments>
<assign>
<var>${header}</var>
</assign>
<msg timestamp="20210324 11:38:08.976" level="INFO">${header} = {'Content-Type': 'application/json'}</msg>
<status status="PASS" starttime="20210324 11:38:08.975" endtime="20210324 11:38:08.976"></status>
</kw>
<kw name="Catenate" library="BuiltIn">
<doc>Catenates the given items together and returns the resulted string.</doc>
<arguments>
<arg>{</arg>
<arg>"city": "${city}",</arg>
<arg>"state": "${state}",</arg>
<arg>"country": "${country}",</arg>
<arg>"neighborhood": "${neighborhood}",</arg>
<arg>"street": "${street}",</arg>
<arg>"number": "${number}",</arg>
<arg>"complement": "${complement}",</arg>
<arg>"postal_code": "${postal_code}"</arg>
<arg>}</arg>
</arguments>
<assign>
<var>${body}</var>
</assign>
<msg timestamp="20210324 11:38:08.977" level="INFO">${body} = { "city": "Rio de Janeiro", "state": "Rio de Janeiro", "country": "Brasil", "neighborhood": "Bairro de Testes", "street": "Rua de Testes", "number": "90", "complement": "apto 200", "postal_code": "215...</msg>
<status status="PASS" starttime="20210324 11:38:08.976" endtime="20210324 11:38:08.977"></status>
</kw>
<kw name="Post Request" library="RequestsLibrary">
<doc>Send a POST request on the session object found using the
given `alias`</doc>
<arguments>
<arg>accreditation</arg>
<arg>/marketplaces/${marketplace_external_key}/banking/accreditation/holders/${holder_external_key}/addresses</arg>
<arg>data=${body}</arg>
<arg>headers=${header}</arg>
</arguments>
<assign>
<var>${response}</var>
</assign>
<msg timestamp="20210324 11:38:08.978" level="INFO">POST Request using : uri=/marketplaces/f71a8951368a4cc085cf7875ff44e61c/banking/accreditation/holders/441ce6271c064240b2bdc4cd0a042d77/addresses, params=None, files=None, allow_redirects=True, timeout=None
headers={'User-Agent': 'python-requests/2.22.0', 'Accept-Encoding': 'gzip, deflate', 'Accept': '*/*', 'Connection': 'keep-alive', 'Content-Type': 'application/json'} 
data={ "city": "Rio de Janeiro", "state": "Rio de Janeiro", "country": "Brasil", "neighborhood": "Bairro de Testes", "street": "Rua de Testes", "number": "90", "complement": "apto 200", "postal_code": "21550987" } 
json=None</msg>
<msg timestamp="20210324 11:38:09.220" level="INFO">${response} = &lt;Response [201]&gt;</msg>
<status status="PASS" starttime="20210324 11:38:08.977" endtime="20210324 11:38:09.220"></status>
</kw>
<kw name="Log" library="BuiltIn">
<doc>Logs the given message with the given level.</doc>
<arguments>
<arg>${response.json()}</arg>
</arguments>
<msg timestamp="20210324 11:38:09.223" level="INFO">{'id': 'bd14e386d101415eb7241bdd9aa53109', 'street': 'Rua de Testes', 'number': '90', 'city': 'Rio de Janeiro', 'complement': 'apto 200', 'state': 'Rio de Janeiro', 'neighborhood': 'Bairro de Testes', 'postal_code': '21550987', 'country': 'Brasil', 'main': True, '_links': {'self': {'href': 'https://banking-accreditation-internal.staging.zoop.tech/marketplaces/f71a8951368a4cc085cf7875ff44e61c/banking/accreditation/holders/441ce6271c064240b2bdc4cd0a042d77/addresses/bd14e386d101415eb7241bdd9aa53109', 'type': 'GET'}, 'holder': {'href': 'https://banking-accreditation-internal.staging.zoop.tech/marketplaces/f71a8951368a4cc085cf7875ff44e61c/banking/accreditation/holders/441ce6271c064240b2bdc4cd0a042d77', 'type': 'GET'}}}</msg>
<status status="PASS" starttime="20210324 11:38:09.221" endtime="20210324 11:38:09.223"></status>
</kw>
<kw name="Log" library="BuiltIn">
<doc>Logs the given message with the given level.</doc>
<arguments>
<arg>${response.headers['X-REQUEST-ID']}</arg>
</arguments>
<msg timestamp="20210324 11:38:09.225" level="INFO">9575a69a30097796</msg>
<status status="PASS" starttime="20210324 11:38:09.224" endtime="20210324 11:38:09.225"></status>
</kw>
<kw name="Set Global Variable" library="BuiltIn">
<doc>Makes a variable available globally in all tests and suites.</doc>
<arguments>
<arg>${response}</arg>
</arguments>
<msg timestamp="20210324 11:38:09.227" level="INFO">${response} = &lt;Response [201]&gt;</msg>
<status status="PASS" starttime="20210324 11:38:09.226" endtime="20210324 11:38:09.227"></status>
</kw>
<kw name="Set Variable If" library="BuiltIn">
<doc>Sets variable based on the given condition.</doc>
<arguments>
<arg>${response.status_code}==201</arg>
<arg>${response.json()["id"]}</arg>
</arguments>
<assign>
<var>${address_external_key}</var>
</assign>
<msg timestamp="20210324 11:38:09.230" level="INFO">${address_external_key} = bd14e386d101415eb7241bdd9aa53109</msg>
<status status="PASS" starttime="20210324 11:38:09.228" endtime="20210324 11:38:09.230"></status>
</kw>
<kw name="Set Global Variable" library="BuiltIn">
<doc>Makes a variable available globally in all tests and suites.</doc>
<arguments>
<arg>${address_external_key}</arg>
</arguments>
<msg timestamp="20210324 11:38:09.232" level="INFO">${address_external_key} = bd14e386d101415eb7241bdd9aa53109</msg>
<status status="PASS" starttime="20210324 11:38:09.231" endtime="20210324 11:38:09.232"></status>
</kw>
<status status="PASS" starttime="20210324 11:38:08.975" endtime="20210324 11:38:09.232"></status>
</kw>
<kw name="Should Be Equal As Integers" library="BuiltIn">
<doc>Fails if objects are unequal after converting them to integers.</doc>
<arguments>
<arg>${response.status_code}</arg>
<arg>201</arg>
</arguments>
<msg timestamp="20210324 11:38:09.234" level="INFO">Argument types are:
&lt;class 'int'&gt;
&lt;type 'unicode'&gt;</msg>
<status status="PASS" starttime="20210324 11:38:09.233" endtime="20210324 11:38:09.234"></status>
</kw>
<kw name="criar holder document" library="accreditation_post_holder_document">
<arguments>
<arg>SELFIE</arg>
</arguments>
<kw name="Create Dictionary" library="BuiltIn">
<doc>Creates and returns a dictionary based on the given ``items``.</doc>
<arguments>
<arg>Content-Type=image/jpeg</arg>
</arguments>
<assign>
<var>${header}</var>
</assign>
<msg timestamp="20210324 11:38:09.237" level="INFO">${header} = {'Content-Type': 'image/jpeg'}</msg>
<status status="PASS" starttime="20210324 11:38:09.236" endtime="20210324 11:38:09.237"></status>
</kw>
<kw name="Get Binary File" library="OperatingSystem">
<doc>Returns the contents of a specified file.</doc>
<arguments>
<arg>C:\\Users\\vinicius.trindade\\banking_continuous_testing\\banking_continuous_testing\\apis\\accreditation\\documents\\holder_documents\\post.${/}..${/}..${/}..${/}..${/}..${/}images${/}accreditation${/}image.jpg</arg>
</arguments>
<assign>
<var>${data}</var>
</assign>
<msg timestamp="20210324 11:38:09.239" level="INFO" html="yes">Getting file '&lt;a href="file://C:\Users\vinicius.trindade\banking_continuous_testing\banking_continuous_testing\images\accreditation\image.jpg"&gt;C:\Users\vinicius.trindade\banking_continuous_testing\banking_continuous_testing\images\accreditation\image.jpg&lt;/a&gt;'.</msg>
<msg timestamp="20210324 11:38:09.251" level="INFO">${data} = \xff\xd8\xff\xe0JFIF\xf0\xf0\xff\xdbC


		
%# , #&amp;')*)-0-(0%()(\xff\xc0\xa0\xf0\xff\xc4	\xff\xc4=...</msg>
<status status="PASS" starttime="20210324 11:38:09.238" endtime="20210324 11:38:09.251"></status>
</kw>
<kw name="Post Request" library="RequestsLibrary">
<doc>Send a POST request on the session object found using the
given `alias`</doc>
<arguments>
<arg>accreditation</arg>
<arg>/marketplaces/${marketplace_external_key}/banking/accreditation/holders/${holder_external_key}/documents?type=${document_type}</arg>
<arg>data=${data}</arg>
<arg>headers=${header}</arg>
</arguments>
<assign>
<var>${response}</var>
</assign>
<msg timestamp="20210324 11:38:09.254" level="INFO">POST Request using : uri=/marketplaces/f71a8951368a4cc085cf7875ff44e61c/banking/accreditation/holders/441ce6271c064240b2bdc4cd0a042d77/documents?type=SELFIE, params=None, files=None, allow_redirects=True, timeout=None
headers={'User-Agent': 'python-requests/2.22.0', 'Accept-Encoding': 'gzip, deflate', 'Accept': '*/*', 'Connection': 'keep-alive', 'Content-Type': 'image/jpeg'} 
data=&lt;image/jpeg&gt; 
json=None</msg>
<msg timestamp="20210324 11:38:09.622" level="INFO">${response} = &lt;Response [201]&gt;</msg>
<status status="PASS" starttime="20210324 11:38:09.252" endtime="20210324 11:38:09.622"></status>
</kw>
<kw name="Log" library="BuiltIn">
<doc>Logs the given message with the given level.</doc>
<arguments>
<arg>${response.json()}</arg>
</arguments>
<msg timestamp="20210324 11:38:09.625" level="INFO">{'id': 'a65c74cfe6d74b189082e1bf21fdfe20', 'document_type': 'selfie', 'media_type': 'image_jpeg', 'length': 3135, '_links': {'self': {'href': 'https://banking-accreditation-internal.staging.zoop.tech/marketplaces/f71a8951368a4cc085cf7875ff44e61c/banking/accreditation/holders/441ce6271c064240b2bdc4cd0a042d77/documents/a65c74cfe6d74b189082e1bf21fdfe20', 'type': 'GET'}, 'holder': {'href': 'https://banking-accreditation-internal.staging.zoop.tech/marketplaces/f71a8951368a4cc085cf7875ff44e61c/banking/accreditation/holders/441ce6271c064240b2bdc4cd0a042d77', 'type': 'GET'}, 'download': {'href': 'https://banking-accreditation-internal.staging.zoop.tech/marketplaces/f71a8951368a4cc085cf7875ff44e61c/banking/accreditation/holders/441ce6271c064240b2bdc4cd0a042d77/documents/a65c74cfe6d74b189082e1bf21fdfe20/download', 'type': 'GET'}}}</msg>
<status status="PASS" starttime="20210324 11:38:09.623" endtime="20210324 11:38:09.625"></status>
</kw>
<kw name="Log" library="BuiltIn">
<doc>Logs the given message with the given level.</doc>
<arguments>
<arg>${response.headers['X-REQUEST-ID']}</arg>
</arguments>
<msg timestamp="20210324 11:38:09.626" level="INFO">4b67f213c0e823f8</msg>
<status status="PASS" starttime="20210324 11:38:09.625" endtime="20210324 11:38:09.626"></status>
</kw>
<kw name="Set Global Variable" library="BuiltIn">
<doc>Makes a variable available globally in all tests and suites.</doc>
<arguments>
<arg>${response}</arg>
</arguments>
<msg timestamp="20210324 11:38:09.628" level="INFO">${response} = &lt;Response [201]&gt;</msg>
<status status="PASS" starttime="20210324 11:38:09.627" endtime="20210324 11:38:09.629"></status>
</kw>
<kw name="Set Variable If" library="BuiltIn">
<doc>Sets variable based on the given condition.</doc>
<arguments>
<arg>${response.status_code}==201</arg>
<arg>${response.json()["id"]}</arg>
</arguments>
<assign>
<var>${document_external_key}</var>
</assign>
<msg timestamp="20210324 11:38:09.632" level="INFO">${document_external_key} = a65c74cfe6d74b189082e1bf21fdfe20</msg>
<status status="PASS" starttime="20210324 11:38:09.629" endtime="20210324 11:38:09.632"></status>
</kw>
<kw name="Set Global Variable" library="BuiltIn">
<doc>Makes a variable available globally in all tests and suites.</doc>
<arguments>
<arg>${document_external_key}</arg>
</arguments>
<msg timestamp="20210324 11:38:09.634" level="INFO">${document_external_key} = a65c74cfe6d74b189082e1bf21fdfe20</msg>
<status status="PASS" starttime="20210324 11:38:09.632" endtime="20210324 11:38:09.634"></status>
</kw>
<status status="PASS" starttime="20210324 11:38:09.235" endtime="20210324 11:38:09.634"></status>
</kw>
<kw name="Should Be Equal As Integers" library="BuiltIn">
<doc>Fails if objects are unequal after converting them to integers.</doc>
<arguments>
<arg>${response.status_code}</arg>
<arg>201</arg>
</arguments>
<msg timestamp="20210324 11:38:09.636" level="INFO">Argument types are:
&lt;class 'int'&gt;
&lt;type 'unicode'&gt;</msg>
<status status="PASS" starttime="20210324 11:38:09.635" endtime="20210324 11:38:09.637"></status>
</kw>
<kw name="criar holder document" library="accreditation_post_holder_document">
<arguments>
<arg>RG_FRENTE</arg>
</arguments>
<kw name="Create Dictionary" library="BuiltIn">
<doc>Creates and returns a dictionary based on the given ``items``.</doc>
<arguments>
<arg>Content-Type=image/jpeg</arg>
</arguments>
<assign>
<var>${header}</var>
</assign>
<msg timestamp="20210324 11:38:09.640" level="INFO">${header} = {'Content-Type': 'image/jpeg'}</msg>
<status status="PASS" starttime="20210324 11:38:09.639" endtime="20210324 11:38:09.640"></status>
</kw>
<kw name="Get Binary File" library="OperatingSystem">
<doc>Returns the contents of a specified file.</doc>
<arguments>
<arg>C:\\Users\\vinicius.trindade\\banking_continuous_testing\\banking_continuous_testing\\apis\\accreditation\\documents\\holder_documents\\post.${/}..${/}..${/}..${/}..${/}..${/}images${/}accreditation${/}image.jpg</arg>
</arguments>
<assign>
<var>${data}</var>
</assign>
<msg timestamp="20210324 11:38:09.642" level="INFO" html="yes">Getting file '&lt;a href="file://C:\Users\vinicius.trindade\banking_continuous_testing\banking_continuous_testing\images\accreditation\image.jpg"&gt;C:\Users\vinicius.trindade\banking_continuous_testing\banking_continuous_testing\images\accreditation\image.jpg&lt;/a&gt;'.</msg>
<msg timestamp="20210324 11:38:09.646" level="INFO">${data} = \xff\xd8\xff\xe0JFIF\xf0\xf0\xff\xdbC


		
%# , #&amp;')*)-0-(0%()(\xff\xc0\xa0\xf0\xff\xc4	\xff\xc4=...</msg>
<status status="PASS" starttime="20210324 11:38:09.641" endtime="20210324 11:38:09.646"></status>
</kw>
<kw name="Post Request" library="RequestsLibrary">
<doc>Send a POST request on the session object found using the
given `alias`</doc>
<arguments>
<arg>accreditation</arg>
<arg>/marketplaces/${marketplace_external_key}/banking/accreditation/holders/${holder_external_key}/documents?type=${document_type}</arg>
<arg>data=${data}</arg>
<arg>headers=${header}</arg>
</arguments>
<assign>
<var>${response}</var>
</assign>
<msg timestamp="20210324 11:38:09.650" level="INFO">POST Request using : uri=/marketplaces/f71a8951368a4cc085cf7875ff44e61c/banking/accreditation/holders/441ce6271c064240b2bdc4cd0a042d77/documents?type=RG_FRENTE, params=None, files=None, allow_redirects=True, timeout=None
headers={'User-Agent': 'python-requests/2.22.0', 'Accept-Encoding': 'gzip, deflate', 'Accept': '*/*', 'Connection': 'keep-alive', 'Content-Type': 'image/jpeg'} 
data=&lt;image/jpeg&gt; 
json=None</msg>
<msg timestamp="20210324 11:38:09.986" level="INFO">${response} = &lt;Response [201]&gt;</msg>
<status status="PASS" starttime="20210324 11:38:09.647" endtime="20210324 11:38:09.986"></status>
</kw>
<kw name="Log" library="BuiltIn">
<doc>Logs the given message with the given level.</doc>
<arguments>
<arg>${response.json()}</arg>
</arguments>
<msg timestamp="20210324 11:38:09.988" level="INFO">{'id': 'ab2cd7f890d742aab61b494fe14d6d58', 'document_type': 'rg_frente', 'media_type': 'image_jpeg', 'length': 3135, '_links': {'self': {'href': 'https://banking-accreditation-internal.staging.zoop.tech/marketplaces/f71a8951368a4cc085cf7875ff44e61c/banking/accreditation/holders/441ce6271c064240b2bdc4cd0a042d77/documents/ab2cd7f890d742aab61b494fe14d6d58', 'type': 'GET'}, 'holder': {'href': 'https://banking-accreditation-internal.staging.zoop.tech/marketplaces/f71a8951368a4cc085cf7875ff44e61c/banking/accreditation/holders/441ce6271c064240b2bdc4cd0a042d77', 'type': 'GET'}, 'download': {'href': 'https://banking-accreditation-internal.staging.zoop.tech/marketplaces/f71a8951368a4cc085cf7875ff44e61c/banking/accreditation/holders/441ce6271c064240b2bdc4cd0a042d77/documents/ab2cd7f890d742aab61b494fe14d6d58/download', 'type': 'GET'}}}</msg>
<status status="PASS" starttime="20210324 11:38:09.987" endtime="20210324 11:38:09.989"></status>
</kw>
<kw name="Log" library="BuiltIn">
<doc>Logs the given message with the given level.</doc>
<arguments>
<arg>${response.headers['X-REQUEST-ID']}</arg>
</arguments>
<msg timestamp="20210324 11:38:09.990" level="INFO">10af7ee99e4e9447</msg>
<status status="PASS" starttime="20210324 11:38:09.989" endtime="20210324 11:38:09.991"></status>
</kw>
<kw name="Set Global Variable" library="BuiltIn">
<doc>Makes a variable available globally in all tests and suites.</doc>
<arguments>
<arg>${response}</arg>
</arguments>
<msg timestamp="20210324 11:38:09.992" level="INFO">${response} = &lt;Response [201]&gt;</msg>
<status status="PASS" starttime="20210324 11:38:09.991" endtime="20210324 11:38:09.993"></status>
</kw>
<kw name="Set Variable If" library="BuiltIn">
<doc>Sets variable based on the given condition.</doc>
<arguments>
<arg>${response.status_code}==201</arg>
<arg>${response.json()["id"]}</arg>
</arguments>
<assign>
<var>${document_external_key}</var>
</assign>
<msg timestamp="20210324 11:38:09.995" level="INFO">${document_external_key} = ab2cd7f890d742aab61b494fe14d6d58</msg>
<status status="PASS" starttime="20210324 11:38:09.994" endtime="20210324 11:38:09.996"></status>
</kw>
<kw name="Set Global Variable" library="BuiltIn">
<doc>Makes a variable available globally in all tests and suites.</doc>
<arguments>
<arg>${document_external_key}</arg>
</arguments>
<msg timestamp="20210324 11:38:09.998" level="INFO">${document_external_key} = ab2cd7f890d742aab61b494fe14d6d58</msg>
<status status="PASS" starttime="20210324 11:38:09.996" endtime="20210324 11:38:09.998"></status>
</kw>
<status status="PASS" starttime="20210324 11:38:09.637" endtime="20210324 11:38:09.998"></status>
</kw>
<kw name="Should Be Equal As Integers" library="BuiltIn">
<doc>Fails if objects are unequal after converting them to integers.</doc>
<arguments>
<arg>${response.status_code}</arg>
<arg>201</arg>
</arguments>
<msg timestamp="20210324 11:38:10.000" level="INFO">Argument types are:
&lt;class 'int'&gt;
&lt;type 'unicode'&gt;</msg>
<status status="PASS" starttime="20210324 11:38:09.999" endtime="20210324 11:38:10.000"></status>
</kw>
<kw name="criar holder document" library="accreditation_post_holder_document">
<arguments>
<arg>RG_VERSO</arg>
</arguments>
<kw name="Create Dictionary" library="BuiltIn">
<doc>Creates and returns a dictionary based on the given ``items``.</doc>
<arguments>
<arg>Content-Type=image/jpeg</arg>
</arguments>
<assign>
<var>${header}</var>
</assign>
<msg timestamp="20210324 11:38:10.004" level="INFO">${header} = {'Content-Type': 'image/jpeg'}</msg>
<status status="PASS" starttime="20210324 11:38:10.003" endtime="20210324 11:38:10.004"></status>
</kw>
<kw name="Get Binary File" library="OperatingSystem">
<doc>Returns the contents of a specified file.</doc>
<arguments>
<arg>C:\\Users\\vinicius.trindade\\banking_continuous_testing\\banking_continuous_testing\\apis\\accreditation\\documents\\holder_documents\\post.${/}..${/}..${/}..${/}..${/}..${/}images${/}accreditation${/}image.jpg</arg>
</arguments>
<assign>
<var>${data}</var>
</assign>
<msg timestamp="20210324 11:38:10.006" level="INFO" html="yes">Getting file '&lt;a href="file://C:\Users\vinicius.trindade\banking_continuous_testing\banking_continuous_testing\images\accreditation\image.jpg"&gt;C:\Users\vinicius.trindade\banking_continuous_testing\banking_continuous_testing\images\accreditation\image.jpg&lt;/a&gt;'.</msg>
<msg timestamp="20210324 11:38:10.011" level="INFO">${data} = \xff\xd8\xff\xe0JFIF\xf0\xf0\xff\xdbC


		
%# , #&amp;')*)-0-(0%()(\xff\xc0\xa0\xf0\xff\xc4	\xff\xc4=...</msg>
<status status="PASS" starttime="20210324 11:38:10.005" endtime="20210324 11:38:10.011"></status>
</kw>
<kw name="Post Request" library="RequestsLibrary">
<doc>Send a POST request on the session object found using the
given `alias`</doc>
<arguments>
<arg>accreditation</arg>
<arg>/marketplaces/${marketplace_external_key}/banking/accreditation/holders/${holder_external_key}/documents?type=${document_type}</arg>
<arg>data=${data}</arg>
<arg>headers=${header}</arg>
</arguments>
<assign>
<var>${response}</var>
</assign>
<msg timestamp="20210324 11:38:10.015" level="INFO">POST Request using : uri=/marketplaces/f71a8951368a4cc085cf7875ff44e61c/banking/accreditation/holders/441ce6271c064240b2bdc4cd0a042d77/documents?type=RG_VERSO, params=None, files=None, allow_redirects=True, timeout=None
headers={'User-Agent': 'python-requests/2.22.0', 'Accept-Encoding': 'gzip, deflate', 'Accept': '*/*', 'Connection': 'keep-alive', 'Content-Type': 'image/jpeg'} 
data=&lt;image/jpeg&gt; 
json=None</msg>
<msg timestamp="20210324 11:38:10.311" level="INFO">${response} = &lt;Response [201]&gt;</msg>
<status status="PASS" starttime="20210324 11:38:10.013" endtime="20210324 11:38:10.311"></status>
</kw>
<kw name="Log" library="BuiltIn">
<doc>Logs the given message with the given level.</doc>
<arguments>
<arg>${response.json()}</arg>
</arguments>
<msg timestamp="20210324 11:38:10.313" level="INFO">{'id': 'e953b1325b804ae48ac8287875a9c8c7', 'document_type': 'rg_verso', 'media_type': 'image_jpeg', 'length': 3135, '_links': {'self': {'href': 'https://banking-accreditation-internal.staging.zoop.tech/marketplaces/f71a8951368a4cc085cf7875ff44e61c/banking/accreditation/holders/441ce6271c064240b2bdc4cd0a042d77/documents/e953b1325b804ae48ac8287875a9c8c7', 'type': 'GET'}, 'holder': {'href': 'https://banking-accreditation-internal.staging.zoop.tech/marketplaces/f71a8951368a4cc085cf7875ff44e61c/banking/accreditation/holders/441ce6271c064240b2bdc4cd0a042d77', 'type': 'GET'}, 'download': {'href': 'https://banking-accreditation-internal.staging.zoop.tech/marketplaces/f71a8951368a4cc085cf7875ff44e61c/banking/accreditation/holders/441ce6271c064240b2bdc4cd0a042d77/documents/e953b1325b804ae48ac8287875a9c8c7/download', 'type': 'GET'}}}</msg>
<status status="PASS" starttime="20210324 11:38:10.312" endtime="20210324 11:38:10.314"></status>
</kw>
<kw name="Log" library="BuiltIn">
<doc>Logs the given message with the given level.</doc>
<arguments>
<arg>${response.headers['X-REQUEST-ID']}</arg>
</arguments>
<msg timestamp="20210324 11:38:10.315" level="INFO">1387011e3bb14937</msg>
<status status="PASS" starttime="20210324 11:38:10.314" endtime="20210324 11:38:10.316"></status>
</kw>
<kw name="Set Global Variable" library="BuiltIn">
<doc>Makes a variable available globally in all tests and suites.</doc>
<arguments>
<arg>${response}</arg>
</arguments>
<msg timestamp="20210324 11:38:10.317" level="INFO">${response} = &lt;Response [201]&gt;</msg>
<status status="PASS" starttime="20210324 11:38:10.317" endtime="20210324 11:38:10.318"></status>
</kw>
<kw name="Set Variable If" library="BuiltIn">
<doc>Sets variable based on the given condition.</doc>
<arguments>
<arg>${response.status_code}==201</arg>
<arg>${response.json()["id"]}</arg>
</arguments>
<assign>
<var>${document_external_key}</var>
</assign>
<msg timestamp="20210324 11:38:10.320" level="INFO">${document_external_key} = e953b1325b804ae48ac8287875a9c8c7</msg>
<status status="PASS" starttime="20210324 11:38:10.318" endtime="20210324 11:38:10.320"></status>
</kw>
<kw name="Set Global Variable" library="BuiltIn">
<doc>Makes a variable available globally in all tests and suites.</doc>
<arguments>
<arg>${document_external_key}</arg>
</arguments>
<msg timestamp="20210324 11:38:10.322" level="INFO">${document_external_key} = e953b1325b804ae48ac8287875a9c8c7</msg>
<status status="PASS" starttime="20210324 11:38:10.321" endtime="20210324 11:38:10.322"></status>
</kw>
<status status="PASS" starttime="20210324 11:38:10.001" endtime="20210324 11:38:10.323"></status>
</kw>
<kw name="Should Be Equal As Integers" library="BuiltIn">
<doc>Fails if objects are unequal after converting them to integers.</doc>
<arguments>
<arg>${response.status_code}</arg>
<arg>201</arg>
</arguments>
<msg timestamp="20210324 11:38:10.324" level="INFO">Argument types are:
&lt;class 'int'&gt;
&lt;type 'unicode'&gt;</msg>
<status status="PASS" starttime="20210324 11:38:10.323" endtime="20210324 11:38:10.325"></status>
</kw>
<kw name="solicitar aprovação do holder" library="accreditation_request_approval">
<kw name="Create Dictionary" library="BuiltIn">
<doc>Creates and returns a dictionary based on the given ``items``.</doc>
<arguments>
<arg>Content-Type=application/json</arg>
</arguments>
<assign>
<var>${header}</var>
</assign>
<msg timestamp="20210324 11:38:10.328" level="INFO">${header} = {'Content-Type': 'application/json'}</msg>
<status status="PASS" starttime="20210324 11:38:10.327" endtime="20210324 11:38:10.328"></status>
</kw>
<kw name="Post Request" library="RequestsLibrary">
<doc>Send a POST request on the session object found using the
given `alias`</doc>
<arguments>
<arg>accreditation</arg>
<arg>/marketplaces/${marketplace_external_key}/banking/accreditation/holders/${holder_external_key}/approval</arg>
<arg>headers=${header}</arg>
</arguments>
<assign>
<var>${response}</var>
</assign>
<msg timestamp="20210324 11:38:10.330" level="INFO">POST Request using : uri=/marketplaces/f71a8951368a4cc085cf7875ff44e61c/banking/accreditation/holders/441ce6271c064240b2bdc4cd0a042d77/approval, params=None, files=None, allow_redirects=True, timeout=None
headers={'User-Agent': 'python-requests/2.22.0', 'Accept-Encoding': 'gzip, deflate', 'Accept': '*/*', 'Connection': 'keep-alive', 'Content-Type': 'application/json'} 
data=None 
json=None</msg>
<msg timestamp="20210324 11:38:10.614" level="INFO">${response} = &lt;Response [200]&gt;</msg>
<status status="PASS" starttime="20210324 11:38:10.329" endtime="20210324 11:38:10.614"></status>
</kw>
<kw name="Log" library="BuiltIn">
<doc>Logs the given message with the given level.</doc>
<arguments>
<arg>${response.json()}</arg>
</arguments>
<msg timestamp="20210324 11:38:10.616" level="INFO">{'message': 'Approval request accepted successfully. Processing analysis'}</msg>
<status status="PASS" starttime="20210324 11:38:10.615" endtime="20210324 11:38:10.617"></status>
</kw>
<kw name="Log" library="BuiltIn">
<doc>Logs the given message with the given level.</doc>
<arguments>
<arg>${response.headers['X-REQUEST-ID']}</arg>
</arguments>
<msg timestamp="20210324 11:38:10.618" level="INFO">060692fe7d3dcf04</msg>
<status status="PASS" starttime="20210324 11:38:10.617" endtime="20210324 11:38:10.619"></status>
</kw>
<kw name="Set Global Variable" library="BuiltIn">
<doc>Makes a variable available globally in all tests and suites.</doc>
<arguments>
<arg>${response}</arg>
</arguments>
<msg timestamp="20210324 11:38:10.620" level="INFO">${response} = &lt;Response [200]&gt;</msg>
<status status="PASS" starttime="20210324 11:38:10.619" endtime="20210324 11:38:10.621"></status>
</kw>
<status status="PASS" starttime="20210324 11:38:10.325" endtime="20210324 11:38:10.621"></status>
</kw>
<kw name="Should Be Equal As Integers" library="BuiltIn">
<doc>Fails if objects are unequal after converting them to integers.</doc>
<arguments>
<arg>${response.status_code}</arg>
<arg>200</arg>
</arguments>
<msg timestamp="20210324 11:38:10.623" level="INFO">Argument types are:
&lt;class 'int'&gt;
&lt;type 'unicode'&gt;</msg>
<status status="PASS" starttime="20210324 11:38:10.622" endtime="20210324 11:38:10.623"></status>
</kw>
<kw name="recebendo notificação de aprovação" library="accreditation_risk_notification">
<kw name="Uuid 4" library="FakerLibrary">
<doc>Generates a random UUID4 string.
:param cast_to: Specify what type the UUID should be cast to. Default is `str`
:type cast_to: callable</doc>
<assign>
<var>${assessment_id}</var>
</assign>
<msg timestamp="20210324 11:38:10.627" level="INFO">${assessment_id} = 33c65633-4f43-41e2-82a1-6614a38f0425</msg>
<status status="PASS" starttime="20210324 11:38:10.625" endtime="20210324 11:38:10.627"></status>
</kw>
<kw name="Get Time" library="BuiltIn">
<doc>Returns the given time in the requested format.</doc>
<arguments>
<arg>year</arg>
</arguments>
<assign>
<var>${year}</var>
</assign>
<msg timestamp="20210324 11:38:10.629" level="INFO">${year} = 2021</msg>
<status status="PASS" starttime="20210324 11:38:10.628" endtime="20210324 11:38:10.629"></status>
</kw>
<kw name="Get Time" library="BuiltIn">
<doc>Returns the given time in the requested format.</doc>
<arguments>
<arg>month</arg>
</arguments>
<assign>
<var>${month}</var>
</assign>
<msg timestamp="20210324 11:38:10.630" level="INFO">${month} = 03</msg>
<status status="PASS" starttime="20210324 11:38:10.629" endtime="20210324 11:38:10.630"></status>
</kw>
<kw name="Get Time" library="BuiltIn">
<doc>Returns the given time in the requested format.</doc>
<arguments>
<arg>day</arg>
</arguments>
<assign>
<var>${day}</var>
</assign>
<msg timestamp="20210324 11:38:10.632" level="INFO">${day} = 24</msg>
<status status="PASS" starttime="20210324 11:38:10.631" endtime="20210324 11:38:10.632"></status>
</kw>
<kw name="Create Dictionary" library="BuiltIn">
<doc>Creates and returns a dictionary based on the given ``items``.</doc>
<arguments>
<arg>Content-Type=application/json</arg>
</arguments>
<assign>
<var>${header}</var>
</assign>
<msg timestamp="20210324 11:38:10.634" level="INFO">${header} = {'Content-Type': 'application/json'}</msg>
<status status="PASS" starttime="20210324 11:38:10.633" endtime="20210324 11:38:10.634"></status>
</kw>
<kw name="Catenate" library="BuiltIn">
<doc>Catenates the given items together and returns the resulted string.</doc>
<arguments>
<arg>{</arg>
<arg>"type": "risk.assessment.result",</arg>
<arg>"resource": "business.holder",</arg>
<arg>"created_at": "${year}-${month}-${day} 15:28:56.747Z",</arg>
<arg>"marketplace_id": "${marketplace_external_key}",</arg>
<arg>"object": {</arg>
<arg>"result": "APPROVED",</arg>
<arg>"holder_id": "${holder_external_key}",</arg>
<arg>"applicant_id": "${application_external_key}",</arg>
<arg>"assessment_id": "${assessment_id}"</arg>
<arg>}</arg>
<arg>}</arg>
</arguments>
<assign>
<var>${body}</var>
</assign>
<msg timestamp="20210324 11:38:10.637" level="INFO">${body} = { "type": "risk.assessment.result", "resource": "business.holder", "created_at": "2021-03-24 15:28:56.747Z", "marketplace_id": "f71a8951368a4cc085cf7875ff44e61c", "object": { "result": "APPROVED", "ho...</msg>
<status status="PASS" starttime="20210324 11:38:10.635" endtime="20210324 11:38:10.637"></status>
</kw>
<kw name="Post Request" library="RequestsLibrary">
<doc>Send a POST request on the session object found using the
given `alias`</doc>
<arguments>
<arg>accreditation</arg>
<arg>/admin/internal_operation/marketplaces/${marketplace_external_key}/banking/accreditation/holders/${holder_external_key}/registration/approval</arg>
<arg>data=${body}</arg>
<arg>headers=${header}</arg>
</arguments>
<assign>
<var>${response}</var>
</assign>
<msg timestamp="20210324 11:38:10.639" level="INFO">POST Request using : uri=/admin/internal_operation/marketplaces/f71a8951368a4cc085cf7875ff44e61c/banking/accreditation/holders/441ce6271c064240b2bdc4cd0a042d77/registration/approval, params=None, files=None, allow_redirects=True, timeout=None
headers={'User-Agent': 'python-requests/2.22.0', 'Accept-Encoding': 'gzip, deflate', 'Accept': '*/*', 'Connection': 'keep-alive', 'Content-Type': 'application/json'} 
data={ "type": "risk.assessment.result", "resource": "business.holder", "created_at": "2021-03-24 15:28:56.747Z", "marketplace_id": "f71a8951368a4cc085cf7875ff44e61c", "object": { "result": "APPROVED", "holder_id": "441ce6271c064240b2bdc4cd0a042d77", "applicant_id": "bcc25a6751c14b52af1340d40dba78c5", "assessment_id": "33c65633-4f43-41e2-82a1-6614a38f0425" } } 
json=None</msg>
<msg timestamp="20210324 11:38:10.852" level="INFO">${response} = &lt;Response [200]&gt;</msg>
<status status="PASS" starttime="20210324 11:38:10.637" endtime="20210324 11:38:10.852"></status>
</kw>
<kw name="Log" library="BuiltIn">
<doc>Logs the given message with the given level.</doc>
<arguments>
<arg>${response.json()}</arg>
</arguments>
<msg timestamp="20210324 11:38:10.854" level="INFO">{'message': 'Holder approved successfully'}</msg>
<status status="PASS" starttime="20210324 11:38:10.852" endtime="20210324 11:38:10.854"></status>
</kw>
<kw name="Log" library="BuiltIn">
<doc>Logs the given message with the given level.</doc>
<arguments>
<arg>${response.headers['X-REQUEST-ID']}</arg>
</arguments>
<msg timestamp="20210324 11:38:10.856" level="INFO">d1a873006b3a6e8c</msg>
<status status="PASS" starttime="20210324 11:38:10.855" endtime="20210324 11:38:10.856"></status>
</kw>
<kw name="Set Global Variable" library="BuiltIn">
<doc>Makes a variable available globally in all tests and suites.</doc>
<arguments>
<arg>${response}</arg>
</arguments>
<msg timestamp="20210324 11:38:10.859" level="INFO">${response} = &lt;Response [200]&gt;</msg>
<status status="PASS" starttime="20210324 11:38:10.857" endtime="20210324 11:38:10.859"></status>
</kw>
<kw name="Should Be Equal As Strings" library="BuiltIn">
<doc>Fails if objects are unequal after converting them to strings.</doc>
<arguments>
<arg>${response.status_code}</arg>
<arg>200</arg>
</arguments>
<msg timestamp="20210324 11:38:10.861" level="INFO">Argument types are:
&lt;class 'int'&gt;
&lt;type 'unicode'&gt;</msg>
<status status="PASS" starttime="20210324 11:38:10.860" endtime="20210324 11:38:10.862"></status>
</kw>
<status status="PASS" starttime="20210324 11:38:10.624" endtime="20210324 11:38:10.863"></status>
</kw>
<kw name="Should Be Equal As Integers" library="BuiltIn">
<doc>Fails if objects are unequal after converting them to integers.</doc>
<arguments>
<arg>${response.status_code}</arg>
<arg>200</arg>
</arguments>
<msg timestamp="20210324 11:38:10.865" level="INFO">Argument types are:
&lt;class 'int'&gt;
&lt;type 'unicode'&gt;</msg>
<status status="PASS" starttime="20210324 11:38:10.864" endtime="20210324 11:38:10.866"></status>
</kw>
<kw name="buscar account por holder" library="accounts_get_accounts_by_holder">
<kw name="conectar accounts" library="create_session_staging_internal">
<kw name="Create Session" library="RequestsLibrary">
<doc>Create Session: create a HTTP session to a server</doc>
<arguments>
<arg>alias=accounts</arg>
<arg>url=${account_url_base}</arg>
<arg>disable_warnings=true</arg>
</arguments>
<msg timestamp="20210324 11:38:10.871" level="INFO">Creating Session using : alias=accounts, url=https://banking-accounts-internal.staging.zoop.tech, headers={},                     cookies={}, auth=None, timeout=None, proxies=None, verify=False,                     debug=0 </msg>
<status status="PASS" starttime="20210324 11:38:10.870" endtime="20210324 11:38:10.871"></status>
</kw>
<status status="PASS" starttime="20210324 11:38:10.868" endtime="20210324 11:38:10.872"></status>
</kw>
<kw name="Get Request" library="RequestsLibrary">
<doc>Send a GET request on the session object found using the
given `alias`</doc>
<arguments>
<arg>accounts</arg>
<arg>/marketplaces/${marketplace_external_key}/holders/${holder_external_key}/accounts</arg>
</arguments>
<assign>
<var>${response}</var>
</assign>
<msg timestamp="20210324 11:38:10.874" level="INFO">GET Request using : uri=/marketplaces/f71a8951368a4cc085cf7875ff44e61c/holders/441ce6271c064240b2bdc4cd0a042d77/accounts, params=None, allow_redirects=True, timeout=None
headers={'User-Agent': 'python-requests/2.22.0', 'Accept-Encoding': 'gzip, deflate', 'Accept': '*/*', 'Connection': 'keep-alive'} 
data=None 
json=None</msg>
<msg timestamp="20210324 11:38:11.619" level="INFO">${response} = &lt;Response [200]&gt;</msg>
<status status="PASS" starttime="20210324 11:38:10.873" endtime="20210324 11:38:11.619"></status>
</kw>
<kw name="Log" library="BuiltIn">
<doc>Logs the given message with the given level.</doc>
<arguments>
<arg>${response.json()}</arg>
</arguments>
<msg timestamp="20210324 11:38:11.623" level="INFO">{'items': [{'id': 'fd4700c50e144203a482a97b1c448d80', 'holder': '441ce6271c064240b2bdc4cd0a042d77', 'balance': '0.00', 'currency': 'BRL', 'routing_number': '001', 'number': '177670673', 'status': 'active', 'metadata': {}, 'created_at': '2021-03-24T14:38:10.468426', 'updated_at': '2021-03-24T14:38:10.468426', 'primary': True, 'marketplace_id': 'f71a8951368a4cc085cf7875ff44e61c', 'uri': '/v2/marketplaces/f71a8951368a4cc085cf7875ff44e61c/accounts/fd4700c50e144203a482a97b1c448d80', 'resource': 'payment_account'}], 'has_more': False, 'limit': 100, 'total_pages': 1, 'page': 1, 'offset': 0, 'total': '1', 'query_count': '1'}</msg>
<status status="PASS" starttime="20210324 11:38:11.621" endtime="20210324 11:38:11.623"></status>
</kw>
<kw name="Set Global Variable" library="BuiltIn">
<doc>Makes a variable available globally in all tests and suites.</doc>
<arguments>
<arg>${response}</arg>
</arguments>
<msg timestamp="20210324 11:38:11.625" level="INFO">${response} = &lt;Response [200]&gt;</msg>
<status status="PASS" starttime="20210324 11:38:11.624" endtime="20210324 11:38:11.625"></status>
</kw>
<kw name="Set Variable If" library="BuiltIn">
<doc>Sets variable based on the given condition.</doc>
<arguments>
<arg>${response.status_code}==200</arg>
<arg>${response.json()["items"][0]["id"]}</arg>
</arguments>
<assign>
<var>${account_external_key}</var>
</assign>
<msg timestamp="20210324 11:38:11.627" level="INFO">${account_external_key} = fd4700c50e144203a482a97b1c448d80</msg>
<status status="PASS" starttime="20210324 11:38:11.625" endtime="20210324 11:38:11.627"></status>
</kw>
<kw name="Set Global Variable" library="BuiltIn">
<doc>Makes a variable available globally in all tests and suites.</doc>
<arguments>
<arg>${account_external_key}</arg>
</arguments>
<msg timestamp="20210324 11:38:11.629" level="INFO">${account_external_key} = fd4700c50e144203a482a97b1c448d80</msg>
<status status="PASS" starttime="20210324 11:38:11.628" endtime="20210324 11:38:11.629"></status>
</kw>
<kw name="Set Variable If" library="BuiltIn">
<doc>Sets variable based on the given condition.</doc>
<arguments>
<arg>${response.status_code}==200</arg>
<arg>${response.json()["items"][0]["number"]}</arg>
</arguments>
<assign>
<var>${account_number}</var>
</assign>
<msg timestamp="20210324 11:38:11.632" level="INFO">${account_number} = 177670673</msg>
<status status="PASS" starttime="20210324 11:38:11.630" endtime="20210324 11:38:11.632"></status>
</kw>
<kw name="Set Global Variable" library="BuiltIn">
<doc>Makes a variable available globally in all tests and suites.</doc>
<arguments>
<arg>${account_number}</arg>
</arguments>
<msg timestamp="20210324 11:38:11.634" level="INFO">${account_number} = 177670673</msg>
<status status="PASS" starttime="20210324 11:38:11.633" endtime="20210324 11:38:11.634"></status>
</kw>
<kw name="Set Variable If" library="BuiltIn">
<doc>Sets variable based on the given condition.</doc>
<arguments>
<arg>${response.status_code}==200</arg>
<arg>${response.json()["items"][0]["routing_number"]}</arg>
</arguments>
<assign>
<var>${account_routing_number}</var>
</assign>
<msg timestamp="20210324 11:38:11.636" level="INFO">${account_routing_number} = 001</msg>
<status status="PASS" starttime="20210324 11:38:11.635" endtime="20210324 11:38:11.636"></status>
</kw>
<kw name="Set Global Variable" library="BuiltIn">
<doc>Makes a variable available globally in all tests and suites.</doc>
<arguments>
<arg>${account_routing_number}</arg>
</arguments>
<msg timestamp="20210324 11:38:11.637" level="INFO">${account_routing_number} = 001</msg>
<status status="PASS" starttime="20210324 11:38:11.637" endtime="20210324 11:38:11.637"></status>
</kw>
<status status="PASS" starttime="20210324 11:38:10.867" endtime="20210324 11:38:11.638"></status>
</kw>
<kw name="Should Be Equal As Integers" library="BuiltIn">
<doc>Fails if objects are unequal after converting them to integers.</doc>
<arguments>
<arg>${response.status_code}</arg>
<arg>200</arg>
</arguments>
<msg timestamp="20210324 11:38:11.639" level="INFO">Argument types are:
&lt;class 'int'&gt;
&lt;type 'unicode'&gt;</msg>
<status status="PASS" starttime="20210324 11:38:11.638" endtime="20210324 11:38:11.639"></status>
</kw>
<status status="PASS" starttime="20210324 11:38:07.867" endtime="20210324 11:38:11.639"></status>
</kw>
<status status="PASS" starttime="20210324 11:38:07.866" endtime="20210324 11:38:11.639"></status>
</kw>
<kw name="gerar saldo para account" library="account_generate_balance">
<arguments>
<arg>${account_external_key}</arg>
</arguments>
<kw name="Uuid 4" library="FakerLibrary">
<doc>Generates a random UUID4 string.
:param cast_to: Specify what type the UUID should be cast to. Default is `str`
:type cast_to: callable</doc>
<assign>
<var>${uuid}</var>
</assign>
<msg timestamp="20210324 11:38:11.641" level="INFO">${uuid} = d79be9f1-c410-470e-9234-82614cc8b378</msg>
<status status="PASS" starttime="20210324 11:38:11.640" endtime="20210324 11:38:11.641"></status>
</kw>
<kw name="conectar accounts" library="create_session_staging_internal">
<kw name="Create Session" library="RequestsLibrary">
<doc>Create Session: create a HTTP session to a server</doc>
<arguments>
<arg>alias=accounts</arg>
<arg>url=${account_url_base}</arg>
<arg>disable_warnings=true</arg>
</arguments>
<msg timestamp="20210324 11:38:11.642" level="INFO">Creating Session using : alias=accounts, url=https://banking-accounts-internal.staging.zoop.tech, headers={},                     cookies={}, auth=None, timeout=None, proxies=None, verify=False,                     debug=0 </msg>
<status status="PASS" starttime="20210324 11:38:11.642" endtime="20210324 11:38:11.643"></status>
</kw>
<status status="PASS" starttime="20210324 11:38:11.641" endtime="20210324 11:38:11.643"></status>
</kw>
<kw name="Create Dictionary" library="BuiltIn">
<doc>Creates and returns a dictionary based on the given ``items``.</doc>
<arguments>
<arg>Content-Type=application/json</arg>
</arguments>
<assign>
<var>${header}</var>
</assign>
<msg timestamp="20210324 11:38:11.644" level="INFO">${header} = {'Content-Type': 'application/json'}</msg>
<status status="PASS" starttime="20210324 11:38:11.643" endtime="20210324 11:38:11.644"></status>
</kw>
<kw name="Catenate" library="BuiltIn">
<doc>Catenates the given items together and returns the resulted string.</doc>
<arguments>
<arg>{</arg>
<arg>"operations": [</arg>
<arg>{</arg>
<arg>"amount": 9000000000000,</arg>
<arg>"authorization_code": "${uuid}",</arg>
<arg>"transaction_id": "${uuid}",</arg>
<arg>"id": "${uuid}",</arg>
<arg>"id_checking_account": "${account_external_key}",</arg>
<arg>"transfer_date": "2020-02-20T20:58:06.510Z",</arg>
<arg>"fee": 0,</arg>
<arg>"description": "Teste",</arg>
<arg>"object_type": "transfer",</arg>
<arg>"object_id": "${uuid}",</arg>
<arg>"dflag": "ACTIVE",</arg>
<arg>"created_at": "2019-10-14T20:58:06.510Z",</arg>
<arg>"type": "Transfer"</arg>
<arg>}</arg>
<arg>],</arg>
<arg>"reference_id": "Criando saldo na account"</arg>
<arg>}</arg>
</arguments>
<assign>
<var>${body}</var>
</assign>
<msg timestamp="20210324 11:38:11.645" level="INFO">${body} = { "operations": [ { "amount": 9000000000000, "authorization_code": "d79be9f1-c410-470e-9234-82614cc8b378", "transaction_id": "d79be9f1-c410-470e-9234-82614cc8b378", "id": "d79be9f1-c410-470e-9234-8261...</msg>
<status status="PASS" starttime="20210324 11:38:11.644" endtime="20210324 11:38:11.645"></status>
</kw>
<kw name="Post Request" library="RequestsLibrary">
<doc>Send a POST request on the session object found using the
given `alias`</doc>
<arguments>
<arg>accounts</arg>
<arg>/admin/internal_operation/authorization/${uuid}</arg>
<arg>data=${body}</arg>
<arg>headers=${header}</arg>
</arguments>
<assign>
<var>${response}</var>
</assign>
<msg timestamp="20210324 11:38:11.646" level="INFO">POST Request using : uri=/admin/internal_operation/authorization/d79be9f1-c410-470e-9234-82614cc8b378, params=None, files=None, allow_redirects=True, timeout=None
headers={'User-Agent': 'python-requests/2.22.0', 'Accept-Encoding': 'gzip, deflate', 'Accept': '*/*', 'Connection': 'keep-alive', 'Content-Type': 'application/json'} 
data={ "operations": [ { "amount": 9000000000000, "authorization_code": "d79be9f1-c410-470e-9234-82614cc8b378", "transaction_id": "d79be9f1-c410-470e-9234-82614cc8b378", "id": "d79be9f1-c410-470e-9234-82614cc8b378", "id_checking_account": "fd4700c50e144203a482a97b1c448d80", "transfer_date": "2020-02-20T20:58:06.510Z", "fee": 0, "description": "Teste", "object_type": "transfer", "object_id": "d79be9f1-c410-470e-9234-82614cc8b378", "dflag": "ACTIVE", "created_at": "2019-10-14T20:58:06.510Z", "type": "Transfer" } ], "reference_id": "Criando saldo na account" } 
json=None</msg>
<msg timestamp="20210324 11:38:12.371" level="INFO">${response} = &lt;Response [200]&gt;</msg>
<status status="PASS" starttime="20210324 11:38:11.645" endtime="20210324 11:38:12.371"></status>
</kw>
<kw name="Run Keyword If" library="BuiltIn">
<doc>Runs the given keyword with the given arguments, if ``condition`` is true.</doc>
<arguments>
<arg>'${response.status_code}' == 200</arg>
<arg>Log</arg>
<arg>${response.json()}</arg>
</arguments>
<status status="PASS" starttime="20210324 11:38:12.372" endtime="20210324 11:38:12.374"></status>
</kw>
<kw name="Run Keyword If" library="BuiltIn">
<doc>Runs the given keyword with the given arguments, if ``condition`` is true.</doc>
<arguments>
<arg>'${response.status_code}' == 200</arg>
<arg>Log</arg>
<arg>${response.headers['X-REQUEST-ID']}</arg>
</arguments>
<status status="PASS" starttime="20210324 11:38:12.375" endtime="20210324 11:38:12.377"></status>
</kw>
<kw name="Run Keyword If" library="BuiltIn">
<doc>Runs the given keyword with the given arguments, if ``condition`` is true.</doc>
<arguments>
<arg>'${response.status_code}' == 200</arg>
<arg>Log</arg>
<arg>${response.status_code}</arg>
</arguments>
<status status="PASS" starttime="20210324 11:38:12.379" endtime="20210324 11:38:12.381"></status>
</kw>
<status status="PASS" starttime="20210324 11:38:11.640" endtime="20210324 11:38:12.381"></status>
</kw>
<kw name="Run Keyword If" library="BuiltIn">
<doc>Runs the given keyword with the given arguments, if ``condition`` is true.</doc>
<arguments>
<arg>'${pix_type}' == 'phone'</arg>
<arg>criar chave pix</arg>
<arg>${pix_type}</arg>
<arg>${phone_pix}</arg>
<arg>ELSE IF</arg>
<arg>'${pix_type}' == 'email'</arg>
<arg>criar chave pix</arg>
<arg>${pix_type}</arg>
<arg>${email_pix}</arg>
<arg>ELSE IF</arg>
<arg>'${pix_type}' == 'evp'</arg>
<arg>criar chave pix</arg>
<arg>${pix_type}</arg>
<arg>${EMPTY}</arg>
<arg>ELSE IF</arg>
<arg>'${pix_type}' == 'national_registration'</arg>
<arg>criar chave pix</arg>
<arg>${pix_type}</arg>
<arg>${EMPTY}</arg>
</arguments>
<kw name="criar chave pix" library="pix_dict_create_entry">
<arguments>
<arg>${pix_type}</arg>
<arg>${email_pix}</arg>
</arguments>
<kw name="conectar pix-dict" library="create_session_staging_internal">
<kw name="Create Session" library="RequestsLibrary">
<doc>Create Session: create a HTTP session to a server</doc>
<arguments>
<arg>alias=pix-dict</arg>
<arg>url=${pix_dict_url_base}</arg>
<arg>disable_warnings=true</arg>
</arguments>
<msg timestamp="20210324 11:38:12.389" level="INFO">Creating Session using : alias=pix-dict, url=https://banking-pix-dict-internal.staging.zoop.tech, headers={},                     cookies={}, auth=None, timeout=None, proxies=None, verify=False,                     debug=0 </msg>
<status status="PASS" starttime="20210324 11:38:12.388" endtime="20210324 11:38:12.390"></status>
</kw>
<status status="PASS" starttime="20210324 11:38:12.386" endtime="20210324 11:38:12.391"></status>
</kw>
<kw name="Set Global Variable" library="BuiltIn">
<doc>Makes a variable available globally in all tests and suites.</doc>
<arguments>
<arg>${type}</arg>
</arguments>
<msg timestamp="20210324 11:38:12.393" level="INFO">${type} = email</msg>
<status status="PASS" starttime="20210324 11:38:12.392" endtime="20210324 11:38:12.393"></status>
</kw>
<kw name="Set Global Variable" library="BuiltIn">
<doc>Makes a variable available globally in all tests and suites.</doc>
<arguments>
<arg>${value}</arg>
</arguments>
<msg timestamp="20210324 11:38:12.395" level="INFO">${value} = waraujo@yahoo.com.br</msg>
<status status="PASS" starttime="20210324 11:38:12.394" endtime="20210324 11:38:12.395"></status>
</kw>
<kw name="Create Dictionary" library="BuiltIn">
<doc>Creates and returns a dictionary based on the given ``items``.</doc>
<arguments>
<arg>Content-Type=application/json</arg>
</arguments>
<assign>
<var>${header}</var>
</assign>
<msg timestamp="20210324 11:38:12.397" level="INFO">${header} = {'Content-Type': 'application/json'}</msg>
<status status="PASS" starttime="20210324 11:38:12.396" endtime="20210324 11:38:12.398"></status>
</kw>
<kw name="Catenate" library="BuiltIn">
<doc>Catenates the given items together and returns the resulted string.</doc>
<arguments>
<arg>{</arg>
<arg>"type": "${type}",</arg>
<arg>"value": "${value}"</arg>
<arg>}</arg>
</arguments>
<assign>
<var>${body}</var>
</assign>
<msg timestamp="20210324 11:38:12.401" level="INFO">${body} = { "type": "email", "value": "waraujo@yahoo.com.br" }</msg>
<status status="PASS" starttime="20210324 11:38:12.399" endtime="20210324 11:38:12.401"></status>
</kw>
<kw name="Post Request" library="RequestsLibrary">
<doc>Send a POST request on the session object found using the
given `alias`</doc>
<arguments>
<arg>pix-dict</arg>
<arg>/marketplaces/${marketplace_external_key}/banking/dict/holders/${holder_external_key}/accounts/${account_external_key}/entries</arg>
<arg>data=${body}</arg>
<arg>headers=${header}</arg>
</arguments>
<assign>
<var>${response}</var>
</assign>
<msg timestamp="20210324 11:38:12.404" level="INFO">POST Request using : uri=/marketplaces/f71a8951368a4cc085cf7875ff44e61c/banking/dict/holders/441ce6271c064240b2bdc4cd0a042d77/accounts/fd4700c50e144203a482a97b1c448d80/entries, params=None, files=None, allow_redirects=True, timeout=None
headers={'User-Agent': 'python-requests/2.22.0', 'Accept-Encoding': 'gzip, deflate', 'Accept': '*/*', 'Connection': 'keep-alive', 'Content-Type': 'application/json'} 
data={ "type": "email", "value": "waraujo@yahoo.com.br" } 
json=None</msg>
<msg timestamp="20210324 11:38:13.280" level="INFO">${response} = &lt;Response [202]&gt;</msg>
<status status="PASS" starttime="20210324 11:38:12.402" endtime="20210324 11:38:13.281"></status>
</kw>
<kw name="Log" library="BuiltIn">
<doc>Logs the given message with the given level.</doc>
<arguments>
<arg>${response.json()}</arg>
</arguments>
<msg timestamp="20210324 11:38:13.283" level="INFO">{'id': '4347e0d591c3438d8670ad45c129d6aa', 'status': 'waiting_ownership_verification', 'created_at': '2021-03-24T11:38:12.825', 'updated_at': '2021-03-24T11:38:12.825', 'key': {'value': 'waraujo@yahoo.com.br', 'type': 'email'}, 'account': {'id': 'fd4700c50e144203a482a97b1c448d80', 'marketplace': 'f71a8951368a4cc085cf7875ff44e61c', 'holder': '441ce6271c064240b2bdc4cd0a042d77', 'owner': {'name': 'Holder de teste', 'national_registration': '51829673068', 'type': 'individual'}, 'routing_number': '001', 'number': '177670673', 'type': 'CACC'}, 'psp': {'code': '19468242', 'name': 'Zoop Tecnologia e Meios de Pagamento S.A.'}, 'resource': 'pix.entry'}</msg>
<status status="PASS" starttime="20210324 11:38:13.282" endtime="20210324 11:38:13.283"></status>
</kw>
<kw name="Log" library="BuiltIn">
<doc>Logs the given message with the given level.</doc>
<arguments>
<arg>${response.headers['X-REQUEST-ID']}</arg>
</arguments>
<msg timestamp="20210324 11:38:13.285" level="INFO">565969b1c6415106</msg>
<status status="PASS" starttime="20210324 11:38:13.284" endtime="20210324 11:38:13.286"></status>
</kw>
<kw name="Log" library="BuiltIn">
<doc>Logs the given message with the given level.</doc>
<arguments>
<arg>${response.status_code}</arg>
</arguments>
<msg timestamp="20210324 11:38:13.288" level="INFO">202</msg>
<status status="PASS" starttime="20210324 11:38:13.287" endtime="20210324 11:38:13.288"></status>
</kw>
<kw name="Set Global Variable" library="BuiltIn">
<doc>Makes a variable available globally in all tests and suites.</doc>
<arguments>
<arg>${response}</arg>
</arguments>
<msg timestamp="20210324 11:38:13.290" level="INFO">${response} = &lt;Response [202]&gt;</msg>
<status status="PASS" starttime="20210324 11:38:13.289" endtime="20210324 11:38:13.291"></status>
</kw>
<kw name="Set Variable If" library="BuiltIn">
<doc>Sets variable based on the given condition.</doc>
<arguments>
<arg>${response.status_code}==201</arg>
<arg>${response.json()["id"]}</arg>
<arg>${response.status_code}==202</arg>
<arg>${response.json()["id"]}</arg>
</arguments>
<assign>
<var>${entry_external_key}</var>
</assign>
<kw name="Set Variable If" library="BuiltIn">
<doc>Sets variable based on the given condition.</doc>
<arguments>
<arg>${response.status_code}==202</arg>
<arg>${response.json()["id"]}</arg>
</arguments>
<status status="PASS" starttime="20210324 11:38:13.294" endtime="20210324 11:38:13.296"></status>
</kw>
<msg timestamp="20210324 11:38:13.296" level="INFO">${entry_external_key} = 4347e0d591c3438d8670ad45c129d6aa</msg>
<status status="PASS" starttime="20210324 11:38:13.292" endtime="20210324 11:38:13.296"></status>
</kw>
<kw name="Set Global Variable" library="BuiltIn">
<doc>Makes a variable available globally in all tests and suites.</doc>
<arguments>
<arg>${entry_external_key}</arg>
</arguments>
<msg timestamp="20210324 11:38:13.299" level="INFO">${entry_external_key} = 4347e0d591c3438d8670ad45c129d6aa</msg>
<status status="PASS" starttime="20210324 11:38:13.297" endtime="20210324 11:38:13.299"></status>
</kw>
<kw name="Set Variable If" library="BuiltIn">
<doc>Sets variable based on the given condition.</doc>
<arguments>
<arg>${response.status_code}==201</arg>
<arg>${response.json()["key"]["value"]}</arg>
<arg>${response.status_code}==202</arg>
<arg>${response.json()["key"]["value"]}</arg>
</arguments>
<assign>
<var>${entry_key_value}</var>
</assign>
<kw name="Set Variable If" library="BuiltIn">
<doc>Sets variable based on the given condition.</doc>
<arguments>
<arg>${response.status_code}==202</arg>
<arg>${response.json()["key"]["value"]}</arg>
</arguments>
<status status="PASS" starttime="20210324 11:38:13.302" endtime="20210324 11:38:13.304"></status>
</kw>
<msg timestamp="20210324 11:38:13.304" level="INFO">${entry_key_value} = waraujo@yahoo.com.br</msg>
<status status="PASS" starttime="20210324 11:38:13.300" endtime="20210324 11:38:13.304"></status>
</kw>
<kw name="Set Global Variable" library="BuiltIn">
<doc>Makes a variable available globally in all tests and suites.</doc>
<arguments>
<arg>${entry_key_value}</arg>
</arguments>
<msg timestamp="20210324 11:38:13.306" level="INFO">${entry_key_value} = waraujo@yahoo.com.br</msg>
<status status="PASS" starttime="20210324 11:38:13.305" endtime="20210324 11:38:13.307"></status>
</kw>
<status status="PASS" starttime="20210324 11:38:12.385" endtime="20210324 11:38:13.307"></status>
</kw>
<status status="PASS" starttime="20210324 11:38:12.382" endtime="20210324 11:38:13.307"></status>
</kw>
<kw name="Run Keyword If" library="BuiltIn">
<doc>Runs the given keyword with the given arguments, if ``condition`` is true.</doc>
<arguments>
<arg>'${pix_type}' == 'phone'</arg>
<arg>buscar verification code</arg>
<arg>${holder_external_key}</arg>
<arg>${account_external_key}</arg>
<arg>${entry_external_key}</arg>
<arg>ELSE IF</arg>
<arg>'${pix_type}' == 'email'</arg>
<arg>buscar verification code</arg>
<arg>${holder_external_key}</arg>
<arg>${account_external_key}</arg>
<arg>${entry_external_key}</arg>
</arguments>
<kw name="buscar verification code" library="pix_dict_verification_code">
<arguments>
<arg>${holder_external_key}</arg>
<arg>${account_external_key}</arg>
<arg>${entry_external_key}</arg>
</arguments>
<kw name="conectar pix-dict" library="create_session_staging_internal">
<kw name="Create Session" library="RequestsLibrary">
<doc>Create Session: create a HTTP session to a server</doc>
<arguments>
<arg>alias=pix-dict</arg>
<arg>url=${pix_dict_url_base}</arg>
<arg>disable_warnings=true</arg>
</arguments>
<msg timestamp="20210324 11:38:13.315" level="INFO">Creating Session using : alias=pix-dict, url=https://banking-pix-dict-internal.staging.zoop.tech, headers={},                     cookies={}, auth=None, timeout=None, proxies=None, verify=False,                     debug=0 </msg>
<status status="PASS" starttime="20210324 11:38:13.314" endtime="20210324 11:38:13.316"></status>
</kw>
<status status="PASS" starttime="20210324 11:38:13.312" endtime="20210324 11:38:13.317"></status>
</kw>
<kw name="Get Request" library="RequestsLibrary">
<doc>Send a GET request on the session object found using the
given `alias`</doc>
<arguments>
<arg>pix-dict</arg>
<arg>/admin/internal_operation/marketplaces/${marketplace_external_key}/banking/dict/holders/${holder_external_key}/accounts/${account_external_key}/entries/${entry_external_key}/code</arg>
</arguments>
<assign>
<var>${response}</var>
</assign>
<msg timestamp="20210324 11:38:13.319" level="INFO">GET Request using : uri=/admin/internal_operation/marketplaces/f71a8951368a4cc085cf7875ff44e61c/banking/dict/holders/441ce6271c064240b2bdc4cd0a042d77/accounts/fd4700c50e144203a482a97b1c448d80/entries/4347e0d591c3438d8670ad45c129d6aa/code, params=None, allow_redirects=True, timeout=None
headers={'User-Agent': 'python-requests/2.22.0', 'Accept-Encoding': 'gzip, deflate', 'Accept': '*/*', 'Connection': 'keep-alive'} 
data=None 
json=None</msg>
<msg timestamp="20210324 11:38:14.031" level="INFO">${response} = &lt;Response [200]&gt;</msg>
<status status="PASS" starttime="20210324 11:38:13.317" endtime="20210324 11:38:14.033"></status>
</kw>
<kw name="Log" library="BuiltIn">
<doc>Logs the given message with the given level.</doc>
<arguments>
<arg>${response.json()}</arg>
</arguments>
<msg timestamp="20210324 11:38:14.035" level="INFO">{'code': '0430'}</msg>
<status status="PASS" starttime="20210324 11:38:14.033" endtime="20210324 11:38:14.035"></status>
</kw>
<kw name="Log" library="BuiltIn">
<doc>Logs the given message with the given level.</doc>
<arguments>
<arg>${response.headers['X-REQUEST-ID']}</arg>
</arguments>
<msg timestamp="20210324 11:38:14.037" level="INFO">5edda44b681c1aeb</msg>
<status status="PASS" starttime="20210324 11:38:14.035" endtime="20210324 11:38:14.037"></status>
</kw>
<kw name="Log" library="BuiltIn">
<doc>Logs the given message with the given level.</doc>
<arguments>
<arg>${response.status_code}</arg>
</arguments>
<msg timestamp="20210324 11:38:14.040" level="INFO">200</msg>
<status status="PASS" starttime="20210324 11:38:14.038" endtime="20210324 11:38:14.040"></status>
</kw>
<kw name="Set Global Variable" library="BuiltIn">
<doc>Makes a variable available globally in all tests and suites.</doc>
<arguments>
<arg>${response}</arg>
</arguments>
<msg timestamp="20210324 11:38:14.041" level="INFO">${response} = &lt;Response [200]&gt;</msg>
<status status="PASS" starttime="20210324 11:38:14.040" endtime="20210324 11:38:14.042"></status>
</kw>
<kw name="Set Variable If" library="BuiltIn">
<doc>Sets variable based on the given condition.</doc>
<arguments>
<arg>${response.status_code}==200</arg>
<arg>${response.json()["code"]}</arg>
</arguments>
<assign>
[...]
<status status="PASS" starttime="20210324 11:38:52.786" endtime="20210324 11:38:52.788"></status>
</kw>
<kw name="Set Global Variable" library="BuiltIn">
<doc>Makes a variable available globally in all tests and suites.</doc>
<arguments>
<arg>${value}</arg>
</arguments>
<msg timestamp="20210324 11:38:52.790" level="INFO">${value} = </msg>
<status status="PASS" starttime="20210324 11:38:52.789" endtime="20210324 11:38:52.790"></status>
</kw>
<kw name="Create Dictionary" library="BuiltIn">
<doc>Creates and returns a dictionary based on the given ``items``.</doc>
<arguments>
<arg>Content-Type=application/json</arg>
</arguments>
<assign>
<var>${header}</var>
</assign>
<msg timestamp="20210324 11:38:52.792" level="INFO">${header} = {'Content-Type': 'application/json'}</msg>
<status status="PASS" starttime="20210324 11:38:52.791" endtime="20210324 11:38:52.792"></status>
</kw>
<kw name="Catenate" library="BuiltIn">
<doc>Catenates the given items together and returns the resulted string.</doc>
<arguments>
<arg>{</arg>
<arg>"type": "${type}",</arg>
<arg>"value": "${value}"</arg>
<arg>}</arg>
</arguments>
<assign>
<var>${body}</var>
</assign>
<msg timestamp="20210324 11:38:52.794" level="INFO">${body} = { "type": "national_registration", "value": "" }</msg>
<status status="PASS" starttime="20210324 11:38:52.793" endtime="20210324 11:38:52.794"></status>
</kw>
<kw name="Post Request" library="RequestsLibrary">
<doc>Send a POST request on the session object found using the
given `alias`</doc>
<arguments>
<arg>pix-dict</arg>
<arg>/marketplaces/${marketplace_external_key}/banking/dict/holders/${holder_external_key}/accounts/${account_external_key}/entries</arg>
<arg>data=${body}</arg>
<arg>headers=${header}</arg>
</arguments>
<assign>
<var>${response}</var>
</assign>
<msg timestamp="20210324 11:38:52.797" level="INFO">POST Request using : uri=/marketplaces/f71a8951368a4cc085cf7875ff44e61c/banking/dict/holders/a2dffd9ca2f9489e8a54d72402d97f46/accounts/0049d15b5f514af09e7afd07ce01899c/entries, params=None, files=None, allow_redirects=True, timeout=None
headers={'User-Agent': 'python-requests/2.22.0', 'Accept-Encoding': 'gzip, deflate', 'Accept': '*/*', 'Connection': 'keep-alive', 'Content-Type': 'application/json'} 
data={ "type": "national_registration", "value": "" } 
json=None</msg>
<msg timestamp="20210324 11:38:54.593" level="INFO">${response} = &lt;Response [201]&gt;</msg>
<status status="PASS" starttime="20210324 11:38:52.795" endtime="20210324 11:38:54.593"></status>
</kw>
<kw name="Log" library="BuiltIn">
<doc>Logs the given message with the given level.</doc>
<arguments>
<arg>${response.json()}</arg>
</arguments>
<msg timestamp="20210324 11:38:54.595" level="INFO">{'id': '77a10b42f5d348ad91f24e69b9d2de18', 'status': 'active', 'created_at': '2021-03-24T11:38:53.197', 'updated_at': '2021-03-24T11:38:53.197', 'key': {'value': '54781906320', 'type': 'national_registration'}, 'account': {'id': '0049d15b5f514af09e7afd07ce01899c', 'marketplace': 'f71a8951368a4cc085cf7875ff44e61c', 'holder': 'a2dffd9ca2f9489e8a54d72402d97f46', 'owner': {'name': 'Holder de teste', 'national_registration': '54781906320', 'type': 'individual'}, 'routing_number': '001', 'number': '1694277514', 'type': 'CACC'}, 'psp': {'code': '19468242', 'name': 'Zoop Tecnologia e Meios de Pagamento S.A.'}, 'resource': 'pix.entry'}</msg>
<status status="PASS" starttime="20210324 11:38:54.594" endtime="20210324 11:38:54.596"></status>
</kw>
<kw name="Log" library="BuiltIn">
<doc>Logs the given message with the given level.</doc>
<arguments>
<arg>${response.headers['X-REQUEST-ID']}</arg>
</arguments>
<msg timestamp="20210324 11:38:54.598" level="INFO">e840cb30f5a6059a</msg>
<status status="PASS" starttime="20210324 11:38:54.597" endtime="20210324 11:38:54.598"></status>
</kw>
<kw name="Log" library="BuiltIn">
<doc>Logs the given message with the given level.</doc>
<arguments>
<arg>${response.status_code}</arg>
</arguments>
<msg timestamp="20210324 11:38:54.601" level="INFO">201</msg>
<status status="PASS" starttime="20210324 11:38:54.600" endtime="20210324 11:38:54.601"></status>
</kw>
<kw name="Set Global Variable" library="BuiltIn">
<doc>Makes a variable available globally in all tests and suites.</doc>
<arguments>
<arg>${response}</arg>
</arguments>
<msg timestamp="20210324 11:38:54.603" level="INFO">${response} = &lt;Response [201]&gt;</msg>
<status status="PASS" starttime="20210324 11:38:54.602" endtime="20210324 11:38:54.604"></status>
</kw>
<kw name="Set Variable If" library="BuiltIn">
<doc>Sets variable based on the given condition.</doc>
<arguments>
<arg>${response.status_code}==201</arg>
<arg>${response.json()["id"]}</arg>
<arg>${response.status_code}==202</arg>
<arg>${response.json()["id"]}</arg>
</arguments>
<assign>
<var>${entry_external_key}</var>
</assign>
<msg timestamp="20210324 11:38:54.607" level="INFO">${entry_external_key} = 77a10b42f5d348ad91f24e69b9d2de18</msg>
<status status="PASS" starttime="20210324 11:38:54.605" endtime="20210324 11:38:54.607"></status>
</kw>
<kw name="Set Global Variable" library="BuiltIn">
<doc>Makes a variable available globally in all tests and suites.</doc>
<arguments>
<arg>${entry_external_key}</arg>
</arguments>
<msg timestamp="20210324 11:38:54.609" level="INFO">${entry_external_key} = 77a10b42f5d348ad91f24e69b9d2de18</msg>
<status status="PASS" starttime="20210324 11:38:54.608" endtime="20210324 11:38:54.610"></status>
</kw>
<kw name="Set Variable If" library="BuiltIn">
<doc>Sets variable based on the given condition.</doc>
<arguments>
<arg>${response.status_code}==201</arg>
<arg>${response.json()["key"]["value"]}</arg>
<arg>${response.status_code}==202</arg>
<arg>${response.json()["key"]["value"]}</arg>
</arguments>
<assign>
<var>${entry_key_value}</var>
</assign>
<msg timestamp="20210324 11:38:54.613" level="INFO">${entry_key_value} = 54781906320</msg>
<status status="PASS" starttime="20210324 11:38:54.611" endtime="20210324 11:38:54.613"></status>
</kw>
<kw name="Set Global Variable" library="BuiltIn">
<doc>Makes a variable available globally in all tests and suites.</doc>
<arguments>
<arg>${entry_key_value}</arg>
</arguments>
<msg timestamp="20210324 11:38:54.615" level="INFO">${entry_key_value} = 54781906320</msg>
<status status="PASS" starttime="20210324 11:38:54.614" endtime="20210324 11:38:54.615"></status>
</kw>
<status status="PASS" starttime="20210324 11:38:52.779" endtime="20210324 11:38:54.616"></status>
</kw>
<status status="PASS" starttime="20210324 11:38:52.776" endtime="20210324 11:38:54.616"></status>
</kw>
<kw name="Run Keyword If" library="BuiltIn">
<doc>Runs the given keyword with the given arguments, if ``condition`` is true.</doc>
<arguments>
<arg>'${pix_type}' == 'phone'</arg>
<arg>buscar verification code</arg>
<arg>${holder_external_key}</arg>
<arg>${account_external_key}</arg>
<arg>${entry_external_key}</arg>
<arg>ELSE IF</arg>
<arg>'${pix_type}' == 'email'</arg>
<arg>buscar verification code</arg>
<arg>${holder_external_key}</arg>
<arg>${account_external_key}</arg>
<arg>${entry_external_key}</arg>
</arguments>
<status status="PASS" starttime="20210324 11:38:54.618" endtime="20210324 11:38:54.619"></status>
</kw>
<kw name="Run Keyword If" library="BuiltIn">
<doc>Runs the given keyword with the given arguments, if ``condition`` is true.</doc>
<arguments>
<arg>'${pix_type}' == 'phone'</arg>
<arg>confirmar propriedade da chave pix</arg>
<arg>${verification_code}</arg>
<arg>${holder_external_key}</arg>
<arg>${account_external_key}</arg>
<arg>${entry_external_key}</arg>
<arg>ELSE IF</arg>
<arg>'${pix_type}' == 'email'</arg>
<arg>confirmar propriedade da chave pix</arg>
<arg>${verification_code}</arg>
<arg>${holder_external_key}</arg>
<arg>${account_external_key}</arg>
<arg>${entry_external_key}</arg>
</arguments>
<status status="PASS" starttime="20210324 11:38:54.620" endtime="20210324 11:38:54.621"></status>
</kw>
<status status="PASS" starttime="20210324 11:38:48.211" endtime="20210324 11:38:54.622"></status>
</kw>
<kw name="receber pagamento pix admin" library="pix_admin_receive_payment">
<arguments>
<arg>end_to_end_id=${end_to_end_id}</arg>
<arg>message_id=${message_id}</arg>
<arg>account_number=${account_number}</arg>
<arg>psp_code=${psp_code}</arg>
<arg>account_rounting_number=${account_routing_number}</arg>
<arg>account_type=${account_type}</arg>
<arg>national_registration=${national_registration}</arg>
</arguments>
<kw name="Get Current Date" library="DateTime">
<doc>Returns current local or UTC time with an optional increment.</doc>
<arguments>
<arg>result_format=datetime</arg>
</arguments>
<assign>
<var>${date}</var>
</assign>
<msg timestamp="20210324 11:38:54.634" level="INFO">${date} = 2021-03-24 11:38:54.633618</msg>
<status status="PASS" starttime="20210324 11:38:54.633" endtime="20210324 11:38:54.634"></status>
</kw>
<kw name="Convert Date" library="DateTime">
<doc>Converts between supported `date formats`.</doc>
<arguments>
<arg>${date}</arg>
<arg>result_format=%Y-%m-%d</arg>
</arguments>
<assign>
<var>${datetime}</var>
</assign>
<msg timestamp="20210324 11:38:54.636" level="INFO">${datetime} = 2021-03-24</msg>
<status status="PASS" starttime="20210324 11:38:54.636" endtime="20210324 11:38:54.636"></status>
</kw>
<kw name="Log" library="BuiltIn">
<doc>Logs the given message with the given level.</doc>
<arguments>
<arg>${datetime}</arg>
</arguments>
<msg timestamp="20210324 11:38:54.638" level="INFO">2021-03-24</msg>
<status status="PASS" starttime="20210324 11:38:54.638" endtime="20210324 11:38:54.638"></status>
</kw>
<kw name="conectar pix-payments" library="create_session_staging_internal">
<kw name="Create Session" library="RequestsLibrary">
<doc>Create Session: create a HTTP session to a server</doc>
<arguments>
<arg>alias=pix-payments</arg>
<arg>url=${pix_payments_url_base}</arg>
<arg>disable_warnings=true</arg>
</arguments>
<msg timestamp="20210324 11:38:54.642" level="INFO">Creating Session using : alias=pix-payments, url=https://banking-pix-payments-internal.staging.zoop.tech, headers={},                     cookies={}, auth=None, timeout=None, proxies=None, verify=False,                     debug=0 </msg>
<status status="PASS" starttime="20210324 11:38:54.641" endtime="20210324 11:38:54.644"></status>
</kw>
<status status="PASS" starttime="20210324 11:38:54.639" endtime="20210324 11:38:54.645"></status>
</kw>
<kw name="Create Dictionary" library="BuiltIn">
<doc>Creates and returns a dictionary based on the given ``items``.</doc>
<arguments>
<arg>Content-Type=application/json</arg>
</arguments>
<assign>
<var>${header}</var>
</assign>
<msg timestamp="20210324 11:38:54.647" level="INFO">${header} = {'Content-Type': 'application/json'}</msg>
<status status="PASS" starttime="20210324 11:38:54.646" endtime="20210324 11:38:54.649"></status>
</kw>
<kw name="Catenate" library="BuiltIn">
<doc>Catenates the given items together and returns the resulted string.</doc>
<arguments>
<arg>{</arg>
<arg>"acceptance_date_time": "${datetime}T15:55:43.269Z",</arg>
<arg>"amount": 5000000,</arg>
<arg>"end_to_end_id": "${end_to_end_id}",</arg>
<arg>"message_id": "${message_id}",</arg>
<arg>"receiver": {</arg>
<arg>"account_details": {</arg>
<arg>"number": "${account_number}",</arg>
<arg>"psp": "${psp_code}",</arg>
<arg>"routing_number": "${account_rounting_number}",</arg>
<arg>"type": "${account_type}"</arg>
<arg>},</arg>
<arg>"document": "${national_registration}"</arg>
<arg>},</arg>
<arg>"remittance_information": "Teste Crédito PIX",</arg>
<arg>"sender": {</arg>
<arg>"account_details": {</arg>
<arg>"number": "5601560",</arg>
<arg>"psp": "60746958",</arg>
<arg>"routing_number": "001",</arg>
<arg>"type": "cacc"</arg>
<arg>},</arg>
<arg>"document": "34772935177",</arg>
<arg>"identification": "Test Sender",</arg>
<arg>"name": "Carlos Drummont"</arg>
<arg>}</arg>
<arg>}</arg>
</arguments>
<assign>
<var>${body}</var>
</assign>
<msg timestamp="20210324 11:38:54.653" level="INFO">${body} = { "acceptance_date_time": "2021-03-24T15:55:43.269Z", "amount": 5000000, "end_to_end_id": "E1946824220210324113877328470795", "message_id": "M1946824289538190325257322863558", "receiver": { "account_d...</msg>
<status status="PASS" starttime="20210324 11:38:54.649" endtime="20210324 11:38:54.654"></status>
</kw>
<kw name="Post Request" library="RequestsLibrary">
<doc>Send a POST request on the session object found using the
given `alias`</doc>
<arguments>
<arg>pix-payments</arg>
<arg>/admin/internal_operation/pix</arg>
<arg>data=${body}</arg>
<arg>headers=${header}</arg>
</arguments>
<assign>
<var>${response}</var>
</assign>
<msg timestamp="20210324 11:38:54.657" level="INFO">POST Request using : uri=/admin/internal_operation/pix, params=None, files=None, allow_redirects=True, timeout=None
headers={'User-Agent': 'python-requests/2.22.0', 'Accept-Encoding': 'gzip, deflate', 'Accept': '*/*', 'Connection': 'keep-alive', 'Content-Type': 'application/json'} 
data={ "acceptance_date_time": "2021-03-24T15:55:43.269Z", "amount": 5000000, "end_to_end_id": "E1946824220210324113877328470795", "message_id": "M1946824289538190325257322863558", "receiver": { "account_details": { "number": "1694277514", "psp": "19468242", "routing_number": "001", "type": "cacc" }, "document": "54781906320" }, "remittance_information": "Teste Crédito PIX", "sender": { "account_details": { "number": "5601560", "psp": "60746958", "routing_number": "001", "type": "cacc" }, "document": "34772935177", "identification": "Test Sender", "name": "Carlos Drummont" } } 
json=None</msg>
<msg timestamp="20210324 11:38:55.441" level="INFO">${response} = &lt;Response [409]&gt;</msg>
<status status="PASS" starttime="20210324 11:38:54.654" endtime="20210324 11:38:55.441"></status>
</kw>
<kw name="Log" library="BuiltIn">
<doc>Logs the given message with the given level.</doc>
<arguments>
<arg>${response.json()}</arg>
</arguments>
<msg timestamp="20210324 11:38:55.443" level="INFO">{'code': 4001, 'status': 'conflict', 'type': 'precondition_failed', 'message': 'Duplicated endToEndId', 'category': 'business', 'status_code': 409}</msg>
<status status="PASS" starttime="20210324 11:38:55.442" endtime="20210324 11:38:55.444"></status>
</kw>
<kw name="Log" library="BuiltIn">
<doc>Logs the given message with the given level.</doc>
<arguments>
<arg>${response.headers['X-REQUEST-ID']}</arg>
</arguments>
<msg timestamp="20210324 11:38:55.446" level="INFO">d49e015b264cab2d</msg>
<status status="PASS" starttime="20210324 11:38:55.445" endtime="20210324 11:38:55.449"></status>
</kw>
<kw name="Log" library="BuiltIn">
<doc>Logs the given message with the given level.</doc>
<arguments>
<arg>${response.status_code}</arg>
</arguments>
<msg timestamp="20210324 11:38:55.451" level="INFO">409</msg>
<status status="PASS" starttime="20210324 11:38:55.450" endtime="20210324 11:38:55.451"></status>
</kw>
<kw name="Set Global Variable" library="BuiltIn">
<doc>Makes a variable available globally in all tests and suites.</doc>
<arguments>
<arg>${response}</arg>
</arguments>
<msg timestamp="20210324 11:38:55.453" level="INFO">${response} = &lt;Response [409]&gt;</msg>
<status status="PASS" starttime="20210324 11:38:55.452" endtime="20210324 11:38:55.453"></status>
</kw>
<status status="PASS" starttime="20210324 11:38:54.627" endtime="20210324 11:38:55.454"></status>
</kw>
<kw name="validar conflict" library="conflict">
<arguments>
<arg>message=Duplicated endToEndId</arg>
<arg>message_code=4001</arg>
</arguments>
<kw name="Log" library="BuiltIn">
<doc>Logs the given message with the given level.</doc>
<arguments>
<arg>Validando response precondition failed</arg>
</arguments>
<msg timestamp="20210324 11:38:55.459" level="INFO">Validando response precondition failed</msg>
<status status="PASS" starttime="20210324 11:38:55.458" endtime="20210324 11:38:55.459"></status>
</kw>
<kw name="Should Be Equal As Integers" library="BuiltIn">
<doc>Fails if objects are unequal after converting them to integers.</doc>
<arguments>
<arg>${response.status_code}</arg>
<arg>409</arg>
</arguments>
<msg timestamp="20210324 11:38:55.461" level="INFO">Argument types are:
&lt;class 'int'&gt;
&lt;type 'unicode'&gt;</msg>
<status status="PASS" starttime="20210324 11:38:55.460" endtime="20210324 11:38:55.462"></status>
</kw>
<kw name="Should Be Equal" library="BuiltIn">
<doc>Fails if the given objects are unequal.</doc>
<arguments>
<arg>${response.json()["status"]}</arg>
<arg>conflict</arg>
</arguments>
<status status="PASS" starttime="20210324 11:38:55.463" endtime="20210324 11:38:55.464"></status>
</kw>
<kw name="Should Be Equal" library="BuiltIn">
<doc>Fails if the given objects are unequal.</doc>
<arguments>
<arg>${response.json()["category"]}</arg>
<arg>business</arg>
</arguments>
<status status="PASS" starttime="20210324 11:38:55.465" endtime="20210324 11:38:55.466"></status>
</kw>
<kw name="Should Be Equal As Integers" library="BuiltIn">
<doc>Fails if objects are unequal after converting them to integers.</doc>
<arguments>
<arg>${response.json()["code"]}</arg>
<arg>${message_code}</arg>
</arguments>
<msg timestamp="20210324 11:38:55.468" level="INFO">Argument types are:
&lt;class 'int'&gt;
&lt;type 'unicode'&gt;</msg>
<status status="PASS" starttime="20210324 11:38:55.467" endtime="20210324 11:38:55.469"></status>
</kw>
<kw name="Should Be Equal As Integers" library="BuiltIn">
<doc>Fails if objects are unequal after converting them to integers.</doc>
<arguments>
<arg>${response.json()["status_code"]}</arg>
<arg>409</arg>
</arguments>
<msg timestamp="20210324 11:38:55.471" level="INFO">Argument types are:
&lt;class 'int'&gt;
&lt;type 'unicode'&gt;</msg>
<status status="PASS" starttime="20210324 11:38:55.470" endtime="20210324 11:38:55.471"></status>
</kw>
<kw name="Should Be Equal" library="BuiltIn">
<doc>Fails if the given objects are unequal.</doc>
<arguments>
<arg>${response.json()["message"]}</arg>
<arg>${message}</arg>
</arguments>
<status status="PASS" starttime="20210324 11:38:55.472" endtime="20210324 11:38:55.474"></status>
</kw>
<kw name="Should Be Equal" library="BuiltIn">
<doc>Fails if the given objects are unequal.</doc>
<arguments>
<arg>${response.json()["type"]}</arg>
<arg>precondition_failed</arg>
</arguments>
<status status="PASS" starttime="20210324 11:38:55.475" endtime="20210324 11:38:55.476"></status>
</kw>
<status status="PASS" starttime="20210324 11:38:55.456" endtime="20210324 11:38:55.477"></status>
</kw>
<doc>Não permitir o recebimento de PIX com o mesmo End to End</doc>
<tags>
<tag>smoke_test</tag>
</tags>
<status status="PASS" starttime="20210324 11:38:41.112" endtime="20210324 11:38:55.478" critical="yes"></status>
</test>
<doc>Funcionalidade: Recebimento de PIX
Eu, como um Holder, portador de uma conta ativa em Banking
Desejo receber um pagamento PIX</doc>
<status status="PASS" starttime="20210324 11:38:41.006" endtime="20210324 11:38:55.486"></status>
</suite>
<status status="PASS" starttime="20210324 11:38:41.002" endtime="20210324 11:38:55.501"></status>
</suite>
<status status="PASS" starttime="20210324 11:38:06.820" endtime="20210324 11:38:55.521"></status>
</suite>
<statistics>
<total>
<stat pass="4" fail="0">Critical Tests</stat>
<stat pass="4" fail="0">All Tests</stat>
</total>
<tag>
<stat pass="4" fail="0">smoke_test</stat>
</tag>
<suite>
<stat pass="4" fail="0" id="s1" name="Pix-Payments">Pix-Payments</stat>
<stat pass="3" fail="0" id="s1-s1" name="Envio">Pix-Payments.Envio</stat>
<stat pass="1" fail="0" id="s1-s1-s1" name="Cancelar Pagamento PIX">Pix-Payments.Envio.Cancelar Pagamento PIX</stat>
<stat pass="1" fail="0" id="s1-s1-s2" name="Confirmar Pagamento PIX">Pix-Payments.Envio.Confirmar Pagamento PIX</stat>
<stat pass="1" fail="0" id="s1-s1-s3" name="Criar Pagamento PIX">Pix-Payments.Envio.Criar Pagamento PIX</stat>
<stat pass="1" fail="0" id="s1-s2" name="Recebimento">Pix-Payments.Recebimento</stat>
<stat pass="1" fail="0" id="s1-s2-s1" name="Receber Pagamento PIX">Pix-Payments.Recebimento.Receber Pagamento PIX</stat>
</suite>
</statistics>
<errors>
</errors>
</robot>
