<?xml version="1.0" encoding="UTF-8"?>
<robot generator="Robot 3.1.2 (Python 3.8.1 on win32)" generated="20210322 02:37:00.255" rpa="false">
<suite id="s1" name="Pix-Payments" source="C:\Users\vinicius.trindade\banking_continuous_testing\banking_continuous_testing\tests\pix-payments">
<suite id="s1-s1" name="Envio" source="C:\Users\vinicius.trindade\banking_continuous_testing\banking_continuous_testing\tests\pix-payments\envio">
<suite id="s1-s1-s1" name="Confirmar Pagamento PIX" source="C:\Users\vinicius.trindade\banking_continuous_testing\banking_continuous_testing\tests\pix-payments\envio\Confirmar Pagamento PIX.robot">
<test id="s1-s1-s1-t1" name="Cenário: Criar pagamento PIX de para holder business utilizando dados completos da conta de destino">
<kw name="criar chave pix ativa" library="pix_dict_create_active_key_pix">
<arguments>
<arg>holder_type=business</arg>
<arg>pix_type=email</arg>
</arguments>
<kw name="Random Number" library="FakerLibrary">
<doc>Returns a random number with 1 digit (default, when digits==None),
a random number with 0 to given number of digits, or a random number
with given number to given number of digits (when ``fix_len==True``).</doc>
<arguments>
<arg>digits=8</arg>
<arg>fix_len=True</arg>
</arguments>
<assign>
<var>${phone}</var>
</assign>
<msg timestamp="20210322 02:37:00.941" level="INFO">${phone} = 13069292</msg>
<status status="PASS" starttime="20210322 02:37:00.941" endtime="20210322 02:37:00.941"></status>
</kw>
<kw name="Set Variable" library="BuiltIn">
<doc>Returns the given values which can then be assigned to a variables.</doc>
<arguments>
<arg>+55219${phone}</arg>
</arguments>
<assign>
<var>${phone_pix}</var>
</assign>
<msg timestamp="20210322 02:37:00.942" level="INFO">${phone_pix} = +5521913069292</msg>
<status status="PASS" starttime="20210322 02:37:00.942" endtime="20210322 02:37:00.942"></status>
</kw>
<kw name="Set Global Variable" library="BuiltIn">
<doc>Makes a variable available globally in all tests and suites.</doc>
<arguments>
<arg>${phone_pix}</arg>
</arguments>
<msg timestamp="20210322 02:37:00.943" level="INFO">${phone_pix} = +5521913069292</msg>
<status status="PASS" starttime="20210322 02:37:00.942" endtime="20210322 02:37:00.943"></status>
</kw>
<kw name="Email" library="FakerLibrary">
<assign>
<var>${email_pix}</var>
</assign>
<msg timestamp="20210322 02:37:00.943" level="INFO">${email_pix} = melomarcela@da.com</msg>
<status status="PASS" starttime="20210322 02:37:00.943" endtime="20210322 02:37:00.943"></status>
</kw>
<kw name="Set Global Variable" library="BuiltIn">
<doc>Makes a variable available globally in all tests and suites.</doc>
<arguments>
<arg>${email_pix}</arg>
</arguments>
<msg timestamp="20210322 02:37:00.944" level="INFO">${email_pix} = melomarcela@da.com</msg>
<status status="PASS" starttime="20210322 02:37:00.943" endtime="20210322 02:37:00.944"></status>
</kw>
<kw name="Run Keyword If" library="BuiltIn">
<doc>Runs the given keyword with the given arguments, if ``condition`` is true.</doc>
<arguments>
<arg>'${holder_type}' == 'business'</arg>
<arg>criar holder business ativo</arg>
<arg>ELSE IF</arg>
<arg>'${holder_type}' == 'individual'</arg>
<arg>criar holder individual ativo</arg>
</arguments>
<kw name="criar holder business ativo" library="accreditation_create_holder_active">
<kw name="conectar accreditation" library="create_session_staging_internal">
<kw name="Create Session" library="RequestsLibrary">
<doc>Create Session: create a HTTP session to a server</doc>
<arguments>
<arg>alias=accreditation</arg>
<arg>url=${accreditation_url_base}</arg>
<arg>disable_warnings=true</arg>
</arguments>
<msg timestamp="20210322 02:37:00.946" level="INFO">Creating Session using : alias=accreditation, url=https://banking-accreditation-internal.staging.zoop.tech, headers={},                     cookies={}, auth=None, timeout=None, proxies=None, verify=False,                     debug=0 </msg>
<status status="PASS" starttime="20210322 02:37:00.945" endtime="20210322 02:37:00.946"></status>
</kw>
<status status="PASS" starttime="20210322 02:37:00.945" endtime="20210322 02:37:00.946"></status>
</kw>
<kw name="Cnpj" library="FakerLibrary">
<assign>
<var>${national_registration}</var>
</assign>
<msg timestamp="20210322 02:37:00.947" level="INFO">${national_registration} = 79.580.423/0001-88</msg>
<status status="PASS" starttime="20210322 02:37:00.946" endtime="20210322 02:37:00.947"></status>
</kw>
<kw name="Replace String" library="String">
<doc>Replaces ``search_for`` in the given ``string`` with ``replace_with``.</doc>
<arguments>
<arg>${national_registration}</arg>
<arg>.</arg>
<arg>${EMPTY}</arg>
</arguments>
<assign>
<var>${national_registration}</var>
</assign>
<msg timestamp="20210322 02:37:00.947" level="INFO">${national_registration} = 79580423/0001-88</msg>
<status status="PASS" starttime="20210322 02:37:00.947" endtime="20210322 02:37:00.947"></status>
</kw>
<kw name="Replace String" library="String">
<doc>Replaces ``search_for`` in the given ``string`` with ``replace_with``.</doc>
<arguments>
<arg>${national_registration}</arg>
<arg>-</arg>
<arg>${EMPTY}</arg>
</arguments>
<assign>
<var>${national_registration}</var>
</assign>
<msg timestamp="20210322 02:37:00.948" level="INFO">${national_registration} = 79580423/000188</msg>
<status status="PASS" starttime="20210322 02:37:00.948" endtime="20210322 02:37:00.948"></status>
</kw>
<kw name="Replace String" library="String">
<doc>Replaces ``search_for`` in the given ``string`` with ``replace_with``.</doc>
<arguments>
<arg>${national_registration}</arg>
<arg>/</arg>
<arg>${EMPTY}</arg>
</arguments>
<assign>
<var>${national_registration}</var>
</assign>
<msg timestamp="20210322 02:37:00.949" level="INFO">${national_registration} = 79580423000188</msg>
<status status="PASS" starttime="20210322 02:37:00.948" endtime="20210322 02:37:00.949"></status>
</kw>
<kw name="Set Global Variable" library="BuiltIn">
<doc>Makes a variable available globally in all tests and suites.</doc>
<arguments>
<arg>${national_registration}</arg>
</arguments>
<msg timestamp="20210322 02:37:00.949" level="INFO">${national_registration} = 79580423000188</msg>
<status status="PASS" starttime="20210322 02:37:00.949" endtime="20210322 02:37:00.949"></status>
</kw>
<kw name="Rg" library="FakerLibrary">
<doc>Brazilian RG, return plain numbers.
Check:  https://www.ngmatematica.com/2014/02/como-determinar-o-digito-verificador-do.html</doc>
<assign>
<var>${identity_card}</var>
</assign>
<msg timestamp="20210322 02:37:00.950" level="INFO">${identity_card} = 436178254</msg>
<status status="PASS" starttime="20210322 02:37:00.950" endtime="20210322 02:37:00.950"></status>
</kw>
<kw name="Set Global Variable" library="BuiltIn">
<doc>Makes a variable available globally in all tests and suites.</doc>
<arguments>
<arg>${identity_card}</arg>
</arguments>
<msg timestamp="20210322 02:37:00.951" level="INFO">${identity_card} = 436178254</msg>
<status status="PASS" starttime="20210322 02:37:00.950" endtime="20210322 02:37:00.951"></status>
</kw>
<kw name="criar holder business" library="accreditation_post_holder_business">
<arguments>
<arg>holder_type=business</arg>
<arg>holder_name=${holder_name}</arg>
<arg>email_business=${email_business}</arg>
<arg>national_registration=${national_registration}</arg>
<arg>revenue_business=${revenue_business}</arg>
<arg>cnae=${cnae}</arg>
<arg>legal_name=${legal_name}</arg>
<arg>establishment_format=mei</arg>
<arg>establishment_date=${establishment_date}</arg>
</arguments>
<kw name="conectar accreditation" library="create_session_staging_internal">
<kw name="Create Session" library="RequestsLibrary">
<doc>Create Session: create a HTTP session to a server</doc>
<arguments>
<arg>alias=accreditation</arg>
<arg>url=${accreditation_url_base}</arg>
<arg>disable_warnings=true</arg>
</arguments>
<msg timestamp="20210322 02:37:00.953" level="INFO">Creating Session using : alias=accreditation, url=https://banking-accreditation-internal.staging.zoop.tech, headers={},                     cookies={}, auth=None, timeout=None, proxies=None, verify=False,                     debug=0 </msg>
<status status="PASS" starttime="20210322 02:37:00.953" endtime="20210322 02:37:00.954"></status>
</kw>
<status status="PASS" starttime="20210322 02:37:00.952" endtime="20210322 02:37:00.954"></status>
</kw>
<kw name="Set Global Variable" library="BuiltIn">
<doc>Makes a variable available globally in all tests and suites.</doc>
<arguments>
<arg>${holder_type}</arg>
</arguments>
<msg timestamp="20210322 02:37:00.954" level="INFO">${holder_type} = business</msg>
<status status="PASS" starttime="20210322 02:37:00.954" endtime="20210322 02:37:00.954"></status>
</kw>
<kw name="Set Global Variable" library="BuiltIn">
<doc>Makes a variable available globally in all tests and suites.</doc>
<arguments>
<arg>${holder_name}</arg>
</arguments>
<msg timestamp="20210322 02:37:00.955" level="INFO">${holder_name} = Holder de teste</msg>
<status status="PASS" starttime="20210322 02:37:00.955" endtime="20210322 02:37:00.955"></status>
</kw>
<kw name="Set Global Variable" library="BuiltIn">
<doc>Makes a variable available globally in all tests and suites.</doc>
<arguments>
<arg>${legal_name}</arg>
</arguments>
<msg timestamp="20210322 02:37:00.955" level="INFO">${legal_name} = Nome Legal da Empresa</msg>
<status status="PASS" starttime="20210322 02:37:00.955" endtime="20210322 02:37:00.955"></status>
</kw>
<kw name="Create Dictionary" library="BuiltIn">
<doc>Creates and returns a dictionary based on the given ``items``.</doc>
<arguments>
<arg>Content-Type=application/json</arg>
</arguments>
<assign>
<var>${header}</var>
</assign>
<msg timestamp="20210322 02:37:00.956" level="INFO">${header} = {'Content-Type': 'application/json'}</msg>
<status status="PASS" starttime="20210322 02:37:00.956" endtime="20210322 02:37:00.956"></status>
</kw>
<kw name="Catenate" library="BuiltIn">
<doc>Catenates the given items together and returns the resulted string.</doc>
<arguments>
<arg>{</arg>
<arg>"type": "${holder_type}",</arg>
<arg>"name": "${holder_name}",</arg>
<arg>"email": "${email_business}",</arg>
<arg>"national_registration": "${national_registration}",</arg>
<arg>"revenue": ${revenue_business},</arg>
<arg>"cnae": "${cnae}",</arg>
<arg>"legal_name": "${legal_name}",</arg>
<arg>"establishment": {</arg>
<arg>"format":"${establishment_format}",</arg>
<arg>"date":"${establishment_date}"</arg>
<arg>}</arg>
<arg>}</arg>
</arguments>
<assign>
<var>${body}</var>
</assign>
<msg timestamp="20210322 02:37:00.957" level="INFO">${body} = { "type": "business", "name": "Holder de teste", "email": "contato@teste.com.br", "national_registration": "79580423000188", "revenue": 1005500.00, "cnae": "0111301", "legal_name": "Nome Legal da Empr...</msg>
<status status="PASS" starttime="20210322 02:37:00.957" endtime="20210322 02:37:00.957"></status>
</kw>
<kw name="Post Request" library="RequestsLibrary">
<doc>Send a POST request on the session object found using the
given `alias`</doc>
<arguments>
<arg>accreditation</arg>
<arg>/marketplaces/${marketplace_external_key}/banking/accreditation/holders</arg>
<arg>data=${body}</arg>
<arg>headers=${header}</arg>
</arguments>
<assign>
<var>${response}</var>
</assign>
<msg timestamp="20210322 02:37:00.958" level="INFO">POST Request using : uri=/marketplaces/f71a8951368a4cc085cf7875ff44e61c/banking/accreditation/holders, params=None, files=None, allow_redirects=True, timeout=None
headers={'User-Agent': 'python-requests/2.22.0', 'Accept-Encoding': 'gzip, deflate', 'Accept': '*/*', 'Connection': 'keep-alive', 'Content-Type': 'application/json'} 
data={ "type": "business", "name": "Holder de teste", "email": "contato@teste.com.br", "national_registration": "79580423000188", "revenue": 1005500.00, "cnae": "0111301", "legal_name": "Nome Legal da Empresa", "establishment": { "format":"mei", "date":"2012-04-25" } } 
json=None</msg>
<msg timestamp="20210322 02:37:01.668" level="INFO">${response} = &lt;Response [201]&gt;</msg>
<status status="PASS" starttime="20210322 02:37:00.958" endtime="20210322 02:37:01.668"></status>
</kw>
<kw name="Log" library="BuiltIn">
<doc>Logs the given message with the given level.</doc>
<arguments>
<arg>${response.json()}</arg>
</arguments>
<msg timestamp="20210322 02:37:01.669" level="INFO">{'id': 'f0c74092c8f74dd385ac2d235e5185b5', 'name': 'Holder de teste', 'revenue': 1005500.0, 'email': 'contato@teste.com.br', 'status': 'waiting_info_and_documents', 'marketplace_id': 'f71a8951368a4cc085cf7875ff44e61c', 'marketplace_name': 'Marketplace de Teste', 'created_at': '2021-03-22T02:37:02.447511', 'updated_at': '2021-03-22T02:37:02.447514', 'type': 'business', 'national_registration': '79580423000188', 'legal_name': 'Nome Legal da Empresa', 'establishment': {'format': 'mei', 'date': '2012-04-25'}, 'cnae': '0111301', '_links': {'self': {'href': 'https://banking-accreditation-internal.staging.zoop.tech/marketplaces/f71a8951368a4cc085cf7875ff44e61c/banking/accreditation/holders/f0c74092c8f74dd385ac2d235e5185b5', 'type': 'GET'}, 'phones': {'href': 'https://banking-accreditation-internal.staging.zoop.tech/marketplaces/f71a8951368a4cc085cf7875ff44e61c/banking/accreditation/holders/f0c74092c8f74dd385ac2d235e5185b5/phones', 'type': 'GET'}, 'addresses': {'href': 'https://banking-accreditation-internal.staging.zoop.tech/marketplaces/f71a8951368a4cc085cf7875ff44e61c/banking/accreditation/holders/f0c74092c8f74dd385ac2d235e5185b5/addresses', 'type': 'GET'}, 'documents': {'href': 'https://banking-accreditation-internal.staging.zoop.tech/marketplaces/f71a8951368a4cc085cf7875ff44e61c/banking/accreditation/holders/f0c74092c8f74dd385ac2d235e5185b5/documents', 'type': 'GET'}, 'partners': {'href': 'https://banking-accreditation-internal.staging.zoop.tech/marketplaces/f71a8951368a4cc085cf7875ff44e61c/banking/accreditation/holders/f0c74092c8f74dd385ac2d235e5185b5/partners', 'type': 'GET'}, 'associates': {'href': 'https://banking-accreditation-internal.staging.zoop.tech/marketplaces/f71a8951368a4cc085cf7875ff44e61c/banking/accreditation/holders/f0c74092c8f74dd385ac2d235e5185b5/associates', 'type': 'GET'}}}</msg>
<status status="PASS" starttime="20210322 02:37:01.669" endtime="20210322 02:37:01.669"></status>
</kw>
<kw name="Log" library="BuiltIn">
<doc>Logs the given message with the given level.</doc>
<arguments>
<arg>${response.headers['X-REQUEST-ID']}</arg>
</arguments>
<msg timestamp="20210322 02:37:01.670" level="INFO">40ff6dbfd3d12bda</msg>
<status status="PASS" starttime="20210322 02:37:01.669" endtime="20210322 02:37:01.670"></status>
</kw>
<kw name="Log" library="BuiltIn">
<doc>Logs the given message with the given level.</doc>
<arguments>
<arg>${body}</arg>
</arguments>
<msg timestamp="20210322 02:37:01.671" level="INFO">{ "type": "business", "name": "Holder de teste", "email": "contato@teste.com.br", "national_registration": "79580423000188", "revenue": 1005500.00, "cnae": "0111301", "legal_name": "Nome Legal da Empresa", "establishment": { "format":"mei", "date":"2012-04-25" } }</msg>
<status status="PASS" starttime="20210322 02:37:01.670" endtime="20210322 02:37:01.671"></status>
</kw>
<kw name="Set Global Variable" library="BuiltIn">
<doc>Makes a variable available globally in all tests and suites.</doc>
<arguments>
<arg>${response}</arg>
</arguments>
<msg timestamp="20210322 02:37:01.671" level="INFO">${response} = &lt;Response [201]&gt;</msg>
<status status="PASS" starttime="20210322 02:37:01.671" endtime="20210322 02:37:01.671"></status>
</kw>
<kw name="Set Variable If" library="BuiltIn">
<doc>Sets variable based on the given condition.</doc>
<arguments>
<arg>${response.status_code}==201</arg>
<arg>${response.json()["id"]}</arg>
</arguments>
<assign>
<var>${holder_external_key}</var>
</assign>
<msg timestamp="20210322 02:37:01.672" level="INFO">${holder_external_key} = f0c74092c8f74dd385ac2d235e5185b5</msg>
<status status="PASS" starttime="20210322 02:37:01.672" endtime="20210322 02:37:01.673"></status>
</kw>
<kw name="Set Global Variable" library="BuiltIn">
<doc>Makes a variable available globally in all tests and suites.</doc>
<arguments>
<arg>${holder_external_key}</arg>
</arguments>
<msg timestamp="20210322 02:37:01.673" level="INFO">${holder_external_key} = f0c74092c8f74dd385ac2d235e5185b5</msg>
<status status="PASS" starttime="20210322 02:37:01.673" endtime="20210322 02:37:01.674"></status>
</kw>
<status status="PASS" starttime="20210322 02:37:00.951" endtime="20210322 02:37:01.674"></status>
</kw>
<kw name="Should Be Equal As Integers" library="BuiltIn">
<doc>Fails if objects are unequal after converting them to integers.</doc>
<arguments>
<arg>${response.status_code}</arg>
<arg>201</arg>
</arguments>
<msg timestamp="20210322 02:37:01.674" level="INFO">Argument types are:
&lt;class 'int'&gt;
&lt;type 'unicode'&gt;</msg>
<status status="PASS" starttime="20210322 02:37:01.674" endtime="20210322 02:37:01.675"></status>
</kw>
<kw name="criar holder phone" library="accreditation_post_holder_phone">
<arguments>
<arg>21</arg>
<arg>51</arg>
<arg>996221236</arg>
</arguments>
<kw name="Create Dictionary" library="BuiltIn">
<doc>Creates and returns a dictionary based on the given ``items``.</doc>
<arguments>
<arg>Content-Type=application/json</arg>
</arguments>
<assign>
<var>${header}</var>
</assign>
<msg timestamp="20210322 02:37:01.676" level="INFO">${header} = {'Content-Type': 'application/json'}</msg>
<status status="PASS" starttime="20210322 02:37:01.675" endtime="20210322 02:37:01.676"></status>
</kw>
<kw name="Catenate" library="BuiltIn">
<doc>Catenates the given items together and returns the resulted string.</doc>
<arguments>
<arg>{</arg>
<arg>"area_code": "${phone_area_code}",</arg>
<arg>"country_code": "${phone_country_code}",</arg>
<arg>"number": "${phone_number}"</arg>
<arg>}</arg>
</arguments>
<assign>
<var>${body}</var>
</assign>
<msg timestamp="20210322 02:37:01.677" level="INFO">${body} = { "area_code": "21", "country_code": "51", "number": "996221236" }</msg>
<status status="PASS" starttime="20210322 02:37:01.676" endtime="20210322 02:37:01.677"></status>
</kw>
<kw name="Post Request" library="RequestsLibrary">
<doc>Send a POST request on the session object found using the
given `alias`</doc>
<arguments>
<arg>accreditation</arg>
<arg>/marketplaces/${marketplace_external_key}/banking/accreditation/holders/${holder_external_key}/phones</arg>
<arg>data=${body}</arg>
<arg>headers=${header}</arg>
</arguments>
<assign>
<var>${response}</var>
</assign>
<msg timestamp="20210322 02:37:01.678" level="INFO">POST Request using : uri=/marketplaces/f71a8951368a4cc085cf7875ff44e61c/banking/accreditation/holders/f0c74092c8f74dd385ac2d235e5185b5/phones, params=None, files=None, allow_redirects=True, timeout=None
headers={'User-Agent': 'python-requests/2.22.0', 'Accept-Encoding': 'gzip, deflate', 'Accept': '*/*', 'Connection': 'keep-alive', 'Content-Type': 'application/json'} 
data={ "area_code": "21", "country_code": "51", "number": "996221236" } 
json=None</msg>
<msg timestamp="20210322 02:37:01.980" level="INFO">${response} = &lt;Response [201]&gt;</msg>
<status status="PASS" starttime="20210322 02:37:01.677" endtime="20210322 02:37:01.980"></status>
</kw>
<kw name="Log" library="BuiltIn">
<doc>Logs the given message with the given level.</doc>
<arguments>
<arg>${response.json()}</arg>
</arguments>
<msg timestamp="20210322 02:37:01.982" level="INFO">{'id': '8de66ca55b37471db859ecb985c067dc', 'area_code': '21', 'country_code': '51', 'number': '996221236', 'main': True, '_links': {'self': {'href': 'https://banking-accreditation-internal.staging.zoop.tech/marketplaces/f71a8951368a4cc085cf7875ff44e61c/banking/accreditation/holders/f0c74092c8f74dd385ac2d235e5185b5/phones/8de66ca55b37471db859ecb985c067dc', 'type': 'GET'}, 'holder': {'href': 'https://banking-accreditation-internal.staging.zoop.tech/marketplaces/f71a8951368a4cc085cf7875ff44e61c/banking/accreditation/holders/f0c74092c8f74dd385ac2d235e5185b5', 'type': 'GET'}}}</msg>
<status status="PASS" starttime="20210322 02:37:01.981" endtime="20210322 02:37:01.983"></status>
</kw>
<kw name="Log" library="BuiltIn">
<doc>Logs the given message with the given level.</doc>
<arguments>
<arg>${response.headers['X-REQUEST-ID']}</arg>
</arguments>
<msg timestamp="20210322 02:37:01.985" level="INFO">ee6174489d708096</msg>
<status status="PASS" starttime="20210322 02:37:01.984" endtime="20210322 02:37:01.985"></status>
</kw>
<kw name="Set Global Variable" library="BuiltIn">
<doc>Makes a variable available globally in all tests and suites.</doc>
<arguments>
<arg>${response}</arg>
</arguments>
<msg timestamp="20210322 02:37:01.987" level="INFO">${response} = &lt;Response [201]&gt;</msg>
<status status="PASS" starttime="20210322 02:37:01.986" endtime="20210322 02:37:01.988"></status>
</kw>
<kw name="Set Variable If" library="BuiltIn">
<doc>Sets variable based on the given condition.</doc>
<arguments>
<arg>${response.status_code}==201</arg>
<arg>${response.json()["id"]}</arg>
</arguments>
<assign>
<var>${phone_external_key}</var>
</assign>
<msg timestamp="20210322 02:37:01.990" level="INFO">${phone_external_key} = 8de66ca55b37471db859ecb985c067dc</msg>
<status status="PASS" starttime="20210322 02:37:01.989" endtime="20210322 02:37:01.990"></status>
</kw>
<kw name="Set Global Variable" library="BuiltIn">
<doc>Makes a variable available globally in all tests and suites.</doc>
<arguments>
<arg>${phone_external_key}</arg>
</arguments>
<msg timestamp="20210322 02:37:01.991" level="INFO">${phone_external_key} = 8de66ca55b37471db859ecb985c067dc</msg>
<status status="PASS" starttime="20210322 02:37:01.991" endtime="20210322 02:37:01.992"></status>
</kw>
<status status="PASS" starttime="20210322 02:37:01.675" endtime="20210322 02:37:01.992"></status>
</kw>
<kw name="Should Be Equal As Integers" library="BuiltIn">
<doc>Fails if objects are unequal after converting them to integers.</doc>
<arguments>
<arg>${response.status_code}</arg>
<arg>201</arg>
</arguments>
<msg timestamp="20210322 02:37:01.993" level="INFO">Argument types are:
&lt;class 'int'&gt;
&lt;type 'unicode'&gt;</msg>
<status status="PASS" starttime="20210322 02:37:01.992" endtime="20210322 02:37:01.994"></status>
</kw>
<kw name="criar holder address" library="accreditation_post_holder_address">
<arguments>
<arg>Rio de Janeiro</arg>
<arg>Rio de Janeiro</arg>
<arg>Brasil</arg>
<arg>Bairro de Testes</arg>
<arg>Rua de Testes</arg>
<arg>90</arg>
<arg>apto 200</arg>
<arg>21550987</arg>
</arguments>
<kw name="Create Dictionary" library="BuiltIn">
<doc>Creates and returns a dictionary based on the given ``items``.</doc>
<arguments>
<arg>Content-Type=application/json</arg>
</arguments>
<assign>
<var>${header}</var>
</assign>
<msg timestamp="20210322 02:37:01.996" level="INFO">${header} = {'Content-Type': 'application/json'}</msg>
<status status="PASS" starttime="20210322 02:37:01.995" endtime="20210322 02:37:01.996"></status>
</kw>
<kw name="Catenate" library="BuiltIn">
<doc>Catenates the given items together and returns the resulted string.</doc>
<arguments>
<arg>{</arg>
<arg>"city": "${city}",</arg>
<arg>"state": "${state}",</arg>
<arg>"country": "${country}",</arg>
<arg>"neighborhood": "${neighborhood}",</arg>
<arg>"street": "${street}",</arg>
<arg>"number": "${number}",</arg>
<arg>"complement": "${complement}",</arg>
<arg>"postal_code": "${postal_code}"</arg>
<arg>}</arg>
</arguments>
<assign>
<var>${body}</var>
</assign>
<msg timestamp="20210322 02:37:01.997" level="INFO">${body} = { "city": "Rio de Janeiro", "state": "Rio de Janeiro", "country": "Brasil", "neighborhood": "Bairro de Testes", "street": "Rua de Testes", "number": "90", "complement": "apto 200", "postal_code": "215...</msg>
<status status="PASS" starttime="20210322 02:37:01.996" endtime="20210322 02:37:01.997"></status>
</kw>
<kw name="Post Request" library="RequestsLibrary">
<doc>Send a POST request on the session object found using the
given `alias`</doc>
<arguments>
<arg>accreditation</arg>
<arg>/marketplaces/${marketplace_external_key}/banking/accreditation/holders/${holder_external_key}/addresses</arg>
<arg>data=${body}</arg>
<arg>headers=${header}</arg>
</arguments>
<assign>
<var>${response}</var>
</assign>
<msg timestamp="20210322 02:37:01.998" level="INFO">POST Request using : uri=/marketplaces/f71a8951368a4cc085cf7875ff44e61c/banking/accreditation/holders/f0c74092c8f74dd385ac2d235e5185b5/addresses, params=None, files=None, allow_redirects=True, timeout=None
headers={'User-Agent': 'python-requests/2.22.0', 'Accept-Encoding': 'gzip, deflate', 'Accept': '*/*', 'Connection': 'keep-alive', 'Content-Type': 'application/json'} 
data={ "city": "Rio de Janeiro", "state": "Rio de Janeiro", "country": "Brasil", "neighborhood": "Bairro de Testes", "street": "Rua de Testes", "number": "90", "complement": "apto 200", "postal_code": "21550987" } 
json=None</msg>
<msg timestamp="20210322 02:37:02.306" level="INFO">${response} = &lt;Response [201]&gt;</msg>
<status status="PASS" starttime="20210322 02:37:01.998" endtime="20210322 02:37:02.306"></status>
</kw>
<kw name="Log" library="BuiltIn">
<doc>Logs the given message with the given level.</doc>
<arguments>
<arg>${response.json()}</arg>
</arguments>
<msg timestamp="20210322 02:37:02.308" level="INFO">{'id': '552d2e2654d74d4ca244cec8c344c6ee', 'street': 'Rua de Testes', 'number': '90', 'city': 'Rio de Janeiro', 'complement': 'apto 200', 'state': 'Rio de Janeiro', 'neighborhood': 'Bairro de Testes', 'postal_code': '21550987', 'country': 'Brasil', 'main': True, '_links': {'self': {'href': 'https://banking-accreditation-internal.staging.zoop.tech/marketplaces/f71a8951368a4cc085cf7875ff44e61c/banking/accreditation/holders/f0c74092c8f74dd385ac2d235e5185b5/addresses/552d2e2654d74d4ca244cec8c344c6ee', 'type': 'GET'}, 'holder': {'href': 'https://banking-accreditation-internal.staging.zoop.tech/marketplaces/f71a8951368a4cc085cf7875ff44e61c/banking/accreditation/holders/f0c74092c8f74dd385ac2d235e5185b5', 'type': 'GET'}}}</msg>
<status status="PASS" starttime="20210322 02:37:02.307" endtime="20210322 02:37:02.308"></status>
</kw>
<kw name="Log" library="BuiltIn">
<doc>Logs the given message with the given level.</doc>
<arguments>
<arg>${response.headers['X-REQUEST-ID']}</arg>
</arguments>
<msg timestamp="20210322 02:37:02.310" level="INFO">253e4c3f17821cd9</msg>
<status status="PASS" starttime="20210322 02:37:02.310" endtime="20210322 02:37:02.311"></status>
</kw>
<kw name="Set Global Variable" library="BuiltIn">
<doc>Makes a variable available globally in all tests and suites.</doc>
<arguments>
<arg>${response}</arg>
</arguments>
<msg timestamp="20210322 02:37:02.312" level="INFO">${response} = &lt;Response [201]&gt;</msg>
<status status="PASS" starttime="20210322 02:37:02.311" endtime="20210322 02:37:02.312"></status>
</kw>
<kw name="Set Variable If" library="BuiltIn">
<doc>Sets variable based on the given condition.</doc>
<arguments>
<arg>${response.status_code}==201</arg>
<arg>${response.json()["id"]}</arg>
</arguments>
<assign>
<var>${address_external_key}</var>
</assign>
<msg timestamp="20210322 02:37:02.314" level="INFO">${address_external_key} = 552d2e2654d74d4ca244cec8c344c6ee</msg>
<status status="PASS" starttime="20210322 02:37:02.313" endtime="20210322 02:37:02.314"></status>
</kw>
<kw name="Set Global Variable" library="BuiltIn">
<doc>Makes a variable available globally in all tests and suites.</doc>
<arguments>
<arg>${address_external_key}</arg>
</arguments>
<msg timestamp="20210322 02:37:02.316" level="INFO">${address_external_key} = 552d2e2654d74d4ca244cec8c344c6ee</msg>
<status status="PASS" starttime="20210322 02:37:02.315" endtime="20210322 02:37:02.316"></status>
</kw>
<status status="PASS" starttime="20210322 02:37:01.994" endtime="20210322 02:37:02.316"></status>
</kw>
<kw name="Should Be Equal As Integers" library="BuiltIn">
<doc>Fails if objects are unequal after converting them to integers.</doc>
<arguments>
<arg>${response.status_code}</arg>
<arg>201</arg>
</arguments>
<msg timestamp="20210322 02:37:02.318" level="INFO">Argument types are:
&lt;class 'int'&gt;
&lt;type 'unicode'&gt;</msg>
<status status="PASS" starttime="20210322 02:37:02.316" endtime="20210322 02:37:02.318"></status>
</kw>
<kw name="criar holder document" library="accreditation_post_holder_document">
<arguments>
<arg>CCMEI</arg>
</arguments>
<kw name="Create Dictionary" library="BuiltIn">
<doc>Creates and returns a dictionary based on the given ``items``.</doc>
<arguments>
<arg>Content-Type=image/jpeg</arg>
</arguments>
<assign>
<var>${header}</var>
</assign>
<msg timestamp="20210322 02:37:02.320" level="INFO">${header} = {'Content-Type': 'image/jpeg'}</msg>
<status status="PASS" starttime="20210322 02:37:02.319" endtime="20210322 02:37:02.320"></status>
</kw>
<kw name="Get Binary File" library="OperatingSystem">
<doc>Returns the contents of a specified file.</doc>
<arguments>
<arg>./../../images/accreditation/image.jpg</arg>
</arguments>
<assign>
<var>${data}</var>
</assign>
<msg timestamp="20210322 02:37:02.321" level="INFO" html="yes">Getting file '&lt;a href="file://C:\Users\vinicius.trindade\banking_continuous_testing\banking_continuous_testing\images\accreditation\image.jpg"&gt;C:\Users\vinicius.trindade\banking_continuous_testing\banking_continuous_testing\images\accreditation\image.jpg&lt;/a&gt;'.</msg>
<msg timestamp="20210322 02:37:02.323" level="INFO">${data} = \xff\xd8\xff\xe0JFIF\xf0\xf0\xff\xdbC


		
%# , #&amp;')*)-0-(0%()(\xff\xc0\xa0\xf0\xff\xc4	\xff\xc4=...</msg>
<status status="PASS" starttime="20210322 02:37:02.321" endtime="20210322 02:37:02.324"></status>
</kw>
<kw name="Post Request" library="RequestsLibrary">
<doc>Send a POST request on the session object found using the
given `alias`</doc>
<arguments>
<arg>accreditation</arg>
<arg>/marketplaces/${marketplace_external_key}/banking/accreditation/holders/${holder_external_key}/documents?type=${document_type}</arg>
<arg>data=${data}</arg>
<arg>headers=${header}</arg>
</arguments>
<assign>
<var>${response}</var>
</assign>
<msg timestamp="20210322 02:37:02.325" level="INFO">POST Request using : uri=/marketplaces/f71a8951368a4cc085cf7875ff44e61c/banking/accreditation/holders/f0c74092c8f74dd385ac2d235e5185b5/documents?type=CCMEI, params=None, files=None, allow_redirects=True, timeout=None
headers={'User-Agent': 'python-requests/2.22.0', 'Accept-Encoding': 'gzip, deflate', 'Accept': '*/*', 'Connection': 'keep-alive', 'Content-Type': 'image/jpeg'} 
data=&lt;image/jpeg&gt; 
json=None</msg>
<msg timestamp="20210322 02:37:02.621" level="INFO">${response} = &lt;Response [201]&gt;</msg>
<status status="PASS" starttime="20210322 02:37:02.324" endtime="20210322 02:37:02.621"></status>
</kw>
<kw name="Log" library="BuiltIn">
<doc>Logs the given message with the given level.</doc>
<arguments>
<arg>${response.json()}</arg>
</arguments>
<msg timestamp="20210322 02:37:02.622" level="INFO">{'id': '0983b1a3f9244b2791c1721fb2b4d630', 'document_type': 'ccmei', 'media_type': 'image_jpeg', 'length': 3135, '_links': {'self': {'href': 'https://banking-accreditation-internal.staging.zoop.tech/marketplaces/f71a8951368a4cc085cf7875ff44e61c/banking/accreditation/holders/f0c74092c8f74dd385ac2d235e5185b5/documents/0983b1a3f9244b2791c1721fb2b4d630', 'type': 'GET'}, 'holder': {'href': 'https://banking-accreditation-internal.staging.zoop.tech/marketplaces/f71a8951368a4cc085cf7875ff44e61c/banking/accreditation/holders/f0c74092c8f74dd385ac2d235e5185b5', 'type': 'GET'}, 'download': {'href': 'https://banking-accreditation-internal.staging.zoop.tech/marketplaces/f71a8951368a4cc085cf7875ff44e61c/banking/accreditation/holders/f0c74092c8f74dd385ac2d235e5185b5/documents/0983b1a3f9244b2791c1721fb2b4d630/download', 'type': 'GET'}}}</msg>
<status status="PASS" starttime="20210322 02:37:02.621" endtime="20210322 02:37:02.622"></status>
</kw>
<kw name="Log" library="BuiltIn">
<doc>Logs the given message with the given level.</doc>
<arguments>
<arg>${response.headers['X-REQUEST-ID']}</arg>
</arguments>
<msg timestamp="20210322 02:37:02.622" level="INFO">5bc9fbe253f746cd</msg>
<status status="PASS" starttime="20210322 02:37:02.622" endtime="20210322 02:37:02.622"></status>
</kw>
<kw name="Set Global Variable" library="BuiltIn">
<doc>Makes a variable available globally in all tests and suites.</doc>
<arguments>
<arg>${response}</arg>
</arguments>
<msg timestamp="20210322 02:37:02.623" level="INFO">${response} = &lt;Response [201]&gt;</msg>
<status status="PASS" starttime="20210322 02:37:02.623" endtime="20210322 02:37:02.623"></status>
</kw>
<kw name="Set Variable If" library="BuiltIn">
<doc>Sets variable based on the given condition.</doc>
<arguments>
<arg>${response.status_code}==201</arg>
<arg>${response.json()["id"]}</arg>
</arguments>
<assign>
<var>${document_external_key}</var>
</assign>
<msg timestamp="20210322 02:37:02.624" level="INFO">${document_external_key} = 0983b1a3f9244b2791c1721fb2b4d630</msg>
<status status="PASS" starttime="20210322 02:37:02.624" endtime="20210322 02:37:02.624"></status>
</kw>
<kw name="Set Global Variable" library="BuiltIn">
<doc>Makes a variable available globally in all tests and suites.</doc>
<arguments>
<arg>${document_external_key}</arg>
</arguments>
<msg timestamp="20210322 02:37:02.625" level="INFO">${document_external_key} = 0983b1a3f9244b2791c1721fb2b4d630</msg>
<status status="PASS" starttime="20210322 02:37:02.624" endtime="20210322 02:37:02.625"></status>
</kw>
<status status="PASS" starttime="20210322 02:37:02.318" endtime="20210322 02:37:02.625"></status>
</kw>
<kw name="Should Be Equal As Integers" library="BuiltIn">
<doc>Fails if objects are unequal after converting them to integers.</doc>
<arguments>
<arg>${response.status_code}</arg>
<arg>201</arg>
</arguments>
<msg timestamp="20210322 02:37:02.625" level="INFO">Argument types are:
&lt;class 'int'&gt;
&lt;type 'unicode'&gt;</msg>
<status status="PASS" starttime="20210322 02:37:02.625" endtime="20210322 02:37:02.625"></status>
</kw>
<kw name="Cpf" library="FakerLibrary">
<assign>
<var>${partner_individual_national_registration}</var>
</assign>
<msg timestamp="20210322 02:37:02.626" level="INFO">${partner_individual_national_registration} = 951.462.830-60</msg>
<status status="PASS" starttime="20210322 02:37:02.626" endtime="20210322 02:37:02.626"></status>
</kw>
<kw name="Replace String" library="String">
<doc>Replaces ``search_for`` in the given ``string`` with ``replace_with``.</doc>
<arguments>
<arg>${partner_individual_national_registration}</arg>
<arg>.</arg>
<arg>${EMPTY}</arg>
</arguments>
<assign>
<var>${partner_individual_national_registration}</var>
</assign>
<msg timestamp="20210322 02:37:02.626" level="INFO">${partner_individual_national_registration} = 951462830-60</msg>
<status status="PASS" starttime="20210322 02:37:02.626" endtime="20210322 02:37:02.626"></status>
</kw>
<kw name="Replace String" library="String">
<doc>Replaces ``search_for`` in the given ``string`` with ``replace_with``.</doc>
<arguments>
<arg>${partner_individual_national_registration}</arg>
<arg>-</arg>
<arg>${EMPTY}</arg>
</arguments>
<assign>
<var>${partner_individual_national_registration}</var>
</assign>
<msg timestamp="20210322 02:37:02.627" level="INFO">${partner_individual_national_registration} = 95146283060</msg>
<status status="PASS" starttime="20210322 02:37:02.627" endtime="20210322 02:37:02.627"></status>
</kw>
<kw name="Set Global Variable" library="BuiltIn">
<doc>Makes a variable available globally in all tests and suites.</doc>
<arguments>
<arg>${partner_individual_national_registration}</arg>
</arguments>
<msg timestamp="20210322 02:37:02.627" level="INFO">${partner_individual_national_registration} = 95146283060</msg>
<status status="PASS" starttime="20210322 02:37:02.627" endtime="20210322 02:37:02.627"></status>
</kw>
<kw name="Rg" library="FakerLibrary">
<doc>Brazilian RG, return plain numbers.
Check:  https://www.ngmatematica.com/2014/02/como-determinar-o-digito-verificador-do.html</doc>
<assign>
<var>${partner_individual_identity_card}</var>
</assign>
<msg timestamp="20210322 02:37:02.628" level="INFO">${partner_individual_identity_card} = 816752308</msg>
<status status="PASS" starttime="20210322 02:37:02.628" endtime="20210322 02:37:02.628"></status>
</kw>
<kw name="Set Global Variable" library="BuiltIn">
<doc>Makes a variable available globally in all tests and suites.</doc>
<arguments>
<arg>${partner_individual_identity_card}</arg>
</arguments>
<msg timestamp="20210322 02:37:02.628" level="INFO">${partner_individual_identity_card} = 816752308</msg>
<status status="PASS" starttime="20210322 02:37:02.628" endtime="20210322 02:37:02.628"></status>
</kw>
<kw name="criar partner individual" library="accreditation_post_partner_individual">
<arguments>
<arg>partner_individual_type=individual</arg>
<arg>partner_individual_name=${partner_individual_name}</arg>
<arg>partner_individual_email=${partner_individual_email}</arg>
<arg>partner_individual_national_registration=${partner_individual_national_registration}</arg>
<arg>partner_individual_revenue=${partner_individual_revenue}</arg>
<arg>partner_individual_birthday=${partner_individual_birthday}</arg>
<arg>partner_individual_mothers_name=${partner_individual_mothers_name}</arg>
<arg>partner_individual_identity_card=${partner_individual_identity_card}</arg>
<arg>partner_individual_pep=false</arg>
<arg>partner_individual_percentage=100</arg>
<arg>partner_individual_adm=true</arg>
<arg>partner_individual_cbo=${partner_individual_cbo}</arg>
</arguments>
<kw name="Create Dictionary" library="BuiltIn">
<doc>Creates and returns a dictionary based on the given ``items``.</doc>
<arguments>
<arg>Content-Type=application/json</arg>
</arguments>
<assign>
<var>${header}</var>
</assign>
<msg timestamp="20210322 02:37:02.630" level="INFO">${header} = {'Content-Type': 'application/json'}</msg>
<status status="PASS" starttime="20210322 02:37:02.629" endtime="20210322 02:37:02.630"></status>
</kw>
<kw name="Catenate" library="BuiltIn">
<doc>Catenates the given items together and returns the resulted string.</doc>
<arguments>
<arg>{</arg>
<arg>"type": "${partner_individual_type}",</arg>
<arg>"name": "${partner_individual_name}",</arg>
<arg>"email": "${partner_individual_email}",</arg>
<arg>"national_registration": "${partner_individual_national_registration}",</arg>
<arg>"revenue": ${partner_individual_revenue},</arg>
<arg>"birthday": "${partner_individual_birthday}",</arg>
<arg>"mothers_name": "${partner_individual_mothers_name}",</arg>
<arg>"identity_card": "${partner_individual_identity_card}",</arg>
<arg>"pep": false,</arg>
<arg>"percentage": ${partner_individual_percentage},</arg>
<arg>"adm": ${partner_individual_adm},</arg>
<arg>"cbo": ${partner_individual_cbo}</arg>
<arg>}</arg>
</arguments>
<assign>
<var>${body}</var>
</assign>
<msg timestamp="20210322 02:37:02.631" level="INFO">${body} = { "type": "individual", "name": "Individual Partner de teste", "email": "teste@teste.com.br", "national_registration": "95146283060", "revenue": 5500.00, "birthday": "1988-04-23", "mothers_name": "Mãe...</msg>
<status status="PASS" starttime="20210322 02:37:02.630" endtime="20210322 02:37:02.631"></status>
</kw>
<kw name="Post Request" library="RequestsLibrary">
<doc>Send a POST request on the session object found using the
given `alias`</doc>
<arguments>
<arg>accreditation</arg>
<arg>/marketplaces/${marketplace_external_key}/banking/accreditation/holders/${holder_external_key}/partners</arg>
<arg>data=${body}</arg>
<arg>headers=${header}</arg>
</arguments>
<assign>
<var>${response}</var>
</assign>
<msg timestamp="20210322 02:37:02.632" level="INFO">POST Request using : uri=/marketplaces/f71a8951368a4cc085cf7875ff44e61c/banking/accreditation/holders/f0c74092c8f74dd385ac2d235e5185b5/partners, params=None, files=None, allow_redirects=True, timeout=None
headers={'User-Agent': 'python-requests/2.22.0', 'Accept-Encoding': 'gzip, deflate', 'Accept': '*/*', 'Connection': 'keep-alive', 'Content-Type': 'application/json'} 
data={ "type": "individual", "name": "Individual Partner de teste", "email": "teste@teste.com.br", "national_registration": "95146283060", "revenue": 5500.00, "birthday": "1988-04-23", "mothers_name": "Mãe do Individual Partner", "identity_card": "816752308", "pep": false, "percentage": 100, "adm": true, "cbo": 821450 } 
json=None</msg>
<msg timestamp="20210322 02:37:02.874" level="INFO">${response} = &lt;Response [201]&gt;</msg>
<status status="PASS" starttime="20210322 02:37:02.631" endtime="20210322 02:37:02.874"></status>
</kw>
<kw name="Log" library="BuiltIn">
<doc>Logs the given message with the given level.</doc>
<arguments>
<arg>${response.json()}</arg>
</arguments>
<msg timestamp="20210322 02:37:02.876" level="INFO">{'id': '4a988da21b88414faf9da5a720561f00', 'name': 'Individual Partner de teste', 'revenue': 5500.0, 'email': 'teste@teste.com.br', 'created_at': '2021-03-22T02:37:03.648746', 'updated_at': '2021-03-22T02:37:03.648748', 'main': True, 'adm': True, 'percentage': 100.0, 'type': 'individual', 'national_registration': '95146283060', 'birthday': '1988-04-23', 'mothers_name': 'Mãe do Individual Partner', 'identity_card': '816752308', 'pep': False, 'cbo': '821450', '_links': {'self': {'href': 'https://banking-accreditation-internal.staging.zoop.tech/marketplaces/f71a8951368a4cc085cf7875ff44e61c/banking/accreditation/holders/f0c74092c8f74dd385ac2d235e5185b5/partners/4a988da21b88414faf9da5a720561f00', 'type': 'GET'}, 'phones': {'href': 'https://banking-accreditation-internal.staging.zoop.tech/marketplaces/f71a8951368a4cc085cf7875ff44e61c/banking/accreditation/holders/f0c74092c8f74dd385ac2d235e5185b5/partners/4a988da21b88414faf9da5a720561f00/phones', 'type': 'GET'}, 'addresses': {'href': 'https://banking-accreditation-internal.staging.zoop.tech/marketplaces/f71a8951368a4cc085cf7875ff44e61c/banking/accreditation/holders/f0c74092c8f74dd385ac2d235e5185b5/partners/4a988da21b88414faf9da5a720561f00/addresses', 'type': 'GET'}, 'documents': {'href': 'https://banking-accreditation-internal.staging.zoop.tech/marketplaces/f71a8951368a4cc085cf7875ff44e61c/banking/accreditation/holders/f0c74092c8f74dd385ac2d235e5185b5/partners/4a988da21b88414faf9da5a720561f00/documents', 'type': 'GET'}, 'holder': {'href': 'https://banking-accreditation-internal.staging.zoop.tech/marketplaces/f71a8951368a4cc085cf7875ff44e61c/banking/accreditation/holders/f0c74092c8f74dd385ac2d235e5185b5', 'type': 'GET'}}}</msg>
<status status="PASS" starttime="20210322 02:37:02.875" endtime="20210322 02:37:02.876"></status>
</kw>
<kw name="Log" library="BuiltIn">
<doc>Logs the given message with the given level.</doc>
<arguments>
<arg>${response.headers['X-REQUEST-ID']}</arg>
</arguments>
<msg timestamp="20210322 02:37:02.877" level="INFO">77e2ac3a700c95ce</msg>
<status status="PASS" starttime="20210322 02:37:02.876" endtime="20210322 02:37:02.877"></status>
</kw>
<kw name="Set Global Variable" library="BuiltIn">
<doc>Makes a variable available globally in all tests and suites.</doc>
<arguments>
<arg>${response}</arg>
</arguments>
<msg timestamp="20210322 02:37:02.878" level="INFO">${response} = &lt;Response [201]&gt;</msg>
<status status="PASS" starttime="20210322 02:37:02.877" endtime="20210322 02:37:02.878"></status>
</kw>
<kw name="Set Variable If" library="BuiltIn">
<doc>Sets variable based on the given condition.</doc>
<arguments>
<arg>${response.status_code}==201</arg>
<arg>${response.json()["id"]}</arg>
</arguments>
<assign>
<var>${partner_external_key}</var>
</assign>
<msg timestamp="20210322 02:37:02.879" level="INFO">${partner_external_key} = 4a988da21b88414faf9da5a720561f00</msg>
<status status="PASS" starttime="20210322 02:37:02.878" endtime="20210322 02:37:02.879"></status>
</kw>
<kw name="Set Global Variable" library="BuiltIn">
<doc>Makes a variable available globally in all tests and suites.</doc>
<arguments>
<arg>${partner_external_key}</arg>
</arguments>
<msg timestamp="20210322 02:37:02.880" level="INFO">${partner_external_key} = 4a988da21b88414faf9da5a720561f00</msg>
<status status="PASS" starttime="20210322 02:37:02.880" endtime="20210322 02:37:02.880"></status>
</kw>
<status status="PASS" starttime="20210322 02:37:02.629" endtime="20210322 02:37:02.881"></status>
</kw>
<kw name="Should Be Equal As Integers" library="BuiltIn">
<doc>Fails if objects are unequal after converting them to integers.</doc>
<arguments>
<arg>${response.status_code}</arg>
<arg>201</arg>
</arguments>
<msg timestamp="20210322 02:37:02.881" level="INFO">Argument types are:
&lt;class 'int'&gt;
&lt;type 'unicode'&gt;</msg>
<status status="PASS" starttime="20210322 02:37:02.881" endtime="20210322 02:37:02.881"></status>
</kw>
<kw name="criar partner phone" library="accreditation_post_partner_phone">
<arguments>
<arg>21</arg>
<arg>51</arg>
<arg>996554785</arg>
</arguments>
<kw name="Create Dictionary" library="BuiltIn">
<doc>Creates and returns a dictionary based on the given ``items``.</doc>
<arguments>
<arg>Content-Type=application/json</arg>
</arguments>
<assign>
<var>${header}</var>
</assign>
<msg timestamp="20210322 02:37:02.883" level="INFO">${header} = {'Content-Type': 'application/json'}</msg>
<status status="PASS" starttime="20210322 02:37:02.882" endtime="20210322 02:37:02.883"></status>
</kw>
<kw name="Catenate" library="BuiltIn">
<doc>Catenates the given items together and returns the resulted string.</doc>
<arguments>
<arg>{</arg>
<arg>"area_code": "${phone_area_code}",</arg>
<arg>"country_code": "${phone_country_code}",</arg>
<arg>"number": "${phone_number}"</arg>
<arg>}</arg>
</arguments>
<assign>
<var>${body}</var>
</assign>
<msg timestamp="20210322 02:37:02.884" level="INFO">${body} = { "area_code": "21", "country_code": "51", "number": "996554785" }</msg>
<status status="PASS" starttime="20210322 02:37:02.883" endtime="20210322 02:37:02.884"></status>
</kw>
<kw name="Post Request" library="RequestsLibrary">
<doc>Send a POST request on the session object found using the
given `alias`</doc>
<arguments>
<arg>accreditation</arg>
<arg>/marketplaces/${marketplace_external_key}/banking/accreditation/holders/${holder_external_key}/partners/${partner_external_key}/phones/</arg>
<arg>data=${body}</arg>
<arg>headers=${header}</arg>
</arguments>
<assign>
<var>${response}</var>
</assign>
<msg timestamp="20210322 02:37:02.885" level="INFO">POST Request using : uri=/marketplaces/f71a8951368a4cc085cf7875ff44e61c/banking/accreditation/holders/f0c74092c8f74dd385ac2d235e5185b5/partners/4a988da21b88414faf9da5a720561f00/phones/, params=None, files=None, allow_redirects=True, timeout=None
headers={'User-Agent': 'python-requests/2.22.0', 'Accept-Encoding': 'gzip, deflate', 'Accept': '*/*', 'Connection': 'keep-alive', 'Content-Type': 'application/json'} 
data={ "area_code": "21", "country_code": "51", "number": "996554785" } 
json=None</msg>
<msg timestamp="20210322 02:37:03.103" level="INFO">${response} = &lt;Response [201]&gt;</msg>
<status status="PASS" starttime="20210322 02:37:02.884" endtime="20210322 02:37:03.103"></status>
</kw>
<kw name="Log" library="BuiltIn">
<doc>Logs the given message with the given level.</doc>
<arguments>
<arg>${response.json()}</arg>
</arguments>
<msg timestamp="20210322 02:37:03.106" level="INFO">{'id': '0e374b381d904cea97aebed0e732539e', 'area_code': '21', 'country_code': '51', 'number': '996554785', 'main': True, '_links': {'self': {'href': 'https://banking-accreditation-internal.staging.zoop.tech/marketplaces/f71a8951368a4cc085cf7875ff44e61c/banking/accreditation/holders/f0c74092c8f74dd385ac2d235e5185b5/partners/4a988da21b88414faf9da5a720561f00/phones/0e374b381d904cea97aebed0e732539e', 'type': 'GET'}, 'partner': {'href': 'https://banking-accreditation-internal.staging.zoop.tech/marketplaces/f71a8951368a4cc085cf7875ff44e61c/banking/accreditation/holders/f0c74092c8f74dd385ac2d235e5185b5/partners/4a988da21b88414faf9da5a720561f00', 'type': 'GET'}, 'holder': {'href': 'https://banking-accreditation-internal.staging.zoop.tech/marketplaces/f71a8951368a4cc085cf7875ff44e61c/banking/accreditation/holders/f0c74092c8f74dd385ac2d235e5185b5', 'type': 'GET'}}}</msg>
<status status="PASS" starttime="20210322 02:37:03.104" endtime="20210322 02:37:03.106"></status>
</kw>
<kw name="Log" library="BuiltIn">
<doc>Logs the given message with the given level.</doc>
<arguments>
<arg>${response.headers['X-REQUEST-ID']}</arg>
</arguments>
<msg timestamp="20210322 02:37:03.108" level="INFO">334fbd265495247b</msg>
<status status="PASS" starttime="20210322 02:37:03.107" endtime="20210322 02:37:03.108"></status>
</kw>
<kw name="Set Global Variable" library="BuiltIn">
<doc>Makes a variable available globally in all tests and suites.</doc>
<arguments>
<arg>${response}</arg>
</arguments>
<msg timestamp="20210322 02:37:03.111" level="INFO">${response} = &lt;Response [201]&gt;</msg>
<status status="PASS" starttime="20210322 02:37:03.110" endtime="20210322 02:37:03.111"></status>
</kw>
<kw name="Set Variable If" library="BuiltIn">
<doc>Sets variable based on the given condition.</doc>
<arguments>
<arg>${response.status_code}==201</arg>
<arg>${response.json()["id"]}</arg>
</arguments>
<assign>
<var>${holder_external_key}</var>
</assign>
<msg timestamp="20210322 02:37:03.114" level="INFO">${holder_external_key} = 0e374b381d904cea97aebed0e732539e</msg>
<status status="PASS" starttime="20210322 02:37:03.112" endtime="20210322 02:37:03.114"></status>
</kw>
<kw name="Set Global Variable" library="BuiltIn">
<doc>Makes a variable available globally in all tests and suites.</doc>
<arguments>
<arg>${phone_external_key}</arg>
</arguments>
<msg timestamp="20210322 02:37:03.115" level="INFO">${phone_external_key} = 8de66ca55b37471db859ecb985c067dc</msg>
<status status="PASS" starttime="20210322 02:37:03.115" endtime="20210322 02:37:03.116"></status>
</kw>
<status status="PASS" starttime="20210322 02:37:02.882" endtime="20210322 02:37:03.116"></status>
</kw>
<kw name="Should Be Equal As Integers" library="BuiltIn">
<doc>Fails if objects are unequal after converting them to integers.</doc>
<arguments>
<arg>${response.status_code}</arg>
<arg>201</arg>
</arguments>
<msg timestamp="20210322 02:37:03.118" level="INFO">Argument types are:
&lt;class 'int'&gt;
&lt;type 'unicode'&gt;</msg>
<status status="PASS" starttime="20210322 02:37:03.116" endtime="20210322 02:37:03.118"></status>
</kw>
<kw name="criar partner address" library="accreditation_post_partner_address">
<arguments>
<arg>Rio de Janeiro</arg>
<arg>Rio de Janeiro</arg>
<arg>Brasil</arg>
<arg>Bairro de Testes</arg>
<arg>Rua de Testes</arg>
<arg>61</arg>
<arg>apto 201</arg>
<arg>21550478</arg>
</arguments>
<kw name="Create Dictionary" library="BuiltIn">
<doc>Creates and returns a dictionary based on the given ``items``.</doc>
<arguments>
<arg>Content-Type=application/json</arg>
</arguments>
<assign>
<var>${header}</var>
</assign>
<msg timestamp="20210322 02:37:03.120" level="INFO">${header} = {'Content-Type': 'application/json'}</msg>
<status status="PASS" starttime="20210322 02:37:03.119" endtime="20210322 02:37:03.120"></status>
</kw>
<kw name="Catenate" library="BuiltIn">
<doc>Catenates the given items together and returns the resulted string.</doc>
<arguments>
<arg>{</arg>
<arg>"city": "${city}",</arg>
<arg>"state": "${state}",</arg>
<arg>"country": "${country}",</arg>
<arg>"neighborhood": "${neighborhood}",</arg>
<arg>"street": "${street}",</arg>
<arg>"number": "${number}",</arg>
<arg>"complement": "${complement}",</arg>
<arg>"postal_code": "${postal_code}"</arg>
<arg>}</arg>
</arguments>
<assign>
<var>${body}</var>
</assign>
<msg timestamp="20210322 02:37:03.121" level="INFO">${body} = { "city": "Rio de Janeiro", "state": "Rio de Janeiro", "country": "Brasil", "neighborhood": "Bairro de Testes", "street": "Rua de Testes", "number": "61", "complement": "apto 201", "postal_code": "215...</msg>
<status status="PASS" starttime="20210322 02:37:03.120" endtime="20210322 02:37:03.121"></status>
</kw>
<kw name="Post Request" library="RequestsLibrary">
<doc>Send a POST request on the session object found using the
given `alias`</doc>
<arguments>
<arg>accreditation</arg>
<arg>/marketplaces/${marketplace_external_key}/banking/accreditation/holders/${holder_external_key}/partners/${partner_external_key}/addresses</arg>
<arg>data=${body}</arg>
<arg>headers=${header}</arg>
</arguments>
<assign>
<var>${response}</var>
</assign>
<msg timestamp="20210322 02:37:03.123" level="INFO">POST Request using : uri=/marketplaces/f71a8951368a4cc085cf7875ff44e61c/banking/accreditation/holders/f0c74092c8f74dd385ac2d235e5185b5/partners/4a988da21b88414faf9da5a720561f00/addresses, params=None, files=None, allow_redirects=True, timeout=None
headers={'User-Agent': 'python-requests/2.22.0', 'Accept-Encoding': 'gzip, deflate', 'Accept': '*/*', 'Connection': 'keep-alive', 'Content-Type': 'application/json'} 
data={ "city": "Rio de Janeiro", "state": "Rio de Janeiro", "country": "Brasil", "neighborhood": "Bairro de Testes", "street": "Rua de Testes", "number": "61", "complement": "apto 201", "postal_code": "21550478" } 
json=None</msg>
<msg timestamp="20210322 02:37:03.353" level="INFO">${response} = &lt;Response [201]&gt;</msg>
<status status="PASS" starttime="20210322 02:37:03.122" endtime="20210322 02:37:03.353"></status>
</kw>
<kw name="Log" library="BuiltIn">
<doc>Logs the given message with the given level.</doc>
<arguments>
<arg>${response.json()}</arg>
</arguments>
<msg timestamp="20210322 02:37:03.354" level="INFO">{'id': 'bc7899faf107463986b565559c2206ca', 'street': 'Rua de Testes', 'number': '61', 'city': 'Rio de Janeiro', 'complement': 'apto 201', 'state': 'Rio de Janeiro', 'neighborhood': 'Bairro de Testes', 'postal_code': '21550478', 'country': 'Brasil', 'main': True, '_links': {'self': {'href': 'https://banking-accreditation-internal.staging.zoop.tech/marketplaces/f71a8951368a4cc085cf7875ff44e61c/banking/accreditation/holders/f0c74092c8f74dd385ac2d235e5185b5/partners/4a988da21b88414faf9da5a720561f00/addresses/bc7899faf107463986b565559c2206ca', 'type': 'GET'}, 'partner': {'href': 'https://banking-accreditation-internal.staging.zoop.tech/marketplaces/f71a8951368a4cc085cf7875ff44e61c/banking/accreditation/holders/f0c74092c8f74dd385ac2d235e5185b5/partners/4a988da21b88414faf9da5a720561f00', 'type': 'GET'}, 'holder': {'href': 'https://banking-accreditation-internal.staging.zoop.tech/marketplaces/f71a8951368a4cc085cf7875ff44e61c/banking/accreditation/holders/f0c74092c8f74dd385ac2d235e5185b5', 'type': 'GET'}}}</msg>
<status status="PASS" starttime="20210322 02:37:03.353" endtime="20210322 02:37:03.354"></status>
</kw>
<kw name="Log" library="BuiltIn">
<doc>Logs the given message with the given level.</doc>
<arguments>
<arg>${response.headers['X-REQUEST-ID']}</arg>
</arguments>
<msg timestamp="20210322 02:37:03.355" level="INFO">8bc50705eeb6b970</msg>
<status status="PASS" starttime="20210322 02:37:03.355" endtime="20210322 02:37:03.356"></status>
</kw>
<kw name="Set Global Variable" library="BuiltIn">
<doc>Makes a variable available globally in all tests and suites.</doc>
<arguments>
<arg>${response}</arg>
</arguments>
<msg timestamp="20210322 02:37:03.357" level="INFO">${response} = &lt;Response [201]&gt;</msg>
<status status="PASS" starttime="20210322 02:37:03.356" endtime="20210322 02:37:03.357"></status>
</kw>
<kw name="Set Variable If" library="BuiltIn">
<doc>Sets variable based on the given condition.</doc>
<arguments>
<arg>${response.status_code}==201</arg>
<arg>${response.json()["id"]}</arg>
</arguments>
<assign>
<var>${address_external_key}</var>
</assign>
<msg timestamp="20210322 02:37:03.359" level="INFO">${address_external_key} = bc7899faf107463986b565559c2206ca</msg>
<status status="PASS" starttime="20210322 02:37:03.358" endtime="20210322 02:37:03.359"></status>
</kw>
<kw name="Set Global Variable" library="BuiltIn">
<doc>Makes a variable available globally in all tests and suites.</doc>
<arguments>
<arg>${address_external_key}</arg>
</arguments>
<msg timestamp="20210322 02:37:03.361" level="INFO">${address_external_key} = bc7899faf107463986b565559c2206ca</msg>
<status status="PASS" starttime="20210322 02:37:03.360" endtime="20210322 02:37:03.361"></status>
</kw>
<status status="PASS" starttime="20210322 02:37:03.118" endtime="20210322 02:37:03.361"></status>
</kw>
<kw name="Should Be Equal As Integers" library="BuiltIn">
<doc>Fails if objects are unequal after converting them to integers.</doc>
<arguments>
<arg>${response.status_code}</arg>
<arg>201</arg>
</arguments>
<msg timestamp="20210322 02:37:03.362" level="INFO">Argument types are:
&lt;class 'int'&gt;
&lt;type 'unicode'&gt;</msg>
<status status="PASS" starttime="20210322 02:37:03.361" endtime="20210322 02:37:03.363"></status>
</kw>
<kw name="criar partner document" library="accreditation_post_partner_document">
<arguments>
<arg>SELFIE</arg>
</arguments>
<kw name="Create Dictionary" library="BuiltIn">
<doc>Creates and returns a dictionary based on the given ``items``.</doc>
<arguments>
<arg>Content-Type=image/jpeg</arg>
</arguments>
<assign>
<var>${header}</var>
</assign>
<msg timestamp="20210322 02:37:03.365" level="INFO">${header} = {'Content-Type': 'image/jpeg'}</msg>
<status status="PASS" starttime="20210322 02:37:03.364" endtime="20210322 02:37:03.365"></status>
</kw>
<kw name="Get Binary File" library="OperatingSystem">
<doc>Returns the contents of a specified file.</doc>
<arguments>
<arg>./../../images/accreditation/image.jpg</arg>
</arguments>
<assign>
<var>${data}</var>
</assign>
<msg timestamp="20210322 02:37:03.365" level="INFO" html="yes">Getting file '&lt;a href="file://C:\Users\vinicius.trindade\banking_continuous_testing\banking_continuous_testing\images\accreditation\image.jpg"&gt;C:\Users\vinicius.trindade\banking_continuous_testing\banking_continuous_testing\images\accreditation\image.jpg&lt;/a&gt;'.</msg>
<msg timestamp="20210322 02:37:03.367" level="INFO">${data} = \xff\xd8\xff\xe0JFIF\xf0\xf0\xff\xdbC


		
%# , #&amp;')*)-0-(0%()(\xff\xc0\xa0\xf0\xff\xc4	\xff\xc4=...</msg>
<status status="PASS" starttime="20210322 02:37:03.365" endtime="20210322 02:37:03.368"></status>
</kw>
<kw name="Post Request" library="RequestsLibrary">
<doc>Send a POST request on the session object found using the
given `alias`</doc>
<arguments>
<arg>accreditation</arg>
<arg>/marketplaces/${marketplace_external_key}/banking/accreditation/holders/${holder_external_key}/partners/${partner_externaL_key}/documents?type=${document_type}</arg>
<arg>data=${data}</arg>
<arg>headers=${header}</arg>
</arguments>
<assign>
<var>${response}</var>
</assign>
<msg timestamp="20210322 02:37:03.369" level="INFO">POST Request using : uri=/marketplaces/f71a8951368a4cc085cf7875ff44e61c/banking/accreditation/holders/f0c74092c8f74dd385ac2d235e5185b5/partners/4a988da21b88414faf9da5a720561f00/documents?type=SELFIE, params=None, files=None, allow_redirects=True, timeout=None
headers={'User-Agent': 'python-requests/2.22.0', 'Accept-Encoding': 'gzip, deflate', 'Accept': '*/*', 'Connection': 'keep-alive', 'Content-Type': 'image/jpeg'} 
data=&lt;image/jpeg&gt; 
json=None</msg>
<msg timestamp="20210322 02:37:03.700" level="INFO">${response} = &lt;Response [201]&gt;</msg>
<status status="PASS" starttime="20210322 02:37:03.368" endtime="20210322 02:37:03.700"></status>
</kw>
<kw name="Log" library="BuiltIn">
<doc>Logs the given message with the given level.</doc>
<arguments>
<arg>${response.json()}</arg>
</arguments>
<msg timestamp="20210322 02:37:03.701" level="INFO">{'id': '5e38443902cf4ed9b42628be3de78749', 'document_type': 'selfie', 'media_type': 'image_jpeg', 'length': 3135, '_links': {'self': {'href': 'https://banking-accreditation-internal.staging.zoop.tech/marketplaces/f71a8951368a4cc085cf7875ff44e61c/banking/accreditation/holders/f0c74092c8f74dd385ac2d235e5185b5/partners/4a988da21b88414faf9da5a720561f00/documents/5e38443902cf4ed9b42628be3de78749', 'type': 'GET'}, 'holder': {'href': 'https://banking-accreditation-internal.staging.zoop.tech/marketplaces/f71a8951368a4cc085cf7875ff44e61c/banking/accreditation/holders/f0c74092c8f74dd385ac2d235e5185b5', 'type': 'GET'}, 'partner': {'href': 'https://banking-accreditation-internal.staging.zoop.tech/marketplaces/f71a8951368a4cc085cf7875ff44e61c/banking/accreditation/holders/f0c74092c8f74dd385ac2d235e5185b5/partners/4a988da21b88414faf9da5a720561f00', 'type': 'GET'}, 'download': {'href': 'https://banking-accreditation-internal.staging.zoop.tech/marketplaces/f71a8951368a4cc085cf7875ff44e61c/banking/accreditation/holders/f0c74092c8f74dd385ac2d235e5185b5/partners/4a988da21b88414faf9da5a720561f00/documents/5e38443902cf4ed9b42628be3de78749/download', 'type': 'GET'}}}</msg>
<status status="PASS" starttime="20210322 02:37:03.701" endtime="20210322 02:37:03.701"></status>
</kw>
<kw name="Log" library="BuiltIn">
<doc>Logs the given message with the given level.</doc>
<arguments>
<arg>${response.headers['X-REQUEST-ID']}</arg>
</arguments>
<msg timestamp="20210322 02:37:03.701" level="INFO">cede40b9ed031b2a</msg>
<status status="PASS" starttime="20210322 02:37:03.701" endtime="20210322 02:37:03.701"></status>
</kw>
<kw name="Set Global Variable" library="BuiltIn">
<doc>Makes a variable available globally in all tests and suites.</doc>
<arguments>
<arg>${response}</arg>
</arguments>
<msg timestamp="20210322 02:37:03.702" level="INFO">${response} = &lt;Response [201]&gt;</msg>
<status status="PASS" starttime="20210322 02:37:03.702" endtime="20210322 02:37:03.702"></status>
</kw>
<kw name="Set Variable If" library="BuiltIn">
<doc>Sets variable based on the given condition.</doc>
<arguments>
<arg>${response.status_code}==201</arg>
<arg>${response.json()["id"]}</arg>
</arguments>
<assign>
<var>${document_external_key}</var>
</assign>
<msg timestamp="20210322 02:37:03.703" level="INFO">${document_external_key} = 5e38443902cf4ed9b42628be3de78749</msg>
<status status="PASS" starttime="20210322 02:37:03.702" endtime="20210322 02:37:03.703"></status>
</kw>
<kw name="Set Global Variable" library="BuiltIn">
<doc>Makes a variable available globally in all tests and suites.</doc>
<arguments>
<arg>${document_external_key}</arg>
</arguments>
<msg timestamp="20210322 02:37:03.703" level="INFO">${document_external_key} = 5e38443902cf4ed9b42628be3de78749</msg>
<status status="PASS" starttime="20210322 02:37:03.703" endtime="20210322 02:37:03.703"></status>
</kw>
<status status="PASS" starttime="20210322 02:37:03.363" endtime="20210322 02:37:03.703"></status>
</kw>
<kw name="Should Be Equal As Integers" library="BuiltIn">
<doc>Fails if objects are unequal after converting them to integers.</doc>
<arguments>
<arg>${response.status_code}</arg>
<arg>201</arg>
</arguments>
<msg timestamp="20210322 02:37:03.703" level="INFO">Argument types are:
&lt;class 'int'&gt;
&lt;type 'unicode'&gt;</msg>
<status status="PASS" starttime="20210322 02:37:03.703" endtime="20210322 02:37:03.703"></status>
</kw>
<kw name="criar partner document" library="accreditation_post_partner_document">
<arguments>
<arg>RG_FRENTE</arg>
</arguments>
<kw name="Create Dictionary" library="BuiltIn">
<doc>Creates and returns a dictionary based on the given ``items``.</doc>
<arguments>
<arg>Content-Type=image/jpeg</arg>
</arguments>
<assign>
<var>${header}</var>
</assign>
<msg timestamp="20210322 02:37:03.704" level="INFO">${header} = {'Content-Type': 'image/jpeg'}</msg>
<status status="PASS" starttime="20210322 02:37:03.704" endtime="20210322 02:37:03.704"></status>
</kw>
<kw name="Get Binary File" library="OperatingSystem">
<doc>Returns the contents of a specified file.</doc>
<arguments>
<arg>./../../images/accreditation/image.jpg</arg>
</arguments>
<assign>
<var>${data}</var>
</assign>
<msg timestamp="20210322 02:37:03.704" level="INFO" html="yes">Getting file '&lt;a href="file://C:\Users\vinicius.trindade\banking_continuous_testing\banking_continuous_testing\images\accreditation\image.jpg"&gt;C:\Users\vinicius.trindade\banking_continuous_testing\banking_continuous_testing\images\accreditation\image.jpg&lt;/a&gt;'.</msg>
<msg timestamp="20210322 02:37:03.705" level="INFO">${data} = \xff\xd8\xff\xe0JFIF\xf0\xf0\xff\xdbC


		
%# , #&amp;')*)-0-(0%()(\xff\xc0\xa0\xf0\xff\xc4	\xff\xc4=...</msg>
<status status="PASS" starttime="20210322 02:37:03.704" endtime="20210322 02:37:03.705"></status>
</kw>
<kw name="Post Request" library="RequestsLibrary">
<doc>Send a POST request on the session object found using the
given `alias`</doc>
<arguments>
<arg>accreditation</arg>
<arg>/marketplaces/${marketplace_external_key}/banking/accreditation/holders/${holder_external_key}/partners/${partner_externaL_key}/documents?type=${document_type}</arg>
<arg>data=${data}</arg>
<arg>headers=${header}</arg>
</arguments>
<assign>
<var>${response}</var>
</assign>
<msg timestamp="20210322 02:37:03.706" level="INFO">POST Request using : uri=/marketplaces/f71a8951368a4cc085cf7875ff44e61c/banking/accreditation/holders/f0c74092c8f74dd385ac2d235e5185b5/partners/4a988da21b88414faf9da5a720561f00/documents?type=RG_FRENTE, params=None, files=None, allow_redirects=True, timeout=None
headers={'User-Agent': 'python-requests/2.22.0', 'Accept-Encoding': 'gzip, deflate', 'Accept': '*/*', 'Connection': 'keep-alive', 'Content-Type': 'image/jpeg'} 
data=&lt;image/jpeg&gt; 
json=None</msg>
<msg timestamp="20210322 02:37:04.031" level="INFO">${response} = &lt;Response [201]&gt;</msg>
<status status="PASS" starttime="20210322 02:37:03.705" endtime="20210322 02:37:04.031"></status>
</kw>
<kw name="Log" library="BuiltIn">
<doc>Logs the given message with the given level.</doc>
<arguments>
<arg>${response.json()}</arg>
</arguments>
<msg timestamp="20210322 02:37:04.033" level="INFO">{'id': '7001763ddcd545dbb1f79088513bb0c2', 'document_type': 'rg_frente', 'media_type': 'image_jpeg', 'length': 3135, '_links': {'self': {'href': 'https://banking-accreditation-internal.staging.zoop.tech/marketplaces/f71a8951368a4cc085cf7875ff44e61c/banking/accreditation/holders/f0c74092c8f74dd385ac2d235e5185b5/partners/4a988da21b88414faf9da5a720561f00/documents/7001763ddcd545dbb1f79088513bb0c2', 'type': 'GET'}, 'holder': {'href': 'https://banking-accreditation-internal.staging.zoop.tech/marketplaces/f71a8951368a4cc085cf7875ff44e61c/banking/accreditation/holders/f0c74092c8f74dd385ac2d235e5185b5', 'type': 'GET'}, 'partner': {'href': 'https://banking-accreditation-internal.staging.zoop.tech/marketplaces/f71a8951368a4cc085cf7875ff44e61c/banking/accreditation/holders/f0c74092c8f74dd385ac2d235e5185b5/partners/4a988da21b88414faf9da5a720561f00', 'type': 'GET'}, 'download': {'href': 'https://banking-accreditation-internal.staging.zoop.tech/marketplaces/f71a8951368a4cc085cf7875ff44e61c/banking/accreditation/holders/f0c74092c8f74dd385ac2d235e5185b5/partners/4a988da21b88414faf9da5a720561f00/documents/7001763ddcd545dbb1f79088513bb0c2/download', 'type': 'GET'}}}</msg>
<status status="PASS" starttime="20210322 02:37:04.032" endtime="20210322 02:37:04.033"></status>
</kw>
<kw name="Log" library="BuiltIn">
<doc>Logs the given message with the given level.</doc>
<arguments>
<arg>${response.headers['X-REQUEST-ID']}</arg>
</arguments>
<msg timestamp="20210322 02:37:04.035" level="INFO">a3c6c23e6f8d3f71</msg>
<status status="PASS" starttime="20210322 02:37:04.034" endtime="20210322 02:37:04.035"></status>
</kw>
<kw name="Set Global Variable" library="BuiltIn">
<doc>Makes a variable available globally in all tests and suites.</doc>
<arguments>
<arg>${response}</arg>
</arguments>
<msg timestamp="20210322 02:37:04.037" level="INFO">${response} = &lt;Response [201]&gt;</msg>
<status status="PASS" starttime="20210322 02:37:04.036" endtime="20210322 02:37:04.037"></status>
</kw>
<kw name="Set Variable If" library="BuiltIn">
<doc>Sets variable based on the given condition.</doc>
<arguments>
<arg>${response.status_code}==201</arg>
<arg>${response.json()["id"]}</arg>
</arguments>
<assign>
<var>${document_external_key}</var>
</assign>
<msg timestamp="20210322 02:37:04.039" level="INFO">${document_external_key} = 7001763ddcd545dbb1f79088513bb0c2</msg>
<status status="PASS" starttime="20210322 02:37:04.038" endtime="20210322 02:37:04.039"></status>
</kw>
<kw name="Set Global Variable" library="BuiltIn">
<doc>Makes a variable available globally in all tests and suites.</doc>
<arguments>
<arg>${document_external_key}</arg>
</arguments>
<msg timestamp="20210322 02:37:04.040" level="INFO">${document_external_key} = 7001763ddcd545dbb1f79088513bb0c2</msg>
<status status="PASS" starttime="20210322 02:37:04.040" endtime="20210322 02:37:04.040"></status>
</kw>
<status status="PASS" starttime="20210322 02:37:03.703" endtime="20210322 02:37:04.040"></status>
</kw>
<kw name="Should Be Equal As Integers" library="BuiltIn">
<doc>Fails if objects are unequal after converting them to integers.</doc>
<arguments>
<arg>${response.status_code}</arg>
<arg>201</arg>
</arguments>
<msg timestamp="20210322 02:37:04.041" level="INFO">Argument types are:
&lt;class 'int'&gt;
&lt;type 'unicode'&gt;</msg>
<status status="PASS" starttime="20210322 02:37:04.041" endtime="20210322 02:37:04.041"></status>
</kw>
<kw name="criar partner document" library="accreditation_post_partner_document">
<arguments>
<arg>RG_VERSO</arg>
</arguments>
<kw name="Create Dictionary" library="BuiltIn">
<doc>Creates and returns a dictionary based on the given ``items``.</doc>
<arguments>
<arg>Content-Type=image/jpeg</arg>
</arguments>
<assign>
<var>${header}</var>
</assign>
<msg timestamp="20210322 02:37:04.043" level="INFO">${header} = {'Content-Type': 'image/jpeg'}</msg>
<status status="PASS" starttime="20210322 02:37:04.042" endtime="20210322 02:37:04.043"></status>
</kw>
<kw name="Get Binary File" library="OperatingSystem">
<doc>Returns the contents of a specified file.</doc>
<arguments>
<arg>./../../images/accreditation/image.jpg</arg>
</arguments>
<assign>
<var>${data}</var>
</assign>
<msg timestamp="20210322 02:37:04.044" level="INFO" html="yes">Getting file '&lt;a href="file://C:\Users\vinicius.trindade\banking_continuous_testing\banking_continuous_testing\images\accreditation\image.jpg"&gt;C:\Users\vinicius.trindade\banking_continuous_testing\banking_continuous_testing\images\accreditation\image.jpg&lt;/a&gt;'.</msg>
<msg timestamp="20210322 02:37:04.045" level="INFO">${data} = \xff\xd8\xff\xe0JFIF\xf0\xf0\xff\xdbC


		
%# , #&amp;')*)-0-(0%()(\xff\xc0\xa0\xf0\xff\xc4	\xff\xc4=...</msg>
<status status="PASS" starttime="20210322 02:37:04.044" endtime="20210322 02:37:04.046"></status>
</kw>
<kw name="Post Request" library="RequestsLibrary">
<doc>Send a POST request on the session object found using the
given `alias`</doc>
<arguments>
<arg>accreditation</arg>
<arg>/marketplaces/${marketplace_external_key}/banking/accreditation/holders/${holder_external_key}/partners/${partner_externaL_key}/documents?type=${document_type}</arg>
<arg>data=${data}</arg>
<arg>headers=${header}</arg>
</arguments>
<assign>
<var>${response}</var>
</assign>
<msg timestamp="20210322 02:37:04.047" level="INFO">POST Request using : uri=/marketplaces/f71a8951368a4cc085cf7875ff44e61c/banking/accreditation/holders/f0c74092c8f74dd385ac2d235e5185b5/partners/4a988da21b88414faf9da5a720561f00/documents?type=RG_VERSO, params=None, files=None, allow_redirects=True, timeout=None
headers={'User-Agent': 'python-requests/2.22.0', 'Accept-Encoding': 'gzip, deflate', 'Accept': '*/*', 'Connection': 'keep-alive', 'Content-Type': 'image/jpeg'} 
data=&lt;image/jpeg&gt; 
json=None</msg>
<msg timestamp="20210322 02:37:04.300" level="INFO">${response} = &lt;Response [201]&gt;</msg>
<status status="PASS" starttime="20210322 02:37:04.046" endtime="20210322 02:37:04.300"></status>
</kw>
<kw name="Log" library="BuiltIn">
<doc>Logs the given message with the given level.</doc>
<arguments>
<arg>${response.json()}</arg>
</arguments>
<msg timestamp="20210322 02:37:04.301" level="INFO">{'id': 'fb8c739a15644a259b9bbebca91d4b79', 'document_type': 'rg_verso', 'media_type': 'image_jpeg', 'length': 3135, '_links': {'self': {'href': 'https://banking-accreditation-internal.staging.zoop.tech/marketplaces/f71a8951368a4cc085cf7875ff44e61c/banking/accreditation/holders/f0c74092c8f74dd385ac2d235e5185b5/partners/4a988da21b88414faf9da5a720561f00/documents/fb8c739a15644a259b9bbebca91d4b79', 'type': 'GET'}, 'holder': {'href': 'https://banking-accreditation-internal.staging.zoop.tech/marketplaces/f71a8951368a4cc085cf7875ff44e61c/banking/accreditation/holders/f0c74092c8f74dd385ac2d235e5185b5', 'type': 'GET'}, 'partner': {'href': 'https://banking-accreditation-internal.staging.zoop.tech/marketplaces/f71a8951368a4cc085cf7875ff44e61c/banking/accreditation/holders/f0c74092c8f74dd385ac2d235e5185b5/partners/4a988da21b88414faf9da5a720561f00', 'type': 'GET'}, 'download': {'href': 'https://banking-accreditation-internal.staging.zoop.tech/marketplaces/f71a8951368a4cc085cf7875ff44e61c/banking/accreditation/holders/f0c74092c8f74dd385ac2d235e5185b5/partners/4a988da21b88414faf9da5a720561f00/documents/fb8c739a15644a259b9bbebca91d4b79/download', 'type': 'GET'}}}</msg>
<status status="PASS" starttime="20210322 02:37:04.301" endtime="20210322 02:37:04.302"></status>
</kw>
<kw name="Log" library="BuiltIn">
<doc>Logs the given message with the given level.</doc>
<arguments>
<arg>${response.headers['X-REQUEST-ID']}</arg>
</arguments>
<msg timestamp="20210322 02:37:04.303" level="INFO">b586dbf4e3261759</msg>
<status status="PASS" starttime="20210322 02:37:04.303" endtime="20210322 02:37:04.303"></status>
</kw>
<kw name="Set Global Variable" library="BuiltIn">
<doc>Makes a variable available globally in all tests and suites.</doc>
<arguments>
<arg>${response}</arg>
</arguments>
<msg timestamp="20210322 02:37:04.304" level="INFO">${response} = &lt;Response [201]&gt;</msg>
<status status="PASS" starttime="20210322 02:37:04.304" endtime="20210322 02:37:04.304"></status>
</kw>
<kw name="Set Variable If" library="BuiltIn">
<doc>Sets variable based on the given condition.</doc>
<arguments>
<arg>${response.status_code}==201</arg>
<arg>${response.json()["id"]}</arg>
</arguments>
<assign>
<var>${document_external_key}</var>
</assign>
<msg timestamp="20210322 02:37:04.305" level="INFO">${document_external_key} = fb8c739a15644a259b9bbebca91d4b79</msg>
<status status="PASS" starttime="20210322 02:37:04.305" endtime="20210322 02:37:04.305"></status>
</kw>
<kw name="Set Global Variable" library="BuiltIn">
<doc>Makes a variable available globally in all tests and suites.</doc>
<arguments>
<arg>${document_external_key}</arg>
</arguments>
<msg timestamp="20210322 02:37:04.306" level="INFO">${document_external_key} = fb8c739a15644a259b9bbebca91d4b79</msg>
<status status="PASS" starttime="20210322 02:37:04.305" endtime="20210322 02:37:04.306"></status>
</kw>
<status status="PASS" starttime="20210322 02:37:04.042" endtime="20210322 02:37:04.306"></status>
</kw>
<kw name="Should Be Equal As Integers" library="BuiltIn">
<doc>Fails if objects are unequal after converting them to integers.</doc>
<arguments>
<arg>${response.status_code}</arg>
<arg>201</arg>
</arguments>
<msg timestamp="20210322 02:37:04.306" level="INFO">Argument types are:
&lt;class 'int'&gt;
&lt;type 'unicode'&gt;</msg>
<status status="PASS" starttime="20210322 02:37:04.306" endtime="20210322 02:37:04.307"></status>
</kw>
<kw name="solicitar aprovação do holder" library="accreditation_request_approval">
<kw name="Create Dictionary" library="BuiltIn">
<doc>Creates and returns a dictionary based on the given ``items``.</doc>
<arguments>
<arg>Content-Type=application/json</arg>
</arguments>
<assign>
<var>${header}</var>
</assign>
<msg timestamp="20210322 02:37:04.308" level="INFO">${header} = {'Content-Type': 'application/json'}</msg>
<status status="PASS" starttime="20210322 02:37:04.307" endtime="20210322 02:37:04.308"></status>
</kw>
<kw name="Post Request" library="RequestsLibrary">
<doc>Send a POST request on the session object found using the
given `alias`</doc>
<arguments>
<arg>accreditation</arg>
<arg>/marketplaces/${marketplace_external_key}/banking/accreditation/holders/${holder_external_key}/approval</arg>
<arg>headers=${header}</arg>
</arguments>
<assign>
<var>${response}</var>
</assign>
<msg timestamp="20210322 02:37:04.308" level="INFO">POST Request using : uri=/marketplaces/f71a8951368a4cc085cf7875ff44e61c/banking/accreditation/holders/f0c74092c8f74dd385ac2d235e5185b5/approval, params=None, files=None, allow_redirects=True, timeout=None
headers={'User-Agent': 'python-requests/2.22.0', 'Accept-Encoding': 'gzip, deflate', 'Accept': '*/*', 'Connection': 'keep-alive', 'Content-Type': 'application/json'} 
data=None 
json=None</msg>
<msg timestamp="20210322 02:37:04.599" level="INFO">${response} = &lt;Response [200]&gt;</msg>
<status status="PASS" starttime="20210322 02:37:04.308" endtime="20210322 02:37:04.600"></status>
</kw>
<kw name="Log" library="BuiltIn">
<doc>Logs the given message with the given level.</doc>
<arguments>
<arg>${response.json()}</arg>
</arguments>
<msg timestamp="20210322 02:37:04.601" level="INFO">{'message': 'Approval request accepted successfully. Processing analysis'}</msg>
<status status="PASS" starttime="20210322 02:37:04.600" endtime="20210322 02:37:04.601"></status>
</kw>
<kw name="Log" library="BuiltIn">
<doc>Logs the given message with the given level.</doc>
<arguments>
<arg>${response.headers['X-REQUEST-ID']}</arg>
</arguments>
<msg timestamp="20210322 02:37:04.602" level="INFO">bef72d268f83f112</msg>
<status status="PASS" starttime="20210322 02:37:04.602" endtime="20210322 02:37:04.602"></status>
</kw>
<kw name="Set Global Variable" library="BuiltIn">
<doc>Makes a variable available globally in all tests and suites.</doc>
<arguments>
<arg>${response}</arg>
</arguments>
<msg timestamp="20210322 02:37:04.603" level="INFO">${response} = &lt;Response [200]&gt;</msg>
<status status="PASS" starttime="20210322 02:37:04.603" endtime="20210322 02:37:04.603"></status>
</kw>
<status status="PASS" starttime="20210322 02:37:04.307" endtime="20210322 02:37:04.603"></status>
</kw>
<kw name="Should Be Equal As Integers" library="BuiltIn">
<doc>Fails if objects are unequal after converting them to integers.</doc>
<arguments>
<arg>${response.status_code}</arg>
<arg>200</arg>
</arguments>
<msg timestamp="20210322 02:37:04.604" level="INFO">Argument types are:
&lt;class 'int'&gt;
&lt;type 'unicode'&gt;</msg>
<status status="PASS" starttime="20210322 02:37:04.604" endtime="20210322 02:37:04.604"></status>
</kw>
<kw name="recebendo notificação de aprovação" library="accreditation_risk_notification">
<kw name="Uuid 4" library="FakerLibrary">
<doc>Generates a random UUID4 string.
:param cast_to: Specify what type the UUID should be cast to. Default is `str`
:type cast_to: callable</doc>
<assign>
<var>${assessment_id}</var>
</assign>
<msg timestamp="20210322 02:37:04.605" level="INFO">${assessment_id} = 3ea3b928-7792-42a7-b1e7-d43107045e2e</msg>
<status status="PASS" starttime="20210322 02:37:04.605" endtime="20210322 02:37:04.605"></status>
</kw>
<kw name="Get Time" library="BuiltIn">
<doc>Returns the given time in the requested format.</doc>
<arguments>
<arg>year</arg>
</arguments>
<assign>
<var>${year}</var>
</assign>
<msg timestamp="20210322 02:37:04.607" level="INFO">${year} = 2021</msg>
<status status="PASS" starttime="20210322 02:37:04.606" endtime="20210322 02:37:04.607"></status>
</kw>
<kw name="Get Time" library="BuiltIn">
<doc>Returns the given time in the requested format.</doc>
<arguments>
<arg>month</arg>
</arguments>
<assign>
<var>${month}</var>
</assign>
<msg timestamp="20210322 02:37:04.607" level="INFO">${month} = 03</msg>
<status status="PASS" starttime="20210322 02:37:04.607" endtime="20210322 02:37:04.607"></status>
</kw>
<kw name="Get Time" library="BuiltIn">
<doc>Returns the given time in the requested format.</doc>
<arguments>
<arg>day</arg>
</arguments>
<assign>
<var>${day}</var>
</assign>
<msg timestamp="20210322 02:37:04.608" level="INFO">${day} = 22</msg>
<status status="PASS" starttime="20210322 02:37:04.607" endtime="20210322 02:37:04.608"></status>
</kw>
<kw name="Create Dictionary" library="BuiltIn">
[...]
<arg>amount=${amount}</arg>
<arg>creditor_account_number=${creditor_account_number}</arg>
<arg>creditor_routing_number=${creditor_routing_number}</arg>
<arg>creditor_account_type=${creditor_account_type}</arg>
<arg>creditor_name=${creditor_name}</arg>
<arg>creditor_national_registration=${creditor_national_registration}</arg>
<arg>creditor_psp=${creditor_psp}</arg>
<arg>pix_description=${pix_description}</arg>
</arguments>
<kw name="conectar pix-payments" library="create_session_staging_internal">
<kw name="Create Session" library="RequestsLibrary">
<doc>Create Session: create a HTTP session to a server</doc>
<arguments>
<arg>alias=pix-payments</arg>
<arg>url=${pix_payments_url_base}</arg>
<arg>disable_warnings=true</arg>
</arguments>
<msg timestamp="20210322 02:37:46.854" level="INFO">Creating Session using : alias=pix-payments, url=https://banking-pix-payments-internal.staging.zoop.tech, headers={},                     cookies={}, auth=None, timeout=None, proxies=None, verify=False,                     debug=0 </msg>
<status status="PASS" starttime="20210322 02:37:46.853" endtime="20210322 02:37:46.854"></status>
</kw>
<status status="PASS" starttime="20210322 02:37:46.853" endtime="20210322 02:37:46.854"></status>
</kw>
<kw name="Create Dictionary" library="BuiltIn">
<doc>Creates and returns a dictionary based on the given ``items``.</doc>
<arguments>
<arg>Content-Type=application/json</arg>
</arguments>
<assign>
<var>${header}</var>
</assign>
<msg timestamp="20210322 02:37:46.855" level="INFO">${header} = {'Content-Type': 'application/json'}</msg>
<status status="PASS" starttime="20210322 02:37:46.854" endtime="20210322 02:37:46.855"></status>
</kw>
<kw name="Catenate" library="BuiltIn">
<doc>Catenates the given items together and returns the resulted string.</doc>
<arguments>
<arg>{</arg>
<arg>"amount": ${amount},</arg>
<arg>"creditor": {</arg>
<arg>"account": {</arg>
<arg>"number": "${creditor_account_number}",</arg>
<arg>"routing_number": "${creditor_routing_number}",</arg>
<arg>"type": "${creditor_account_type}"</arg>
<arg>},</arg>
<arg>"name": "${creditor_name}",</arg>
<arg>"national_registration": "${creditor_national_registration}",</arg>
<arg>"psp": "${creditor_psp}"</arg>
<arg>},</arg>
<arg>"description": "${pix_description}"</arg>
<arg>}</arg>
</arguments>
<assign>
<var>${body}</var>
</assign>
<msg timestamp="20210322 02:37:46.856" level="INFO">${body} = { "amount": 100, "creditor": { "account": { "number": "0243882974", "routing_number": "0500", "type": "cacc" }, "name": "Massa iti PF NauNNMO", "national_registration": "42808422644", "psp": "17192451...</msg>
<status status="PASS" starttime="20210322 02:37:46.855" endtime="20210322 02:37:46.856"></status>
</kw>
<kw name="Post Request" library="RequestsLibrary">
<doc>Send a POST request on the session object found using the
given `alias`</doc>
<arguments>
<arg>pix-payments</arg>
<arg>/marketplaces/${marketplace_external_key}/banking/pix/holders/${holder_external_key}/accounts/${account_external_key}/payments</arg>
<arg>data=${body}</arg>
<arg>headers=${header}</arg>
</arguments>
<assign>
<var>${response}</var>
</assign>
<msg timestamp="20210322 02:37:46.857" level="INFO">POST Request using : uri=/marketplaces/f71a8951368a4cc085cf7875ff44e61c/banking/pix/holders/1a9ac82fee794be490116e28ab5577f6/accounts/da00209a3e0b4336b043dbde0e82d3f0/payments, params=None, files=None, allow_redirects=True, timeout=None
headers={'User-Agent': 'python-requests/2.22.0', 'Accept-Encoding': 'gzip, deflate', 'Accept': '*/*', 'Connection': 'keep-alive', 'Content-Type': 'application/json'} 
data={ "amount": 100, "creditor": { "account": { "number": "0243882974", "routing_number": "0500", "type": "cacc" }, "name": "Massa iti PF NauNNMO", "national_registration": "42808422644", "psp": "17192451" }, "description": "Envio de PIX" } 
json=None</msg>
<msg timestamp="20210322 02:37:47.489" level="INFO">${response} = &lt;Response [201]&gt;</msg>
<status status="PASS" starttime="20210322 02:37:46.856" endtime="20210322 02:37:47.489"></status>
</kw>
<kw name="Log" library="BuiltIn">
<doc>Logs the given message with the given level.</doc>
<arguments>
<arg>${response.json()}</arg>
</arguments>
<msg timestamp="20210322 02:37:47.491" level="INFO">{'id': '059dae82c93541f89150b9c54ecc21af', 'marketplace_id': 'f71a8951368a4cc085cf7875ff44e61c', 'status': 'pending', 'end_to_end_id': 'E19468242202103220537f4aacc430f4', 'message_id': 'M19468242b1c39c00e43d48cc6daecaa', 'amount': 100, 'created_at': '2021-03-22T02:37:48.31218', 'description': 'Envio de PIX', 'debtor': {'national_registration': '62185093703', 'name': 'Holder de teste', 'type': 'individual', 'holder_id': '1a9ac82fee794be490116e28ab5577f6', 'account': {'psp': {'code': '19468242', 'name': 'Zoop Tecnologia e Meios de Pagamento S.A.'}, 'digital_account_id': 'da00209a3e0b4336b043dbde0e82d3f0', 'number': '9184857784', 'routing_number': '0001', 'type': 'cacc'}}, 'creditor': {'national_registration': '42808422644', 'name': 'Massa iti PF NauNNMO', 'type': 'individual', 'account': {'psp': {'code': '17192451'}, 'number': '0243882974', 'routing_number': '0500', 'type': 'cacc'}}, 'refunded_amount': 0}</msg>
<status status="PASS" starttime="20210322 02:37:47.490" endtime="20210322 02:37:47.492"></status>
</kw>
<kw name="Log" library="BuiltIn">
<doc>Logs the given message with the given level.</doc>
<arguments>
<arg>${response.headers['X-REQUEST-ID']}</arg>
</arguments>
<msg timestamp="20210322 02:37:47.494" level="INFO">180854411f774255</msg>
<status status="PASS" starttime="20210322 02:37:47.493" endtime="20210322 02:37:47.494"></status>
</kw>
<kw name="Log" library="BuiltIn">
<doc>Logs the given message with the given level.</doc>
<arguments>
<arg>${response.status_code}</arg>
</arguments>
<msg timestamp="20210322 02:37:47.496" level="INFO">201</msg>
<status status="PASS" starttime="20210322 02:37:47.495" endtime="20210322 02:37:47.496"></status>
</kw>
<kw name="Set Global Variable" library="BuiltIn">
<doc>Makes a variable available globally in all tests and suites.</doc>
<arguments>
<arg>${response}</arg>
</arguments>
<msg timestamp="20210322 02:37:47.498" level="INFO">${response} = &lt;Response [201]&gt;</msg>
<status status="PASS" starttime="20210322 02:37:47.497" endtime="20210322 02:37:47.498"></status>
</kw>
<kw name="Set Variable If" library="BuiltIn">
<doc>Sets variable based on the given condition.</doc>
<arguments>
<arg>${response.status_code}==201</arg>
<arg>${response.json()["id"]}</arg>
</arguments>
<assign>
<var>${payment_external_key}</var>
</assign>
<msg timestamp="20210322 02:37:47.501" level="INFO">${payment_external_key} = 059dae82c93541f89150b9c54ecc21af</msg>
<status status="PASS" starttime="20210322 02:37:47.499" endtime="20210322 02:37:47.501"></status>
</kw>
<kw name="Set Global Variable" library="BuiltIn">
<doc>Makes a variable available globally in all tests and suites.</doc>
<arguments>
<arg>${payment_external_key}</arg>
</arguments>
<msg timestamp="20210322 02:37:47.503" level="INFO">${payment_external_key} = 059dae82c93541f89150b9c54ecc21af</msg>
<status status="PASS" starttime="20210322 02:37:47.502" endtime="20210322 02:37:47.503"></status>
</kw>
<kw name="Set Variable If" library="BuiltIn">
<doc>Sets variable based on the given condition.</doc>
<arguments>
<arg>${response.status_code}==201</arg>
<arg>${response.json()["end_to_end_id"]}</arg>
</arguments>
<assign>
<var>${end_to_end_id}</var>
</assign>
<msg timestamp="20210322 02:37:47.504" level="INFO">${end_to_end_id} = E19468242202103220537f4aacc430f4</msg>
<status status="PASS" starttime="20210322 02:37:47.503" endtime="20210322 02:37:47.504"></status>
</kw>
<kw name="Set Global Variable" library="BuiltIn">
<doc>Makes a variable available globally in all tests and suites.</doc>
<arguments>
<arg>${end_to_end_id}</arg>
</arguments>
<msg timestamp="20210322 02:37:47.506" level="INFO">${end_to_end_id} = E19468242202103220537f4aacc430f4</msg>
<status status="PASS" starttime="20210322 02:37:47.505" endtime="20210322 02:37:47.506"></status>
</kw>
<kw name="Set Variable If" library="BuiltIn">
<doc>Sets variable based on the given condition.</doc>
<arguments>
<arg>${response.status_code}==201</arg>
<arg>${response.json()["message_id"]}</arg>
</arguments>
<assign>
<var>${message_id}</var>
</assign>
<msg timestamp="20210322 02:37:47.507" level="INFO">${message_id} = M19468242b1c39c00e43d48cc6daecaa</msg>
<status status="PASS" starttime="20210322 02:37:47.506" endtime="20210322 02:37:47.507"></status>
</kw>
<kw name="Set Global Variable" library="BuiltIn">
<doc>Makes a variable available globally in all tests and suites.</doc>
<arguments>
<arg>${message_id}</arg>
</arguments>
<msg timestamp="20210322 02:37:47.508" level="INFO">${message_id} = M19468242b1c39c00e43d48cc6daecaa</msg>
<status status="PASS" starttime="20210322 02:37:47.507" endtime="20210322 02:37:47.508"></status>
</kw>
<status status="PASS" starttime="20210322 02:37:46.852" endtime="20210322 02:37:47.508"></status>
</kw>
<kw name="validar pagamento pix" library="asserts">
<arguments>
<arg>marketplace_external_key=${marketplace_external_key}</arg>
<arg>status_pix_payments=pending</arg>
<arg>amount=${amount}</arg>
<arg>pix_description=${pix_description}</arg>
<arg>debitor_national_registration=${national_registration}</arg>
<arg>debitor_name=${holder_name}</arg>
<arg>debitor_type=${holder_type}</arg>
<arg>debitor_holder_id=${holder_external_key}</arg>
<arg>debtor_account_psp_code=${debtor_account_psp_code}</arg>
<arg>debtor_account_psp_name=${debtor_account_psp_name}</arg>
<arg>debtor_digital_account=${account_external_key}</arg>
<arg>debtor_account_number=${account_number}</arg>
<arg>debtor_account_routing_number=${account_routing_number}</arg>
<arg>debtor_account_type=${debtor_account_type}</arg>
<arg>creditor_national_registration=${creditor_national_registration}</arg>
<arg>creditor_name=${creditor_name}</arg>
<arg>creditor_type=individual</arg>
<arg>creditor_account_psp_code=${creditor_psp}</arg>
<arg>creditor_account_number=${creditor_account_number}</arg>
<arg>creditor_account_routing_number=${creditor_routing_number}</arg>
<arg>creditor_account_type=${creditor_account_type}</arg>
<arg>refunded_amount=0</arg>
</arguments>
<kw name="Get Current Date" library="DateTime">
<doc>Returns current local or UTC time with an optional increment.</doc>
<arguments>
<arg>result_format=datetime</arg>
</arguments>
<assign>
<var>${date}</var>
</assign>
<msg timestamp="20210322 02:37:47.512" level="INFO">${date} = 2021-03-22 02:37:47.511625</msg>
<status status="PASS" starttime="20210322 02:37:47.511" endtime="20210322 02:37:47.512"></status>
</kw>
<kw name="Convert Date" library="DateTime">
<doc>Converts between supported `date formats`.</doc>
<arguments>
<arg>${date}</arg>
<arg>exclude_millis=yes</arg>
<arg>result_format=%Y-%m-%d</arg>
<arg>date_format=%d-%m-%Y</arg>
</arguments>
<assign>
<var>${date}</var>
</assign>
<msg timestamp="20210322 02:37:47.513" level="INFO">${date} = 2021-03-22</msg>
<status status="PASS" starttime="20210322 02:37:47.512" endtime="20210322 02:37:47.513"></status>
</kw>
<kw name="Should Be Equal" library="BuiltIn">
<doc>Fails if the given objects are unequal.</doc>
<arguments>
<arg>${response.json()["marketplace_id"]}</arg>
<arg>${marketplace_external_key}</arg>
</arguments>
<status status="PASS" starttime="20210322 02:37:47.513" endtime="20210322 02:37:47.514"></status>
</kw>
<kw name="Should Be Equal" library="BuiltIn">
<doc>Fails if the given objects are unequal.</doc>
<arguments>
<arg>${response.json()["status"]}</arg>
<arg>${status_pix_payments}</arg>
</arguments>
<status status="PASS" starttime="20210322 02:37:47.515" endtime="20210322 02:37:47.515"></status>
</kw>
<kw name="Should Not Be Empty" library="BuiltIn">
<doc>Verifies that the given item is not empty.</doc>
<arguments>
<arg>${response.json()["end_to_end_id"]}</arg>
</arguments>
<msg timestamp="20210322 02:37:47.516" level="INFO">Length is 32</msg>
<status status="PASS" starttime="20210322 02:37:47.516" endtime="20210322 02:37:47.516"></status>
</kw>
<kw name="Should Not Be Empty" library="BuiltIn">
<doc>Verifies that the given item is not empty.</doc>
<arguments>
<arg>${response.json()["message_id"]}</arg>
</arguments>
<msg timestamp="20210322 02:37:47.517" level="INFO">Length is 32</msg>
<status status="PASS" starttime="20210322 02:37:47.516" endtime="20210322 02:37:47.517"></status>
</kw>
<kw name="Should Be Equal As Integers" library="BuiltIn">
<doc>Fails if objects are unequal after converting them to integers.</doc>
<arguments>
<arg>${response.json()["amount"]}</arg>
<arg>${amount}</arg>
</arguments>
<msg timestamp="20210322 02:37:47.518" level="INFO">Argument types are:
&lt;class 'int'&gt;
&lt;type 'unicode'&gt;</msg>
<status status="PASS" starttime="20210322 02:37:47.517" endtime="20210322 02:37:47.518"></status>
</kw>
<kw name="Should Be Equal" library="BuiltIn">
<doc>Fails if the given objects are unequal.</doc>
<arguments>
<arg>${response.json()["description"]}</arg>
<arg>${pix_description}</arg>
</arguments>
<status status="PASS" starttime="20210322 02:37:47.518" endtime="20210322 02:37:47.519"></status>
</kw>
<kw name="Should Be Equal" library="BuiltIn">
<doc>Fails if the given objects are unequal.</doc>
<arguments>
<arg>${response.json()["debtor"]["national_registration"]}</arg>
<arg>${debitor_national_registration}</arg>
</arguments>
<status status="PASS" starttime="20210322 02:37:47.519" endtime="20210322 02:37:47.520"></status>
</kw>
<kw name="Should Be Equal" library="BuiltIn">
<doc>Fails if the given objects are unequal.</doc>
<arguments>
<arg>${response.json()["debtor"]["name"]}</arg>
<arg>${debitor_name}</arg>
</arguments>
<status status="PASS" starttime="20210322 02:37:47.520" endtime="20210322 02:37:47.521"></status>
</kw>
<kw name="Should Be Equal" library="BuiltIn">
<doc>Fails if the given objects are unequal.</doc>
<arguments>
<arg>${response.json()["debtor"]["type"]}</arg>
<arg>${debitor_type}</arg>
</arguments>
<status status="PASS" starttime="20210322 02:37:47.521" endtime="20210322 02:37:47.522"></status>
</kw>
<kw name="Should Be Equal" library="BuiltIn">
<doc>Fails if the given objects are unequal.</doc>
<arguments>
<arg>${response.json()["debtor"]["holder_id"]}</arg>
<arg>${debitor_holder_id}</arg>
</arguments>
<status status="PASS" starttime="20210322 02:37:47.522" endtime="20210322 02:37:47.523"></status>
</kw>
<kw name="Should Be Equal" library="BuiltIn">
<doc>Fails if the given objects are unequal.</doc>
<arguments>
<arg>${response.json()["debtor"]["account"]["psp"]["code"]}</arg>
<arg>${debtor_account_psp_code}</arg>
</arguments>
<status status="PASS" starttime="20210322 02:37:47.523" endtime="20210322 02:37:47.524"></status>
</kw>
<kw name="Should Be Equal" library="BuiltIn">
<doc>Fails if the given objects are unequal.</doc>
<arguments>
<arg>${response.json()["debtor"]["account"]["psp"]["name"]}</arg>
<arg>${debtor_account_psp_name}</arg>
</arguments>
<status status="PASS" starttime="20210322 02:37:47.524" endtime="20210322 02:37:47.524"></status>
</kw>
<kw name="Should Be Equal" library="BuiltIn">
<doc>Fails if the given objects are unequal.</doc>
<arguments>
<arg>${response.json()["debtor"]["account"]["digital_account_id"]}</arg>
<arg>${debtor_digital_account}</arg>
</arguments>
<status status="PASS" starttime="20210322 02:37:47.525" endtime="20210322 02:37:47.525"></status>
</kw>
<kw name="Should Be Equal" library="BuiltIn">
<doc>Fails if the given objects are unequal.</doc>
<arguments>
<arg>${response.json()["debtor"]["account"]["number"]}</arg>
<arg>${account_number}</arg>
</arguments>
<status status="PASS" starttime="20210322 02:37:47.525" endtime="20210322 02:37:47.526"></status>
</kw>
<kw name="Should Be Equal" library="BuiltIn">
<doc>Fails if the given objects are unequal.</doc>
<arguments>
<arg>${response.json()["debtor"]["account"]["routing_number"]}</arg>
<arg>0${debtor_account_routing_number}</arg>
</arguments>
<status status="PASS" starttime="20210322 02:37:47.526" endtime="20210322 02:37:47.527"></status>
</kw>
<kw name="Should Be Equal" library="BuiltIn">
<doc>Fails if the given objects are unequal.</doc>
<arguments>
<arg>${response.json()["debtor"]["account"]["type"]}</arg>
<arg>${debtor_account_type}</arg>
</arguments>
<status status="PASS" starttime="20210322 02:37:47.527" endtime="20210322 02:37:47.528"></status>
</kw>
<kw name="Should Be Equal" library="BuiltIn">
<doc>Fails if the given objects are unequal.</doc>
<arguments>
<arg>${response.json()["creditor"]["national_registration"]}</arg>
<arg>${creditor_national_registration}</arg>
</arguments>
<status status="PASS" starttime="20210322 02:37:47.528" endtime="20210322 02:37:47.529"></status>
</kw>
<kw name="Should Be Equal" library="BuiltIn">
<doc>Fails if the given objects are unequal.</doc>
<arguments>
<arg>${response.json()["creditor"]["name"]}</arg>
<arg>${creditor_name}</arg>
</arguments>
<status status="PASS" starttime="20210322 02:37:47.529" endtime="20210322 02:37:47.529"></status>
</kw>
<kw name="Should Be Equal" library="BuiltIn">
<doc>Fails if the given objects are unequal.</doc>
<arguments>
<arg>${response.json()["creditor"]["type"]}</arg>
<arg>${creditor_type}</arg>
</arguments>
<status status="PASS" starttime="20210322 02:37:47.530" endtime="20210322 02:37:47.530"></status>
</kw>
<kw name="Should Be Equal" library="BuiltIn">
<doc>Fails if the given objects are unequal.</doc>
<arguments>
<arg>${response.json()["creditor"]["account"]["psp"]["code"]}</arg>
<arg>${creditor_account_psp_code}</arg>
</arguments>
<status status="PASS" starttime="20210322 02:37:47.530" endtime="20210322 02:37:47.531"></status>
</kw>
<kw name="Should Be Equal" library="BuiltIn">
<doc>Fails if the given objects are unequal.</doc>
<arguments>
<arg>${response.json()["creditor"]["account"]["number"]}</arg>
<arg>${creditor_account_number}</arg>
</arguments>
<status status="PASS" starttime="20210322 02:37:47.531" endtime="20210322 02:37:47.532"></status>
</kw>
<kw name="Should Be Equal" library="BuiltIn">
<doc>Fails if the given objects are unequal.</doc>
<arguments>
<arg>${response.json()["creditor"]["account"]["routing_number"]}</arg>
<arg>${creditor_account_routing_number}</arg>
</arguments>
<status status="PASS" starttime="20210322 02:37:47.532" endtime="20210322 02:37:47.532"></status>
</kw>
<kw name="Should Be Equal" library="BuiltIn">
<doc>Fails if the given objects are unequal.</doc>
<arguments>
<arg>${response.json()["creditor"]["account"]["type"]}</arg>
<arg>${creditor_account_type}</arg>
</arguments>
<status status="PASS" starttime="20210322 02:37:47.533" endtime="20210322 02:37:47.533"></status>
</kw>
<status status="PASS" starttime="20210322 02:37:47.509" endtime="20210322 02:37:47.533"></status>
</kw>
<doc>Envio de PIX com sucesso para uma conta Iti, a partir de um Holder Business</doc>
<status status="PASS" starttime="20210322 02:37:39.798" endtime="20210322 02:37:47.534" critical="yes"></status>
</test>
<doc>Funcionalidade: Criar Chave de Endereçamento
Eu, como um Holder, portador de uma conta ativa em Banking
Desejo criar uma pagamento PIX</doc>
<status status="FAIL" starttime="20210322 02:37:30.911" endtime="20210322 02:37:47.534"></status>
</suite>
<status status="FAIL" starttime="20210322 02:37:00.287" endtime="20210322 02:37:47.537"></status>
</suite>
<status status="FAIL" starttime="20210322 02:37:00.257" endtime="20210322 02:37:47.539"></status>
</suite>
<statistics>
<total>
<stat pass="2" fail="2">Critical Tests</stat>
<stat pass="2" fail="2">All Tests</stat>
</total>
<tag>
</tag>
<suite>
<stat pass="2" fail="2" id="s1" name="Pix-Payments">Pix-Payments</stat>
<stat pass="2" fail="2" id="s1-s1" name="Envio">Pix-Payments.Envio</stat>
<stat pass="1" fail="1" id="s1-s1-s1" name="Confirmar Pagamento PIX">Pix-Payments.Envio.Confirmar Pagamento PIX</stat>
<stat pass="1" fail="1" id="s1-s1-s2" name="Criar Pagamento PIX">Pix-Payments.Envio.Criar Pagamento PIX</stat>
</suite>
</statistics>
<errors>
</errors>
</robot>
