<?xml version="1.0" encoding="UTF-8"?>
<robot generator="Robot 3.1.2 (Python 3.8.1 on win32)" generated="20210323 18:58:10.375" rpa="false">
<suite id="s1" name="Receber Pagamento PIX" source="C:\Users\vinicius.trindade\banking_continuous_testing\banking_continuous_testing\tests\pix-payments\recebimento\Receber Pagamento PIX.robot">
<test id="s1-t1" name="Cenário: Receber pagamento PIX com end to end já recebido">
<kw name="criar chave pix ativa" library="pix_dict_create_active_key_pix">
<arguments>
<arg>individual</arg>
<arg>national_registration</arg>
</arguments>
<kw name="Random Number" library="FakerLibrary">
<doc>Returns a random number with 1 digit (default, when digits==None),
a random number with 0 to given number of digits, or a random number
with given number to given number of digits (when ``fix_len==True``).</doc>
<arguments>
<arg>digits=8</arg>
<arg>fix_len=True</arg>
</arguments>
<assign>
<var>${phone}</var>
</assign>
<msg timestamp="20210323 18:58:10.946" level="INFO">${phone} = 84672563</msg>
<status status="PASS" starttime="20210323 18:58:10.946" endtime="20210323 18:58:10.946"></status>
</kw>
<kw name="Set Variable" library="BuiltIn">
<doc>Returns the given values which can then be assigned to a variables.</doc>
<arguments>
<arg>+55219${phone}</arg>
</arguments>
<assign>
<var>${phone_pix}</var>
</assign>
<msg timestamp="20210323 18:58:10.947" level="INFO">${phone_pix} = +5521984672563</msg>
<status status="PASS" starttime="20210323 18:58:10.946" endtime="20210323 18:58:10.947"></status>
</kw>
<kw name="Set Global Variable" library="BuiltIn">
<doc>Makes a variable available globally in all tests and suites.</doc>
<arguments>
<arg>${phone_pix}</arg>
</arguments>
<msg timestamp="20210323 18:58:10.947" level="INFO">${phone_pix} = +5521984672563</msg>
<status status="PASS" starttime="20210323 18:58:10.947" endtime="20210323 18:58:10.947"></status>
</kw>
<kw name="Email" library="FakerLibrary">
<assign>
<var>${email_pix}</var>
</assign>
<msg timestamp="20210323 18:58:10.947" level="INFO">${email_pix} = marinacardoso@teixeira.br</msg>
<status status="PASS" starttime="20210323 18:58:10.947" endtime="20210323 18:58:10.947"></status>
</kw>
<kw name="Set Global Variable" library="BuiltIn">
<doc>Makes a variable available globally in all tests and suites.</doc>
<arguments>
<arg>${email_pix}</arg>
</arguments>
<msg timestamp="20210323 18:58:10.948" level="INFO">${email_pix} = marinacardoso@teixeira.br</msg>
<status status="PASS" starttime="20210323 18:58:10.948" endtime="20210323 18:58:10.948"></status>
</kw>
<kw name="Run Keyword If" library="BuiltIn">
<doc>Runs the given keyword with the given arguments, if ``condition`` is true.</doc>
<arguments>
<arg>'${holder_type}' == 'business'</arg>
<arg>criar holder business ativo</arg>
<arg>ELSE IF</arg>
<arg>'${holder_type}' == 'individual'</arg>
<arg>criar holder individual ativo</arg>
</arguments>
<kw name="criar holder individual ativo" library="accreditation_create_holder_active">
<kw name="conectar accreditation" library="create_session_staging_internal">
<kw name="Create Session" library="RequestsLibrary">
<doc>Create Session: create a HTTP session to a server</doc>
<arguments>
<arg>alias=accreditation</arg>
<arg>url=${accreditation_url_base}</arg>
<arg>disable_warnings=true</arg>
</arguments>
<msg timestamp="20210323 18:58:10.949" level="INFO">Creating Session using : alias=accreditation, url=https://banking-accreditation-internal.staging.zoop.tech, headers={},                     cookies={}, auth=None, timeout=None, proxies=None, verify=False,                     debug=0 </msg>
<status status="PASS" starttime="20210323 18:58:10.949" endtime="20210323 18:58:10.950"></status>
</kw>
<status status="PASS" starttime="20210323 18:58:10.949" endtime="20210323 18:58:10.950"></status>
</kw>
<kw name="Cpf" library="FakerLibrary">
<assign>
<var>${national_registration}</var>
</assign>
<msg timestamp="20210323 18:58:10.950" level="INFO">${national_registration} = 746.258.190-67</msg>
<status status="PASS" starttime="20210323 18:58:10.950" endtime="20210323 18:58:10.950"></status>
</kw>
<kw name="Replace String" library="String">
<doc>Replaces ``search_for`` in the given ``string`` with ``replace_with``.</doc>
<arguments>
<arg>${national_registration}</arg>
<arg>.</arg>
<arg>${EMPTY}</arg>
</arguments>
<assign>
<var>${national_registration}</var>
</assign>
<msg timestamp="20210323 18:58:10.950" level="INFO">${national_registration} = 746258190-67</msg>
<status status="PASS" starttime="20210323 18:58:10.950" endtime="20210323 18:58:10.950"></status>
</kw>
<kw name="Replace String" library="String">
<doc>Replaces ``search_for`` in the given ``string`` with ``replace_with``.</doc>
<arguments>
<arg>${national_registration}</arg>
<arg>-</arg>
<arg>${EMPTY}</arg>
</arguments>
<assign>
<var>${national_registration}</var>
</assign>
<msg timestamp="20210323 18:58:10.951" level="INFO">${national_registration} = 74625819067</msg>
<status status="PASS" starttime="20210323 18:58:10.951" endtime="20210323 18:58:10.951"></status>
</kw>
<kw name="Set Global Variable" library="BuiltIn">
<doc>Makes a variable available globally in all tests and suites.</doc>
<arguments>
<arg>${national_registration}</arg>
</arguments>
<msg timestamp="20210323 18:58:10.959" level="INFO">${national_registration} = 74625819067</msg>
<status status="PASS" starttime="20210323 18:58:10.951" endtime="20210323 18:58:10.959"></status>
</kw>
<kw name="Rg" library="FakerLibrary">
<doc>Brazilian RG, return plain numbers.
Check:  https://www.ngmatematica.com/2014/02/como-determinar-o-digito-verificador-do.html</doc>
<assign>
<var>${identity_card}</var>
</assign>
<msg timestamp="20210323 18:58:10.960" level="INFO">${identity_card} = 467208517</msg>
<status status="PASS" starttime="20210323 18:58:10.960" endtime="20210323 18:58:10.960"></status>
</kw>
<kw name="Set Global Variable" library="BuiltIn">
<doc>Makes a variable available globally in all tests and suites.</doc>
<arguments>
<arg>${identity_card}</arg>
</arguments>
<msg timestamp="20210323 18:58:10.960" level="INFO">${identity_card} = 467208517</msg>
<status status="PASS" starttime="20210323 18:58:10.960" endtime="20210323 18:58:10.960"></status>
</kw>
<kw name="criar holder individual" library="accreditation_post_holder_individual">
<arguments>
<arg>holder_type=individual</arg>
<arg>holder_name=${holder_name}</arg>
<arg>email=${email}</arg>
<arg>national_registration=${national_registration}</arg>
<arg>revenue=${revenue}</arg>
<arg>birthday=${birthday}</arg>
<arg>mothers_name=${mothers_name}</arg>
<arg>identity_card=${identity_card}</arg>
<arg>pep=false</arg>
<arg>cbo=${cbo}</arg>
</arguments>
<kw name="conectar accreditation" library="create_session_staging_internal">
<kw name="Create Session" library="RequestsLibrary">
<doc>Create Session: create a HTTP session to a server</doc>
<arguments>
<arg>alias=accreditation</arg>
<arg>url=${accreditation_url_base}</arg>
<arg>disable_warnings=true</arg>
</arguments>
<msg timestamp="20210323 18:58:10.961" level="INFO">Creating Session using : alias=accreditation, url=https://banking-accreditation-internal.staging.zoop.tech, headers={},                     cookies={}, auth=None, timeout=None, proxies=None, verify=False,                     debug=0 </msg>
<status status="PASS" starttime="20210323 18:58:10.961" endtime="20210323 18:58:10.962"></status>
</kw>
<status status="PASS" starttime="20210323 18:58:10.961" endtime="20210323 18:58:10.962"></status>
</kw>
<kw name="Set Global Variable" library="BuiltIn">
<doc>Makes a variable available globally in all tests and suites.</doc>
<arguments>
<arg>${holder_type}</arg>
</arguments>
<msg timestamp="20210323 18:58:10.962" level="INFO">${holder_type} = individual</msg>
<status status="PASS" starttime="20210323 18:58:10.962" endtime="20210323 18:58:10.962"></status>
</kw>
<kw name="Set Global Variable" library="BuiltIn">
<doc>Makes a variable available globally in all tests and suites.</doc>
<arguments>
<arg>${holder_name}</arg>
</arguments>
<msg timestamp="20210323 18:58:10.963" level="INFO">${holder_name} = Holder de teste</msg>
<status status="PASS" starttime="20210323 18:58:10.962" endtime="20210323 18:58:10.963"></status>
</kw>
<kw name="Create Dictionary" library="BuiltIn">
<doc>Creates and returns a dictionary based on the given ``items``.</doc>
<arguments>
<arg>Content-Type=application/json</arg>
</arguments>
<assign>
<var>${header}</var>
</assign>
<msg timestamp="20210323 18:58:10.963" level="INFO">${header} = {'Content-Type': 'application/json'}</msg>
<status status="PASS" starttime="20210323 18:58:10.963" endtime="20210323 18:58:10.963"></status>
</kw>
<kw name="Catenate" library="BuiltIn">
<doc>Catenates the given items together and returns the resulted string.</doc>
<arguments>
<arg>{</arg>
<arg>"type": "${holder_type}",</arg>
<arg>"name": "${holder_name}",</arg>
<arg>"email": "${email}",</arg>
<arg>"national_registration": "${national_registration}",</arg>
<arg>"revenue": ${revenue},</arg>
<arg>"birthday": "${birthday}",</arg>
<arg>"mothers_name": "${mothers_name}",</arg>
<arg>"identity_card": "${identity_card}",</arg>
<arg>"pep": false,</arg>
<arg>"cbo": ${cbo}</arg>
<arg>}</arg>
</arguments>
<assign>
<var>${body}</var>
</assign>
<msg timestamp="20210323 18:58:10.965" level="INFO">${body} = { "type": "individual", "name": "Holder de teste", "email": "teste@teste.com.br", "national_registration": "74625819067", "revenue": 5500.00, "birthday": "1988-04-23", "mothers_name": "Mãe do Holder",...</msg>
<status status="PASS" starttime="20210323 18:58:10.963" endtime="20210323 18:58:10.965"></status>
</kw>
<kw name="Post Request" library="RequestsLibrary">
<doc>Send a POST request on the session object found using the
given `alias`</doc>
<arguments>
<arg>accreditation</arg>
<arg>/marketplaces/${marketplace_external_key}/banking/accreditation/holders</arg>
<arg>data=${body}</arg>
<arg>headers=${header}</arg>
</arguments>
<assign>
<var>${response}</var>
</assign>
<msg timestamp="20210323 18:58:10.965" level="INFO">POST Request using : uri=/marketplaces/f71a8951368a4cc085cf7875ff44e61c/banking/accreditation/holders, params=None, files=None, allow_redirects=True, timeout=None
headers={'User-Agent': 'python-requests/2.22.0', 'Accept-Encoding': 'gzip, deflate', 'Accept': '*/*', 'Connection': 'keep-alive', 'Content-Type': 'application/json'} 
data={ "type": "individual", "name": "Holder de teste", "email": "teste@teste.com.br", "national_registration": "74625819067", "revenue": 5500.00, "birthday": "1988-04-23", "mothers_name": "Mãe do Holder", "identity_card": "467208517", "pep": false, "cbo": 821450 } 
json=None</msg>
<msg timestamp="20210323 18:58:11.688" level="INFO">${response} = &lt;Response [201]&gt;</msg>
<status status="PASS" starttime="20210323 18:58:10.965" endtime="20210323 18:58:11.688"></status>
</kw>
<kw name="Log" library="BuiltIn">
<doc>Logs the given message with the given level.</doc>
<arguments>
<arg>${response.json()}</arg>
</arguments>
<msg timestamp="20210323 18:58:11.690" level="INFO">{'id': 'bc3711df797b448c9c047415fc267d7f', 'name': 'Holder de teste', 'revenue': 5500.0, 'email': 'teste@teste.com.br', 'status': 'waiting_info_and_documents', 'marketplace_id': 'f71a8951368a4cc085cf7875ff44e61c', 'marketplace_name': 'Marketplace de Teste', 'created_at': '2021-03-23T18:58:11.836312', 'updated_at': '2021-03-23T18:58:11.836313', 'type': 'individual', 'national_registration': '74625819067', 'birthday': '1988-04-23', 'mothers_name': 'Mãe do Holder', 'identity_card': '467208517', 'pep': False, 'cbo': '821450', '_links': {'self': {'href': 'https://banking-accreditation-internal.staging.zoop.tech/marketplaces/f71a8951368a4cc085cf7875ff44e61c/banking/accreditation/holders/bc3711df797b448c9c047415fc267d7f', 'type': 'GET'}, 'phones': {'href': 'https://banking-accreditation-internal.staging.zoop.tech/marketplaces/f71a8951368a4cc085cf7875ff44e61c/banking/accreditation/holders/bc3711df797b448c9c047415fc267d7f/phones', 'type': 'GET'}, 'addresses': {'href': 'https://banking-accreditation-internal.staging.zoop.tech/marketplaces/f71a8951368a4cc085cf7875ff44e61c/banking/accreditation/holders/bc3711df797b448c9c047415fc267d7f/addresses', 'type': 'GET'}, 'documents': {'href': 'https://banking-accreditation-internal.staging.zoop.tech/marketplaces/f71a8951368a4cc085cf7875ff44e61c/banking/accreditation/holders/bc3711df797b448c9c047415fc267d7f/documents', 'type': 'GET'}}}</msg>
<status status="PASS" starttime="20210323 18:58:11.689" endtime="20210323 18:58:11.690"></status>
</kw>
<kw name="Log" library="BuiltIn">
<doc>Logs the given message with the given level.</doc>
<arguments>
<arg>${response.headers['X-REQUEST-ID']}</arg>
</arguments>
<msg timestamp="20210323 18:58:11.692" level="INFO">a8f7babc1783ad9f</msg>
<status status="PASS" starttime="20210323 18:58:11.691" endtime="20210323 18:58:11.693"></status>
</kw>
<kw name="Log" library="BuiltIn">
<doc>Logs the given message with the given level.</doc>
<arguments>
<arg>${body}</arg>
</arguments>
<msg timestamp="20210323 18:58:11.694" level="INFO">{ "type": "individual", "name": "Holder de teste", "email": "teste@teste.com.br", "national_registration": "74625819067", "revenue": 5500.00, "birthday": "1988-04-23", "mothers_name": "Mãe do Holder", "identity_card": "467208517", "pep": false, "cbo": 821450 }</msg>
<status status="PASS" starttime="20210323 18:58:11.693" endtime="20210323 18:58:11.694"></status>
</kw>
<kw name="Set Global Variable" library="BuiltIn">
<doc>Makes a variable available globally in all tests and suites.</doc>
<arguments>
<arg>${response}</arg>
</arguments>
<msg timestamp="20210323 18:58:11.696" level="INFO">${response} = &lt;Response [201]&gt;</msg>
<status status="PASS" starttime="20210323 18:58:11.695" endtime="20210323 18:58:11.696"></status>
</kw>
<kw name="Set Variable If" library="BuiltIn">
<doc>Sets variable based on the given condition.</doc>
<arguments>
<arg>${response.status_code}==201</arg>
<arg>${response.json()["id"]}</arg>
</arguments>
<assign>
<var>${holder_external_key}</var>
</assign>
<msg timestamp="20210323 18:58:11.696" level="INFO">${holder_external_key} = bc3711df797b448c9c047415fc267d7f</msg>
<status status="PASS" starttime="20210323 18:58:11.696" endtime="20210323 18:58:11.696"></status>
</kw>
<kw name="Set Global Variable" library="BuiltIn">
<doc>Makes a variable available globally in all tests and suites.</doc>
<arguments>
<arg>${holder_external_key}</arg>
</arguments>
<msg timestamp="20210323 18:58:11.697" level="INFO">${holder_external_key} = bc3711df797b448c9c047415fc267d7f</msg>
<status status="PASS" starttime="20210323 18:58:11.697" endtime="20210323 18:58:11.697"></status>
</kw>
<status status="PASS" starttime="20210323 18:58:10.960" endtime="20210323 18:58:11.697"></status>
</kw>
<kw name="Set Global Variable" library="BuiltIn">
<doc>Makes a variable available globally in all tests and suites.</doc>
<arguments>
<arg>${holder_name}</arg>
</arguments>
<msg timestamp="20210323 18:58:11.697" level="INFO">${holder_name} = Holder de teste</msg>
<status status="PASS" starttime="20210323 18:58:11.697" endtime="20210323 18:58:11.697"></status>
</kw>
<kw name="Should Be Equal As Integers" library="BuiltIn">
<doc>Fails if objects are unequal after converting them to integers.</doc>
<arguments>
<arg>${response.status_code}</arg>
<arg>201</arg>
</arguments>
<msg timestamp="20210323 18:58:11.698" level="INFO">Argument types are:
&lt;class 'int'&gt;
&lt;type 'unicode'&gt;</msg>
<status status="PASS" starttime="20210323 18:58:11.697" endtime="20210323 18:58:11.698"></status>
</kw>
<kw name="criar holder phone" library="accreditation_post_holder_phone">
<arguments>
<arg>21</arg>
<arg>51</arg>
<arg>996221236</arg>
</arguments>
<kw name="Create Dictionary" library="BuiltIn">
<doc>Creates and returns a dictionary based on the given ``items``.</doc>
<arguments>
<arg>Content-Type=application/json</arg>
</arguments>
<assign>
<var>${header}</var>
</assign>
<msg timestamp="20210323 18:58:11.698" level="INFO">${header} = {'Content-Type': 'application/json'}</msg>
<status status="PASS" starttime="20210323 18:58:11.698" endtime="20210323 18:58:11.699"></status>
</kw>
<kw name="Catenate" library="BuiltIn">
<doc>Catenates the given items together and returns the resulted string.</doc>
<arguments>
<arg>{</arg>
<arg>"area_code": "${phone_area_code}",</arg>
<arg>"country_code": "${phone_country_code}",</arg>
<arg>"number": "${phone_number}"</arg>
<arg>}</arg>
</arguments>
<assign>
<var>${body}</var>
</assign>
<msg timestamp="20210323 18:58:11.699" level="INFO">${body} = { "area_code": "21", "country_code": "51", "number": "996221236" }</msg>
<status status="PASS" starttime="20210323 18:58:11.699" endtime="20210323 18:58:11.699"></status>
</kw>
<kw name="Post Request" library="RequestsLibrary">
<doc>Send a POST request on the session object found using the
given `alias`</doc>
<arguments>
<arg>accreditation</arg>
<arg>/marketplaces/${marketplace_external_key}/banking/accreditation/holders/${holder_external_key}/phones</arg>
<arg>data=${body}</arg>
<arg>headers=${header}</arg>
</arguments>
<assign>
<var>${response}</var>
</assign>
<msg timestamp="20210323 18:58:11.700" level="INFO">POST Request using : uri=/marketplaces/f71a8951368a4cc085cf7875ff44e61c/banking/accreditation/holders/bc3711df797b448c9c047415fc267d7f/phones, params=None, files=None, allow_redirects=True, timeout=None
headers={'User-Agent': 'python-requests/2.22.0', 'Accept-Encoding': 'gzip, deflate', 'Accept': '*/*', 'Connection': 'keep-alive', 'Content-Type': 'application/json'} 
data={ "area_code": "21", "country_code": "51", "number": "996221236" } 
json=None</msg>
<msg timestamp="20210323 18:58:12.064" level="INFO">${response} = &lt;Response [201]&gt;</msg>
<status status="PASS" starttime="20210323 18:58:11.699" endtime="20210323 18:58:12.064"></status>
</kw>
<kw name="Log" library="BuiltIn">
<doc>Logs the given message with the given level.</doc>
<arguments>
<arg>${response.json()}</arg>
</arguments>
<msg timestamp="20210323 18:58:12.065" level="INFO">{'id': '4c1fa04a4bf640c1955be7a419764ed2', 'area_code': '21', 'country_code': '51', 'number': '996221236', 'main': True, '_links': {'self': {'href': 'https://banking-accreditation-internal.staging.zoop.tech/marketplaces/f71a8951368a4cc085cf7875ff44e61c/banking/accreditation/holders/bc3711df797b448c9c047415fc267d7f/phones/4c1fa04a4bf640c1955be7a419764ed2', 'type': 'GET'}, 'holder': {'href': 'https://banking-accreditation-internal.staging.zoop.tech/marketplaces/f71a8951368a4cc085cf7875ff44e61c/banking/accreditation/holders/bc3711df797b448c9c047415fc267d7f', 'type': 'GET'}}}</msg>
<status status="PASS" starttime="20210323 18:58:12.064" endtime="20210323 18:58:12.065"></status>
</kw>
<kw name="Log" library="BuiltIn">
<doc>Logs the given message with the given level.</doc>
<arguments>
<arg>${response.headers['X-REQUEST-ID']}</arg>
</arguments>
<msg timestamp="20210323 18:58:12.066" level="INFO">d1d776d45f7d57b3</msg>
<status status="PASS" starttime="20210323 18:58:12.065" endtime="20210323 18:58:12.066"></status>
</kw>
<kw name="Set Global Variable" library="BuiltIn">
<doc>Makes a variable available globally in all tests and suites.</doc>
<arguments>
<arg>${response}</arg>
</arguments>
<msg timestamp="20210323 18:58:12.066" level="INFO">${response} = &lt;Response [201]&gt;</msg>
<status status="PASS" starttime="20210323 18:58:12.066" endtime="20210323 18:58:12.066"></status>
</kw>
<kw name="Set Variable If" library="BuiltIn">
<doc>Sets variable based on the given condition.</doc>
<arguments>
<arg>${response.status_code}==201</arg>
<arg>${response.json()["id"]}</arg>
</arguments>
<assign>
<var>${phone_external_key}</var>
</assign>
<msg timestamp="20210323 18:58:12.067" level="INFO">${phone_external_key} = 4c1fa04a4bf640c1955be7a419764ed2</msg>
<status status="PASS" starttime="20210323 18:58:12.067" endtime="20210323 18:58:12.067"></status>
</kw>
<kw name="Set Global Variable" library="BuiltIn">
<doc>Makes a variable available globally in all tests and suites.</doc>
<arguments>
<arg>${phone_external_key}</arg>
</arguments>
<msg timestamp="20210323 18:58:12.068" level="INFO">${phone_external_key} = 4c1fa04a4bf640c1955be7a419764ed2</msg>
<status status="PASS" starttime="20210323 18:58:12.067" endtime="20210323 18:58:12.068"></status>
</kw>
<status status="PASS" starttime="20210323 18:58:11.698" endtime="20210323 18:58:12.068"></status>
</kw>
<kw name="Should Be Equal As Integers" library="BuiltIn">
<doc>Fails if objects are unequal after converting them to integers.</doc>
<arguments>
<arg>${response.status_code}</arg>
<arg>201</arg>
</arguments>
<msg timestamp="20210323 18:58:12.068" level="INFO">Argument types are:
&lt;class 'int'&gt;
&lt;type 'unicode'&gt;</msg>
<status status="PASS" starttime="20210323 18:58:12.068" endtime="20210323 18:58:12.068"></status>
</kw>
<kw name="criar holder address" library="accreditation_post_holder_address">
<arguments>
<arg>Rio de Janeiro</arg>
<arg>Rio de Janeiro</arg>
<arg>Brasil</arg>
<arg>Bairro de Testes</arg>
<arg>Rua de Testes</arg>
<arg>90</arg>
<arg>apto 200</arg>
<arg>21550987</arg>
</arguments>
<kw name="Create Dictionary" library="BuiltIn">
<doc>Creates and returns a dictionary based on the given ``items``.</doc>
<arguments>
<arg>Content-Type=application/json</arg>
</arguments>
<assign>
<var>${header}</var>
</assign>
<msg timestamp="20210323 18:58:12.070" level="INFO">${header} = {'Content-Type': 'application/json'}</msg>
<status status="PASS" starttime="20210323 18:58:12.069" endtime="20210323 18:58:12.070"></status>
</kw>
<kw name="Catenate" library="BuiltIn">
<doc>Catenates the given items together and returns the resulted string.</doc>
<arguments>
<arg>{</arg>
<arg>"city": "${city}",</arg>
<arg>"state": "${state}",</arg>
<arg>"country": "${country}",</arg>
<arg>"neighborhood": "${neighborhood}",</arg>
<arg>"street": "${street}",</arg>
<arg>"number": "${number}",</arg>
<arg>"complement": "${complement}",</arg>
<arg>"postal_code": "${postal_code}"</arg>
<arg>}</arg>
</arguments>
<assign>
<var>${body}</var>
</assign>
<msg timestamp="20210323 18:58:12.070" level="INFO">${body} = { "city": "Rio de Janeiro", "state": "Rio de Janeiro", "country": "Brasil", "neighborhood": "Bairro de Testes", "street": "Rua de Testes", "number": "90", "complement": "apto 200", "postal_code": "215...</msg>
<status status="PASS" starttime="20210323 18:58:12.070" endtime="20210323 18:58:12.070"></status>
</kw>
<kw name="Post Request" library="RequestsLibrary">
<doc>Send a POST request on the session object found using the
given `alias`</doc>
<arguments>
<arg>accreditation</arg>
<arg>/marketplaces/${marketplace_external_key}/banking/accreditation/holders/${holder_external_key}/addresses</arg>
<arg>data=${body}</arg>
<arg>headers=${header}</arg>
</arguments>
<assign>
<var>${response}</var>
</assign>
<msg timestamp="20210323 18:58:12.071" level="INFO">POST Request using : uri=/marketplaces/f71a8951368a4cc085cf7875ff44e61c/banking/accreditation/holders/bc3711df797b448c9c047415fc267d7f/addresses, params=None, files=None, allow_redirects=True, timeout=None
headers={'User-Agent': 'python-requests/2.22.0', 'Accept-Encoding': 'gzip, deflate', 'Accept': '*/*', 'Connection': 'keep-alive', 'Content-Type': 'application/json'} 
data={ "city": "Rio de Janeiro", "state": "Rio de Janeiro", "country": "Brasil", "neighborhood": "Bairro de Testes", "street": "Rua de Testes", "number": "90", "complement": "apto 200", "postal_code": "21550987" } 
json=None</msg>
<msg timestamp="20210323 18:58:12.300" level="INFO">${response} = &lt;Response [201]&gt;</msg>
<status status="PASS" starttime="20210323 18:58:12.071" endtime="20210323 18:58:12.300"></status>
</kw>
<kw name="Log" library="BuiltIn">
<doc>Logs the given message with the given level.</doc>
<arguments>
<arg>${response.json()}</arg>
</arguments>
<msg timestamp="20210323 18:58:12.301" level="INFO">{'id': 'f883130ed0e14d8c9e6eb571b5ab9734', 'street': 'Rua de Testes', 'number': '90', 'city': 'Rio de Janeiro', 'complement': 'apto 200', 'state': 'Rio de Janeiro', 'neighborhood': 'Bairro de Testes', 'postal_code': '21550987', 'country': 'Brasil', 'main': True, '_links': {'self': {'href': 'https://banking-accreditation-internal.staging.zoop.tech/marketplaces/f71a8951368a4cc085cf7875ff44e61c/banking/accreditation/holders/bc3711df797b448c9c047415fc267d7f/addresses/f883130ed0e14d8c9e6eb571b5ab9734', 'type': 'GET'}, 'holder': {'href': 'https://banking-accreditation-internal.staging.zoop.tech/marketplaces/f71a8951368a4cc085cf7875ff44e61c/banking/accreditation/holders/bc3711df797b448c9c047415fc267d7f', 'type': 'GET'}}}</msg>
<status status="PASS" starttime="20210323 18:58:12.300" endtime="20210323 18:58:12.301"></status>
</kw>
<kw name="Log" library="BuiltIn">
<doc>Logs the given message with the given level.</doc>
<arguments>
<arg>${response.headers['X-REQUEST-ID']}</arg>
</arguments>
<msg timestamp="20210323 18:58:12.301" level="INFO">3506b5c9832f802c</msg>
<status status="PASS" starttime="20210323 18:58:12.301" endtime="20210323 18:58:12.301"></status>
</kw>
<kw name="Set Global Variable" library="BuiltIn">
<doc>Makes a variable available globally in all tests and suites.</doc>
<arguments>
<arg>${response}</arg>
</arguments>
<msg timestamp="20210323 18:58:12.302" level="INFO">${response} = &lt;Response [201]&gt;</msg>
<status status="PASS" starttime="20210323 18:58:12.302" endtime="20210323 18:58:12.302"></status>
</kw>
<kw name="Set Variable If" library="BuiltIn">
<doc>Sets variable based on the given condition.</doc>
<arguments>
<arg>${response.status_code}==201</arg>
<arg>${response.json()["id"]}</arg>
</arguments>
<assign>
<var>${address_external_key}</var>
</assign>
<msg timestamp="20210323 18:58:12.303" level="INFO">${address_external_key} = f883130ed0e14d8c9e6eb571b5ab9734</msg>
<status status="PASS" starttime="20210323 18:58:12.302" endtime="20210323 18:58:12.303"></status>
</kw>
<kw name="Set Global Variable" library="BuiltIn">
<doc>Makes a variable available globally in all tests and suites.</doc>
<arguments>
<arg>${address_external_key}</arg>
</arguments>
<msg timestamp="20210323 18:58:12.303" level="INFO">${address_external_key} = f883130ed0e14d8c9e6eb571b5ab9734</msg>
<status status="PASS" starttime="20210323 18:58:12.303" endtime="20210323 18:58:12.303"></status>
</kw>
<status status="PASS" starttime="20210323 18:58:12.069" endtime="20210323 18:58:12.304"></status>
</kw>
<kw name="Should Be Equal As Integers" library="BuiltIn">
<doc>Fails if objects are unequal after converting them to integers.</doc>
<arguments>
<arg>${response.status_code}</arg>
<arg>201</arg>
</arguments>
<msg timestamp="20210323 18:58:12.304" level="INFO">Argument types are:
&lt;class 'int'&gt;
&lt;type 'unicode'&gt;</msg>
<status status="PASS" starttime="20210323 18:58:12.304" endtime="20210323 18:58:12.304"></status>
</kw>
<kw name="criar holder document" library="accreditation_post_holder_document">
<arguments>
<arg>SELFIE</arg>
</arguments>
<kw name="Create Dictionary" library="BuiltIn">
<doc>Creates and returns a dictionary based on the given ``items``.</doc>
<arguments>
<arg>Content-Type=image/jpeg</arg>
</arguments>
<assign>
<var>${header}</var>
</assign>
<msg timestamp="20210323 18:58:12.305" level="INFO">${header} = {'Content-Type': 'image/jpeg'}</msg>
<status status="PASS" starttime="20210323 18:58:12.305" endtime="20210323 18:58:12.305"></status>
</kw>
<kw name="Get Binary File" library="OperatingSystem">
<doc>Returns the contents of a specified file.</doc>
<arguments>
<arg>${EXECDIR}/../../images/accreditation/image.jpg</arg>
</arguments>
<assign>
<var>${data}</var>
</assign>
<msg timestamp="20210323 18:58:12.305" level="INFO" html="yes">Getting file '&lt;a href="file://C:\Users\vinicius.trindade\banking_continuous_testing\banking_continuous_testing\images\accreditation\image.jpg"&gt;C:\Users\vinicius.trindade\banking_continuous_testing\banking_continuous_testing\images\accreditation\image.jpg&lt;/a&gt;'.</msg>
<msg timestamp="20210323 18:58:12.307" level="INFO">${data} = \xff\xd8\xff\xe0JFIF\xf0\xf0\xff\xdbC


		
%# , #&amp;')*)-0-(0%()(\xff\xc0\xa0\xf0\xff\xc4	\xff\xc4=...</msg>
<status status="PASS" starttime="20210323 18:58:12.305" endtime="20210323 18:58:12.307"></status>
</kw>
<kw name="Post Request" library="RequestsLibrary">
<doc>Send a POST request on the session object found using the
given `alias`</doc>
<arguments>
<arg>accreditation</arg>
<arg>/marketplaces/${marketplace_external_key}/banking/accreditation/holders/${holder_external_key}/documents?type=${document_type}</arg>
<arg>data=${data}</arg>
<arg>headers=${header}</arg>
</arguments>
<assign>
<var>${response}</var>
</assign>
<msg timestamp="20210323 18:58:12.308" level="INFO">POST Request using : uri=/marketplaces/f71a8951368a4cc085cf7875ff44e61c/banking/accreditation/holders/bc3711df797b448c9c047415fc267d7f/documents?type=SELFIE, params=None, files=None, allow_redirects=True, timeout=None
headers={'User-Agent': 'python-requests/2.22.0', 'Accept-Encoding': 'gzip, deflate', 'Accept': '*/*', 'Connection': 'keep-alive', 'Content-Type': 'image/jpeg'} 
data=&lt;image/jpeg&gt; 
json=None</msg>
<msg timestamp="20210323 18:58:12.614" level="INFO">${response} = &lt;Response [201]&gt;</msg>
<status status="PASS" starttime="20210323 18:58:12.307" endtime="20210323 18:58:12.614"></status>
</kw>
<kw name="Log" library="BuiltIn">
<doc>Logs the given message with the given level.</doc>
<arguments>
<arg>${response.json()}</arg>
</arguments>
<msg timestamp="20210323 18:58:12.615" level="INFO">{'id': '09615ea8811a4bf7953535324f49e09c', 'document_type': 'selfie', 'media_type': 'image_jpeg', 'length': 3135, '_links': {'self': {'href': 'https://banking-accreditation-internal.staging.zoop.tech/marketplaces/f71a8951368a4cc085cf7875ff44e61c/banking/accreditation/holders/bc3711df797b448c9c047415fc267d7f/documents/09615ea8811a4bf7953535324f49e09c', 'type': 'GET'}, 'holder': {'href': 'https://banking-accreditation-internal.staging.zoop.tech/marketplaces/f71a8951368a4cc085cf7875ff44e61c/banking/accreditation/holders/bc3711df797b448c9c047415fc267d7f', 'type': 'GET'}, 'download': {'href': 'https://banking-accreditation-internal.staging.zoop.tech/marketplaces/f71a8951368a4cc085cf7875ff44e61c/banking/accreditation/holders/bc3711df797b448c9c047415fc267d7f/documents/09615ea8811a4bf7953535324f49e09c/download', 'type': 'GET'}}}</msg>
<status status="PASS" starttime="20210323 18:58:12.614" endtime="20210323 18:58:12.615"></status>
</kw>
<kw name="Log" library="BuiltIn">
<doc>Logs the given message with the given level.</doc>
<arguments>
<arg>${response.headers['X-REQUEST-ID']}</arg>
</arguments>
<msg timestamp="20210323 18:58:12.615" level="INFO">2d252492694fcea8</msg>
<status status="PASS" starttime="20210323 18:58:12.615" endtime="20210323 18:58:12.615"></status>
</kw>
<kw name="Set Global Variable" library="BuiltIn">
<doc>Makes a variable available globally in all tests and suites.</doc>
<arguments>
<arg>${response}</arg>
</arguments>
<msg timestamp="20210323 18:58:12.616" level="INFO">${response} = &lt;Response [201]&gt;</msg>
<status status="PASS" starttime="20210323 18:58:12.615" endtime="20210323 18:58:12.616"></status>
</kw>
<kw name="Set Variable If" library="BuiltIn">
<doc>Sets variable based on the given condition.</doc>
<arguments>
<arg>${response.status_code}==201</arg>
<arg>${response.json()["id"]}</arg>
</arguments>
<assign>
<var>${document_external_key}</var>
</assign>
<msg timestamp="20210323 18:58:12.616" level="INFO">${document_external_key} = 09615ea8811a4bf7953535324f49e09c</msg>
<status status="PASS" starttime="20210323 18:58:12.616" endtime="20210323 18:58:12.616"></status>
</kw>
<kw name="Set Global Variable" library="BuiltIn">
<doc>Makes a variable available globally in all tests and suites.</doc>
<arguments>
<arg>${document_external_key}</arg>
</arguments>
<msg timestamp="20210323 18:58:12.617" level="INFO">${document_external_key} = 09615ea8811a4bf7953535324f49e09c</msg>
<status status="PASS" starttime="20210323 18:58:12.617" endtime="20210323 18:58:12.617"></status>
</kw>
<status status="PASS" starttime="20210323 18:58:12.304" endtime="20210323 18:58:12.617"></status>
</kw>
<kw name="Should Be Equal As Integers" library="BuiltIn">
<doc>Fails if objects are unequal after converting them to integers.</doc>
<arguments>
<arg>${response.status_code}</arg>
<arg>201</arg>
</arguments>
<msg timestamp="20210323 18:58:12.618" level="INFO">Argument types are:
&lt;class 'int'&gt;
&lt;type 'unicode'&gt;</msg>
<status status="PASS" starttime="20210323 18:58:12.617" endtime="20210323 18:58:12.618"></status>
</kw>
<kw name="criar holder document" library="accreditation_post_holder_document">
<arguments>
<arg>RG_FRENTE</arg>
</arguments>
<kw name="Create Dictionary" library="BuiltIn">
<doc>Creates and returns a dictionary based on the given ``items``.</doc>
<arguments>
<arg>Content-Type=image/jpeg</arg>
</arguments>
<assign>
<var>${header}</var>
</assign>
<msg timestamp="20210323 18:58:12.618" level="INFO">${header} = {'Content-Type': 'image/jpeg'}</msg>
<status status="PASS" starttime="20210323 18:58:12.618" endtime="20210323 18:58:12.619"></status>
</kw>
<kw name="Get Binary File" library="OperatingSystem">
<doc>Returns the contents of a specified file.</doc>
<arguments>
<arg>${EXECDIR}/../../images/accreditation/image.jpg</arg>
</arguments>
<assign>
<var>${data}</var>
</assign>
<msg timestamp="20210323 18:58:12.619" level="INFO" html="yes">Getting file '&lt;a href="file://C:\Users\vinicius.trindade\banking_continuous_testing\banking_continuous_testing\images\accreditation\image.jpg"&gt;C:\Users\vinicius.trindade\banking_continuous_testing\banking_continuous_testing\images\accreditation\image.jpg&lt;/a&gt;'.</msg>
<msg timestamp="20210323 18:58:12.620" level="INFO">${data} = \xff\xd8\xff\xe0JFIF\xf0\xf0\xff\xdbC


		
%# , #&amp;')*)-0-(0%()(\xff\xc0\xa0\xf0\xff\xc4	\xff\xc4=...</msg>
<status status="PASS" starttime="20210323 18:58:12.619" endtime="20210323 18:58:12.620"></status>
</kw>
<kw name="Post Request" library="RequestsLibrary">
<doc>Send a POST request on the session object found using the
given `alias`</doc>
<arguments>
<arg>accreditation</arg>
<arg>/marketplaces/${marketplace_external_key}/banking/accreditation/holders/${holder_external_key}/documents?type=${document_type}</arg>
<arg>data=${data}</arg>
<arg>headers=${header}</arg>
</arguments>
<assign>
<var>${response}</var>
</assign>
<msg timestamp="20210323 18:58:12.621" level="INFO">POST Request using : uri=/marketplaces/f71a8951368a4cc085cf7875ff44e61c/banking/accreditation/holders/bc3711df797b448c9c047415fc267d7f/documents?type=RG_FRENTE, params=None, files=None, allow_redirects=True, timeout=None
headers={'User-Agent': 'python-requests/2.22.0', 'Accept-Encoding': 'gzip, deflate', 'Accept': '*/*', 'Connection': 'keep-alive', 'Content-Type': 'image/jpeg'} 
data=&lt;image/jpeg&gt; 
json=None</msg>
<msg timestamp="20210323 18:58:12.984" level="INFO">${response} = &lt;Response [201]&gt;</msg>
<status status="PASS" starttime="20210323 18:58:12.620" endtime="20210323 18:58:12.984"></status>
</kw>
<kw name="Log" library="BuiltIn">
<doc>Logs the given message with the given level.</doc>
<arguments>
<arg>${response.json()}</arg>
</arguments>
<msg timestamp="20210323 18:58:12.985" level="INFO">{'id': '181103840a9b4faba7a08326674133b1', 'document_type': 'rg_frente', 'media_type': 'image_jpeg', 'length': 3135, '_links': {'self': {'href': 'https://banking-accreditation-internal.staging.zoop.tech/marketplaces/f71a8951368a4cc085cf7875ff44e61c/banking/accreditation/holders/bc3711df797b448c9c047415fc267d7f/documents/181103840a9b4faba7a08326674133b1', 'type': 'GET'}, 'holder': {'href': 'https://banking-accreditation-internal.staging.zoop.tech/marketplaces/f71a8951368a4cc085cf7875ff44e61c/banking/accreditation/holders/bc3711df797b448c9c047415fc267d7f', 'type': 'GET'}, 'download': {'href': 'https://banking-accreditation-internal.staging.zoop.tech/marketplaces/f71a8951368a4cc085cf7875ff44e61c/banking/accreditation/holders/bc3711df797b448c9c047415fc267d7f/documents/181103840a9b4faba7a08326674133b1/download', 'type': 'GET'}}}</msg>
<status status="PASS" starttime="20210323 18:58:12.985" endtime="20210323 18:58:12.985"></status>
</kw>
<kw name="Log" library="BuiltIn">
<doc>Logs the given message with the given level.</doc>
<arguments>
<arg>${response.headers['X-REQUEST-ID']}</arg>
</arguments>
<msg timestamp="20210323 18:58:12.986" level="INFO">4b413a172f01b6d1</msg>
<status status="PASS" starttime="20210323 18:58:12.985" endtime="20210323 18:58:12.986"></status>
</kw>
<kw name="Set Global Variable" library="BuiltIn">
<doc>Makes a variable available globally in all tests and suites.</doc>
<arguments>
<arg>${response}</arg>
</arguments>
<msg timestamp="20210323 18:58:12.986" level="INFO">${response} = &lt;Response [201]&gt;</msg>
<status status="PASS" starttime="20210323 18:58:12.986" endtime="20210323 18:58:12.986"></status>
</kw>
<kw name="Set Variable If" library="BuiltIn">
<doc>Sets variable based on the given condition.</doc>
<arguments>
<arg>${response.status_code}==201</arg>
<arg>${response.json()["id"]}</arg>
</arguments>
<assign>
<var>${document_external_key}</var>
</assign>
<msg timestamp="20210323 18:58:12.987" level="INFO">${document_external_key} = 181103840a9b4faba7a08326674133b1</msg>
<status status="PASS" starttime="20210323 18:58:12.986" endtime="20210323 18:58:12.987"></status>
</kw>
<kw name="Set Global Variable" library="BuiltIn">
<doc>Makes a variable available globally in all tests and suites.</doc>
<arguments>
<arg>${document_external_key}</arg>
</arguments>
<msg timestamp="20210323 18:58:12.987" level="INFO">${document_external_key} = 181103840a9b4faba7a08326674133b1</msg>
<status status="PASS" starttime="20210323 18:58:12.987" endtime="20210323 18:58:12.987"></status>
</kw>
<status status="PASS" starttime="20210323 18:58:12.618" endtime="20210323 18:58:12.987"></status>
</kw>
<kw name="Should Be Equal As Integers" library="BuiltIn">
<doc>Fails if objects are unequal after converting them to integers.</doc>
<arguments>
<arg>${response.status_code}</arg>
<arg>201</arg>
</arguments>
<msg timestamp="20210323 18:58:12.988" level="INFO">Argument types are:
&lt;class 'int'&gt;
&lt;type 'unicode'&gt;</msg>
<status status="PASS" starttime="20210323 18:58:12.988" endtime="20210323 18:58:12.988"></status>
</kw>
<kw name="criar holder document" library="accreditation_post_holder_document">
<arguments>
<arg>RG_VERSO</arg>
</arguments>
<kw name="Create Dictionary" library="BuiltIn">
<doc>Creates and returns a dictionary based on the given ``items``.</doc>
<arguments>
<arg>Content-Type=image/jpeg</arg>
</arguments>
<assign>
<var>${header}</var>
</assign>
<msg timestamp="20210323 18:58:12.989" level="INFO">${header} = {'Content-Type': 'image/jpeg'}</msg>
<status status="PASS" starttime="20210323 18:58:12.989" endtime="20210323 18:58:12.989"></status>
</kw>
<kw name="Get Binary File" library="OperatingSystem">
<doc>Returns the contents of a specified file.</doc>
<arguments>
<arg>${EXECDIR}/../../images/accreditation/image.jpg</arg>
</arguments>
<assign>
<var>${data}</var>
</assign>
<msg timestamp="20210323 18:58:12.989" level="INFO" html="yes">Getting file '&lt;a href="file://C:\Users\vinicius.trindade\banking_continuous_testing\banking_continuous_testing\images\accreditation\image.jpg"&gt;C:\Users\vinicius.trindade\banking_continuous_testing\banking_continuous_testing\images\accreditation\image.jpg&lt;/a&gt;'.</msg>
<msg timestamp="20210323 18:58:12.990" level="INFO">${data} = \xff\xd8\xff\xe0JFIF\xf0\xf0\xff\xdbC


		
%# , #&amp;')*)-0-(0%()(\xff\xc0\xa0\xf0\xff\xc4	\xff\xc4=...</msg>
<status status="PASS" starttime="20210323 18:58:12.989" endtime="20210323 18:58:12.990"></status>
</kw>
<kw name="Post Request" library="RequestsLibrary">
<doc>Send a POST request on the session object found using the
given `alias`</doc>
<arguments>
<arg>accreditation</arg>
<arg>/marketplaces/${marketplace_external_key}/banking/accreditation/holders/${holder_external_key}/documents?type=${document_type}</arg>
<arg>data=${data}</arg>
<arg>headers=${header}</arg>
</arguments>
<assign>
<var>${response}</var>
</assign>
<msg timestamp="20210323 18:58:12.991" level="INFO">POST Request using : uri=/marketplaces/f71a8951368a4cc085cf7875ff44e61c/banking/accreditation/holders/bc3711df797b448c9c047415fc267d7f/documents?type=RG_VERSO, params=None, files=None, allow_redirects=True, timeout=None
headers={'User-Agent': 'python-requests/2.22.0', 'Accept-Encoding': 'gzip, deflate', 'Accept': '*/*', 'Connection': 'keep-alive', 'Content-Type': 'image/jpeg'} 
data=&lt;image/jpeg&gt; 
json=None</msg>
<msg timestamp="20210323 18:58:13.270" level="INFO">${response} = &lt;Response [201]&gt;</msg>
<status status="PASS" starttime="20210323 18:58:12.991" endtime="20210323 18:58:13.270"></status>
</kw>
<kw name="Log" library="BuiltIn">
<doc>Logs the given message with the given level.</doc>
<arguments>
<arg>${response.json()}</arg>
</arguments>
<msg timestamp="20210323 18:58:13.271" level="INFO">{'id': '4402001973db47b190ea636ebe2fc4f7', 'document_type': 'rg_verso', 'media_type': 'image_jpeg', 'length': 3135, '_links': {'self': {'href': 'https://banking-accreditation-internal.staging.zoop.tech/marketplaces/f71a8951368a4cc085cf7875ff44e61c/banking/accreditation/holders/bc3711df797b448c9c047415fc267d7f/documents/4402001973db47b190ea636ebe2fc4f7', 'type': 'GET'}, 'holder': {'href': 'https://banking-accreditation-internal.staging.zoop.tech/marketplaces/f71a8951368a4cc085cf7875ff44e61c/banking/accreditation/holders/bc3711df797b448c9c047415fc267d7f', 'type': 'GET'}, 'download': {'href': 'https://banking-accreditation-internal.staging.zoop.tech/marketplaces/f71a8951368a4cc085cf7875ff44e61c/banking/accreditation/holders/bc3711df797b448c9c047415fc267d7f/documents/4402001973db47b190ea636ebe2fc4f7/download', 'type': 'GET'}}}</msg>
<status status="PASS" starttime="20210323 18:58:13.270" endtime="20210323 18:58:13.271"></status>
</kw>
<kw name="Log" library="BuiltIn">
<doc>Logs the given message with the given level.</doc>
<arguments>
<arg>${response.headers['X-REQUEST-ID']}</arg>
</arguments>
<msg timestamp="20210323 18:58:13.271" level="INFO">57ed58b0f9e3b6b8</msg>
<status status="PASS" starttime="20210323 18:58:13.271" endtime="20210323 18:58:13.271"></status>
</kw>
<kw name="Set Global Variable" library="BuiltIn">
<doc>Makes a variable available globally in all tests and suites.</doc>
<arguments>
<arg>${response}</arg>
</arguments>
<msg timestamp="20210323 18:58:13.271" level="INFO">${response} = &lt;Response [201]&gt;</msg>
<status status="PASS" starttime="20210323 18:58:13.271" endtime="20210323 18:58:13.271"></status>
</kw>
<kw name="Set Variable If" library="BuiltIn">
<doc>Sets variable based on the given condition.</doc>
<arguments>
<arg>${response.status_code}==201</arg>
<arg>${response.json()["id"]}</arg>
</arguments>
<assign>
<var>${document_external_key}</var>
</assign>
<msg timestamp="20210323 18:58:13.272" level="INFO">${document_external_key} = 4402001973db47b190ea636ebe2fc4f7</msg>
<status status="PASS" starttime="20210323 18:58:13.272" endtime="20210323 18:58:13.272"></status>
</kw>
<kw name="Set Global Variable" library="BuiltIn">
<doc>Makes a variable available globally in all tests and suites.</doc>
<arguments>
<arg>${document_external_key}</arg>
</arguments>
<msg timestamp="20210323 18:58:13.273" level="INFO">${document_external_key} = 4402001973db47b190ea636ebe2fc4f7</msg>
<status status="PASS" starttime="20210323 18:58:13.272" endtime="20210323 18:58:13.273"></status>
</kw>
<status status="PASS" starttime="20210323 18:58:12.988" endtime="20210323 18:58:13.273"></status>
</kw>
<kw name="Should Be Equal As Integers" library="BuiltIn">
<doc>Fails if objects are unequal after converting them to integers.</doc>
<arguments>
<arg>${response.status_code}</arg>
<arg>201</arg>
</arguments>
<msg timestamp="20210323 18:58:13.273" level="INFO">Argument types are:
&lt;class 'int'&gt;
&lt;type 'unicode'&gt;</msg>
<status status="PASS" starttime="20210323 18:58:13.273" endtime="20210323 18:58:13.273"></status>
</kw>
<kw name="solicitar aprovação do holder" library="accreditation_request_approval">
<kw name="Create Dictionary" library="BuiltIn">
<doc>Creates and returns a dictionary based on the given ``items``.</doc>
<arguments>
<arg>Content-Type=application/json</arg>
</arguments>
<assign>
<var>${header}</var>
</assign>
<msg timestamp="20210323 18:58:13.274" level="INFO">${header} = {'Content-Type': 'application/json'}</msg>
<status status="PASS" starttime="20210323 18:58:13.274" endtime="20210323 18:58:13.274"></status>
</kw>
<kw name="Post Request" library="RequestsLibrary">
<doc>Send a POST request on the session object found using the
given `alias`</doc>
<arguments>
<arg>accreditation</arg>
<arg>/marketplaces/${marketplace_external_key}/banking/accreditation/holders/${holder_external_key}/approval</arg>
<arg>headers=${header}</arg>
</arguments>
<assign>
<var>${response}</var>
</assign>
<msg timestamp="20210323 18:58:13.274" level="INFO">POST Request using : uri=/marketplaces/f71a8951368a4cc085cf7875ff44e61c/banking/accreditation/holders/bc3711df797b448c9c047415fc267d7f/approval, params=None, files=None, allow_redirects=True, timeout=None
headers={'User-Agent': 'python-requests/2.22.0', 'Accept-Encoding': 'gzip, deflate', 'Accept': '*/*', 'Connection': 'keep-alive', 'Content-Type': 'application/json'} 
data=None 
json=None</msg>
<msg timestamp="20210323 18:58:13.566" level="INFO">${response} = &lt;Response [200]&gt;</msg>
<status status="PASS" starttime="20210323 18:58:13.274" endtime="20210323 18:58:13.566"></status>
</kw>
<kw name="Log" library="BuiltIn">
<doc>Logs the given message with the given level.</doc>
<arguments>
<arg>${response.json()}</arg>
</arguments>
<msg timestamp="20210323 18:58:13.569" level="INFO">{'message': 'Approval request accepted successfully. Processing analysis'}</msg>
<status status="PASS" starttime="20210323 18:58:13.567" endtime="20210323 18:58:13.569"></status>
</kw>
<kw name="Log" library="BuiltIn">
<doc>Logs the given message with the given level.</doc>
<arguments>
<arg>${response.headers['X-REQUEST-ID']}</arg>
</arguments>
<msg timestamp="20210323 18:58:13.570" level="INFO">18461a6edcf2d1f0</msg>
<status status="PASS" starttime="20210323 18:58:13.569" endtime="20210323 18:58:13.570"></status>
</kw>
<kw name="Set Global Variable" library="BuiltIn">
<doc>Makes a variable available globally in all tests and suites.</doc>
<arguments>
<arg>${response}</arg>
</arguments>
<msg timestamp="20210323 18:58:13.572" level="INFO">${response} = &lt;Response [200]&gt;</msg>
<status status="PASS" starttime="20210323 18:58:13.571" endtime="20210323 18:58:13.572"></status>
</kw>
<status status="PASS" starttime="20210323 18:58:13.273" endtime="20210323 18:58:13.573"></status>
</kw>
<kw name="Should Be Equal As Integers" library="BuiltIn">
<doc>Fails if objects are unequal after converting them to integers.</doc>
<arguments>
<arg>${response.status_code}</arg>
<arg>200</arg>
</arguments>
<msg timestamp="20210323 18:58:13.573" level="INFO">Argument types are:
&lt;class 'int'&gt;
&lt;type 'unicode'&gt;</msg>
<status status="PASS" starttime="20210323 18:58:13.573" endtime="20210323 18:58:13.573"></status>
</kw>
<kw name="recebendo notificação de aprovação" library="accreditation_risk_notification">
<kw name="Uuid 4" library="FakerLibrary">
<doc>Generates a random UUID4 string.
:param cast_to: Specify what type the UUID should be cast to. Default is `str`
:type cast_to: callable</doc>
<assign>
<var>${assessment_id}</var>
</assign>
<msg timestamp="20210323 18:58:13.574" level="INFO">${assessment_id} = 78a73e3c-06ad-43ff-8955-0c8395a6aab6</msg>
<status status="PASS" starttime="20210323 18:58:13.574" endtime="20210323 18:58:13.574"></status>
</kw>
<kw name="Get Time" library="BuiltIn">
<doc>Returns the given time in the requested format.</doc>
<arguments>
<arg>year</arg>
</arguments>
<assign>
<var>${year}</var>
</assign>
<msg timestamp="20210323 18:58:13.575" level="INFO">${year} = 2021</msg>
<status status="PASS" starttime="20210323 18:58:13.574" endtime="20210323 18:58:13.575"></status>
</kw>
<kw name="Get Time" library="BuiltIn">
<doc>Returns the given time in the requested format.</doc>
<arguments>
<arg>month</arg>
</arguments>
<assign>
<var>${month}</var>
</assign>
<msg timestamp="20210323 18:58:13.575" level="INFO">${month} = 03</msg>
<status status="PASS" starttime="20210323 18:58:13.575" endtime="20210323 18:58:13.575"></status>
</kw>
<kw name="Get Time" library="BuiltIn">
<doc>Returns the given time in the requested format.</doc>
<arguments>
<arg>day</arg>
</arguments>
<assign>
<var>${day}</var>
</assign>
<msg timestamp="20210323 18:58:13.575" level="INFO">${day} = 23</msg>
<status status="PASS" starttime="20210323 18:58:13.575" endtime="20210323 18:58:13.575"></status>
</kw>
<kw name="Create Dictionary" library="BuiltIn">
<doc>Creates and returns a dictionary based on the given ``items``.</doc>
<arguments>
<arg>Content-Type=application/json</arg>
</arguments>
<assign>
<var>${header}</var>
</assign>
<msg timestamp="20210323 18:58:13.576" level="INFO">${header} = {'Content-Type': 'application/json'}</msg>
<status status="PASS" starttime="20210323 18:58:13.576" endtime="20210323 18:58:13.576"></status>
</kw>
<kw name="Catenate" library="BuiltIn">
<doc>Catenates the given items together and returns the resulted string.</doc>
<arguments>
<arg>{</arg>
<arg>"type": "risk.assessment.result",</arg>
<arg>"resource": "business.holder",</arg>
<arg>"created_at": "${year}-${month}-${day} 15:28:56.747Z",</arg>
<arg>"marketplace_id": "${marketplace_external_key}",</arg>
<arg>"object": {</arg>
<arg>"result": "APPROVED",</arg>
<arg>"holder_id": "${holder_external_key}",</arg>
<arg>"applicant_id": "${application_external_key}",</arg>
<arg>"assessment_id": "${assessment_id}"</arg>
<arg>}</arg>
<arg>}</arg>
</arguments>
<assign>
<var>${body}</var>
</assign>
<msg timestamp="20210323 18:58:13.576" level="INFO">${body} = { "type": "risk.assessment.result", "resource": "business.holder", "created_at": "2021-03-23 15:28:56.747Z", "marketplace_id": "f71a8951368a4cc085cf7875ff44e61c", "object": { "result": "APPROVED", "ho...</msg>
<status status="PASS" starttime="20210323 18:58:13.576" endtime="20210323 18:58:13.576"></status>
</kw>
<kw name="Post Request" library="RequestsLibrary">
<doc>Send a POST request on the session object found using the
given `alias`</doc>
<arguments>
<arg>accreditation</arg>
<arg>/admin/internal_operation/marketplaces/${marketplace_external_key}/banking/accreditation/holders/${holder_external_key}/registration/approval</arg>
<arg>data=${body}</arg>
<arg>headers=${header}</arg>
</arguments>
<assign>
<var>${response}</var>
</assign>
<msg timestamp="20210323 18:58:13.577" level="INFO">POST Request using : uri=/admin/internal_operation/marketplaces/f71a8951368a4cc085cf7875ff44e61c/banking/accreditation/holders/bc3711df797b448c9c047415fc267d7f/registration/approval, params=None, files=None, allow_redirects=True, timeout=None
headers={'User-Agent': 'python-requests/2.22.0', 'Accept-Encoding': 'gzip, deflate', 'Accept': '*/*', 'Connection': 'keep-alive', 'Content-Type': 'application/json'} 
data={ "type": "risk.assessment.result", "resource": "business.holder", "created_at": "2021-03-23 15:28:56.747Z", "marketplace_id": "f71a8951368a4cc085cf7875ff44e61c", "object": { "result": "APPROVED", "holder_id": "bc3711df797b448c9c047415fc267d7f", "applicant_id": "bcc25a6751c14b52af1340d40dba78c5", "assessment_id": "78a73e3c-06ad-43ff-8955-0c8395a6aab6" } } 
json=None</msg>
<msg timestamp="20210323 18:58:13.829" level="INFO">${response} = &lt;Response [200]&gt;</msg>
<status status="PASS" starttime="20210323 18:58:13.577" endtime="20210323 18:58:13.829"></status>
</kw>
<kw name="Log" library="BuiltIn">
<doc>Logs the given message with the given level.</doc>
<arguments>
<arg>${response.json()}</arg>
</arguments>
<msg timestamp="20210323 18:58:13.830" level="INFO">{'message': 'Holder approved successfully'}</msg>
<status status="PASS" starttime="20210323 18:58:13.829" endtime="20210323 18:58:13.830"></status>
</kw>
<kw name="Log" library="BuiltIn">
<doc>Logs the given message with the given level.</doc>
<arguments>
<arg>${response.headers['X-REQUEST-ID']}</arg>
</arguments>
<msg timestamp="20210323 18:58:13.830" level="INFO">e8380c251182ec46</msg>
<status status="PASS" starttime="20210323 18:58:13.830" endtime="20210323 18:58:13.830"></status>
</kw>
<kw name="Set Global Variable" library="BuiltIn">
<doc>Makes a variable available globally in all tests and suites.</doc>
<arguments>
<arg>${response}</arg>
</arguments>
<msg timestamp="20210323 18:58:13.831" level="INFO">${response} = &lt;Response [200]&gt;</msg>
<status status="PASS" starttime="20210323 18:58:13.831" endtime="20210323 18:58:13.831"></status>
</kw>
<kw name="Should Be Equal As Strings" library="BuiltIn">
<doc>Fails if objects are unequal after converting them to strings.</doc>
<arguments>
<arg>${response.status_code}</arg>
<arg>200</arg>
</arguments>
<msg timestamp="20210323 18:58:13.831" level="INFO">Argument types are:
&lt;class 'int'&gt;
&lt;type 'unicode'&gt;</msg>
<status status="PASS" starttime="20210323 18:58:13.831" endtime="20210323 18:58:13.831"></status>
</kw>
<status status="PASS" starttime="20210323 18:58:13.574" endtime="20210323 18:58:13.831"></status>
</kw>
<kw name="Should Be Equal As Integers" library="BuiltIn">
<doc>Fails if objects are unequal after converting them to integers.</doc>
<arguments>
<arg>${response.status_code}</arg>
<arg>200</arg>
</arguments>
<msg timestamp="20210323 18:58:13.832" level="INFO">Argument types are:
&lt;class 'int'&gt;
&lt;type 'unicode'&gt;</msg>
<status status="PASS" starttime="20210323 18:58:13.832" endtime="20210323 18:58:13.832"></status>
</kw>
<kw name="buscar account por holder" library="accounts_get_accounts_by_holder">
<kw name="conectar accounts" library="create_session_staging_internal">
<kw name="Create Session" library="RequestsLibrary">
<doc>Create Session: create a HTTP session to a server</doc>
<arguments>
<arg>alias=accounts</arg>
<arg>url=${account_url_base}</arg>
<arg>disable_warnings=true</arg>
</arguments>
<msg timestamp="20210323 18:58:13.833" level="INFO">Creating Session using : alias=accounts, url=https://banking-accounts-internal.staging.zoop.tech, headers={},                     cookies={}, auth=None, timeout=None, proxies=None, verify=False,                     debug=0 </msg>
<status status="PASS" starttime="20210323 18:58:13.833" endtime="20210323 18:58:13.833"></status>
</kw>
<status status="PASS" starttime="20210323 18:58:13.832" endtime="20210323 18:58:13.833"></status>
</kw>
<kw name="Get Request" library="RequestsLibrary">
<doc>Send a GET request on the session object found using the
given `alias`</doc>
<arguments>
<arg>accounts</arg>
<arg>/marketplaces/${marketplace_external_key}/holders/${holder_external_key}/accounts</arg>
</arguments>
<assign>
<var>${response}</var>
</assign>
<msg timestamp="20210323 18:58:13.834" level="INFO">GET Request using : uri=/marketplaces/f71a8951368a4cc085cf7875ff44e61c/holders/bc3711df797b448c9c047415fc267d7f/accounts, params=None, allow_redirects=True, timeout=None
headers={'User-Agent': 'python-requests/2.22.0', 'Accept-Encoding': 'gzip, deflate', 'Accept': '*/*', 'Connection': 'keep-alive'} 
data=None 
json=None</msg>
<msg timestamp="20210323 18:58:14.470" level="INFO">${response} = &lt;Response [200]&gt;</msg>
<status status="PASS" starttime="20210323 18:58:13.833" endtime="20210323 18:58:14.470"></status>
</kw>
<kw name="Log" library="BuiltIn">
<doc>Logs the given message with the given level.</doc>
<arguments>
<arg>${response.json()}</arg>
</arguments>
<msg timestamp="20210323 18:58:14.473" level="INFO">{'items': [{'id': '847bd1b6d9e4479f961eaa3ed05ce086', 'holder': 'bc3711df797b448c9c047415fc267d7f', 'balance': '0.00', 'currency': 'BRL', 'routing_number': '001', 'number': '3445061421', 'status': 'active', 'metadata': {}, 'created_at': '2021-03-23T21:58:13.979408', 'updated_at': '2021-03-23T21:58:13.979408', 'primary': True, 'marketplace_id': 'f71a8951368a4cc085cf7875ff44e61c', 'uri': '/v2/marketplaces/f71a8951368a4cc085cf7875ff44e61c/accounts/847bd1b6d9e4479f961eaa3ed05ce086', 'resource': 'payment_account'}], 'has_more': False, 'limit': 100, 'total_pages': 1, 'page': 1, 'offset': 0, 'total': '1', 'query_count': '1'}</msg>
<status status="PASS" starttime="20210323 18:58:14.472" endtime="20210323 18:58:14.473"></status>
</kw>
<kw name="Set Global Variable" library="BuiltIn">
<doc>Makes a variable available globally in all tests and suites.</doc>
<arguments>
<arg>${response}</arg>
</arguments>
<msg timestamp="20210323 18:58:14.475" level="INFO">${response} = &lt;Response [200]&gt;</msg>
<status status="PASS" starttime="20210323 18:58:14.474" endtime="20210323 18:58:14.476"></status>
</kw>
<kw name="Set Variable If" library="BuiltIn">
<doc>Sets variable based on the given condition.</doc>
<arguments>
<arg>${response.status_code}==200</arg>
<arg>${response.json()["items"][0]["id"]}</arg>
</arguments>
<assign>
<var>${account_external_key}</var>
</assign>
<msg timestamp="20210323 18:58:14.479" level="INFO">${account_external_key} = 847bd1b6d9e4479f961eaa3ed05ce086</msg>
<status status="PASS" starttime="20210323 18:58:14.477" endtime="20210323 18:58:14.479"></status>
</kw>
<kw name="Set Global Variable" library="BuiltIn">
<doc>Makes a variable available globally in all tests and suites.</doc>
<arguments>
<arg>${account_external_key}</arg>
</arguments>
<msg timestamp="20210323 18:58:14.482" level="INFO">${account_external_key} = 847bd1b6d9e4479f961eaa3ed05ce086</msg>
<status status="PASS" starttime="20210323 18:58:14.480" endtime="20210323 18:58:14.482"></status>
</kw>
<kw name="Set Variable If" library="BuiltIn">
<doc>Sets variable based on the given condition.</doc>
<arguments>
<arg>${response.status_code}==200</arg>
<arg>${response.json()["items"][0]["number"]}</arg>
</arguments>
<assign>
<var>${account_number}</var>
</assign>
<msg timestamp="20210323 18:58:14.484" level="INFO">${account_number} = 3445061421</msg>
<status status="PASS" starttime="20210323 18:58:14.482" endtime="20210323 18:58:14.484"></status>
</kw>
<kw name="Set Global Variable" library="BuiltIn">
<doc>Makes a variable available globally in all tests and suites.</doc>
<arguments>
<arg>${account_number}</arg>
</arguments>
<msg timestamp="20210323 18:58:14.485" level="INFO">${account_number} = 3445061421</msg>
<status status="PASS" starttime="20210323 18:58:14.484" endtime="20210323 18:58:14.485"></status>
</kw>
<kw name="Set Variable If" library="BuiltIn">
<doc>Sets variable based on the given condition.</doc>
<arguments>
<arg>${response.status_code}==200</arg>
<arg>${response.json()["items"][0]["routing_number"]}</arg>
</arguments>
<assign>
<var>${account_routing_number}</var>
</assign>
<msg timestamp="20210323 18:58:14.488" level="INFO">${account_routing_number} = 001</msg>
<status status="PASS" starttime="20210323 18:58:14.486" endtime="20210323 18:58:14.488"></status>
</kw>
<kw name="Set Global Variable" library="BuiltIn">
<doc>Makes a variable available globally in all tests and suites.</doc>
<arguments>
<arg>${account_routing_number}</arg>
</arguments>
<msg timestamp="20210323 18:58:14.489" level="INFO">${account_routing_number} = 001</msg>
<status status="PASS" starttime="20210323 18:58:14.488" endtime="20210323 18:58:14.489"></status>
</kw>
<status status="PASS" starttime="20210323 18:58:13.832" endtime="20210323 18:58:14.489"></status>
</kw>
<kw name="Should Be Equal As Integers" library="BuiltIn">
<doc>Fails if objects are unequal after converting them to integers.</doc>
<arguments>
<arg>${response.status_code}</arg>
<arg>200</arg>
</arguments>
<msg timestamp="20210323 18:58:14.491" level="INFO">Argument types are:
&lt;class 'int'&gt;
&lt;type 'unicode'&gt;</msg>
<status status="PASS" starttime="20210323 18:58:14.490" endtime="20210323 18:58:14.491"></status>
</kw>
<status status="PASS" starttime="20210323 18:58:10.949" endtime="20210323 18:58:14.491"></status>
</kw>
<status status="PASS" starttime="20210323 18:58:10.948" endtime="20210323 18:58:14.491"></status>
</kw>
<kw name="gerar saldo para account" library="account_generate_balance">
<arguments>
<arg>${account_external_key}</arg>
</arguments>
<kw name="Uuid 4" library="FakerLibrary">
<doc>Generates a random UUID4 string.
:param cast_to: Specify what type the UUID should be cast to. Default is `str`
:type cast_to: callable</doc>
<assign>
<var>${uuid}</var>
</assign>
<msg timestamp="20210323 18:58:14.493" level="INFO">${uuid} = 601fb5e5-fd26-4f91-a0e0-f88967cb1a62</msg>
<status status="PASS" starttime="20210323 18:58:14.492" endtime="20210323 18:58:14.493"></status>
</kw>
<kw name="conectar accounts" library="create_session_staging_internal">
<kw name="Create Session" library="RequestsLibrary">
<doc>Create Session: create a HTTP session to a server</doc>
<arguments>
<arg>alias=accounts</arg>
<arg>url=${account_url_base}</arg>
<arg>disable_warnings=true</arg>
</arguments>
<msg timestamp="20210323 18:58:14.494" level="INFO">Creating Session using : alias=accounts, url=https://banking-accounts-internal.staging.zoop.tech, headers={},                     cookies={}, auth=None, timeout=None, proxies=None, verify=False,                     debug=0 </msg>
<status status="PASS" starttime="20210323 18:58:14.494" endtime="20210323 18:58:14.495"></status>
</kw>
<status status="PASS" starttime="20210323 18:58:14.493" endtime="20210323 18:58:14.495"></status>
</kw>
<kw name="Create Dictionary" library="BuiltIn">
<doc>Creates and returns a dictionary based on the given ``items``.</doc>
<arguments>
<arg>Content-Type=application/json</arg>
</arguments>
<assign>
<var>${header}</var>
</assign>
<msg timestamp="20210323 18:58:14.496" level="INFO">${header} = {'Content-Type': 'application/json'}</msg>
<status status="PASS" starttime="20210323 18:58:14.496" endtime="20210323 18:58:14.496"></status>
</kw>
<kw name="Catenate" library="BuiltIn">
<doc>Catenates the given items together and returns the resulted string.</doc>
<arguments>
<arg>{</arg>
<arg>"operations": [</arg>
<arg>{</arg>
<arg>"amount": 9000000000000,</arg>
<arg>"authorization_code": "${uuid}",</arg>
<arg>"transaction_id": "${uuid}",</arg>
<arg>"id": "${uuid}",</arg>
<arg>"id_checking_account": "${account_external_key}",</arg>
<arg>"transfer_date": "2020-02-20T20:58:06.510Z",</arg>
<arg>"fee": 0,</arg>
<arg>"description": "Teste",</arg>
<arg>"object_type": "transfer",</arg>
<arg>"object_id": "${uuid}",</arg>
<arg>"dflag": "ACTIVE",</arg>
<arg>"created_at": "2019-10-14T20:58:06.510Z",</arg>
<arg>"type": "Transfer"</arg>
<arg>}</arg>
<arg>],</arg>
<arg>"reference_id": "Criando saldo na account"</arg>
<arg>}</arg>
</arguments>
<assign>
<var>${body}</var>
</assign>
<msg timestamp="20210323 18:58:14.497" level="INFO">${body} = { "operations": [ { "amount": 9000000000000, "authorization_code": "601fb5e5-fd26-4f91-a0e0-f88967cb1a62", "transaction_id": "601fb5e5-fd26-4f91-a0e0-f88967cb1a62", "id": "601fb5e5-fd26-4f91-a0e0-f889...</msg>
<status status="PASS" starttime="20210323 18:58:14.496" endtime="20210323 18:58:14.497"></status>
</kw>
<kw name="Post Request" library="RequestsLibrary">
<doc>Send a POST request on the session object found using the
given `alias`</doc>
<arguments>
<arg>accounts</arg>
<arg>/admin/internal_operation/authorization/${uuid}</arg>
<arg>data=${body}</arg>
<arg>headers=${header}</arg>
</arguments>
<assign>
<var>${response}</var>
</assign>
<msg timestamp="20210323 18:58:14.498" level="INFO">POST Request using : uri=/admin/internal_operation/authorization/601fb5e5-fd26-4f91-a0e0-f88967cb1a62, params=None, files=None, allow_redirects=True, timeout=None
headers={'User-Agent': 'python-requests/2.22.0', 'Accept-Encoding': 'gzip, deflate', 'Accept': '*/*', 'Connection': 'keep-alive', 'Content-Type': 'application/json'} 
data={ "operations": [ { "amount": 9000000000000, "authorization_code": "601fb5e5-fd26-4f91-a0e0-f88967cb1a62", "transaction_id": "601fb5e5-fd26-4f91-a0e0-f88967cb1a62", "id": "601fb5e5-fd26-4f91-a0e0-f88967cb1a62", "id_checking_account": "847bd1b6d9e4479f961eaa3ed05ce086", "transfer_date": "2020-02-20T20:58:06.510Z", "fee": 0, "description": "Teste", "object_type": "transfer", "object_id": "601fb5e5-fd26-4f91-a0e0-f88967cb1a62", "dflag": "ACTIVE", "created_at": "2019-10-14T20:58:06.510Z", "type": "Transfer" } ], "reference_id": "Criando saldo na account" } 
json=None</msg>
<msg timestamp="20210323 18:58:15.139" level="INFO">${response} = &lt;Response [200]&gt;</msg>
<status status="PASS" starttime="20210323 18:58:14.497" endtime="20210323 18:58:15.139"></status>
</kw>
<kw name="Run Keyword If" library="BuiltIn">
<doc>Runs the given keyword with the given arguments, if ``condition`` is true.</doc>
<arguments>
<arg>'${response.status_code}' == 200</arg>
<arg>Log</arg>
<arg>${response.json()}</arg>
</arguments>
<status status="PASS" starttime="20210323 18:58:15.140" endtime="20210323 18:58:15.141"></status>
</kw>
<kw name="Run Keyword If" library="BuiltIn">
<doc>Runs the given keyword with the given arguments, if ``condition`` is true.</doc>
<arguments>
<arg>'${response.status_code}' == 200</arg>
<arg>Log</arg>
<arg>${response.headers['X-REQUEST-ID']}</arg>
</arguments>
<status status="PASS" starttime="20210323 18:58:15.141" endtime="20210323 18:58:15.141"></status>
</kw>
<kw name="Run Keyword If" library="BuiltIn">
<doc>Runs the given keyword with the given arguments, if ``condition`` is true.</doc>
<arguments>
<arg>'${response.status_code}' == 200</arg>
<arg>Log</arg>
<arg>${response.status_code}</arg>
</arguments>
<status status="PASS" starttime="20210323 18:58:15.141" endtime="20210323 18:58:15.141"></status>
</kw>
<status status="PASS" starttime="20210323 18:58:14.492" endtime="20210323 18:58:15.141"></status>
</kw>
<kw name="Run Keyword If" library="BuiltIn">
<doc>Runs the given keyword with the given arguments, if ``condition`` is true.</doc>
<arguments>
<arg>'${pix_type}' == 'phone'</arg>
<arg>criar chave pix</arg>
<arg>${pix_type}</arg>
<arg>${phone_pix}</arg>
<arg>ELSE IF</arg>
<arg>'${pix_type}' == 'email'</arg>
<arg>criar chave pix</arg>
<arg>${pix_type}</arg>
<arg>${email_pix}</arg>
<arg>ELSE IF</arg>
<arg>'${pix_type}' == 'evp'</arg>
<arg>criar chave pix</arg>
<arg>${pix_type}</arg>
<arg>${EMPTY}</arg>
<arg>ELSE IF</arg>
<arg>'${pix_type}' == 'national_registration'</arg>
<arg>criar chave pix</arg>
<arg>${pix_type}</arg>
<arg>${EMPTY}</arg>
</arguments>
<kw name="criar chave pix" library="pix_dict_create_entry">
<arguments>
<arg>${pix_type}</arg>
<arg>${EMPTY}</arg>
</arguments>
<kw name="conectar pix-dict" library="create_session_staging_internal">
<kw name="Create Session" library="RequestsLibrary">
<doc>Create Session: create a HTTP session to a server</doc>
<arguments>
<arg>alias=pix-dict</arg>
<arg>url=${pix_dict_url_base}</arg>
<arg>disable_warnings=true</arg>
</arguments>
<msg timestamp="20210323 18:58:15.143" level="INFO">Creating Session using : alias=pix-dict, url=https://banking-pix-dict-internal.staging.zoop.tech, headers={},                     cookies={}, auth=None, timeout=None, proxies=None, verify=False,                     debug=0 </msg>
<status status="PASS" starttime="20210323 18:58:15.143" endtime="20210323 18:58:15.143"></status>
</kw>
<status status="PASS" starttime="20210323 18:58:15.143" endtime="20210323 18:58:15.143"></status>
</kw>
<kw name="Set Global Variable" library="BuiltIn">
<doc>Makes a variable available globally in all tests and suites.</doc>
<arguments>
<arg>${type}</arg>
</arguments>
<msg timestamp="20210323 18:58:15.144" level="INFO">${type} = national_registration</msg>
<status status="PASS" starttime="20210323 18:58:15.144" endtime="20210323 18:58:15.144"></status>
</kw>
<kw name="Set Global Variable" library="BuiltIn">
<doc>Makes a variable available globally in all tests and suites.</doc>
<arguments>
<arg>${value}</arg>
</arguments>
<msg timestamp="20210323 18:58:15.144" level="INFO">${value} = </msg>
<status status="PASS" starttime="20210323 18:58:15.144" endtime="20210323 18:58:15.144"></status>
</kw>
<kw name="Create Dictionary" library="BuiltIn">
<doc>Creates and returns a dictionary based on the given ``items``.</doc>
<arguments>
<arg>Content-Type=application/json</arg>
</arguments>
<assign>
<var>${header}</var>
</assign>
<msg timestamp="20210323 18:58:15.145" level="INFO">${header} = {'Content-Type': 'application/json'}</msg>
<status status="PASS" starttime="20210323 18:58:15.145" endtime="20210323 18:58:15.145"></status>
</kw>
<kw name="Catenate" library="BuiltIn">
<doc>Catenates the given items together and returns the resulted string.</doc>
<arguments>
<arg>{</arg>
<arg>"type": "${type}",</arg>
<arg>"value": "${value}"</arg>
<arg>}</arg>
</arguments>
<assign>
<var>${body}</var>
</assign>
<msg timestamp="20210323 18:58:15.145" level="INFO">${body} = { "type": "national_registration", "value": "" }</msg>
<status status="PASS" starttime="20210323 18:58:15.145" endtime="20210323 18:58:15.145"></status>
</kw>
<kw name="Post Request" library="RequestsLibrary">
<doc>Send a POST request on the session object found using the
given `alias`</doc>
<arguments>
<arg>pix-dict</arg>
<arg>/marketplaces/${marketplace_external_key}/banking/dict/holders/${holder_external_key}/accounts/${account_external_key}/entries</arg>
<arg>data=${body}</arg>
<arg>headers=${header}</arg>
</arguments>
<assign>
<var>${response}</var>
</assign>
<msg timestamp="20210323 18:58:15.146" level="INFO">POST Request using : uri=/marketplaces/f71a8951368a4cc085cf7875ff44e61c/banking/dict/holders/bc3711df797b448c9c047415fc267d7f/accounts/847bd1b6d9e4479f961eaa3ed05ce086/entries, params=None, files=None, allow_redirects=True, timeout=None
headers={'User-Agent': 'python-requests/2.22.0', 'Accept-Encoding': 'gzip, deflate', 'Accept': '*/*', 'Connection': 'keep-alive', 'Content-Type': 'application/json'} 
data={ "type": "national_registration", "value": "" } 
json=None</msg>
<msg timestamp="20210323 18:58:16.913" level="INFO">${response} = &lt;Response [201]&gt;</msg>
<status status="PASS" starttime="20210323 18:58:15.146" endtime="20210323 18:58:16.913"></status>
</kw>
<kw name="Log" library="BuiltIn">
<doc>Logs the given message with the given level.</doc>
<arguments>
<arg>${response.json()}</arg>
</arguments>
<msg timestamp="20210323 18:58:16.914" level="INFO">{'id': '50ace86c787543e68def77954c7ca0eb', 'status': 'active', 'created_at': '2021-03-23T06:58:16.095', 'updated_at': '2021-03-23T06:58:16.095', 'key': {'value': '74625819067', 'type': 'national_registration'}, 'account': {'id': '847bd1b6d9e4479f961eaa3ed05ce086', 'marketplace': 'f71a8951368a4cc085cf7875ff44e61c', 'holder': 'bc3711df797b448c9c047415fc267d7f', 'owner': {'name': 'Holder de teste', 'national_registration': '74625819067', 'type': 'individual'}, 'routing_number': '001', 'number': '3445061421', 'type': 'CACC'}, 'psp': {'code': '19468242', 'name': 'Zoop Tecnologia e Meios de Pagamento S.A.'}, 'resource': 'pix.entry'}</msg>
<status status="PASS" starttime="20210323 18:58:16.914" endtime="20210323 18:58:16.914"></status>
</kw>
<kw name="Log" library="BuiltIn">
<doc>Logs the given message with the given level.</doc>
<arguments>
<arg>${response.headers['X-REQUEST-ID']}</arg>
</arguments>
<msg timestamp="20210323 18:58:16.915" level="INFO">6e0e18dceadc1cd9</msg>
<status status="PASS" starttime="20210323 18:58:16.914" endtime="20210323 18:58:16.915"></status>
</kw>
<kw name="Log" library="BuiltIn">
<doc>Logs the given message with the given level.</doc>
<arguments>
<arg>${response.status_code}</arg>
</arguments>
<msg timestamp="20210323 18:58:16.915" level="INFO">201</msg>
<status status="PASS" starttime="20210323 18:58:16.915" endtime="20210323 18:58:16.915"></status>
</kw>
<kw name="Set Global Variable" library="BuiltIn">
<doc>Makes a variable available globally in all tests and suites.</doc>
<arguments>
<arg>${response}</arg>
</arguments>
<msg timestamp="20210323 18:58:16.915" level="INFO">${response} = &lt;Response [201]&gt;</msg>
<status status="PASS" starttime="20210323 18:58:16.915" endtime="20210323 18:58:16.916"></status>
</kw>
<kw name="Set Variable If" library="BuiltIn">
<doc>Sets variable based on the given condition.</doc>
<arguments>
<arg>${response.status_code}==201</arg>
<arg>${response.json()["id"]}</arg>
<arg>${response.status_code}==202</arg>
<arg>${response.json()["id"]}</arg>
</arguments>
<assign>
<var>${entry_external_key}</var>
</assign>
<msg timestamp="20210323 18:58:16.916" level="INFO">${entry_external_key} = 50ace86c787543e68def77954c7ca0eb</msg>
<status status="PASS" starttime="20210323 18:58:16.916" endtime="20210323 18:58:16.916"></status>
</kw>
<kw name="Set Global Variable" library="BuiltIn">
<doc>Makes a variable available globally in all tests and suites.</doc>
<arguments>
<arg>${entry_external_key}</arg>
</arguments>
<msg timestamp="20210323 18:58:16.917" level="INFO">${entry_external_key} = 50ace86c787543e68def77954c7ca0eb</msg>
<status status="PASS" starttime="20210323 18:58:16.916" endtime="20210323 18:58:16.917"></status>
</kw>
<kw name="Set Variable If" library="BuiltIn">
<doc>Sets variable based on the given condition.</doc>
<arguments>
<arg>${response.status_code}==201</arg>
<arg>${response.json()["key"]["value"]}</arg>
<arg>${response.status_code}==202</arg>
<arg>${response.json()["key"]["value"]}</arg>
</arguments>
<assign>
<var>${entry_key_value}</var>
</assign>
<msg timestamp="20210323 18:58:16.917" level="INFO">${entry_key_value} = 74625819067</msg>
<status status="PASS" starttime="20210323 18:58:16.917" endtime="20210323 18:58:16.917"></status>
</kw>
<kw name="Set Global Variable" library="BuiltIn">
<doc>Makes a variable available globally in all tests and suites.</doc>
<arguments>
<arg>${entry_key_value}</arg>
</arguments>
<msg timestamp="20210323 18:58:16.918" level="INFO">${entry_key_value} = 74625819067</msg>
<status status="PASS" starttime="20210323 18:58:16.918" endtime="20210323 18:58:16.918"></status>
</kw>
<status status="PASS" starttime="20210323 18:58:15.142" endtime="20210323 18:58:16.918"></status>
</kw>
<status status="PASS" starttime="20210323 18:58:15.141" endtime="20210323 18:58:16.918"></status>
</kw>
<kw name="Run Keyword If" library="BuiltIn">
<doc>Runs the given keyword with the given arguments, if ``condition`` is true.</doc>
<arguments>
<arg>'${pix_type}' == 'phone'</arg>
<arg>buscar verification code</arg>
<arg>${holder_external_key}</arg>
<arg>${account_external_key}</arg>
<arg>${entry_external_key}</arg>
<arg>ELSE IF</arg>
<arg>'${pix_type}' == 'email'</arg>
<arg>buscar verification code</arg>
<arg>${holder_external_key}</arg>
<arg>${account_external_key}</arg>
<arg>${entry_external_key}</arg>
</arguments>
<status status="PASS" starttime="20210323 18:58:16.918" endtime="20210323 18:58:16.918"></status>
</kw>
<kw name="Run Keyword If" library="BuiltIn">
<doc>Runs the given keyword with the given arguments, if ``condition`` is true.</doc>
<arguments>
<arg>'${pix_type}' == 'phone'</arg>
<arg>confirmar propriedade da chave pix</arg>
<arg>${verification_code}</arg>
<arg>${holder_external_key}</arg>
<arg>${account_external_key}</arg>
<arg>${entry_external_key}</arg>
<arg>ELSE IF</arg>
<arg>'${pix_type}' == 'email'</arg>
<arg>confirmar propriedade da chave pix</arg>
<arg>${verification_code}</arg>
<arg>${holder_external_key}</arg>
<arg>${account_external_key}</arg>
<arg>${entry_external_key}</arg>
</arguments>
<status status="PASS" starttime="20210323 18:58:16.919" endtime="20210323 18:58:16.919"></status>
</kw>
<status status="PASS" starttime="20210323 18:58:10.946" endtime="20210323 18:58:16.919"></status>
</kw>
<kw name="Get Current Date" library="DateTime">
<doc>Returns current local or UTC time with an optional increment.</doc>
<arguments>
<arg>result_format=datetime</arg>
</arguments>
<assign>
<var>${date}</var>
</assign>
<msg timestamp="20210323 18:58:16.920" level="INFO">${date} = 2021-03-23 18:58:16.919609</msg>
<status status="PASS" starttime="20210323 18:58:16.920" endtime="20210323 18:58:16.920"></status>
</kw>
<kw name="Convert Date" library="DateTime">
<doc>Converts between supported `date formats`.</doc>
<arguments>
<arg>${date}</arg>
<arg>result_format=%Y%m%d%H%M</arg>
</arguments>
<assign>
<var>${datetime}</var>
</assign>
<msg timestamp="20210323 18:58:16.921" level="INFO">${datetime} = 202103231858</msg>
<status status="PASS" starttime="20210323 18:58:16.921" endtime="20210323 18:58:16.921"></status>
</kw>
<kw name="Random Number" library="FakerLibrary">
<doc>Returns a random number with 1 digit (default, when digits==None),
a random number with 0 to given number of digits, or a random number
with given number to given number of digits (when ``fix_len==True``).</doc>
<arguments>
<arg>digits=23</arg>
<arg>fix_len=True</arg>
</arguments>
<assign>
<var>${random_number_message_id}</var>
</assign>
<msg timestamp="20210323 18:58:16.922" level="INFO">${random_number_message_id} = 79132034632954868313629</msg>
<status status="PASS" starttime="20210323 18:58:16.922" endtime="20210323 18:58:16.922"></status>
</kw>
<kw name="Set Variable" library="BuiltIn">
<doc>Returns the given values which can then be assigned to a variables.</doc>
<arguments>
<arg>M19468242${random_number_message_id}</arg>
</arguments>
<assign>
<var>${message_id}</var>
</assign>
<msg timestamp="20210323 18:58:16.922" level="INFO">${message_id} = M1946824279132034632954868313629</msg>
<status status="PASS" starttime="20210323 18:58:16.922" endtime="20210323 18:58:16.922"></status>
</kw>
<kw name="Random Number" library="FakerLibrary">
<doc>Returns a random number with 1 digit (default, when digits==None),
a random number with 0 to given number of digits, or a random number
with given number to given number of digits (when ``fix_len==True``).</doc>
<arguments>
<arg>digits=11</arg>
<arg>fix_len=True</arg>
</arguments>
<assign>
<var>${random_number_end_to_end_id}</var>
</assign>
<msg timestamp="20210323 18:58:16.923" level="INFO">${random_number_end_to_end_id} = 17394720480</msg>
<status status="PASS" starttime="20210323 18:58:16.923" endtime="20210323 18:58:16.923"></status>
</kw>
<kw name="Set Variable" library="BuiltIn">
<doc>Returns the given values which can then be assigned to a variables.</doc>
<arguments>
<arg>E19468242${datetime}${random_number_end_to_end_id}</arg>
</arguments>
<assign>
<var>${end_to_end_id}</var>
</assign>
<msg timestamp="20210323 18:58:16.923" level="INFO">${end_to_end_id} = E1946824220210323185817394720480</msg>
<status status="PASS" starttime="20210323 18:58:16.923" endtime="20210323 18:58:16.923"></status>
</kw>
<kw name="receber pagamento pix admin" library="pix_admin_receive_payment">
<arguments>
<arg>end_to_end_id=${end_to_end_id}</arg>
<arg>message_id=${message_id}</arg>
<arg>account_number=${account_number}</arg>
<arg>psp_code=${psp_code}</arg>
<arg>account_rounting_number=${account_routing_number}</arg>
<arg>account_type=${account_type}</arg>
<arg>national_registration=${national_registration}</arg>
</arguments>
<kw name="Get Current Date" library="DateTime">
<doc>Returns current local or UTC time with an optional increment.</doc>
<arguments>
<arg>result_format=datetime</arg>
</arguments>
<assign>
<var>${date}</var>
</assign>
<msg timestamp="20210323 18:58:16.925" level="INFO">${date} = 2021-03-23 18:58:16.924614</msg>
<status status="PASS" starttime="20210323 18:58:16.924" endtime="20210323 18:58:16.925"></status>
</kw>
<kw name="Convert Date" library="DateTime">
<doc>Converts between supported `date formats`.</doc>
<arguments>
<arg>${date}</arg>
<arg>result_format=%Y-%m-%d</arg>
</arguments>
<assign>
<var>${datetime}</var>
</assign>
<msg timestamp="20210323 18:58:16.925" level="INFO">${datetime} = 2021-03-23</msg>
<status status="PASS" starttime="20210323 18:58:16.925" endtime="20210323 18:58:16.925"></status>
</kw>
[...]
<arg>disable_warnings=true</arg>
</arguments>
<msg timestamp="20210323 18:58:21.902" level="INFO">Creating Session using : alias=pix-dict, url=https://banking-pix-dict-internal.staging.zoop.tech, headers={},                     cookies={}, auth=None, timeout=None, proxies=None, verify=False,                     debug=0 </msg>
<status status="PASS" starttime="20210323 18:58:21.901" endtime="20210323 18:58:21.904"></status>
</kw>
<status status="PASS" starttime="20210323 18:58:21.900" endtime="20210323 18:58:21.905"></status>
</kw>
<kw name="Set Global Variable" library="BuiltIn">
<doc>Makes a variable available globally in all tests and suites.</doc>
<arguments>
<arg>${type}</arg>
</arguments>
<msg timestamp="20210323 18:58:21.906" level="INFO">${type} = national_registration</msg>
<status status="PASS" starttime="20210323 18:58:21.905" endtime="20210323 18:58:21.906"></status>
</kw>
<kw name="Set Global Variable" library="BuiltIn">
<doc>Makes a variable available globally in all tests and suites.</doc>
<arguments>
<arg>${value}</arg>
</arguments>
<msg timestamp="20210323 18:58:21.907" level="INFO">${value} = </msg>
<status status="PASS" starttime="20210323 18:58:21.906" endtime="20210323 18:58:21.907"></status>
</kw>
<kw name="Create Dictionary" library="BuiltIn">
<doc>Creates and returns a dictionary based on the given ``items``.</doc>
<arguments>
<arg>Content-Type=application/json</arg>
</arguments>
<assign>
<var>${header}</var>
</assign>
<msg timestamp="20210323 18:58:21.908" level="INFO">${header} = {'Content-Type': 'application/json'}</msg>
<status status="PASS" starttime="20210323 18:58:21.907" endtime="20210323 18:58:21.908"></status>
</kw>
<kw name="Catenate" library="BuiltIn">
<doc>Catenates the given items together and returns the resulted string.</doc>
<arguments>
<arg>{</arg>
<arg>"type": "${type}",</arg>
<arg>"value": "${value}"</arg>
<arg>}</arg>
</arguments>
<assign>
<var>${body}</var>
</assign>
<msg timestamp="20210323 18:58:21.909" level="INFO">${body} = { "type": "national_registration", "value": "" }</msg>
<status status="PASS" starttime="20210323 18:58:21.908" endtime="20210323 18:58:21.909"></status>
</kw>
<kw name="Post Request" library="RequestsLibrary">
<doc>Send a POST request on the session object found using the
given `alias`</doc>
<arguments>
<arg>pix-dict</arg>
<arg>/marketplaces/${marketplace_external_key}/banking/dict/holders/${holder_external_key}/accounts/${account_external_key}/entries</arg>
<arg>data=${body}</arg>
<arg>headers=${header}</arg>
</arguments>
<assign>
<var>${response}</var>
</assign>
<msg timestamp="20210323 18:58:21.910" level="INFO">POST Request using : uri=/marketplaces/f71a8951368a4cc085cf7875ff44e61c/banking/dict/holders/548fa351a72940d8a50db884d247942f/accounts/30359621c93e46c4ab8cc98e8946dea4/entries, params=None, files=None, allow_redirects=True, timeout=None
headers={'User-Agent': 'python-requests/2.22.0', 'Accept-Encoding': 'gzip, deflate', 'Accept': '*/*', 'Connection': 'keep-alive', 'Content-Type': 'application/json'} 
data={ "type": "national_registration", "value": "" } 
json=None</msg>
<msg timestamp="20210323 18:58:23.541" level="INFO">${response} = &lt;Response [201]&gt;</msg>
<status status="PASS" starttime="20210323 18:58:21.910" endtime="20210323 18:58:23.542"></status>
</kw>
<kw name="Log" library="BuiltIn">
<doc>Logs the given message with the given level.</doc>
<arguments>
<arg>${response.json()}</arg>
</arguments>
<msg timestamp="20210323 18:58:23.543" level="INFO">{'id': '7961f915a344484ab7322abaee27cf26', 'status': 'active', 'created_at': '2021-03-23T06:58:22.827', 'updated_at': '2021-03-23T06:58:22.827', 'key': {'value': '70429813597', 'type': 'national_registration'}, 'account': {'id': '30359621c93e46c4ab8cc98e8946dea4', 'marketplace': 'f71a8951368a4cc085cf7875ff44e61c', 'holder': '548fa351a72940d8a50db884d247942f', 'owner': {'name': 'Holder de teste', 'national_registration': '70429813597', 'type': 'individual'}, 'routing_number': '001', 'number': '4708738029', 'type': 'CACC'}, 'psp': {'code': '19468242', 'name': 'Zoop Tecnologia e Meios de Pagamento S.A.'}, 'resource': 'pix.entry'}</msg>
<status status="PASS" starttime="20210323 18:58:23.542" endtime="20210323 18:58:23.543"></status>
</kw>
<kw name="Log" library="BuiltIn">
<doc>Logs the given message with the given level.</doc>
<arguments>
<arg>${response.headers['X-REQUEST-ID']}</arg>
</arguments>
<msg timestamp="20210323 18:58:23.544" level="INFO">76cfccb8d2913097</msg>
<status status="PASS" starttime="20210323 18:58:23.544" endtime="20210323 18:58:23.545"></status>
</kw>
<kw name="Log" library="BuiltIn">
<doc>Logs the given message with the given level.</doc>
<arguments>
<arg>${response.status_code}</arg>
</arguments>
<msg timestamp="20210323 18:58:23.546" level="INFO">201</msg>
<status status="PASS" starttime="20210323 18:58:23.545" endtime="20210323 18:58:23.546"></status>
</kw>
<kw name="Set Global Variable" library="BuiltIn">
<doc>Makes a variable available globally in all tests and suites.</doc>
<arguments>
<arg>${response}</arg>
</arguments>
<msg timestamp="20210323 18:58:23.547" level="INFO">${response} = &lt;Response [201]&gt;</msg>
<status status="PASS" starttime="20210323 18:58:23.547" endtime="20210323 18:58:23.547"></status>
</kw>
<kw name="Set Variable If" library="BuiltIn">
<doc>Sets variable based on the given condition.</doc>
<arguments>
<arg>${response.status_code}==201</arg>
<arg>${response.json()["id"]}</arg>
<arg>${response.status_code}==202</arg>
<arg>${response.json()["id"]}</arg>
</arguments>
<assign>
<var>${entry_external_key}</var>
</assign>
<msg timestamp="20210323 18:58:23.550" level="INFO">${entry_external_key} = 7961f915a344484ab7322abaee27cf26</msg>
<status status="PASS" starttime="20210323 18:58:23.548" endtime="20210323 18:58:23.550"></status>
</kw>
<kw name="Set Global Variable" library="BuiltIn">
<doc>Makes a variable available globally in all tests and suites.</doc>
<arguments>
<arg>${entry_external_key}</arg>
</arguments>
<msg timestamp="20210323 18:58:23.551" level="INFO">${entry_external_key} = 7961f915a344484ab7322abaee27cf26</msg>
<status status="PASS" starttime="20210323 18:58:23.550" endtime="20210323 18:58:23.551"></status>
</kw>
<kw name="Set Variable If" library="BuiltIn">
<doc>Sets variable based on the given condition.</doc>
<arguments>
<arg>${response.status_code}==201</arg>
<arg>${response.json()["key"]["value"]}</arg>
<arg>${response.status_code}==202</arg>
<arg>${response.json()["key"]["value"]}</arg>
</arguments>
<assign>
<var>${entry_key_value}</var>
</assign>
<msg timestamp="20210323 18:58:23.552" level="INFO">${entry_key_value} = 70429813597</msg>
<status status="PASS" starttime="20210323 18:58:23.551" endtime="20210323 18:58:23.552"></status>
</kw>
<kw name="Set Global Variable" library="BuiltIn">
<doc>Makes a variable available globally in all tests and suites.</doc>
<arguments>
<arg>${entry_key_value}</arg>
</arguments>
<msg timestamp="20210323 18:58:23.552" level="INFO">${entry_key_value} = 70429813597</msg>
<status status="PASS" starttime="20210323 18:58:23.552" endtime="20210323 18:58:23.552"></status>
</kw>
<status status="PASS" starttime="20210323 18:58:21.899" endtime="20210323 18:58:23.552"></status>
</kw>
<status status="PASS" starttime="20210323 18:58:21.897" endtime="20210323 18:58:23.553"></status>
</kw>
<kw name="Run Keyword If" library="BuiltIn">
<doc>Runs the given keyword with the given arguments, if ``condition`` is true.</doc>
<arguments>
<arg>'${pix_type}' == 'phone'</arg>
<arg>buscar verification code</arg>
<arg>${holder_external_key}</arg>
<arg>${account_external_key}</arg>
<arg>${entry_external_key}</arg>
<arg>ELSE IF</arg>
<arg>'${pix_type}' == 'email'</arg>
<arg>buscar verification code</arg>
<arg>${holder_external_key}</arg>
<arg>${account_external_key}</arg>
<arg>${entry_external_key}</arg>
</arguments>
<status status="PASS" starttime="20210323 18:58:23.553" endtime="20210323 18:58:23.553"></status>
</kw>
<kw name="Run Keyword If" library="BuiltIn">
<doc>Runs the given keyword with the given arguments, if ``condition`` is true.</doc>
<arguments>
<arg>'${pix_type}' == 'phone'</arg>
<arg>confirmar propriedade da chave pix</arg>
<arg>${verification_code}</arg>
<arg>${holder_external_key}</arg>
<arg>${account_external_key}</arg>
<arg>${entry_external_key}</arg>
<arg>ELSE IF</arg>
<arg>'${pix_type}' == 'email'</arg>
<arg>confirmar propriedade da chave pix</arg>
<arg>${verification_code}</arg>
<arg>${holder_external_key}</arg>
<arg>${account_external_key}</arg>
<arg>${entry_external_key}</arg>
</arguments>
<status status="PASS" starttime="20210323 18:58:23.553" endtime="20210323 18:58:23.554"></status>
</kw>
<status status="PASS" starttime="20210323 18:58:17.651" endtime="20210323 18:58:23.554"></status>
</kw>
<kw name="receber pagamento pix admin" library="pix_admin_receive_payment">
<arguments>
<arg>end_to_end_id=${end_to_end_id}</arg>
<arg>message_id=${message_id}</arg>
<arg>account_number=${account_number}</arg>
<arg>psp_code=${psp_code}</arg>
<arg>account_rounting_number=${account_routing_number}</arg>
<arg>account_type=${account_type}</arg>
<arg>national_registration=${national_registration}</arg>
</arguments>
<kw name="Get Current Date" library="DateTime">
<doc>Returns current local or UTC time with an optional increment.</doc>
<arguments>
<arg>result_format=datetime</arg>
</arguments>
<assign>
<var>${date}</var>
</assign>
<msg timestamp="20210323 18:58:23.556" level="INFO">${date} = 2021-03-23 18:58:23.555978</msg>
<status status="PASS" starttime="20210323 18:58:23.555" endtime="20210323 18:58:23.556"></status>
</kw>
<kw name="Convert Date" library="DateTime">
<doc>Converts between supported `date formats`.</doc>
<arguments>
<arg>${date}</arg>
<arg>result_format=%Y-%m-%d</arg>
</arguments>
<assign>
<var>${datetime}</var>
</assign>
<msg timestamp="20210323 18:58:23.556" level="INFO">${datetime} = 2021-03-23</msg>
<status status="PASS" starttime="20210323 18:58:23.556" endtime="20210323 18:58:23.556"></status>
</kw>
<kw name="Log" library="BuiltIn">
<doc>Logs the given message with the given level.</doc>
<arguments>
<arg>${datetime}</arg>
</arguments>
<msg timestamp="20210323 18:58:23.557" level="INFO">2021-03-23</msg>
<status status="PASS" starttime="20210323 18:58:23.556" endtime="20210323 18:58:23.557"></status>
</kw>
<kw name="conectar pix-payments" library="create_session_staging_internal">
<kw name="Create Session" library="RequestsLibrary">
<doc>Create Session: create a HTTP session to a server</doc>
<arguments>
<arg>alias=pix-payments</arg>
<arg>url=${pix_payments_url_base}</arg>
<arg>disable_warnings=true</arg>
</arguments>
<msg timestamp="20210323 18:58:23.557" level="INFO">Creating Session using : alias=pix-payments, url=https://banking-pix-payments-internal.staging.zoop.tech, headers={},                     cookies={}, auth=None, timeout=None, proxies=None, verify=False,                     debug=0 </msg>
<status status="PASS" starttime="20210323 18:58:23.557" endtime="20210323 18:58:23.558"></status>
</kw>
<status status="PASS" starttime="20210323 18:58:23.557" endtime="20210323 18:58:23.558"></status>
</kw>
<kw name="Create Dictionary" library="BuiltIn">
<doc>Creates and returns a dictionary based on the given ``items``.</doc>
<arguments>
<arg>Content-Type=application/json</arg>
</arguments>
<assign>
<var>${header}</var>
</assign>
<msg timestamp="20210323 18:58:23.558" level="INFO">${header} = {'Content-Type': 'application/json'}</msg>
<status status="PASS" starttime="20210323 18:58:23.558" endtime="20210323 18:58:23.558"></status>
</kw>
<kw name="Catenate" library="BuiltIn">
<doc>Catenates the given items together and returns the resulted string.</doc>
<arguments>
<arg>{</arg>
<arg>"acceptance_date_time": "${datetime}T15:55:43.269Z",</arg>
<arg>"amount": 5000000,</arg>
<arg>"end_to_end_id": "${end_to_end_id}",</arg>
<arg>"message_id": "${message_id}",</arg>
<arg>"receiver": {</arg>
<arg>"account_details": {</arg>
<arg>"number": "${account_number}",</arg>
<arg>"psp": "${psp_code}",</arg>
<arg>"routing_number": "${account_rounting_number}",</arg>
<arg>"type": "${account_type}"</arg>
<arg>},</arg>
<arg>"document": "${national_registration}"</arg>
<arg>},</arg>
<arg>"remittance_information": "Teste Crédito PIX",</arg>
<arg>"sender": {</arg>
<arg>"account_details": {</arg>
<arg>"number": "5601560",</arg>
<arg>"psp": "60746958",</arg>
<arg>"routing_number": "001",</arg>
<arg>"type": "cacc"</arg>
<arg>},</arg>
<arg>"document": "34772935177",</arg>
<arg>"identification": "Test Sender",</arg>
<arg>"name": "Carlos Drummont"</arg>
<arg>}</arg>
<arg>}</arg>
</arguments>
<assign>
<var>${body}</var>
</assign>
<msg timestamp="20210323 18:58:23.559" level="INFO">${body} = { "acceptance_date_time": "2021-03-23T15:55:43.269Z", "amount": 5000000, "end_to_end_id": "E1946824220210323185817394720480", "message_id": "M1946824279132034632954868313629", "receiver": { "account_d...</msg>
<status status="PASS" starttime="20210323 18:58:23.558" endtime="20210323 18:58:23.559"></status>
</kw>
<kw name="Post Request" library="RequestsLibrary">
<doc>Send a POST request on the session object found using the
given `alias`</doc>
<arguments>
<arg>pix-payments</arg>
<arg>/admin/internal_operation/pix</arg>
<arg>data=${body}</arg>
<arg>headers=${header}</arg>
</arguments>
<assign>
<var>${response}</var>
</assign>
<msg timestamp="20210323 18:58:23.560" level="INFO">POST Request using : uri=/admin/internal_operation/pix, params=None, files=None, allow_redirects=True, timeout=None
headers={'User-Agent': 'python-requests/2.22.0', 'Accept-Encoding': 'gzip, deflate', 'Accept': '*/*', 'Connection': 'keep-alive', 'Content-Type': 'application/json'} 
data={ "acceptance_date_time": "2021-03-23T15:55:43.269Z", "amount": 5000000, "end_to_end_id": "E1946824220210323185817394720480", "message_id": "M1946824279132034632954868313629", "receiver": { "account_details": { "number": "4708738029", "psp": "19468242", "routing_number": "001", "type": "cacc" }, "document": "70429813597" }, "remittance_information": "Teste Crédito PIX", "sender": { "account_details": { "number": "5601560", "psp": "60746958", "routing_number": "001", "type": "cacc" }, "document": "34772935177", "identification": "Test Sender", "name": "Carlos Drummont" } } 
json=None</msg>
<msg timestamp="20210323 18:58:24.383" level="INFO">${response} = &lt;Response [409]&gt;</msg>
<status status="PASS" starttime="20210323 18:58:23.559" endtime="20210323 18:58:24.383"></status>
</kw>
<kw name="Log" library="BuiltIn">
<doc>Logs the given message with the given level.</doc>
<arguments>
<arg>${response.json()}</arg>
</arguments>
<msg timestamp="20210323 18:58:24.385" level="INFO">{'code': 4001, 'status': 'conflict', 'type': 'precondition_failed', 'message': 'Duplicated endToEndId', 'category': 'business', 'status_code': 409}</msg>
<status status="PASS" starttime="20210323 18:58:24.384" endtime="20210323 18:58:24.386"></status>
</kw>
<kw name="Log" library="BuiltIn">
<doc>Logs the given message with the given level.</doc>
<arguments>
<arg>${response.headers['X-REQUEST-ID']}</arg>
</arguments>
<msg timestamp="20210323 18:58:24.387" level="INFO">2f2290b278742c30</msg>
<status status="PASS" starttime="20210323 18:58:24.386" endtime="20210323 18:58:24.387"></status>
</kw>
<kw name="Log" library="BuiltIn">
<doc>Logs the given message with the given level.</doc>
<arguments>
<arg>${response.status_code}</arg>
</arguments>
<msg timestamp="20210323 18:58:24.388" level="INFO">409</msg>
<status status="PASS" starttime="20210323 18:58:24.388" endtime="20210323 18:58:24.389"></status>
</kw>
<kw name="Set Global Variable" library="BuiltIn">
<doc>Makes a variable available globally in all tests and suites.</doc>
<arguments>
<arg>${response}</arg>
</arguments>
<msg timestamp="20210323 18:58:24.390" level="INFO">${response} = &lt;Response [409]&gt;</msg>
<status status="PASS" starttime="20210323 18:58:24.389" endtime="20210323 18:58:24.390"></status>
</kw>
<status status="PASS" starttime="20210323 18:58:23.555" endtime="20210323 18:58:24.390"></status>
</kw>
<kw name="validar conflict" library="conflict">
<arguments>
<arg>message=Duplicated endToEndId</arg>
<arg>message_code=4001</arg>
</arguments>
<kw name="Log" library="BuiltIn">
<doc>Logs the given message with the given level.</doc>
<arguments>
<arg>Validando response precondition failed</arg>
</arguments>
<msg timestamp="20210323 18:58:24.394" level="INFO">Validando response precondition failed</msg>
<status status="PASS" starttime="20210323 18:58:24.394" endtime="20210323 18:58:24.394"></status>
</kw>
<kw name="Should Be Equal As Integers" library="BuiltIn">
<doc>Fails if objects are unequal after converting them to integers.</doc>
<arguments>
<arg>${response.status_code}</arg>
<arg>409</arg>
</arguments>
<msg timestamp="20210323 18:58:24.396" level="INFO">Argument types are:
&lt;class 'int'&gt;
&lt;type 'unicode'&gt;</msg>
<status status="PASS" starttime="20210323 18:58:24.395" endtime="20210323 18:58:24.396"></status>
</kw>
<kw name="Should Be Equal" library="BuiltIn">
<doc>Fails if the given objects are unequal.</doc>
<arguments>
<arg>${response.json()["status"]}</arg>
<arg>conflict</arg>
</arguments>
<status status="PASS" starttime="20210323 18:58:24.397" endtime="20210323 18:58:24.398"></status>
</kw>
<kw name="Should Be Equal" library="BuiltIn">
<doc>Fails if the given objects are unequal.</doc>
<arguments>
<arg>${response.json()["category"]}</arg>
<arg>business</arg>
</arguments>
<status status="PASS" starttime="20210323 18:58:24.398" endtime="20210323 18:58:24.399"></status>
</kw>
<kw name="Should Be Equal As Integers" library="BuiltIn">
<doc>Fails if objects are unequal after converting them to integers.</doc>
<arguments>
<arg>${response.json()["code"]}</arg>
<arg>${message_code}</arg>
</arguments>
<msg timestamp="20210323 18:58:24.401" level="INFO">Argument types are:
&lt;class 'int'&gt;
&lt;type 'unicode'&gt;</msg>
<status status="PASS" starttime="20210323 18:58:24.400" endtime="20210323 18:58:24.401"></status>
</kw>
<kw name="Should Be Equal As Integers" library="BuiltIn">
<doc>Fails if objects are unequal after converting them to integers.</doc>
<arguments>
<arg>${response.json()["status_code"]}</arg>
<arg>409</arg>
</arguments>
<msg timestamp="20210323 18:58:24.402" level="INFO">Argument types are:
&lt;class 'int'&gt;
&lt;type 'unicode'&gt;</msg>
<status status="PASS" starttime="20210323 18:58:24.402" endtime="20210323 18:58:24.403"></status>
</kw>
<kw name="Should Be Equal" library="BuiltIn">
<doc>Fails if the given objects are unequal.</doc>
<arguments>
<arg>${response.json()["message"]}</arg>
<arg>${message}</arg>
</arguments>
<status status="PASS" starttime="20210323 18:58:24.403" endtime="20210323 18:58:24.403"></status>
</kw>
<kw name="Should Be Equal" library="BuiltIn">
<doc>Fails if the given objects are unequal.</doc>
<arguments>
<arg>${response.json()["type"]}</arg>
<arg>precondition_failed</arg>
</arguments>
<status status="PASS" starttime="20210323 18:58:24.404" endtime="20210323 18:58:24.404"></status>
</kw>
<status status="PASS" starttime="20210323 18:58:24.392" endtime="20210323 18:58:24.404"></status>
</kw>
<doc>Não permitir o recebimento de PIX com o mesmo End to End</doc>
<tags>
<tag>smoke_test</tag>
</tags>
<status status="PASS" starttime="20210323 18:58:10.944" endtime="20210323 18:58:24.405" critical="yes"></status>
</test>
<doc>Funcionalidade: Recebimento de PIX
Eu, como um Holder, portador de uma conta ativa em Banking
Desejo receber um pagamento PIX</doc>
<status status="PASS" starttime="20210323 18:58:10.377" endtime="20210323 18:58:24.407"></status>
</suite>
<statistics>
<total>
<stat pass="1" fail="0">Critical Tests</stat>
<stat pass="1" fail="0">All Tests</stat>
</total>
<tag>
<stat pass="1" fail="0">smoke_test</stat>
</tag>
<suite>
<stat pass="1" fail="0" id="s1" name="Receber Pagamento PIX">Receber Pagamento PIX</stat>
</suite>
</statistics>
<errors>
</errors>
</robot>
