<?xml version="1.0" encoding="UTF-8"?>
<robot generator="Robot 3.1.2 (Python 3.8.1 on win32)" generated="20210326 20:54:42.361" rpa="false">
<suite id="s1" name="Receber Pagamento PIX" source="C:\Users\vinicius.trindade\banking_continuous_testing\banking_continuous_testing\tests\pix-payments\recebimento\Receber Pagamento PIX.robot">
<test id="s1-t1" name="Cenário: Receber pix sem transaction id">
<kw name="Get Current Date" library="DateTime">
<doc>Returns current local or UTC time with an optional increment.</doc>
<arguments>
<arg>result_format=datetime</arg>
</arguments>
<assign>
<var>${date}</var>
</assign>
<msg timestamp="20210326 20:54:43.441" level="INFO">${date} = 2021-03-26 20:54:43.441404</msg>
<status status="PASS" starttime="20210326 20:54:43.441" endtime="20210326 20:54:43.441"></status>
</kw>
<kw name="Convert Date" library="DateTime">
<doc>Converts between supported `date formats`.</doc>
<arguments>
<arg>${date}</arg>
<arg>result_format=%Y%m%d%H%M</arg>
</arguments>
<assign>
<var>${datetime}</var>
</assign>
<msg timestamp="20210326 20:54:43.443" level="INFO">${datetime} = 202103262054</msg>
<status status="PASS" starttime="20210326 20:54:43.442" endtime="20210326 20:54:43.443"></status>
</kw>
<kw name="Random Number" library="FakerLibrary">
<doc>Returns a random number with 1 digit (default, when digits==None),
a random number with 0 to given number of digits, or a random number
with given number to given number of digits (when ``fix_len==True``).</doc>
<arguments>
<arg>digits=23</arg>
<arg>fix_len=True</arg>
</arguments>
<assign>
<var>${random_number_message_id}</var>
</assign>
<msg timestamp="20210326 20:54:43.445" level="INFO">${random_number_message_id} = 83540384559368514938083</msg>
<status status="PASS" starttime="20210326 20:54:43.444" endtime="20210326 20:54:43.446"></status>
</kw>
<kw name="Set Variable" library="BuiltIn">
<doc>Returns the given values which can then be assigned to a variables.</doc>
<arguments>
<arg>M19468242${random_number_message_id}</arg>
</arguments>
<assign>
<var>${message_id}</var>
</assign>
<msg timestamp="20210326 20:54:43.449" level="INFO">${message_id} = M1946824283540384559368514938083</msg>
<status status="PASS" starttime="20210326 20:54:43.448" endtime="20210326 20:54:43.449"></status>
</kw>
<kw name="Random Number" library="FakerLibrary">
<doc>Returns a random number with 1 digit (default, when digits==None),
a random number with 0 to given number of digits, or a random number
with given number to given number of digits (when ``fix_len==True``).</doc>
<arguments>
<arg>digits=11</arg>
<arg>fix_len=True</arg>
</arguments>
<assign>
<var>${random_number_end_to_end_id}</var>
</assign>
<msg timestamp="20210326 20:54:43.452" level="INFO">${random_number_end_to_end_id} = 16252739976</msg>
<status status="PASS" starttime="20210326 20:54:43.451" endtime="20210326 20:54:43.452"></status>
</kw>
<kw name="Set Variable" library="BuiltIn">
<doc>Returns the given values which can then be assigned to a variables.</doc>
<arguments>
<arg>E19468242${datetime}${random_number_end_to_end_id}</arg>
</arguments>
<assign>
<var>${end_to_end_id}</var>
</assign>
<msg timestamp="20210326 20:54:43.455" level="INFO">${end_to_end_id} = E1946824220210326205416252739976</msg>
<status status="PASS" starttime="20210326 20:54:43.454" endtime="20210326 20:54:43.455"></status>
</kw>
<kw name="receber pagamento pix admin" library="pix_admin_receive_payment">
<arguments>
<arg>end_to_end_id=${end_to_end_id}</arg>
<arg>message_id=${message_id}</arg>
<arg>account_number=1853017169</arg>
<arg>psp_code=${psp_code}</arg>
<arg>account_rounting_number=001</arg>
<arg>account_type=${account_type}</arg>
<arg>national_registration=00734275196</arg>
</arguments>
<kw name="Get Current Date" library="DateTime">
<doc>Returns current local or UTC time with an optional increment.</doc>
<arguments>
<arg>result_format=datetime</arg>
</arguments>
<assign>
<var>${date}</var>
</assign>
<msg timestamp="20210326 20:54:43.458" level="INFO">${date} = 2021-03-26 20:54:43.458497</msg>
<status status="PASS" starttime="20210326 20:54:43.458" endtime="20210326 20:54:43.458"></status>
</kw>
<kw name="Convert Date" library="DateTime">
<doc>Converts between supported `date formats`.</doc>
<arguments>
<arg>${date}</arg>
<arg>result_format=%Y-%m-%d</arg>
</arguments>
<assign>
<var>${datetime}</var>
</assign>
<msg timestamp="20210326 20:54:43.459" level="INFO">${datetime} = 2021-03-26</msg>
<status status="PASS" starttime="20210326 20:54:43.459" endtime="20210326 20:54:43.459"></status>
</kw>
<kw name="Log" library="BuiltIn">
<doc>Logs the given message with the given level.</doc>
<arguments>
<arg>${datetime}</arg>
</arguments>
<msg timestamp="20210326 20:54:43.460" level="INFO">2021-03-26</msg>
<status status="PASS" starttime="20210326 20:54:43.460" endtime="20210326 20:54:43.460"></status>
</kw>
<kw name="conectar pix-payments" library="create_session_staging_internal">
<kw name="Create Session" library="RequestsLibrary">
<doc>Create Session: create a HTTP session to a server</doc>
<arguments>
<arg>alias=pix-payments</arg>
<arg>url=${pix_payments_url_base}</arg>
<arg>disable_warnings=true</arg>
</arguments>
<msg timestamp="20210326 20:54:43.463" level="INFO">Creating Session using : alias=pix-payments, url=https://banking-pix-payments-internal.staging.zoop.tech, headers={},                     cookies={}, auth=None, timeout=None, proxies=None, verify=False,                     debug=0 </msg>
<status status="PASS" starttime="20210326 20:54:43.462" endtime="20210326 20:54:43.483"></status>
</kw>
<status status="PASS" starttime="20210326 20:54:43.461" endtime="20210326 20:54:43.484"></status>
</kw>
<kw name="Create Dictionary" library="BuiltIn">
<doc>Creates and returns a dictionary based on the given ``items``.</doc>
<arguments>
<arg>Content-Type=application/json</arg>
</arguments>
<assign>
<var>${header}</var>
</assign>
<msg timestamp="20210326 20:54:43.486" level="INFO">${header} = {'Content-Type': 'application/json'}</msg>
<status status="PASS" starttime="20210326 20:54:43.484" endtime="20210326 20:54:43.486"></status>
</kw>
<kw name="Catenate" library="BuiltIn">
<doc>Catenates the given items together and returns the resulted string.</doc>
<arguments>
<arg>{</arg>
<arg>"acceptance_date_time": "${datetime}T15:55:43.269Z",</arg>
<arg>"amount": 5000000,</arg>
<arg>"end_to_end_id": "${end_to_end_id}",</arg>
<arg>"message_id": "${message_id}",</arg>
<arg>"receiver": {</arg>
<arg>"account_details": {</arg>
<arg>"number": "${account_number}",</arg>
<arg>"psp": "${psp_code}",</arg>
<arg>"routing_number": "${account_rounting_number}",</arg>
<arg>"type": "${account_type}"</arg>
<arg>},</arg>
<arg>"document": "${national_registration}"</arg>
<arg>},</arg>
<arg>"remittance_information": "Teste Crédito PIX",</arg>
<arg>"sender": {</arg>
<arg>"account_details": {</arg>
<arg>"number": "5601560",</arg>
<arg>"psp": "60746958",</arg>
<arg>"routing_number": "001",</arg>
<arg>"type": "cacc"</arg>
<arg>},</arg>
<arg>"document": "34772935177",</arg>
<arg>"identification": "Test Sender",</arg>
<arg>"name": "Carlos Drummont"</arg>
<arg>}</arg>
<arg>}</arg>
</arguments>
<assign>
<var>${body}</var>
</assign>
<msg timestamp="20210326 20:54:43.488" level="INFO">${body} = { "acceptance_date_time": "2021-03-26T15:55:43.269Z", "amount": 5000000, "end_to_end_id": "E1946824220210326205416252739976", "message_id": "M1946824283540384559368514938083", "receiver": { "account_d...</msg>
<status status="PASS" starttime="20210326 20:54:43.487" endtime="20210326 20:54:43.488"></status>
</kw>
<kw name="Post Request" library="RequestsLibrary">
<doc>Send a POST request on the session object found using the
given `alias`</doc>
<arguments>
<arg>pix-payments</arg>
<arg>/admin/internal_operation/pix</arg>
<arg>data=${body}</arg>
<arg>headers=${header}</arg>
</arguments>
<assign>
<var>${response}</var>
</assign>
<msg timestamp="20210326 20:54:43.490" level="INFO">POST Request using : uri=/admin/internal_operation/pix, params=None, files=None, allow_redirects=True, timeout=None
headers={'User-Agent': 'python-requests/2.22.0', 'Accept-Encoding': 'gzip, deflate', 'Accept': '*/*', 'Connection': 'keep-alive', 'Content-Type': 'application/json'} 
data={ "acceptance_date_time": "2021-03-26T15:55:43.269Z", "amount": 5000000, "end_to_end_id": "E1946824220210326205416252739976", "message_id": "M1946824283540384559368514938083", "receiver": { "account_details": { "number": "1853017169", "psp": "19468242", "routing_number": "001", "type": "cacc" }, "document": "00734275196" }, "remittance_information": "Teste Crédito PIX", "sender": { "account_details": { "number": "5601560", "psp": "60746958", "routing_number": "001", "type": "cacc" }, "document": "34772935177", "identification": "Test Sender", "name": "Carlos Drummont" } } 
json=None</msg>
<msg timestamp="20210326 20:54:44.424" level="INFO">${response} = &lt;Response [201]&gt;</msg>
<status status="PASS" starttime="20210326 20:54:43.489" endtime="20210326 20:54:44.424"></status>
</kw>
<kw name="Log" library="BuiltIn">
<doc>Logs the given message with the given level.</doc>
<arguments>
<arg>${response.json()}</arg>
</arguments>
<msg timestamp="20210326 20:54:44.426" level="INFO">{'id': '3179d27eebc94e4c9773fcc36279bb1b', 'resource': 'pix_transaction'}</msg>
<status status="PASS" starttime="20210326 20:54:44.425" endtime="20210326 20:54:44.427"></status>
</kw>
<kw name="Log" library="BuiltIn">
<doc>Logs the given message with the given level.</doc>
<arguments>
<arg>${response.headers['X-REQUEST-ID']}</arg>
</arguments>
<msg timestamp="20210326 20:54:44.430" level="INFO">77971acb889c6245</msg>
<status status="PASS" starttime="20210326 20:54:44.428" endtime="20210326 20:54:44.430"></status>
</kw>
<kw name="Log" library="BuiltIn">
<doc>Logs the given message with the given level.</doc>
<arguments>
<arg>${response.status_code}</arg>
</arguments>
<msg timestamp="20210326 20:54:44.433" level="INFO">201</msg>
<status status="PASS" starttime="20210326 20:54:44.431" endtime="20210326 20:54:44.433"></status>
</kw>
<kw name="Set Global Variable" library="BuiltIn">
<doc>Makes a variable available globally in all tests and suites.</doc>
<arguments>
<arg>${response}</arg>
</arguments>
<msg timestamp="20210326 20:54:44.435" level="INFO">${response} = &lt;Response [201]&gt;</msg>
<status status="PASS" starttime="20210326 20:54:44.434" endtime="20210326 20:54:44.436"></status>
</kw>
<status status="PASS" starttime="20210326 20:54:43.456" endtime="20210326 20:54:44.437"></status>
</kw>
<doc>Não permitir o recebimento de PIX sem o transaction id</doc>
<tags>
<tag>transaction</tag>
</tags>
<status status="PASS" starttime="20210326 20:54:43.439" endtime="20210326 20:54:44.438" critical="yes"></status>
</test>
<doc>Funcionalidade: Recebimento de PIX
Eu, como um Holder, portador de uma conta ativa em Banking
Desejo receber um pagamento PIX</doc>
<status status="PASS" starttime="20210326 20:54:42.364" endtime="20210326 20:54:44.444"></status>
</suite>
<statistics>
<total>
<stat pass="1" fail="0">Critical Tests</stat>
<stat pass="1" fail="0">All Tests</stat>
</total>
<tag>
<stat pass="1" fail="0">transaction</stat>
</tag>
<suite>
<stat pass="1" fail="0" id="s1" name="Receber Pagamento PIX">Receber Pagamento PIX</stat>
</suite>
</statistics>
<errors>
</errors>
</robot>
