<?xml version="1.0" encoding="UTF-8"?>
<robot generator="Robot 3.1.2 (Python 3.8.1 on win32)" generated="20210322 03:16:24.330" rpa="false">
<suite id="s1" name="Pix-Payments" source="C:\Users\vinicius.trindade\banking_continuous_testing\banking_continuous_testing\tests\pix-payments">
<suite id="s1-s1" name="Envio" source="C:\Users\vinicius.trindade\banking_continuous_testing\banking_continuous_testing\tests\pix-payments\envio">
<suite id="s1-s1-s1" name="Confirmar Pagamento PIX" source="C:\Users\vinicius.trindade\banking_continuous_testing\banking_continuous_testing\tests\pix-payments\envio\Confirmar Pagamento PIX.robot">
<test id="s1-s1-s1-t1" name="Cenário: Criar pagamento PIX de para holder business utilizando dados completos da conta de destino">
<kw name="criar chave pix ativa" library="pix_dict_create_active_key_pix">
<arguments>
<arg>holder_type=business</arg>
<arg>pix_type=email</arg>
</arguments>
<kw name="Random Number" library="FakerLibrary">
<doc>Returns a random number with 1 digit (default, when digits==None),
a random number with 0 to given number of digits, or a random number
with given number to given number of digits (when ``fix_len==True``).</doc>
<arguments>
<arg>digits=8</arg>
<arg>fix_len=True</arg>
</arguments>
<assign>
<var>${phone}</var>
</assign>
<msg timestamp="20210322 03:16:25.054" level="INFO">${phone} = 75221338</msg>
<status status="PASS" starttime="20210322 03:16:25.053" endtime="20210322 03:16:25.054"></status>
</kw>
<kw name="Set Variable" library="BuiltIn">
<doc>Returns the given values which can then be assigned to a variables.</doc>
<arguments>
<arg>+55219${phone}</arg>
</arguments>
<assign>
<var>${phone_pix}</var>
</assign>
<msg timestamp="20210322 03:16:25.055" level="INFO">${phone_pix} = +5521975221338</msg>
<status status="PASS" starttime="20210322 03:16:25.054" endtime="20210322 03:16:25.055"></status>
</kw>
<kw name="Set Global Variable" library="BuiltIn">
<doc>Makes a variable available globally in all tests and suites.</doc>
<arguments>
<arg>${phone_pix}</arg>
</arguments>
<msg timestamp="20210322 03:16:25.055" level="INFO">${phone_pix} = +5521975221338</msg>
<status status="PASS" starttime="20210322 03:16:25.055" endtime="20210322 03:16:25.055"></status>
</kw>
<kw name="Email" library="FakerLibrary">
<assign>
<var>${email_pix}</var>
</assign>
<msg timestamp="20210322 03:16:25.056" level="INFO">${email_pix} = lucas80@da.br</msg>
<status status="PASS" starttime="20210322 03:16:25.056" endtime="20210322 03:16:25.056"></status>
</kw>
<kw name="Set Global Variable" library="BuiltIn">
<doc>Makes a variable available globally in all tests and suites.</doc>
<arguments>
<arg>${email_pix}</arg>
</arguments>
<msg timestamp="20210322 03:16:25.057" level="INFO">${email_pix} = lucas80@da.br</msg>
<status status="PASS" starttime="20210322 03:16:25.056" endtime="20210322 03:16:25.057"></status>
</kw>
<kw name="Run Keyword If" library="BuiltIn">
<doc>Runs the given keyword with the given arguments, if ``condition`` is true.</doc>
<arguments>
<arg>'${holder_type}' == 'business'</arg>
<arg>criar holder business ativo</arg>
<arg>ELSE IF</arg>
<arg>'${holder_type}' == 'individual'</arg>
<arg>criar holder individual ativo</arg>
</arguments>
<kw name="criar holder business ativo" library="accreditation_create_holder_active">
<kw name="conectar accreditation" library="create_session_staging_internal">
<kw name="Create Session" library="RequestsLibrary">
<doc>Create Session: create a HTTP session to a server</doc>
<arguments>
<arg>alias=accreditation</arg>
<arg>url=${accreditation_url_base}</arg>
<arg>disable_warnings=true</arg>
</arguments>
<msg timestamp="20210322 03:16:25.059" level="INFO">Creating Session using : alias=accreditation, url=https://banking-accreditation-internal.staging.zoop.tech, headers={},                     cookies={}, auth=None, timeout=None, proxies=None, verify=False,                     debug=0 </msg>
<status status="PASS" starttime="20210322 03:16:25.058" endtime="20210322 03:16:25.059"></status>
</kw>
<status status="PASS" starttime="20210322 03:16:25.058" endtime="20210322 03:16:25.059"></status>
</kw>
<kw name="Cnpj" library="FakerLibrary">
<assign>
<var>${national_registration}</var>
</assign>
<msg timestamp="20210322 03:16:25.060" level="INFO">${national_registration} = 07.135.849/0001-11</msg>
<status status="PASS" starttime="20210322 03:16:25.060" endtime="20210322 03:16:25.060"></status>
</kw>
<kw name="Replace String" library="String">
<doc>Replaces ``search_for`` in the given ``string`` with ``replace_with``.</doc>
<arguments>
<arg>${national_registration}</arg>
<arg>.</arg>
<arg>${EMPTY}</arg>
</arguments>
<assign>
<var>${national_registration}</var>
</assign>
<msg timestamp="20210322 03:16:25.061" level="INFO">${national_registration} = 07135849/0001-11</msg>
<status status="PASS" starttime="20210322 03:16:25.060" endtime="20210322 03:16:25.061"></status>
</kw>
<kw name="Replace String" library="String">
<doc>Replaces ``search_for`` in the given ``string`` with ``replace_with``.</doc>
<arguments>
<arg>${national_registration}</arg>
<arg>-</arg>
<arg>${EMPTY}</arg>
</arguments>
<assign>
<var>${national_registration}</var>
</assign>
<msg timestamp="20210322 03:16:25.061" level="INFO">${national_registration} = 07135849/000111</msg>
<status status="PASS" starttime="20210322 03:16:25.061" endtime="20210322 03:16:25.061"></status>
</kw>
<kw name="Replace String" library="String">
<doc>Replaces ``search_for`` in the given ``string`` with ``replace_with``.</doc>
<arguments>
<arg>${national_registration}</arg>
<arg>/</arg>
<arg>${EMPTY}</arg>
</arguments>
<assign>
<var>${national_registration}</var>
</assign>
<msg timestamp="20210322 03:16:25.062" level="INFO">${national_registration} = 07135849000111</msg>
<status status="PASS" starttime="20210322 03:16:25.062" endtime="20210322 03:16:25.062"></status>
</kw>
<kw name="Set Global Variable" library="BuiltIn">
<doc>Makes a variable available globally in all tests and suites.</doc>
<arguments>
<arg>${national_registration}</arg>
</arguments>
<msg timestamp="20210322 03:16:25.062" level="INFO">${national_registration} = 07135849000111</msg>
<status status="PASS" starttime="20210322 03:16:25.062" endtime="20210322 03:16:25.063"></status>
</kw>
<kw name="Rg" library="FakerLibrary">
<doc>Brazilian RG, return plain numbers.
Check:  https://www.ngmatematica.com/2014/02/como-determinar-o-digito-verificador-do.html</doc>
<assign>
<var>${identity_card}</var>
</assign>
<msg timestamp="20210322 03:16:25.063" level="INFO">${identity_card} = 312865740</msg>
<status status="PASS" starttime="20210322 03:16:25.063" endtime="20210322 03:16:25.063"></status>
</kw>
<kw name="Set Global Variable" library="BuiltIn">
<doc>Makes a variable available globally in all tests and suites.</doc>
<arguments>
<arg>${identity_card}</arg>
</arguments>
<msg timestamp="20210322 03:16:25.064" level="INFO">${identity_card} = 312865740</msg>
<status status="PASS" starttime="20210322 03:16:25.063" endtime="20210322 03:16:25.064"></status>
</kw>
<kw name="criar holder business" library="accreditation_post_holder_business">
<arguments>
<arg>holder_type=business</arg>
<arg>holder_name=${holder_name}</arg>
<arg>email_business=${email_business}</arg>
<arg>national_registration=${national_registration}</arg>
<arg>revenue_business=${revenue_business}</arg>
<arg>cnae=${cnae}</arg>
<arg>legal_name=${legal_name}</arg>
<arg>establishment_format=mei</arg>
<arg>establishment_date=${establishment_date}</arg>
</arguments>
<kw name="conectar accreditation" library="create_session_staging_internal">
<kw name="Create Session" library="RequestsLibrary">
<doc>Create Session: create a HTTP session to a server</doc>
<arguments>
<arg>alias=accreditation</arg>
<arg>url=${accreditation_url_base}</arg>
<arg>disable_warnings=true</arg>
</arguments>
<msg timestamp="20210322 03:16:25.066" level="INFO">Creating Session using : alias=accreditation, url=https://banking-accreditation-internal.staging.zoop.tech, headers={},                     cookies={}, auth=None, timeout=None, proxies=None, verify=False,                     debug=0 </msg>
<status status="PASS" starttime="20210322 03:16:25.065" endtime="20210322 03:16:25.067"></status>
</kw>
<status status="PASS" starttime="20210322 03:16:25.065" endtime="20210322 03:16:25.067"></status>
</kw>
<kw name="Set Global Variable" library="BuiltIn">
<doc>Makes a variable available globally in all tests and suites.</doc>
<arguments>
<arg>${holder_type}</arg>
</arguments>
<msg timestamp="20210322 03:16:25.067" level="INFO">${holder_type} = business</msg>
<status status="PASS" starttime="20210322 03:16:25.067" endtime="20210322 03:16:25.067"></status>
</kw>
<kw name="Set Global Variable" library="BuiltIn">
<doc>Makes a variable available globally in all tests and suites.</doc>
<arguments>
<arg>${holder_name}</arg>
</arguments>
<msg timestamp="20210322 03:16:25.068" level="INFO">${holder_name} = Holder de teste</msg>
<status status="PASS" starttime="20210322 03:16:25.068" endtime="20210322 03:16:25.068"></status>
</kw>
<kw name="Set Global Variable" library="BuiltIn">
<doc>Makes a variable available globally in all tests and suites.</doc>
<arguments>
<arg>${legal_name}</arg>
</arguments>
<msg timestamp="20210322 03:16:25.069" level="INFO">${legal_name} = Nome Legal da Empresa</msg>
<status status="PASS" starttime="20210322 03:16:25.068" endtime="20210322 03:16:25.069"></status>
</kw>
<kw name="Create Dictionary" library="BuiltIn">
<doc>Creates and returns a dictionary based on the given ``items``.</doc>
<arguments>
<arg>Content-Type=application/json</arg>
</arguments>
<assign>
<var>${header}</var>
</assign>
<msg timestamp="20210322 03:16:25.069" level="INFO">${header} = {'Content-Type': 'application/json'}</msg>
<status status="PASS" starttime="20210322 03:16:25.069" endtime="20210322 03:16:25.069"></status>
</kw>
<kw name="Catenate" library="BuiltIn">
<doc>Catenates the given items together and returns the resulted string.</doc>
<arguments>
<arg>{</arg>
<arg>"type": "${holder_type}",</arg>
<arg>"name": "${holder_name}",</arg>
<arg>"email": "${email_business}",</arg>
<arg>"national_registration": "${national_registration}",</arg>
<arg>"revenue": ${revenue_business},</arg>
<arg>"cnae": "${cnae}",</arg>
<arg>"legal_name": "${legal_name}",</arg>
<arg>"establishment": {</arg>
<arg>"format":"${establishment_format}",</arg>
<arg>"date":"${establishment_date}"</arg>
<arg>}</arg>
<arg>}</arg>
</arguments>
<assign>
<var>${body}</var>
</assign>
<msg timestamp="20210322 03:16:25.070" level="INFO">${body} = { "type": "business", "name": "Holder de teste", "email": "contato@teste.com.br", "national_registration": "07135849000111", "revenue": 1005500.00, "cnae": "0111301", "legal_name": "Nome Legal da Empr...</msg>
<status status="PASS" starttime="20210322 03:16:25.070" endtime="20210322 03:16:25.070"></status>
</kw>
<kw name="Post Request" library="RequestsLibrary">
<doc>Send a POST request on the session object found using the
given `alias`</doc>
<arguments>
<arg>accreditation</arg>
<arg>/marketplaces/${marketplace_external_key}/banking/accreditation/holders</arg>
<arg>data=${body}</arg>
<arg>headers=${header}</arg>
</arguments>
<assign>
<var>${response}</var>
</assign>
<msg timestamp="20210322 03:16:25.071" level="INFO">POST Request using : uri=/marketplaces/f71a8951368a4cc085cf7875ff44e61c/banking/accreditation/holders, params=None, files=None, allow_redirects=True, timeout=None
headers={'User-Agent': 'python-requests/2.22.0', 'Accept-Encoding': 'gzip, deflate', 'Accept': '*/*', 'Connection': 'keep-alive', 'Content-Type': 'application/json'} 
data={ "type": "business", "name": "Holder de teste", "email": "contato@teste.com.br", "national_registration": "07135849000111", "revenue": 1005500.00, "cnae": "0111301", "legal_name": "Nome Legal da Empresa", "establishment": { "format":"mei", "date":"2012-04-25" } } 
json=None</msg>
<msg timestamp="20210322 03:16:25.799" level="INFO">${response} = &lt;Response [201]&gt;</msg>
<status status="PASS" starttime="20210322 03:16:25.071" endtime="20210322 03:16:25.799"></status>
</kw>
<kw name="Log" library="BuiltIn">
<doc>Logs the given message with the given level.</doc>
<arguments>
<arg>${response.json()}</arg>
</arguments>
<msg timestamp="20210322 03:16:25.802" level="INFO">{'id': '2f7f1d5f5d4a472baf4edde40321b2ba', 'name': 'Holder de teste', 'revenue': 1005500.0, 'email': 'contato@teste.com.br', 'status': 'waiting_info_and_documents', 'marketplace_id': 'f71a8951368a4cc085cf7875ff44e61c', 'marketplace_name': 'Marketplace de Teste', 'created_at': '2021-03-22T03:16:26.591396', 'updated_at': '2021-03-22T03:16:26.591398', 'type': 'business', 'national_registration': '07135849000111', 'legal_name': 'Nome Legal da Empresa', 'establishment': {'format': 'mei', 'date': '2012-04-25'}, 'cnae': '0111301', '_links': {'self': {'href': 'https://banking-accreditation-internal.staging.zoop.tech/marketplaces/f71a8951368a4cc085cf7875ff44e61c/banking/accreditation/holders/2f7f1d5f5d4a472baf4edde40321b2ba', 'type': 'GET'}, 'phones': {'href': 'https://banking-accreditation-internal.staging.zoop.tech/marketplaces/f71a8951368a4cc085cf7875ff44e61c/banking/accreditation/holders/2f7f1d5f5d4a472baf4edde40321b2ba/phones', 'type': 'GET'}, 'addresses': {'href': 'https://banking-accreditation-internal.staging.zoop.tech/marketplaces/f71a8951368a4cc085cf7875ff44e61c/banking/accreditation/holders/2f7f1d5f5d4a472baf4edde40321b2ba/addresses', 'type': 'GET'}, 'documents': {'href': 'https://banking-accreditation-internal.staging.zoop.tech/marketplaces/f71a8951368a4cc085cf7875ff44e61c/banking/accreditation/holders/2f7f1d5f5d4a472baf4edde40321b2ba/documents', 'type': 'GET'}, 'partners': {'href': 'https://banking-accreditation-internal.staging.zoop.tech/marketplaces/f71a8951368a4cc085cf7875ff44e61c/banking/accreditation/holders/2f7f1d5f5d4a472baf4edde40321b2ba/partners', 'type': 'GET'}, 'associates': {'href': 'https://banking-accreditation-internal.staging.zoop.tech/marketplaces/f71a8951368a4cc085cf7875ff44e61c/banking/accreditation/holders/2f7f1d5f5d4a472baf4edde40321b2ba/associates', 'type': 'GET'}}}</msg>
<status status="PASS" starttime="20210322 03:16:25.800" endtime="20210322 03:16:25.802"></status>
</kw>
<kw name="Log" library="BuiltIn">
<doc>Logs the given message with the given level.</doc>
<arguments>
<arg>${response.headers['X-REQUEST-ID']}</arg>
</arguments>
<msg timestamp="20210322 03:16:25.804" level="INFO">8cd8b99fbdfcbe74</msg>
<status status="PASS" starttime="20210322 03:16:25.803" endtime="20210322 03:16:25.804"></status>
</kw>
<kw name="Log" library="BuiltIn">
<doc>Logs the given message with the given level.</doc>
<arguments>
<arg>${body}</arg>
</arguments>
<msg timestamp="20210322 03:16:25.806" level="INFO">{ "type": "business", "name": "Holder de teste", "email": "contato@teste.com.br", "national_registration": "07135849000111", "revenue": 1005500.00, "cnae": "0111301", "legal_name": "Nome Legal da Empresa", "establishment": { "format":"mei", "date":"2012-04-25" } }</msg>
<status status="PASS" starttime="20210322 03:16:25.805" endtime="20210322 03:16:25.806"></status>
</kw>
<kw name="Set Global Variable" library="BuiltIn">
<doc>Makes a variable available globally in all tests and suites.</doc>
<arguments>
<arg>${response}</arg>
</arguments>
<msg timestamp="20210322 03:16:25.808" level="INFO">${response} = &lt;Response [201]&gt;</msg>
<status status="PASS" starttime="20210322 03:16:25.807" endtime="20210322 03:16:25.808"></status>
</kw>
<kw name="Set Variable If" library="BuiltIn">
<doc>Sets variable based on the given condition.</doc>
<arguments>
<arg>${response.status_code}==201</arg>
<arg>${response.json()["id"]}</arg>
</arguments>
<assign>
<var>${holder_external_key}</var>
</assign>
<msg timestamp="20210322 03:16:25.810" level="INFO">${holder_external_key} = 2f7f1d5f5d4a472baf4edde40321b2ba</msg>
<status status="PASS" starttime="20210322 03:16:25.809" endtime="20210322 03:16:25.811"></status>
</kw>
<kw name="Set Global Variable" library="BuiltIn">
<doc>Makes a variable available globally in all tests and suites.</doc>
<arguments>
<arg>${holder_external_key}</arg>
</arguments>
<msg timestamp="20210322 03:16:25.812" level="INFO">${holder_external_key} = 2f7f1d5f5d4a472baf4edde40321b2ba</msg>
<status status="PASS" starttime="20210322 03:16:25.811" endtime="20210322 03:16:25.813"></status>
</kw>
<status status="PASS" starttime="20210322 03:16:25.064" endtime="20210322 03:16:25.813"></status>
</kw>
<kw name="Should Be Equal As Integers" library="BuiltIn">
<doc>Fails if objects are unequal after converting them to integers.</doc>
<arguments>
<arg>${response.status_code}</arg>
<arg>201</arg>
</arguments>
<msg timestamp="20210322 03:16:25.815" level="INFO">Argument types are:
&lt;class 'int'&gt;
&lt;type 'unicode'&gt;</msg>
<status status="PASS" starttime="20210322 03:16:25.814" endtime="20210322 03:16:25.815"></status>
</kw>
<kw name="criar holder phone" library="accreditation_post_holder_phone">
<arguments>
<arg>21</arg>
<arg>51</arg>
<arg>996221236</arg>
</arguments>
<kw name="Create Dictionary" library="BuiltIn">
<doc>Creates and returns a dictionary based on the given ``items``.</doc>
<arguments>
<arg>Content-Type=application/json</arg>
</arguments>
<assign>
<var>${header}</var>
</assign>
<msg timestamp="20210322 03:16:25.817" level="INFO">${header} = {'Content-Type': 'application/json'}</msg>
<status status="PASS" starttime="20210322 03:16:25.816" endtime="20210322 03:16:25.817"></status>
</kw>
<kw name="Catenate" library="BuiltIn">
<doc>Catenates the given items together and returns the resulted string.</doc>
<arguments>
<arg>{</arg>
<arg>"area_code": "${phone_area_code}",</arg>
<arg>"country_code": "${phone_country_code}",</arg>
<arg>"number": "${phone_number}"</arg>
<arg>}</arg>
</arguments>
<assign>
<var>${body}</var>
</assign>
<msg timestamp="20210322 03:16:25.818" level="INFO">${body} = { "area_code": "21", "country_code": "51", "number": "996221236" }</msg>
<status status="PASS" starttime="20210322 03:16:25.818" endtime="20210322 03:16:25.819"></status>
</kw>
<kw name="Post Request" library="RequestsLibrary">
<doc>Send a POST request on the session object found using the
given `alias`</doc>
<arguments>
<arg>accreditation</arg>
<arg>/marketplaces/${marketplace_external_key}/banking/accreditation/holders/${holder_external_key}/phones</arg>
<arg>data=${body}</arg>
<arg>headers=${header}</arg>
</arguments>
<assign>
<var>${response}</var>
</assign>
<msg timestamp="20210322 03:16:25.820" level="INFO">POST Request using : uri=/marketplaces/f71a8951368a4cc085cf7875ff44e61c/banking/accreditation/holders/2f7f1d5f5d4a472baf4edde40321b2ba/phones, params=None, files=None, allow_redirects=True, timeout=None
headers={'User-Agent': 'python-requests/2.22.0', 'Accept-Encoding': 'gzip, deflate', 'Accept': '*/*', 'Connection': 'keep-alive', 'Content-Type': 'application/json'} 
data={ "area_code": "21", "country_code": "51", "number": "996221236" } 
json=None</msg>
<msg timestamp="20210322 03:16:26.093" level="INFO">${response} = &lt;Response [201]&gt;</msg>
<status status="PASS" starttime="20210322 03:16:25.819" endtime="20210322 03:16:26.093"></status>
</kw>
<kw name="Log" library="BuiltIn">
<doc>Logs the given message with the given level.</doc>
<arguments>
<arg>${response.json()}</arg>
</arguments>
<msg timestamp="20210322 03:16:26.096" level="INFO">{'id': '858607f94e534f028d1298a1476cc8af', 'area_code': '21', 'country_code': '51', 'number': '996221236', 'main': True, '_links': {'self': {'href': 'https://banking-accreditation-internal.staging.zoop.tech/marketplaces/f71a8951368a4cc085cf7875ff44e61c/banking/accreditation/holders/2f7f1d5f5d4a472baf4edde40321b2ba/phones/858607f94e534f028d1298a1476cc8af', 'type': 'GET'}, 'holder': {'href': 'https://banking-accreditation-internal.staging.zoop.tech/marketplaces/f71a8951368a4cc085cf7875ff44e61c/banking/accreditation/holders/2f7f1d5f5d4a472baf4edde40321b2ba', 'type': 'GET'}}}</msg>
<status status="PASS" starttime="20210322 03:16:26.094" endtime="20210322 03:16:26.096"></status>
</kw>
<kw name="Log" library="BuiltIn">
<doc>Logs the given message with the given level.</doc>
<arguments>
<arg>${response.headers['X-REQUEST-ID']}</arg>
</arguments>
<msg timestamp="20210322 03:16:26.099" level="INFO">be1b02f2d7b26b37</msg>
<status status="PASS" starttime="20210322 03:16:26.097" endtime="20210322 03:16:26.100"></status>
</kw>
<kw name="Set Global Variable" library="BuiltIn">
<doc>Makes a variable available globally in all tests and suites.</doc>
<arguments>
<arg>${response}</arg>
</arguments>
<msg timestamp="20210322 03:16:26.101" level="INFO">${response} = &lt;Response [201]&gt;</msg>
<status status="PASS" starttime="20210322 03:16:26.101" endtime="20210322 03:16:26.102"></status>
</kw>
<kw name="Set Variable If" library="BuiltIn">
<doc>Sets variable based on the given condition.</doc>
<arguments>
<arg>${response.status_code}==201</arg>
<arg>${response.json()["id"]}</arg>
</arguments>
<assign>
<var>${phone_external_key}</var>
</assign>
<msg timestamp="20210322 03:16:26.104" level="INFO">${phone_external_key} = 858607f94e534f028d1298a1476cc8af</msg>
<status status="PASS" starttime="20210322 03:16:26.103" endtime="20210322 03:16:26.104"></status>
</kw>
<kw name="Set Global Variable" library="BuiltIn">
<doc>Makes a variable available globally in all tests and suites.</doc>
<arguments>
<arg>${phone_external_key}</arg>
</arguments>
<msg timestamp="20210322 03:16:26.106" level="INFO">${phone_external_key} = 858607f94e534f028d1298a1476cc8af</msg>
<status status="PASS" starttime="20210322 03:16:26.105" endtime="20210322 03:16:26.106"></status>
</kw>
<status status="PASS" starttime="20210322 03:16:25.815" endtime="20210322 03:16:26.106"></status>
</kw>
<kw name="Should Be Equal As Integers" library="BuiltIn">
<doc>Fails if objects are unequal after converting them to integers.</doc>
<arguments>
<arg>${response.status_code}</arg>
<arg>201</arg>
</arguments>
<msg timestamp="20210322 03:16:26.107" level="INFO">Argument types are:
&lt;class 'int'&gt;
&lt;type 'unicode'&gt;</msg>
<status status="PASS" starttime="20210322 03:16:26.106" endtime="20210322 03:16:26.107"></status>
</kw>
<kw name="criar holder address" library="accreditation_post_holder_address">
<arguments>
<arg>Rio de Janeiro</arg>
<arg>Rio de Janeiro</arg>
<arg>Brasil</arg>
<arg>Bairro de Testes</arg>
<arg>Rua de Testes</arg>
<arg>90</arg>
<arg>apto 200</arg>
<arg>21550987</arg>
</arguments>
<kw name="Create Dictionary" library="BuiltIn">
<doc>Creates and returns a dictionary based on the given ``items``.</doc>
<arguments>
<arg>Content-Type=application/json</arg>
</arguments>
<assign>
<var>${header}</var>
</assign>
<msg timestamp="20210322 03:16:26.109" level="INFO">${header} = {'Content-Type': 'application/json'}</msg>
<status status="PASS" starttime="20210322 03:16:26.109" endtime="20210322 03:16:26.109"></status>
</kw>
<kw name="Catenate" library="BuiltIn">
<doc>Catenates the given items together and returns the resulted string.</doc>
<arguments>
<arg>{</arg>
<arg>"city": "${city}",</arg>
<arg>"state": "${state}",</arg>
<arg>"country": "${country}",</arg>
<arg>"neighborhood": "${neighborhood}",</arg>
<arg>"street": "${street}",</arg>
<arg>"number": "${number}",</arg>
<arg>"complement": "${complement}",</arg>
<arg>"postal_code": "${postal_code}"</arg>
<arg>}</arg>
</arguments>
<assign>
<var>${body}</var>
</assign>
<msg timestamp="20210322 03:16:26.111" level="INFO">${body} = { "city": "Rio de Janeiro", "state": "Rio de Janeiro", "country": "Brasil", "neighborhood": "Bairro de Testes", "street": "Rua de Testes", "number": "90", "complement": "apto 200", "postal_code": "215...</msg>
<status status="PASS" starttime="20210322 03:16:26.109" endtime="20210322 03:16:26.111"></status>
</kw>
<kw name="Post Request" library="RequestsLibrary">
<doc>Send a POST request on the session object found using the
given `alias`</doc>
<arguments>
<arg>accreditation</arg>
<arg>/marketplaces/${marketplace_external_key}/banking/accreditation/holders/${holder_external_key}/addresses</arg>
<arg>data=${body}</arg>
<arg>headers=${header}</arg>
</arguments>
<assign>
<var>${response}</var>
</assign>
<msg timestamp="20210322 03:16:26.112" level="INFO">POST Request using : uri=/marketplaces/f71a8951368a4cc085cf7875ff44e61c/banking/accreditation/holders/2f7f1d5f5d4a472baf4edde40321b2ba/addresses, params=None, files=None, allow_redirects=True, timeout=None
headers={'User-Agent': 'python-requests/2.22.0', 'Accept-Encoding': 'gzip, deflate', 'Accept': '*/*', 'Connection': 'keep-alive', 'Content-Type': 'application/json'} 
data={ "city": "Rio de Janeiro", "state": "Rio de Janeiro", "country": "Brasil", "neighborhood": "Bairro de Testes", "street": "Rua de Testes", "number": "90", "complement": "apto 200", "postal_code": "21550987" } 
json=None</msg>
<msg timestamp="20210322 03:16:26.337" level="INFO">${response} = &lt;Response [201]&gt;</msg>
<status status="PASS" starttime="20210322 03:16:26.111" endtime="20210322 03:16:26.337"></status>
</kw>
<kw name="Log" library="BuiltIn">
<doc>Logs the given message with the given level.</doc>
<arguments>
<arg>${response.json()}</arg>
</arguments>
<msg timestamp="20210322 03:16:26.340" level="INFO">{'id': 'e86e72c348a34e73ad16ca51a059910d', 'street': 'Rua de Testes', 'number': '90', 'city': 'Rio de Janeiro', 'complement': 'apto 200', 'state': 'Rio de Janeiro', 'neighborhood': 'Bairro de Testes', 'postal_code': '21550987', 'country': 'Brasil', 'main': True, '_links': {'self': {'href': 'https://banking-accreditation-internal.staging.zoop.tech/marketplaces/f71a8951368a4cc085cf7875ff44e61c/banking/accreditation/holders/2f7f1d5f5d4a472baf4edde40321b2ba/addresses/e86e72c348a34e73ad16ca51a059910d', 'type': 'GET'}, 'holder': {'href': 'https://banking-accreditation-internal.staging.zoop.tech/marketplaces/f71a8951368a4cc085cf7875ff44e61c/banking/accreditation/holders/2f7f1d5f5d4a472baf4edde40321b2ba', 'type': 'GET'}}}</msg>
<status status="PASS" starttime="20210322 03:16:26.338" endtime="20210322 03:16:26.340"></status>
</kw>
<kw name="Log" library="BuiltIn">
<doc>Logs the given message with the given level.</doc>
<arguments>
<arg>${response.headers['X-REQUEST-ID']}</arg>
</arguments>
<msg timestamp="20210322 03:16:26.342" level="INFO">1f6b28349fd6fc59</msg>
<status status="PASS" starttime="20210322 03:16:26.341" endtime="20210322 03:16:26.343"></status>
</kw>
<kw name="Set Global Variable" library="BuiltIn">
<doc>Makes a variable available globally in all tests and suites.</doc>
<arguments>
<arg>${response}</arg>
</arguments>
<msg timestamp="20210322 03:16:26.345" level="INFO">${response} = &lt;Response [201]&gt;</msg>
<status status="PASS" starttime="20210322 03:16:26.344" endtime="20210322 03:16:26.346"></status>
</kw>
<kw name="Set Variable If" library="BuiltIn">
<doc>Sets variable based on the given condition.</doc>
<arguments>
<arg>${response.status_code}==201</arg>
<arg>${response.json()["id"]}</arg>
</arguments>
<assign>
<var>${address_external_key}</var>
</assign>
<msg timestamp="20210322 03:16:26.347" level="INFO">${address_external_key} = e86e72c348a34e73ad16ca51a059910d</msg>
<status status="PASS" starttime="20210322 03:16:26.346" endtime="20210322 03:16:26.348"></status>
</kw>
<kw name="Set Global Variable" library="BuiltIn">
<doc>Makes a variable available globally in all tests and suites.</doc>
<arguments>
<arg>${address_external_key}</arg>
</arguments>
<msg timestamp="20210322 03:16:26.349" level="INFO">${address_external_key} = e86e72c348a34e73ad16ca51a059910d</msg>
<status status="PASS" starttime="20210322 03:16:26.348" endtime="20210322 03:16:26.349"></status>
</kw>
<status status="PASS" starttime="20210322 03:16:26.108" endtime="20210322 03:16:26.349"></status>
</kw>
<kw name="Should Be Equal As Integers" library="BuiltIn">
<doc>Fails if objects are unequal after converting them to integers.</doc>
<arguments>
<arg>${response.status_code}</arg>
<arg>201</arg>
</arguments>
<msg timestamp="20210322 03:16:26.351" level="INFO">Argument types are:
&lt;class 'int'&gt;
&lt;type 'unicode'&gt;</msg>
<status status="PASS" starttime="20210322 03:16:26.350" endtime="20210322 03:16:26.351"></status>
</kw>
<kw name="criar holder document" library="accreditation_post_holder_document">
<arguments>
<arg>CCMEI</arg>
</arguments>
<kw name="Create Dictionary" library="BuiltIn">
<doc>Creates and returns a dictionary based on the given ``items``.</doc>
<arguments>
<arg>Content-Type=image/jpeg</arg>
</arguments>
<assign>
<var>${header}</var>
</assign>
<msg timestamp="20210322 03:16:26.353" level="INFO">${header} = {'Content-Type': 'image/jpeg'}</msg>
<status status="PASS" starttime="20210322 03:16:26.352" endtime="20210322 03:16:26.353"></status>
</kw>
<kw name="Get Binary File" library="OperatingSystem">
<doc>Returns the contents of a specified file.</doc>
<arguments>
<arg>./../../images/accreditation/image.jpg</arg>
</arguments>
<assign>
<var>${data}</var>
</assign>
<msg timestamp="20210322 03:16:26.354" level="INFO" html="yes">Getting file '&lt;a href="file://C:\Users\vinicius.trindade\banking_continuous_testing\banking_continuous_testing\images\accreditation\image.jpg"&gt;C:\Users\vinicius.trindade\banking_continuous_testing\banking_continuous_testing\images\accreditation\image.jpg&lt;/a&gt;'.</msg>
<msg timestamp="20210322 03:16:26.356" level="INFO">${data} = \xff\xd8\xff\xe0JFIF\xf0\xf0\xff\xdbC


		
%# , #&amp;')*)-0-(0%()(\xff\xc0\xa0\xf0\xff\xc4	\xff\xc4=...</msg>
<status status="PASS" starttime="20210322 03:16:26.353" endtime="20210322 03:16:26.357"></status>
</kw>
<kw name="Post Request" library="RequestsLibrary">
<doc>Send a POST request on the session object found using the
given `alias`</doc>
<arguments>
<arg>accreditation</arg>
<arg>/marketplaces/${marketplace_external_key}/banking/accreditation/holders/${holder_external_key}/documents?type=${document_type}</arg>
<arg>data=${data}</arg>
<arg>headers=${header}</arg>
</arguments>
<assign>
<var>${response}</var>
</assign>
<msg timestamp="20210322 03:16:26.357" level="INFO">POST Request using : uri=/marketplaces/f71a8951368a4cc085cf7875ff44e61c/banking/accreditation/holders/2f7f1d5f5d4a472baf4edde40321b2ba/documents?type=CCMEI, params=None, files=None, allow_redirects=True, timeout=None
headers={'User-Agent': 'python-requests/2.22.0', 'Accept-Encoding': 'gzip, deflate', 'Accept': '*/*', 'Connection': 'keep-alive', 'Content-Type': 'image/jpeg'} 
data=&lt;image/jpeg&gt; 
json=None</msg>
<msg timestamp="20210322 03:16:26.670" level="INFO">${response} = &lt;Response [201]&gt;</msg>
<status status="PASS" starttime="20210322 03:16:26.357" endtime="20210322 03:16:26.671"></status>
</kw>
<kw name="Log" library="BuiltIn">
<doc>Logs the given message with the given level.</doc>
<arguments>
<arg>${response.json()}</arg>
</arguments>
<msg timestamp="20210322 03:16:26.672" level="INFO">{'id': '96044e815adc4ccf98e8e294c70e7b70', 'document_type': 'ccmei', 'media_type': 'image_jpeg', 'length': 3135, '_links': {'self': {'href': 'https://banking-accreditation-internal.staging.zoop.tech/marketplaces/f71a8951368a4cc085cf7875ff44e61c/banking/accreditation/holders/2f7f1d5f5d4a472baf4edde40321b2ba/documents/96044e815adc4ccf98e8e294c70e7b70', 'type': 'GET'}, 'holder': {'href': 'https://banking-accreditation-internal.staging.zoop.tech/marketplaces/f71a8951368a4cc085cf7875ff44e61c/banking/accreditation/holders/2f7f1d5f5d4a472baf4edde40321b2ba', 'type': 'GET'}, 'download': {'href': 'https://banking-accreditation-internal.staging.zoop.tech/marketplaces/f71a8951368a4cc085cf7875ff44e61c/banking/accreditation/holders/2f7f1d5f5d4a472baf4edde40321b2ba/documents/96044e815adc4ccf98e8e294c70e7b70/download', 'type': 'GET'}}}</msg>
<status status="PASS" starttime="20210322 03:16:26.671" endtime="20210322 03:16:26.672"></status>
</kw>
<kw name="Log" library="BuiltIn">
<doc>Logs the given message with the given level.</doc>
<arguments>
<arg>${response.headers['X-REQUEST-ID']}</arg>
</arguments>
<msg timestamp="20210322 03:16:26.674" level="INFO">c1a1e914d376b156</msg>
<status status="PASS" starttime="20210322 03:16:26.673" endtime="20210322 03:16:26.674"></status>
</kw>
<kw name="Set Global Variable" library="BuiltIn">
<doc>Makes a variable available globally in all tests and suites.</doc>
<arguments>
<arg>${response}</arg>
</arguments>
<msg timestamp="20210322 03:16:26.676" level="INFO">${response} = &lt;Response [201]&gt;</msg>
<status status="PASS" starttime="20210322 03:16:26.675" endtime="20210322 03:16:26.676"></status>
</kw>
<kw name="Set Variable If" library="BuiltIn">
<doc>Sets variable based on the given condition.</doc>
<arguments>
<arg>${response.status_code}==201</arg>
<arg>${response.json()["id"]}</arg>
</arguments>
<assign>
<var>${document_external_key}</var>
</assign>
<msg timestamp="20210322 03:16:26.678" level="INFO">${document_external_key} = 96044e815adc4ccf98e8e294c70e7b70</msg>
<status status="PASS" starttime="20210322 03:16:26.677" endtime="20210322 03:16:26.678"></status>
</kw>
<kw name="Set Global Variable" library="BuiltIn">
<doc>Makes a variable available globally in all tests and suites.</doc>
<arguments>
<arg>${document_external_key}</arg>
</arguments>
<msg timestamp="20210322 03:16:26.680" level="INFO">${document_external_key} = 96044e815adc4ccf98e8e294c70e7b70</msg>
<status status="PASS" starttime="20210322 03:16:26.679" endtime="20210322 03:16:26.680"></status>
</kw>
<status status="PASS" starttime="20210322 03:16:26.351" endtime="20210322 03:16:26.680"></status>
</kw>
<kw name="Should Be Equal As Integers" library="BuiltIn">
<doc>Fails if objects are unequal after converting them to integers.</doc>
<arguments>
<arg>${response.status_code}</arg>
<arg>201</arg>
</arguments>
<msg timestamp="20210322 03:16:26.681" level="INFO">Argument types are:
&lt;class 'int'&gt;
&lt;type 'unicode'&gt;</msg>
<status status="PASS" starttime="20210322 03:16:26.681" endtime="20210322 03:16:26.682"></status>
</kw>
<kw name="Cpf" library="FakerLibrary">
<assign>
<var>${partner_individual_national_registration}</var>
</assign>
<msg timestamp="20210322 03:16:26.682" level="INFO">${partner_individual_national_registration} = 240.761.538-71</msg>
<status status="PASS" starttime="20210322 03:16:26.682" endtime="20210322 03:16:26.683"></status>
</kw>
<kw name="Replace String" library="String">
<doc>Replaces ``search_for`` in the given ``string`` with ``replace_with``.</doc>
<arguments>
<arg>${partner_individual_national_registration}</arg>
<arg>.</arg>
<arg>${EMPTY}</arg>
</arguments>
<assign>
<var>${partner_individual_national_registration}</var>
</assign>
<msg timestamp="20210322 03:16:26.684" level="INFO">${partner_individual_national_registration} = 240761538-71</msg>
<status status="PASS" starttime="20210322 03:16:26.683" endtime="20210322 03:16:26.684"></status>
</kw>
<kw name="Replace String" library="String">
<doc>Replaces ``search_for`` in the given ``string`` with ``replace_with``.</doc>
<arguments>
<arg>${partner_individual_national_registration}</arg>
<arg>-</arg>
<arg>${EMPTY}</arg>
</arguments>
<assign>
<var>${partner_individual_national_registration}</var>
</assign>
<msg timestamp="20210322 03:16:26.685" level="INFO">${partner_individual_national_registration} = 24076153871</msg>
<status status="PASS" starttime="20210322 03:16:26.684" endtime="20210322 03:16:26.685"></status>
</kw>
<kw name="Set Global Variable" library="BuiltIn">
<doc>Makes a variable available globally in all tests and suites.</doc>
<arguments>
<arg>${partner_individual_national_registration}</arg>
</arguments>
<msg timestamp="20210322 03:16:26.686" level="INFO">${partner_individual_national_registration} = 24076153871</msg>
<status status="PASS" starttime="20210322 03:16:26.685" endtime="20210322 03:16:26.686"></status>
</kw>
<kw name="Rg" library="FakerLibrary">
<doc>Brazilian RG, return plain numbers.
Check:  https://www.ngmatematica.com/2014/02/como-determinar-o-digito-verificador-do.html</doc>
<assign>
<var>${partner_individual_identity_card}</var>
</assign>
<msg timestamp="20210322 03:16:26.686" level="INFO">${partner_individual_identity_card} = 265847011</msg>
<status status="PASS" starttime="20210322 03:16:26.686" endtime="20210322 03:16:26.686"></status>
</kw>
<kw name="Set Global Variable" library="BuiltIn">
<doc>Makes a variable available globally in all tests and suites.</doc>
<arguments>
<arg>${partner_individual_identity_card}</arg>
</arguments>
<msg timestamp="20210322 03:16:26.687" level="INFO">${partner_individual_identity_card} = 265847011</msg>
<status status="PASS" starttime="20210322 03:16:26.687" endtime="20210322 03:16:26.687"></status>
</kw>
<kw name="criar partner individual" library="accreditation_post_partner_individual">
<arguments>
<arg>partner_individual_type=individual</arg>
<arg>partner_individual_name=${partner_individual_name}</arg>
<arg>partner_individual_email=${partner_individual_email}</arg>
<arg>partner_individual_national_registration=${partner_individual_national_registration}</arg>
<arg>partner_individual_revenue=${partner_individual_revenue}</arg>
<arg>partner_individual_birthday=${partner_individual_birthday}</arg>
<arg>partner_individual_mothers_name=${partner_individual_mothers_name}</arg>
<arg>partner_individual_identity_card=${partner_individual_identity_card}</arg>
<arg>partner_individual_pep=false</arg>
<arg>partner_individual_percentage=100</arg>
<arg>partner_individual_adm=true</arg>
<arg>partner_individual_cbo=${partner_individual_cbo}</arg>
</arguments>
<kw name="Create Dictionary" library="BuiltIn">
<doc>Creates and returns a dictionary based on the given ``items``.</doc>
<arguments>
<arg>Content-Type=application/json</arg>
</arguments>
<assign>
<var>${header}</var>
</assign>
<msg timestamp="20210322 03:16:26.689" level="INFO">${header} = {'Content-Type': 'application/json'}</msg>
<status status="PASS" starttime="20210322 03:16:26.689" endtime="20210322 03:16:26.690"></status>
</kw>
<kw name="Catenate" library="BuiltIn">
<doc>Catenates the given items together and returns the resulted string.</doc>
<arguments>
<arg>{</arg>
<arg>"type": "${partner_individual_type}",</arg>
<arg>"name": "${partner_individual_name}",</arg>
<arg>"email": "${partner_individual_email}",</arg>
<arg>"national_registration": "${partner_individual_national_registration}",</arg>
<arg>"revenue": ${partner_individual_revenue},</arg>
<arg>"birthday": "${partner_individual_birthday}",</arg>
<arg>"mothers_name": "${partner_individual_mothers_name}",</arg>
<arg>"identity_card": "${partner_individual_identity_card}",</arg>
<arg>"pep": false,</arg>
<arg>"percentage": ${partner_individual_percentage},</arg>
<arg>"adm": ${partner_individual_adm},</arg>
<arg>"cbo": ${partner_individual_cbo}</arg>
<arg>}</arg>
</arguments>
<assign>
<var>${body}</var>
</assign>
<msg timestamp="20210322 03:16:26.691" level="INFO">${body} = { "type": "individual", "name": "Individual Partner de teste", "email": "teste@teste.com.br", "national_registration": "24076153871", "revenue": 5500.00, "birthday": "1988-04-23", "mothers_name": "Mãe...</msg>
<status status="PASS" starttime="20210322 03:16:26.690" endtime="20210322 03:16:26.691"></status>
</kw>
<kw name="Post Request" library="RequestsLibrary">
<doc>Send a POST request on the session object found using the
given `alias`</doc>
<arguments>
<arg>accreditation</arg>
<arg>/marketplaces/${marketplace_external_key}/banking/accreditation/holders/${holder_external_key}/partners</arg>
<arg>data=${body}</arg>
<arg>headers=${header}</arg>
</arguments>
<assign>
<var>${response}</var>
</assign>
<msg timestamp="20210322 03:16:26.692" level="INFO">POST Request using : uri=/marketplaces/f71a8951368a4cc085cf7875ff44e61c/banking/accreditation/holders/2f7f1d5f5d4a472baf4edde40321b2ba/partners, params=None, files=None, allow_redirects=True, timeout=None
headers={'User-Agent': 'python-requests/2.22.0', 'Accept-Encoding': 'gzip, deflate', 'Accept': '*/*', 'Connection': 'keep-alive', 'Content-Type': 'application/json'} 
data={ "type": "individual", "name": "Individual Partner de teste", "email": "teste@teste.com.br", "national_registration": "24076153871", "revenue": 5500.00, "birthday": "1988-04-23", "mothers_name": "Mãe do Individual Partner", "identity_card": "265847011", "pep": false, "percentage": 100, "adm": true, "cbo": 821450 } 
json=None</msg>
<msg timestamp="20210322 03:16:26.927" level="INFO">${response} = &lt;Response [201]&gt;</msg>
<status status="PASS" starttime="20210322 03:16:26.691" endtime="20210322 03:16:26.928"></status>
</kw>
<kw name="Log" library="BuiltIn">
<doc>Logs the given message with the given level.</doc>
<arguments>
<arg>${response.json()}</arg>
</arguments>
<msg timestamp="20210322 03:16:26.932" level="INFO">{'id': '06e703123813472787bf6470f90be28b', 'name': 'Individual Partner de teste', 'revenue': 5500.0, 'email': 'teste@teste.com.br', 'created_at': '2021-03-22T03:16:27.7235', 'updated_at': '2021-03-22T03:16:27.723502', 'main': True, 'adm': True, 'percentage': 100.0, 'type': 'individual', 'national_registration': '24076153871', 'birthday': '1988-04-23', 'mothers_name': 'Mãe do Individual Partner', 'identity_card': '265847011', 'pep': False, 'cbo': '821450', '_links': {'self': {'href': 'https://banking-accreditation-internal.staging.zoop.tech/marketplaces/f71a8951368a4cc085cf7875ff44e61c/banking/accreditation/holders/2f7f1d5f5d4a472baf4edde40321b2ba/partners/06e703123813472787bf6470f90be28b', 'type': 'GET'}, 'phones': {'href': 'https://banking-accreditation-internal.staging.zoop.tech/marketplaces/f71a8951368a4cc085cf7875ff44e61c/banking/accreditation/holders/2f7f1d5f5d4a472baf4edde40321b2ba/partners/06e703123813472787bf6470f90be28b/phones', 'type': 'GET'}, 'addresses': {'href': 'https://banking-accreditation-internal.staging.zoop.tech/marketplaces/f71a8951368a4cc085cf7875ff44e61c/banking/accreditation/holders/2f7f1d5f5d4a472baf4edde40321b2ba/partners/06e703123813472787bf6470f90be28b/addresses', 'type': 'GET'}, 'documents': {'href': 'https://banking-accreditation-internal.staging.zoop.tech/marketplaces/f71a8951368a4cc085cf7875ff44e61c/banking/accreditation/holders/2f7f1d5f5d4a472baf4edde40321b2ba/partners/06e703123813472787bf6470f90be28b/documents', 'type': 'GET'}, 'holder': {'href': 'https://banking-accreditation-internal.staging.zoop.tech/marketplaces/f71a8951368a4cc085cf7875ff44e61c/banking/accreditation/holders/2f7f1d5f5d4a472baf4edde40321b2ba', 'type': 'GET'}}}</msg>
<status status="PASS" starttime="20210322 03:16:26.929" endtime="20210322 03:16:26.932"></status>
</kw>
<kw name="Log" library="BuiltIn">
<doc>Logs the given message with the given level.</doc>
<arguments>
<arg>${response.headers['X-REQUEST-ID']}</arg>
</arguments>
<msg timestamp="20210322 03:16:26.934" level="INFO">0a3f3bdfd90c0155</msg>
<status status="PASS" starttime="20210322 03:16:26.933" endtime="20210322 03:16:26.935"></status>
</kw>
<kw name="Set Global Variable" library="BuiltIn">
<doc>Makes a variable available globally in all tests and suites.</doc>
<arguments>
<arg>${response}</arg>
</arguments>
<msg timestamp="20210322 03:16:26.936" level="INFO">${response} = &lt;Response [201]&gt;</msg>
<status status="PASS" starttime="20210322 03:16:26.935" endtime="20210322 03:16:26.936"></status>
</kw>
<kw name="Set Variable If" library="BuiltIn">
<doc>Sets variable based on the given condition.</doc>
<arguments>
<arg>${response.status_code}==201</arg>
<arg>${response.json()["id"]}</arg>
</arguments>
<assign>
<var>${partner_external_key}</var>
</assign>
<msg timestamp="20210322 03:16:26.939" level="INFO">${partner_external_key} = 06e703123813472787bf6470f90be28b</msg>
<status status="PASS" starttime="20210322 03:16:26.937" endtime="20210322 03:16:26.939"></status>
</kw>
<kw name="Set Global Variable" library="BuiltIn">
<doc>Makes a variable available globally in all tests and suites.</doc>
<arguments>
<arg>${partner_external_key}</arg>
</arguments>
<msg timestamp="20210322 03:16:26.941" level="INFO">${partner_external_key} = 06e703123813472787bf6470f90be28b</msg>
<status status="PASS" starttime="20210322 03:16:26.940" endtime="20210322 03:16:26.941"></status>
</kw>
<status status="PASS" starttime="20210322 03:16:26.688" endtime="20210322 03:16:26.941"></status>
</kw>
<kw name="Should Be Equal As Integers" library="BuiltIn">
<doc>Fails if objects are unequal after converting them to integers.</doc>
<arguments>
<arg>${response.status_code}</arg>
<arg>201</arg>
</arguments>
<msg timestamp="20210322 03:16:26.943" level="INFO">Argument types are:
&lt;class 'int'&gt;
&lt;type 'unicode'&gt;</msg>
<status status="PASS" starttime="20210322 03:16:26.942" endtime="20210322 03:16:26.943"></status>
</kw>
<kw name="criar partner phone" library="accreditation_post_partner_phone">
<arguments>
<arg>21</arg>
<arg>51</arg>
<arg>996554785</arg>
</arguments>
<kw name="Create Dictionary" library="BuiltIn">
<doc>Creates and returns a dictionary based on the given ``items``.</doc>
<arguments>
<arg>Content-Type=application/json</arg>
</arguments>
<assign>
<var>${header}</var>
</assign>
<msg timestamp="20210322 03:16:26.945" level="INFO">${header} = {'Content-Type': 'application/json'}</msg>
<status status="PASS" starttime="20210322 03:16:26.944" endtime="20210322 03:16:26.945"></status>
</kw>
<kw name="Catenate" library="BuiltIn">
<doc>Catenates the given items together and returns the resulted string.</doc>
<arguments>
<arg>{</arg>
<arg>"area_code": "${phone_area_code}",</arg>
<arg>"country_code": "${phone_country_code}",</arg>
<arg>"number": "${phone_number}"</arg>
<arg>}</arg>
</arguments>
<assign>
<var>${body}</var>
</assign>
<msg timestamp="20210322 03:16:26.946" level="INFO">${body} = { "area_code": "21", "country_code": "51", "number": "996554785" }</msg>
<status status="PASS" starttime="20210322 03:16:26.945" endtime="20210322 03:16:26.946"></status>
</kw>
<kw name="Post Request" library="RequestsLibrary">
<doc>Send a POST request on the session object found using the
given `alias`</doc>
<arguments>
<arg>accreditation</arg>
<arg>/marketplaces/${marketplace_external_key}/banking/accreditation/holders/${holder_external_key}/partners/${partner_external_key}/phones/</arg>
<arg>data=${body}</arg>
<arg>headers=${header}</arg>
</arguments>
<assign>
<var>${response}</var>
</assign>
<msg timestamp="20210322 03:16:26.948" level="INFO">POST Request using : uri=/marketplaces/f71a8951368a4cc085cf7875ff44e61c/banking/accreditation/holders/2f7f1d5f5d4a472baf4edde40321b2ba/partners/06e703123813472787bf6470f90be28b/phones/, params=None, files=None, allow_redirects=True, timeout=None
headers={'User-Agent': 'python-requests/2.22.0', 'Accept-Encoding': 'gzip, deflate', 'Accept': '*/*', 'Connection': 'keep-alive', 'Content-Type': 'application/json'} 
data={ "area_code": "21", "country_code": "51", "number": "996554785" } 
json=None</msg>
<msg timestamp="20210322 03:16:27.166" level="INFO">${response} = &lt;Response [201]&gt;</msg>
<status status="PASS" starttime="20210322 03:16:26.947" endtime="20210322 03:16:27.166"></status>
</kw>
<kw name="Log" library="BuiltIn">
<doc>Logs the given message with the given level.</doc>
<arguments>
<arg>${response.json()}</arg>
</arguments>
<msg timestamp="20210322 03:16:27.166" level="INFO">{'id': '52d0b6e26e1342e6842c8caff7bbfd61', 'area_code': '21', 'country_code': '51', 'number': '996554785', 'main': True, '_links': {'self': {'href': 'https://banking-accreditation-internal.staging.zoop.tech/marketplaces/f71a8951368a4cc085cf7875ff44e61c/banking/accreditation/holders/2f7f1d5f5d4a472baf4edde40321b2ba/partners/06e703123813472787bf6470f90be28b/phones/52d0b6e26e1342e6842c8caff7bbfd61', 'type': 'GET'}, 'partner': {'href': 'https://banking-accreditation-internal.staging.zoop.tech/marketplaces/f71a8951368a4cc085cf7875ff44e61c/banking/accreditation/holders/2f7f1d5f5d4a472baf4edde40321b2ba/partners/06e703123813472787bf6470f90be28b', 'type': 'GET'}, 'holder': {'href': 'https://banking-accreditation-internal.staging.zoop.tech/marketplaces/f71a8951368a4cc085cf7875ff44e61c/banking/accreditation/holders/2f7f1d5f5d4a472baf4edde40321b2ba', 'type': 'GET'}}}</msg>
<status status="PASS" starttime="20210322 03:16:27.166" endtime="20210322 03:16:27.166"></status>
</kw>
<kw name="Log" library="BuiltIn">
<doc>Logs the given message with the given level.</doc>
<arguments>
<arg>${response.headers['X-REQUEST-ID']}</arg>
</arguments>
<msg timestamp="20210322 03:16:27.167" level="INFO">dc8e8e531c17cc5e</msg>
<status status="PASS" starttime="20210322 03:16:27.167" endtime="20210322 03:16:27.167"></status>
</kw>
<kw name="Set Global Variable" library="BuiltIn">
<doc>Makes a variable available globally in all tests and suites.</doc>
<arguments>
<arg>${response}</arg>
</arguments>
<msg timestamp="20210322 03:16:27.169" level="INFO">${response} = &lt;Response [201]&gt;</msg>
<status status="PASS" starttime="20210322 03:16:27.168" endtime="20210322 03:16:27.169"></status>
</kw>
<kw name="Set Variable If" library="BuiltIn">
<doc>Sets variable based on the given condition.</doc>
<arguments>
<arg>${response.status_code}==201</arg>
<arg>${response.json()["id"]}</arg>
</arguments>
<assign>
<var>${holder_external_key}</var>
</assign>
<msg timestamp="20210322 03:16:27.170" level="INFO">${holder_external_key} = 52d0b6e26e1342e6842c8caff7bbfd61</msg>
<status status="PASS" starttime="20210322 03:16:27.169" endtime="20210322 03:16:27.170"></status>
</kw>
<kw name="Set Global Variable" library="BuiltIn">
<doc>Makes a variable available globally in all tests and suites.</doc>
<arguments>
<arg>${phone_external_key}</arg>
</arguments>
<msg timestamp="20210322 03:16:27.171" level="INFO">${phone_external_key} = 858607f94e534f028d1298a1476cc8af</msg>
<status status="PASS" starttime="20210322 03:16:27.171" endtime="20210322 03:16:27.172"></status>
</kw>
<status status="PASS" starttime="20210322 03:16:26.943" endtime="20210322 03:16:27.173"></status>
</kw>
<kw name="Should Be Equal As Integers" library="BuiltIn">
<doc>Fails if objects are unequal after converting them to integers.</doc>
<arguments>
<arg>${response.status_code}</arg>
<arg>201</arg>
</arguments>
<msg timestamp="20210322 03:16:27.173" level="INFO">Argument types are:
&lt;class 'int'&gt;
&lt;type 'unicode'&gt;</msg>
<status status="PASS" starttime="20210322 03:16:27.173" endtime="20210322 03:16:27.173"></status>
</kw>
<kw name="criar partner address" library="accreditation_post_partner_address">
<arguments>
<arg>Rio de Janeiro</arg>
<arg>Rio de Janeiro</arg>
<arg>Brasil</arg>
<arg>Bairro de Testes</arg>
<arg>Rua de Testes</arg>
<arg>61</arg>
<arg>apto 201</arg>
<arg>21550478</arg>
</arguments>
<kw name="Create Dictionary" library="BuiltIn">
<doc>Creates and returns a dictionary based on the given ``items``.</doc>
<arguments>
<arg>Content-Type=application/json</arg>
</arguments>
<assign>
<var>${header}</var>
</assign>
<msg timestamp="20210322 03:16:27.175" level="INFO">${header} = {'Content-Type': 'application/json'}</msg>
<status status="PASS" starttime="20210322 03:16:27.174" endtime="20210322 03:16:27.175"></status>
</kw>
<kw name="Catenate" library="BuiltIn">
<doc>Catenates the given items together and returns the resulted string.</doc>
<arguments>
<arg>{</arg>
<arg>"city": "${city}",</arg>
<arg>"state": "${state}",</arg>
<arg>"country": "${country}",</arg>
<arg>"neighborhood": "${neighborhood}",</arg>
<arg>"street": "${street}",</arg>
<arg>"number": "${number}",</arg>
<arg>"complement": "${complement}",</arg>
<arg>"postal_code": "${postal_code}"</arg>
<arg>}</arg>
</arguments>
<assign>
<var>${body}</var>
</assign>
<msg timestamp="20210322 03:16:27.176" level="INFO">${body} = { "city": "Rio de Janeiro", "state": "Rio de Janeiro", "country": "Brasil", "neighborhood": "Bairro de Testes", "street": "Rua de Testes", "number": "61", "complement": "apto 201", "postal_code": "215...</msg>
<status status="PASS" starttime="20210322 03:16:27.175" endtime="20210322 03:16:27.176"></status>
</kw>
<kw name="Post Request" library="RequestsLibrary">
<doc>Send a POST request on the session object found using the
given `alias`</doc>
<arguments>
<arg>accreditation</arg>
<arg>/marketplaces/${marketplace_external_key}/banking/accreditation/holders/${holder_external_key}/partners/${partner_external_key}/addresses</arg>
<arg>data=${body}</arg>
<arg>headers=${header}</arg>
</arguments>
<assign>
<var>${response}</var>
</assign>
<msg timestamp="20210322 03:16:27.178" level="INFO">POST Request using : uri=/marketplaces/f71a8951368a4cc085cf7875ff44e61c/banking/accreditation/holders/2f7f1d5f5d4a472baf4edde40321b2ba/partners/06e703123813472787bf6470f90be28b/addresses, params=None, files=None, allow_redirects=True, timeout=None
headers={'User-Agent': 'python-requests/2.22.0', 'Accept-Encoding': 'gzip, deflate', 'Accept': '*/*', 'Connection': 'keep-alive', 'Content-Type': 'application/json'} 
data={ "city": "Rio de Janeiro", "state": "Rio de Janeiro", "country": "Brasil", "neighborhood": "Bairro de Testes", "street": "Rua de Testes", "number": "61", "complement": "apto 201", "postal_code": "21550478" } 
json=None</msg>
<msg timestamp="20210322 03:16:27.407" level="INFO">${response} = &lt;Response [201]&gt;</msg>
<status status="PASS" starttime="20210322 03:16:27.177" endtime="20210322 03:16:27.408"></status>
</kw>
<kw name="Log" library="BuiltIn">
<doc>Logs the given message with the given level.</doc>
<arguments>
<arg>${response.json()}</arg>
</arguments>
<msg timestamp="20210322 03:16:27.410" level="INFO">{'id': '09359298d8094b98b2e464ef4cd9ba6f', 'street': 'Rua de Testes', 'number': '61', 'city': 'Rio de Janeiro', 'complement': 'apto 201', 'state': 'Rio de Janeiro', 'neighborhood': 'Bairro de Testes', 'postal_code': '21550478', 'country': 'Brasil', 'main': True, '_links': {'self': {'href': 'https://banking-accreditation-internal.staging.zoop.tech/marketplaces/f71a8951368a4cc085cf7875ff44e61c/banking/accreditation/holders/2f7f1d5f5d4a472baf4edde40321b2ba/partners/06e703123813472787bf6470f90be28b/addresses/09359298d8094b98b2e464ef4cd9ba6f', 'type': 'GET'}, 'partner': {'href': 'https://banking-accreditation-internal.staging.zoop.tech/marketplaces/f71a8951368a4cc085cf7875ff44e61c/banking/accreditation/holders/2f7f1d5f5d4a472baf4edde40321b2ba/partners/06e703123813472787bf6470f90be28b', 'type': 'GET'}, 'holder': {'href': 'https://banking-accreditation-internal.staging.zoop.tech/marketplaces/f71a8951368a4cc085cf7875ff44e61c/banking/accreditation/holders/2f7f1d5f5d4a472baf4edde40321b2ba', 'type': 'GET'}}}</msg>
<status status="PASS" starttime="20210322 03:16:27.409" endtime="20210322 03:16:27.411"></status>
</kw>
<kw name="Log" library="BuiltIn">
<doc>Logs the given message with the given level.</doc>
<arguments>
<arg>${response.headers['X-REQUEST-ID']}</arg>
</arguments>
<msg timestamp="20210322 03:16:27.413" level="INFO">974dfae81875a79e</msg>
<status status="PASS" starttime="20210322 03:16:27.412" endtime="20210322 03:16:27.413"></status>
</kw>
<kw name="Set Global Variable" library="BuiltIn">
<doc>Makes a variable available globally in all tests and suites.</doc>
<arguments>
<arg>${response}</arg>
</arguments>
<msg timestamp="20210322 03:16:27.414" level="INFO">${response} = &lt;Response [201]&gt;</msg>
<status status="PASS" starttime="20210322 03:16:27.413" endtime="20210322 03:16:27.414"></status>
</kw>
<kw name="Set Variable If" library="BuiltIn">
<doc>Sets variable based on the given condition.</doc>
<arguments>
<arg>${response.status_code}==201</arg>
<arg>${response.json()["id"]}</arg>
</arguments>
<assign>
<var>${address_external_key}</var>
</assign>
<msg timestamp="20210322 03:16:27.416" level="INFO">${address_external_key} = 09359298d8094b98b2e464ef4cd9ba6f</msg>
<status status="PASS" starttime="20210322 03:16:27.415" endtime="20210322 03:16:27.416"></status>
</kw>
<kw name="Set Global Variable" library="BuiltIn">
<doc>Makes a variable available globally in all tests and suites.</doc>
<arguments>
<arg>${address_external_key}</arg>
</arguments>
<msg timestamp="20210322 03:16:27.417" level="INFO">${address_external_key} = 09359298d8094b98b2e464ef4cd9ba6f</msg>
<status status="PASS" starttime="20210322 03:16:27.417" endtime="20210322 03:16:27.417"></status>
</kw>
<status status="PASS" starttime="20210322 03:16:27.173" endtime="20210322 03:16:27.418"></status>
</kw>
<kw name="Should Be Equal As Integers" library="BuiltIn">
<doc>Fails if objects are unequal after converting them to integers.</doc>
<arguments>
<arg>${response.status_code}</arg>
<arg>201</arg>
</arguments>
<msg timestamp="20210322 03:16:27.419" level="INFO">Argument types are:
&lt;class 'int'&gt;
&lt;type 'unicode'&gt;</msg>
<status status="PASS" starttime="20210322 03:16:27.418" endtime="20210322 03:16:27.419"></status>
</kw>
<kw name="criar partner document" library="accreditation_post_partner_document">
<arguments>
<arg>SELFIE</arg>
</arguments>
<kw name="Create Dictionary" library="BuiltIn">
<doc>Creates and returns a dictionary based on the given ``items``.</doc>
<arguments>
<arg>Content-Type=image/jpeg</arg>
</arguments>
<assign>
<var>${header}</var>
</assign>
<msg timestamp="20210322 03:16:27.421" level="INFO">${header} = {'Content-Type': 'image/jpeg'}</msg>
<status status="PASS" starttime="20210322 03:16:27.420" endtime="20210322 03:16:27.421"></status>
</kw>
<kw name="Get Binary File" library="OperatingSystem">
<doc>Returns the contents of a specified file.</doc>
<arguments>
<arg>./../../images/accreditation/image.jpg</arg>
</arguments>
<assign>
<var>${data}</var>
</assign>
<msg timestamp="20210322 03:16:27.422" level="INFO" html="yes">Getting file '&lt;a href="file://C:\Users\vinicius.trindade\banking_continuous_testing\banking_continuous_testing\images\accreditation\image.jpg"&gt;C:\Users\vinicius.trindade\banking_continuous_testing\banking_continuous_testing\images\accreditation\image.jpg&lt;/a&gt;'.</msg>
<msg timestamp="20210322 03:16:27.424" level="INFO">${data} = \xff\xd8\xff\xe0JFIF\xf0\xf0\xff\xdbC


		
%# , #&amp;')*)-0-(0%()(\xff\xc0\xa0\xf0\xff\xc4	\xff\xc4=...</msg>
<status status="PASS" starttime="20210322 03:16:27.421" endtime="20210322 03:16:27.424"></status>
</kw>
<kw name="Post Request" library="RequestsLibrary">
<doc>Send a POST request on the session object found using the
given `alias`</doc>
<arguments>
<arg>accreditation</arg>
<arg>/marketplaces/${marketplace_external_key}/banking/accreditation/holders/${holder_external_key}/partners/${partner_externaL_key}/documents?type=${document_type}</arg>
<arg>data=${data}</arg>
<arg>headers=${header}</arg>
</arguments>
<assign>
<var>${response}</var>
</assign>
<msg timestamp="20210322 03:16:27.426" level="INFO">POST Request using : uri=/marketplaces/f71a8951368a4cc085cf7875ff44e61c/banking/accreditation/holders/2f7f1d5f5d4a472baf4edde40321b2ba/partners/06e703123813472787bf6470f90be28b/documents?type=SELFIE, params=None, files=None, allow_redirects=True, timeout=None
headers={'User-Agent': 'python-requests/2.22.0', 'Accept-Encoding': 'gzip, deflate', 'Accept': '*/*', 'Connection': 'keep-alive', 'Content-Type': 'image/jpeg'} 
data=&lt;image/jpeg&gt; 
json=None</msg>
<msg timestamp="20210322 03:16:27.709" level="INFO">${response} = &lt;Response [201]&gt;</msg>
<status status="PASS" starttime="20210322 03:16:27.425" endtime="20210322 03:16:27.709"></status>
</kw>
<kw name="Log" library="BuiltIn">
<doc>Logs the given message with the given level.</doc>
<arguments>
<arg>${response.json()}</arg>
</arguments>
<msg timestamp="20210322 03:16:27.711" level="INFO">{'id': '2cc6349943db40a28b412a25bbfb9f07', 'document_type': 'selfie', 'media_type': 'image_jpeg', 'length': 3135, '_links': {'self': {'href': 'https://banking-accreditation-internal.staging.zoop.tech/marketplaces/f71a8951368a4cc085cf7875ff44e61c/banking/accreditation/holders/2f7f1d5f5d4a472baf4edde40321b2ba/partners/06e703123813472787bf6470f90be28b/documents/2cc6349943db40a28b412a25bbfb9f07', 'type': 'GET'}, 'holder': {'href': 'https://banking-accreditation-internal.staging.zoop.tech/marketplaces/f71a8951368a4cc085cf7875ff44e61c/banking/accreditation/holders/2f7f1d5f5d4a472baf4edde40321b2ba', 'type': 'GET'}, 'partner': {'href': 'https://banking-accreditation-internal.staging.zoop.tech/marketplaces/f71a8951368a4cc085cf7875ff44e61c/banking/accreditation/holders/2f7f1d5f5d4a472baf4edde40321b2ba/partners/06e703123813472787bf6470f90be28b', 'type': 'GET'}, 'download': {'href': 'https://banking-accreditation-internal.staging.zoop.tech/marketplaces/f71a8951368a4cc085cf7875ff44e61c/banking/accreditation/holders/2f7f1d5f5d4a472baf4edde40321b2ba/partners/06e703123813472787bf6470f90be28b/documents/2cc6349943db40a28b412a25bbfb9f07/download', 'type': 'GET'}}}</msg>
<status status="PASS" starttime="20210322 03:16:27.710" endtime="20210322 03:16:27.712"></status>
</kw>
<kw name="Log" library="BuiltIn">
<doc>Logs the given message with the given level.</doc>
<arguments>
<arg>${response.headers['X-REQUEST-ID']}</arg>
</arguments>
<msg timestamp="20210322 03:16:27.714" level="INFO">abdd447da47cab26</msg>
<status status="PASS" starttime="20210322 03:16:27.713" endtime="20210322 03:16:27.714"></status>
</kw>
<kw name="Set Global Variable" library="BuiltIn">
<doc>Makes a variable available globally in all tests and suites.</doc>
<arguments>
<arg>${response}</arg>
</arguments>
<msg timestamp="20210322 03:16:27.716" level="INFO">${response} = &lt;Response [201]&gt;</msg>
<status status="PASS" starttime="20210322 03:16:27.715" endtime="20210322 03:16:27.716"></status>
</kw>
<kw name="Set Variable If" library="BuiltIn">
<doc>Sets variable based on the given condition.</doc>
<arguments>
<arg>${response.status_code}==201</arg>
<arg>${response.json()["id"]}</arg>
</arguments>
<assign>
<var>${document_external_key}</var>
</assign>
<msg timestamp="20210322 03:16:27.718" level="INFO">${document_external_key} = 2cc6349943db40a28b412a25bbfb9f07</msg>
<status status="PASS" starttime="20210322 03:16:27.716" endtime="20210322 03:16:27.718"></status>
</kw>
<kw name="Set Global Variable" library="BuiltIn">
<doc>Makes a variable available globally in all tests and suites.</doc>
<arguments>
<arg>${document_external_key}</arg>
</arguments>
<msg timestamp="20210322 03:16:27.719" level="INFO">${document_external_key} = 2cc6349943db40a28b412a25bbfb9f07</msg>
<status status="PASS" starttime="20210322 03:16:27.719" endtime="20210322 03:16:27.719"></status>
</kw>
<status status="PASS" starttime="20210322 03:16:27.419" endtime="20210322 03:16:27.720"></status>
</kw>
<kw name="Should Be Equal As Integers" library="BuiltIn">
<doc>Fails if objects are unequal after converting them to integers.</doc>
<arguments>
<arg>${response.status_code}</arg>
<arg>201</arg>
</arguments>
<msg timestamp="20210322 03:16:27.721" level="INFO">Argument types are:
&lt;class 'int'&gt;
&lt;type 'unicode'&gt;</msg>
<status status="PASS" starttime="20210322 03:16:27.721" endtime="20210322 03:16:27.721"></status>
</kw>
<kw name="criar partner document" library="accreditation_post_partner_document">
<arguments>
<arg>RG_FRENTE</arg>
</arguments>
<kw name="Create Dictionary" library="BuiltIn">
<doc>Creates and returns a dictionary based on the given ``items``.</doc>
<arguments>
<arg>Content-Type=image/jpeg</arg>
</arguments>
<assign>
<var>${header}</var>
</assign>
<msg timestamp="20210322 03:16:27.724" level="INFO">${header} = {'Content-Type': 'image/jpeg'}</msg>
<status status="PASS" starttime="20210322 03:16:27.724" endtime="20210322 03:16:27.724"></status>
</kw>
<kw name="Get Binary File" library="OperatingSystem">
<doc>Returns the contents of a specified file.</doc>
<arguments>
<arg>./../../images/accreditation/image.jpg</arg>
</arguments>
<assign>
<var>${data}</var>
</assign>
<msg timestamp="20210322 03:16:27.725" level="INFO" html="yes">Getting file '&lt;a href="file://C:\Users\vinicius.trindade\banking_continuous_testing\banking_continuous_testing\images\accreditation\image.jpg"&gt;C:\Users\vinicius.trindade\banking_continuous_testing\banking_continuous_testing\images\accreditation\image.jpg&lt;/a&gt;'.</msg>
<msg timestamp="20210322 03:16:27.727" level="INFO">${data} = \xff\xd8\xff\xe0JFIF\xf0\xf0\xff\xdbC


		
%# , #&amp;')*)-0-(0%()(\xff\xc0\xa0\xf0\xff\xc4	\xff\xc4=...</msg>
<status status="PASS" starttime="20210322 03:16:27.725" endtime="20210322 03:16:27.727"></status>
</kw>
<kw name="Post Request" library="RequestsLibrary">
<doc>Send a POST request on the session object found using the
given `alias`</doc>
<arguments>
<arg>accreditation</arg>
<arg>/marketplaces/${marketplace_external_key}/banking/accreditation/holders/${holder_external_key}/partners/${partner_externaL_key}/documents?type=${document_type}</arg>
<arg>data=${data}</arg>
<arg>headers=${header}</arg>
</arguments>
<assign>
<var>${response}</var>
</assign>
<msg timestamp="20210322 03:16:27.728" level="INFO">POST Request using : uri=/marketplaces/f71a8951368a4cc085cf7875ff44e61c/banking/accreditation/holders/2f7f1d5f5d4a472baf4edde40321b2ba/partners/06e703123813472787bf6470f90be28b/documents?type=RG_FRENTE, params=None, files=None, allow_redirects=True, timeout=None
headers={'User-Agent': 'python-requests/2.22.0', 'Accept-Encoding': 'gzip, deflate', 'Accept': '*/*', 'Connection': 'keep-alive', 'Content-Type': 'image/jpeg'} 
data=&lt;image/jpeg&gt; 
json=None</msg>
<msg timestamp="20210322 03:16:28.041" level="INFO">${response} = &lt;Response [201]&gt;</msg>
<status status="PASS" starttime="20210322 03:16:27.728" endtime="20210322 03:16:28.041"></status>
</kw>
<kw name="Log" library="BuiltIn">
<doc>Logs the given message with the given level.</doc>
<arguments>
<arg>${response.json()}</arg>
</arguments>
<msg timestamp="20210322 03:16:28.044" level="INFO">{'id': '912fd7443ee84ca08d8cfc4b779393de', 'document_type': 'rg_frente', 'media_type': 'image_jpeg', 'length': 3135, '_links': {'self': {'href': 'https://banking-accreditation-internal.staging.zoop.tech/marketplaces/f71a8951368a4cc085cf7875ff44e61c/banking/accreditation/holders/2f7f1d5f5d4a472baf4edde40321b2ba/partners/06e703123813472787bf6470f90be28b/documents/912fd7443ee84ca08d8cfc4b779393de', 'type': 'GET'}, 'holder': {'href': 'https://banking-accreditation-internal.staging.zoop.tech/marketplaces/f71a8951368a4cc085cf7875ff44e61c/banking/accreditation/holders/2f7f1d5f5d4a472baf4edde40321b2ba', 'type': 'GET'}, 'partner': {'href': 'https://banking-accreditation-internal.staging.zoop.tech/marketplaces/f71a8951368a4cc085cf7875ff44e61c/banking/accreditation/holders/2f7f1d5f5d4a472baf4edde40321b2ba/partners/06e703123813472787bf6470f90be28b', 'type': 'GET'}, 'download': {'href': 'https://banking-accreditation-internal.staging.zoop.tech/marketplaces/f71a8951368a4cc085cf7875ff44e61c/banking/accreditation/holders/2f7f1d5f5d4a472baf4edde40321b2ba/partners/06e703123813472787bf6470f90be28b/documents/912fd7443ee84ca08d8cfc4b779393de/download', 'type': 'GET'}}}</msg>
<status status="PASS" starttime="20210322 03:16:28.042" endtime="20210322 03:16:28.044"></status>
</kw>
<kw name="Log" library="BuiltIn">
<doc>Logs the given message with the given level.</doc>
<arguments>
<arg>${response.headers['X-REQUEST-ID']}</arg>
</arguments>
<msg timestamp="20210322 03:16:28.046" level="INFO">719801e59eb3df72</msg>
<status status="PASS" starttime="20210322 03:16:28.045" endtime="20210322 03:16:28.047"></status>
</kw>
<kw name="Set Global Variable" library="BuiltIn">
<doc>Makes a variable available globally in all tests and suites.</doc>
<arguments>
<arg>${response}</arg>
</arguments>
<msg timestamp="20210322 03:16:28.049" level="INFO">${response} = &lt;Response [201]&gt;</msg>
<status status="PASS" starttime="20210322 03:16:28.048" endtime="20210322 03:16:28.049"></status>
</kw>
<kw name="Set Variable If" library="BuiltIn">
<doc>Sets variable based on the given condition.</doc>
<arguments>
<arg>${response.status_code}==201</arg>
<arg>${response.json()["id"]}</arg>
</arguments>
<assign>
<var>${document_external_key}</var>
</assign>
<msg timestamp="20210322 03:16:28.051" level="INFO">${document_external_key} = 912fd7443ee84ca08d8cfc4b779393de</msg>
<status status="PASS" starttime="20210322 03:16:28.050" endtime="20210322 03:16:28.051"></status>
</kw>
<kw name="Set Global Variable" library="BuiltIn">
<doc>Makes a variable available globally in all tests and suites.</doc>
<arguments>
<arg>${document_external_key}</arg>
</arguments>
<msg timestamp="20210322 03:16:28.053" level="INFO">${document_external_key} = 912fd7443ee84ca08d8cfc4b779393de</msg>
<status status="PASS" starttime="20210322 03:16:28.052" endtime="20210322 03:16:28.053"></status>
</kw>
<status status="PASS" starttime="20210322 03:16:27.723" endtime="20210322 03:16:28.053"></status>
</kw>
<kw name="Should Be Equal As Integers" library="BuiltIn">
<doc>Fails if objects are unequal after converting them to integers.</doc>
<arguments>
<arg>${response.status_code}</arg>
<arg>201</arg>
</arguments>
<msg timestamp="20210322 03:16:28.055" level="INFO">Argument types are:
&lt;class 'int'&gt;
&lt;type 'unicode'&gt;</msg>
<status status="PASS" starttime="20210322 03:16:28.054" endtime="20210322 03:16:28.055"></status>
</kw>
<kw name="criar partner document" library="accreditation_post_partner_document">
<arguments>
<arg>RG_VERSO</arg>
</arguments>
<kw name="Create Dictionary" library="BuiltIn">
<doc>Creates and returns a dictionary based on the given ``items``.</doc>
<arguments>
<arg>Content-Type=image/jpeg</arg>
</arguments>
<assign>
<var>${header}</var>
</assign>
<msg timestamp="20210322 03:16:28.057" level="INFO">${header} = {'Content-Type': 'image/jpeg'}</msg>
<status status="PASS" starttime="20210322 03:16:28.056" endtime="20210322 03:16:28.057"></status>
</kw>
<kw name="Get Binary File" library="OperatingSystem">
<doc>Returns the contents of a specified file.</doc>
<arguments>
<arg>./../../images/accreditation/image.jpg</arg>
</arguments>
<assign>
<var>${data}</var>
</assign>
<msg timestamp="20210322 03:16:28.058" level="INFO" html="yes">Getting file '&lt;a href="file://C:\Users\vinicius.trindade\banking_continuous_testing\banking_continuous_testing\images\accreditation\image.jpg"&gt;C:\Users\vinicius.trindade\banking_continuous_testing\banking_continuous_testing\images\accreditation\image.jpg&lt;/a&gt;'.</msg>
<msg timestamp="20210322 03:16:28.061" level="INFO">${data} = \xff\xd8\xff\xe0JFIF\xf0\xf0\xff\xdbC


		
%# , #&amp;')*)-0-(0%()(\xff\xc0\xa0\xf0\xff\xc4	\xff\xc4=...</msg>
<status status="PASS" starttime="20210322 03:16:28.058" endtime="20210322 03:16:28.061"></status>
</kw>
<kw name="Post Request" library="RequestsLibrary">
<doc>Send a POST request on the session object found using the
given `alias`</doc>
<arguments>
<arg>accreditation</arg>
<arg>/marketplaces/${marketplace_external_key}/banking/accreditation/holders/${holder_external_key}/partners/${partner_externaL_key}/documents?type=${document_type}</arg>
<arg>data=${data}</arg>
<arg>headers=${header}</arg>
</arguments>
<assign>
<var>${response}</var>
</assign>
<msg timestamp="20210322 03:16:28.063" level="INFO">POST Request using : uri=/marketplaces/f71a8951368a4cc085cf7875ff44e61c/banking/accreditation/holders/2f7f1d5f5d4a472baf4edde40321b2ba/partners/06e703123813472787bf6470f90be28b/documents?type=RG_VERSO, params=None, files=None, allow_redirects=True, timeout=None
headers={'User-Agent': 'python-requests/2.22.0', 'Accept-Encoding': 'gzip, deflate', 'Accept': '*/*', 'Connection': 'keep-alive', 'Content-Type': 'image/jpeg'} 
data=&lt;image/jpeg&gt; 
json=None</msg>
<msg timestamp="20210322 03:16:28.347" level="INFO">${response} = &lt;Response [201]&gt;</msg>
<status status="PASS" starttime="20210322 03:16:28.062" endtime="20210322 03:16:28.347"></status>
</kw>
<kw name="Log" library="BuiltIn">
<doc>Logs the given message with the given level.</doc>
<arguments>
<arg>${response.json()}</arg>
</arguments>
<msg timestamp="20210322 03:16:28.350" level="INFO">{'id': 'd541ba386fab4140b6627abfaa5c0f39', 'document_type': 'rg_verso', 'media_type': 'image_jpeg', 'length': 3135, '_links': {'self': {'href': 'https://banking-accreditation-internal.staging.zoop.tech/marketplaces/f71a8951368a4cc085cf7875ff44e61c/banking/accreditation/holders/2f7f1d5f5d4a472baf4edde40321b2ba/partners/06e703123813472787bf6470f90be28b/documents/d541ba386fab4140b6627abfaa5c0f39', 'type': 'GET'}, 'holder': {'href': 'https://banking-accreditation-internal.staging.zoop.tech/marketplaces/f71a8951368a4cc085cf7875ff44e61c/banking/accreditation/holders/2f7f1d5f5d4a472baf4edde40321b2ba', 'type': 'GET'}, 'partner': {'href': 'https://banking-accreditation-internal.staging.zoop.tech/marketplaces/f71a8951368a4cc085cf7875ff44e61c/banking/accreditation/holders/2f7f1d5f5d4a472baf4edde40321b2ba/partners/06e703123813472787bf6470f90be28b', 'type': 'GET'}, 'download': {'href': 'https://banking-accreditation-internal.staging.zoop.tech/marketplaces/f71a8951368a4cc085cf7875ff44e61c/banking/accreditation/holders/2f7f1d5f5d4a472baf4edde40321b2ba/partners/06e703123813472787bf6470f90be28b/documents/d541ba386fab4140b6627abfaa5c0f39/download', 'type': 'GET'}}}</msg>
<status status="PASS" starttime="20210322 03:16:28.348" endtime="20210322 03:16:28.350"></status>
</kw>
<kw name="Log" library="BuiltIn">
<doc>Logs the given message with the given level.</doc>
<arguments>
<arg>${response.headers['X-REQUEST-ID']}</arg>
</arguments>
<msg timestamp="20210322 03:16:28.353" level="INFO">228392a76961bf99</msg>
<status status="PASS" starttime="20210322 03:16:28.351" endtime="20210322 03:16:28.353"></status>
</kw>
<kw name="Set Global Variable" library="BuiltIn">
<doc>Makes a variable available globally in all tests and suites.</doc>
<arguments>
<arg>${response}</arg>
</arguments>
<msg timestamp="20210322 03:16:28.355" level="INFO">${response} = &lt;Response [201]&gt;</msg>
<status status="PASS" starttime="20210322 03:16:28.354" endtime="20210322 03:16:28.355"></status>
</kw>
<kw name="Set Variable If" library="BuiltIn">
<doc>Sets variable based on the given condition.</doc>
<arguments>
<arg>${response.status_code}==201</arg>
<arg>${response.json()["id"]}</arg>
</arguments>
<assign>
<var>${document_external_key}</var>
</assign>
<msg timestamp="20210322 03:16:28.358" level="INFO">${document_external_key} = d541ba386fab4140b6627abfaa5c0f39</msg>
<status status="PASS" starttime="20210322 03:16:28.356" endtime="20210322 03:16:28.359"></status>
</kw>
<kw name="Set Global Variable" library="BuiltIn">
<doc>Makes a variable available globally in all tests and suites.</doc>
<arguments>
<arg>${document_external_key}</arg>
</arguments>
<msg timestamp="20210322 03:16:28.360" level="INFO">${document_external_key} = d541ba386fab4140b6627abfaa5c0f39</msg>
<status status="PASS" starttime="20210322 03:16:28.359" endtime="20210322 03:16:28.360"></status>
</kw>
<status status="PASS" starttime="20210322 03:16:28.055" endtime="20210322 03:16:28.361"></status>
</kw>
<kw name="Should Be Equal As Integers" library="BuiltIn">
<doc>Fails if objects are unequal after converting them to integers.</doc>
<arguments>
<arg>${response.status_code}</arg>
<arg>201</arg>
</arguments>
<msg timestamp="20210322 03:16:28.362" level="INFO">Argument types are:
&lt;class 'int'&gt;
&lt;type 'unicode'&gt;</msg>
<status status="PASS" starttime="20210322 03:16:28.362" endtime="20210322 03:16:28.363"></status>
</kw>
<kw name="solicitar aprovação do holder" library="accreditation_request_approval">
<kw name="Create Dictionary" library="BuiltIn">
<doc>Creates and returns a dictionary based on the given ``items``.</doc>
<arguments>
<arg>Content-Type=application/json</arg>
</arguments>
<assign>
<var>${header}</var>
</assign>
<msg timestamp="20210322 03:16:28.365" level="INFO">${header} = {'Content-Type': 'application/json'}</msg>
<status status="PASS" starttime="20210322 03:16:28.364" endtime="20210322 03:16:28.365"></status>
</kw>
<kw name="Post Request" library="RequestsLibrary">
<doc>Send a POST request on the session object found using the
given `alias`</doc>
<arguments>
<arg>accreditation</arg>
<arg>/marketplaces/${marketplace_external_key}/banking/accreditation/holders/${holder_external_key}/approval</arg>
<arg>headers=${header}</arg>
</arguments>
<assign>
<var>${response}</var>
</assign>
<msg timestamp="20210322 03:16:28.367" level="INFO">POST Request using : uri=/marketplaces/f71a8951368a4cc085cf7875ff44e61c/banking/accreditation/holders/2f7f1d5f5d4a472baf4edde40321b2ba/approval, params=None, files=None, allow_redirects=True, timeout=None
headers={'User-Agent': 'python-requests/2.22.0', 'Accept-Encoding': 'gzip, deflate', 'Accept': '*/*', 'Connection': 'keep-alive', 'Content-Type': 'application/json'} 
data=None 
json=None</msg>
<msg timestamp="20210322 03:16:28.675" level="INFO">${response} = &lt;Response [200]&gt;</msg>
<status status="PASS" starttime="20210322 03:16:28.366" endtime="20210322 03:16:28.675"></status>
</kw>
<kw name="Log" library="BuiltIn">
<doc>Logs the given message with the given level.</doc>
<arguments>
<arg>${response.json()}</arg>
</arguments>
<msg timestamp="20210322 03:16:28.676" level="INFO">{'message': 'Approval request accepted successfully. Processing analysis'}</msg>
<status status="PASS" starttime="20210322 03:16:28.675" endtime="20210322 03:16:28.676"></status>
</kw>
<kw name="Log" library="BuiltIn">
<doc>Logs the given message with the given level.</doc>
<arguments>
<arg>${response.headers['X-REQUEST-ID']}</arg>
</arguments>
<msg timestamp="20210322 03:16:28.678" level="INFO">4c1ef0ed887ea888</msg>
<status status="PASS" starttime="20210322 03:16:28.677" endtime="20210322 03:16:28.678"></status>
</kw>
<kw name="Set Global Variable" library="BuiltIn">
<doc>Makes a variable available globally in all tests and suites.</doc>
<arguments>
<arg>${response}</arg>
</arguments>
<msg timestamp="20210322 03:16:28.679" level="INFO">${response} = &lt;Response [200]&gt;</msg>
<status status="PASS" starttime="20210322 03:16:28.678" endtime="20210322 03:16:28.679"></status>
</kw>
<status status="PASS" starttime="20210322 03:16:28.363" endtime="20210322 03:16:28.679"></status>
</kw>
<kw name="Should Be Equal As Integers" library="BuiltIn">
<doc>Fails if objects are unequal after converting them to integers.</doc>
<arguments>
<arg>${response.status_code}</arg>
<arg>200</arg>
</arguments>
<msg timestamp="20210322 03:16:28.680" level="INFO">Argument types are:
&lt;class 'int'&gt;
&lt;type 'unicode'&gt;</msg>
<status status="PASS" starttime="20210322 03:16:28.680" endtime="20210322 03:16:28.680"></status>
</kw>
<kw name="recebendo notificação de aprovação" library="accreditation_risk_notification">
<kw name="Uuid 4" library="FakerLibrary">
<doc>Generates a random UUID4 string.
:param cast_to: Specify what type the UUID should be cast to. Default is `str`
:type cast_to: callable</doc>
<assign>
<var>${assessment_id}</var>
</assign>
<msg timestamp="20210322 03:16:28.682" level="INFO">${assessment_id} = 3052aa58-0adf-4763-92bb-49bc214fd9e3</msg>
<status status="PASS" starttime="20210322 03:16:28.681" endtime="20210322 03:16:28.682"></status>
</kw>
<kw name="Get Time" library="BuiltIn">
<doc>Returns the given time in the requested format.</doc>
<arguments>
<arg>year</arg>
</arguments>
<assign>
<var>${year}</var>
</assign>
<msg timestamp="20210322 03:16:28.683" level="INFO">${year} = 2021</msg>
<status status="PASS" starttime="20210322 03:16:28.682" endtime="20210322 03:16:28.683"></status>
</kw>
<kw name="Get Time" library="BuiltIn">
<doc>Returns the given time in the requested format.</doc>
<arguments>
<arg>month</arg>
</arguments>
<assign>
<var>${month}</var>
</assign>
<msg timestamp="20210322 03:16:28.684" level="INFO">${month} = 03</msg>
<status status="PASS" starttime="20210322 03:16:28.683" endtime="20210322 03:16:28.684"></status>
</kw>
<kw name="Get Time" library="BuiltIn">
<doc>Returns the given time in the requested format.</doc>
<arguments>
<arg>day</arg>
</arguments>
<assign>
<var>${day}</var>
</assign>
<msg timestamp="20210322 03:16:28.684" level="INFO">${day} = 22</msg>
<status status="PASS" starttime="20210322 03:16:28.684" endtime="20210322 03:16:28.684"></status>
</kw>
<kw name="Create Dictionary" library="BuiltIn">
[...]
<arg>creditor_account_number=${creditor_account_number}</arg>
<arg>creditor_routing_number=${creditor_routing_number}</arg>
<arg>creditor_account_type=${creditor_account_type}</arg>
<arg>creditor_name=${creditor_name}</arg>
<arg>creditor_national_registration=${creditor_national_registration}</arg>
<arg>creditor_psp=${creditor_psp}</arg>
<arg>pix_description=${pix_description}</arg>
</arguments>
<kw name="conectar pix-payments" library="create_session_staging_internal">
<kw name="Create Session" library="RequestsLibrary">
<doc>Create Session: create a HTTP session to a server</doc>
<arguments>
<arg>alias=pix-payments</arg>
<arg>url=${pix_payments_url_base}</arg>
<arg>disable_warnings=true</arg>
</arguments>
<msg timestamp="20210322 03:17:11.109" level="INFO">Creating Session using : alias=pix-payments, url=https://banking-pix-payments-internal.staging.zoop.tech, headers={},                     cookies={}, auth=None, timeout=None, proxies=None, verify=False,                     debug=0 </msg>
<status status="PASS" starttime="20210322 03:17:11.109" endtime="20210322 03:17:11.110"></status>
</kw>
<status status="PASS" starttime="20210322 03:17:11.108" endtime="20210322 03:17:11.110"></status>
</kw>
<kw name="Create Dictionary" library="BuiltIn">
<doc>Creates and returns a dictionary based on the given ``items``.</doc>
<arguments>
<arg>Content-Type=application/json</arg>
</arguments>
<assign>
<var>${header}</var>
</assign>
<msg timestamp="20210322 03:17:11.110" level="INFO">${header} = {'Content-Type': 'application/json'}</msg>
<status status="PASS" starttime="20210322 03:17:11.110" endtime="20210322 03:17:11.110"></status>
</kw>
<kw name="Catenate" library="BuiltIn">
<doc>Catenates the given items together and returns the resulted string.</doc>
<arguments>
<arg>{</arg>
<arg>"amount": ${amount},</arg>
<arg>"creditor": {</arg>
<arg>"account": {</arg>
<arg>"number": "${creditor_account_number}",</arg>
<arg>"routing_number": "${creditor_routing_number}",</arg>
<arg>"type": "${creditor_account_type}"</arg>
<arg>},</arg>
<arg>"name": "${creditor_name}",</arg>
<arg>"national_registration": "${creditor_national_registration}",</arg>
<arg>"psp": "${creditor_psp}"</arg>
<arg>},</arg>
<arg>"description": "${pix_description}"</arg>
<arg>}</arg>
</arguments>
<assign>
<var>${body}</var>
</assign>
<msg timestamp="20210322 03:17:11.112" level="INFO">${body} = { "amount": 100, "creditor": { "account": { "number": "0243882974", "routing_number": "0500", "type": "cacc" }, "name": "Massa iti PF NauNNMO", "national_registration": "42808422644", "psp": "17192451...</msg>
<status status="PASS" starttime="20210322 03:17:11.111" endtime="20210322 03:17:11.112"></status>
</kw>
<kw name="Post Request" library="RequestsLibrary">
<doc>Send a POST request on the session object found using the
given `alias`</doc>
<arguments>
<arg>pix-payments</arg>
<arg>/marketplaces/${marketplace_external_key}/banking/pix/holders/${holder_external_key}/accounts/${account_external_key}/payments</arg>
<arg>data=${body}</arg>
<arg>headers=${header}</arg>
</arguments>
<assign>
<var>${response}</var>
</assign>
<msg timestamp="20210322 03:17:11.112" level="INFO">POST Request using : uri=/marketplaces/f71a8951368a4cc085cf7875ff44e61c/banking/pix/holders/ccaefe9bc55b453b87ac0fe86b9c574a/accounts/5c8ab6ddd1b04fcaa626c03cee1c0e47/payments, params=None, files=None, allow_redirects=True, timeout=None
headers={'User-Agent': 'python-requests/2.22.0', 'Accept-Encoding': 'gzip, deflate', 'Accept': '*/*', 'Connection': 'keep-alive', 'Content-Type': 'application/json'} 
data={ "amount": 100, "creditor": { "account": { "number": "0243882974", "routing_number": "0500", "type": "cacc" }, "name": "Massa iti PF NauNNMO", "national_registration": "42808422644", "psp": "17192451" }, "description": "Envio de PIX" } 
json=None</msg>
<msg timestamp="20210322 03:17:11.767" level="INFO">${response} = &lt;Response [201]&gt;</msg>
<status status="PASS" starttime="20210322 03:17:11.112" endtime="20210322 03:17:11.767"></status>
</kw>
<kw name="Log" library="BuiltIn">
<doc>Logs the given message with the given level.</doc>
<arguments>
<arg>${response.json()}</arg>
</arguments>
<msg timestamp="20210322 03:17:11.770" level="INFO">{'id': '727b66c04b48414f82f2119e7b1c8413', 'marketplace_id': 'f71a8951368a4cc085cf7875ff44e61c', 'status': 'pending', 'end_to_end_id': 'E1946824220210322061768d43243ea8', 'message_id': 'M1946824245d15515942120544846622', 'amount': 100, 'created_at': '2021-03-22T03:17:12.577542', 'description': 'Envio de PIX', 'debtor': {'national_registration': '16948057276', 'name': 'Holder de teste', 'type': 'individual', 'holder_id': 'ccaefe9bc55b453b87ac0fe86b9c574a', 'account': {'psp': {'code': '19468242', 'name': 'Zoop Tecnologia e Meios de Pagamento S.A.'}, 'digital_account_id': '5c8ab6ddd1b04fcaa626c03cee1c0e47', 'number': '4093626381', 'routing_number': '0001', 'type': 'cacc'}}, 'creditor': {'national_registration': '42808422644', 'name': 'Massa iti PF NauNNMO', 'type': 'individual', 'account': {'psp': {'code': '17192451'}, 'number': '0243882974', 'routing_number': '0500', 'type': 'cacc'}}, 'refunded_amount': 0}</msg>
<status status="PASS" starttime="20210322 03:17:11.768" endtime="20210322 03:17:11.770"></status>
</kw>
<kw name="Log" library="BuiltIn">
<doc>Logs the given message with the given level.</doc>
<arguments>
<arg>${response.headers['X-REQUEST-ID']}</arg>
</arguments>
<msg timestamp="20210322 03:17:11.772" level="INFO">f26b0e00f3028f9c</msg>
<status status="PASS" starttime="20210322 03:17:11.771" endtime="20210322 03:17:11.772"></status>
</kw>
<kw name="Log" library="BuiltIn">
<doc>Logs the given message with the given level.</doc>
<arguments>
<arg>${response.status_code}</arg>
</arguments>
<msg timestamp="20210322 03:17:11.774" level="INFO">201</msg>
<status status="PASS" starttime="20210322 03:17:11.773" endtime="20210322 03:17:11.774"></status>
</kw>
<kw name="Set Global Variable" library="BuiltIn">
<doc>Makes a variable available globally in all tests and suites.</doc>
<arguments>
<arg>${response}</arg>
</arguments>
<msg timestamp="20210322 03:17:11.775" level="INFO">${response} = &lt;Response [201]&gt;</msg>
<status status="PASS" starttime="20210322 03:17:11.775" endtime="20210322 03:17:11.776"></status>
</kw>
<kw name="Set Variable If" library="BuiltIn">
<doc>Sets variable based on the given condition.</doc>
<arguments>
<arg>${response.status_code}==201</arg>
<arg>${response.json()["id"]}</arg>
</arguments>
<assign>
<var>${payment_external_key}</var>
</assign>
<msg timestamp="20210322 03:17:11.778" level="INFO">${payment_external_key} = 727b66c04b48414f82f2119e7b1c8413</msg>
<status status="PASS" starttime="20210322 03:17:11.776" endtime="20210322 03:17:11.778"></status>
</kw>
<kw name="Set Global Variable" library="BuiltIn">
<doc>Makes a variable available globally in all tests and suites.</doc>
<arguments>
<arg>${payment_external_key}</arg>
</arguments>
<msg timestamp="20210322 03:17:11.779" level="INFO">${payment_external_key} = 727b66c04b48414f82f2119e7b1c8413</msg>
<status status="PASS" starttime="20210322 03:17:11.778" endtime="20210322 03:17:11.779"></status>
</kw>
<kw name="Set Variable If" library="BuiltIn">
<doc>Sets variable based on the given condition.</doc>
<arguments>
<arg>${response.status_code}==201</arg>
<arg>${response.json()["end_to_end_id"]}</arg>
</arguments>
<assign>
<var>${end_to_end_id}</var>
</assign>
<msg timestamp="20210322 03:17:11.781" level="INFO">${end_to_end_id} = E1946824220210322061768d43243ea8</msg>
<status status="PASS" starttime="20210322 03:17:11.780" endtime="20210322 03:17:11.781"></status>
</kw>
<kw name="Set Global Variable" library="BuiltIn">
<doc>Makes a variable available globally in all tests and suites.</doc>
<arguments>
<arg>${end_to_end_id}</arg>
</arguments>
<msg timestamp="20210322 03:17:11.782" level="INFO">${end_to_end_id} = E1946824220210322061768d43243ea8</msg>
<status status="PASS" starttime="20210322 03:17:11.781" endtime="20210322 03:17:11.782"></status>
</kw>
<kw name="Set Variable If" library="BuiltIn">
<doc>Sets variable based on the given condition.</doc>
<arguments>
<arg>${response.status_code}==201</arg>
<arg>${response.json()["message_id"]}</arg>
</arguments>
<assign>
<var>${message_id}</var>
</assign>
<msg timestamp="20210322 03:17:11.786" level="INFO">${message_id} = M1946824245d15515942120544846622</msg>
<status status="PASS" starttime="20210322 03:17:11.785" endtime="20210322 03:17:11.786"></status>
</kw>
<kw name="Set Global Variable" library="BuiltIn">
<doc>Makes a variable available globally in all tests and suites.</doc>
<arguments>
<arg>${message_id}</arg>
</arguments>
<msg timestamp="20210322 03:17:11.787" level="INFO">${message_id} = M1946824245d15515942120544846622</msg>
<status status="PASS" starttime="20210322 03:17:11.786" endtime="20210322 03:17:11.787"></status>
</kw>
<status status="PASS" starttime="20210322 03:17:11.107" endtime="20210322 03:17:11.787"></status>
</kw>
<kw name="validar pagamento pix" library="asserts">
<arguments>
<arg>marketplace_external_key=${marketplace_external_key}</arg>
<arg>status_pix_payments=pending</arg>
<arg>amount=${amount}</arg>
<arg>pix_description=${pix_description}</arg>
<arg>debitor_national_registration=${national_registration}</arg>
<arg>debitor_name=${holder_name}</arg>
<arg>debitor_type=${holder_type}</arg>
<arg>debitor_holder_id=${holder_external_key}</arg>
<arg>debtor_account_psp_code=${debtor_account_psp_code}</arg>
<arg>debtor_account_psp_name=${debtor_account_psp_name}</arg>
<arg>debtor_digital_account=${account_external_key}</arg>
<arg>debtor_account_number=${account_number}</arg>
<arg>debtor_account_routing_number=${account_routing_number}</arg>
<arg>debtor_account_type=${debtor_account_type}</arg>
<arg>creditor_national_registration=${creditor_national_registration}</arg>
<arg>creditor_name=${creditor_name}</arg>
<arg>creditor_type=individual</arg>
<arg>creditor_account_psp_code=${creditor_psp}</arg>
<arg>creditor_account_number=${creditor_account_number}</arg>
<arg>creditor_account_routing_number=${creditor_routing_number}</arg>
<arg>creditor_account_type=${creditor_account_type}</arg>
<arg>refunded_amount=0</arg>
</arguments>
<kw name="Get Current Date" library="DateTime">
<doc>Returns current local or UTC time with an optional increment.</doc>
<arguments>
<arg>result_format=datetime</arg>
</arguments>
<assign>
<var>${date}</var>
</assign>
<msg timestamp="20210322 03:17:11.792" level="INFO">${date} = 2021-03-22 03:17:11.791924</msg>
<status status="PASS" starttime="20210322 03:17:11.791" endtime="20210322 03:17:11.792"></status>
</kw>
<kw name="Convert Date" library="DateTime">
<doc>Converts between supported `date formats`.</doc>
<arguments>
<arg>${date}</arg>
<arg>exclude_millis=yes</arg>
<arg>result_format=%Y-%m-%d</arg>
<arg>date_format=%d-%m-%Y</arg>
</arguments>
<assign>
<var>${date}</var>
</assign>
<msg timestamp="20210322 03:17:11.793" level="INFO">${date} = 2021-03-22</msg>
<status status="PASS" starttime="20210322 03:17:11.792" endtime="20210322 03:17:11.793"></status>
</kw>
<kw name="Should Be Equal" library="BuiltIn">
<doc>Fails if the given objects are unequal.</doc>
<arguments>
<arg>${response.json()["marketplace_id"]}</arg>
<arg>${marketplace_external_key}</arg>
</arguments>
<status status="PASS" starttime="20210322 03:17:11.793" endtime="20210322 03:17:11.794"></status>
</kw>
<kw name="Should Be Equal" library="BuiltIn">
<doc>Fails if the given objects are unequal.</doc>
<arguments>
<arg>${response.json()["status"]}</arg>
<arg>${status_pix_payments}</arg>
</arguments>
<status status="PASS" starttime="20210322 03:17:11.794" endtime="20210322 03:17:11.795"></status>
</kw>
<kw name="Should Not Be Empty" library="BuiltIn">
<doc>Verifies that the given item is not empty.</doc>
<arguments>
<arg>${response.json()["end_to_end_id"]}</arg>
</arguments>
<msg timestamp="20210322 03:17:11.796" level="INFO">Length is 32</msg>
<status status="PASS" starttime="20210322 03:17:11.795" endtime="20210322 03:17:11.796"></status>
</kw>
<kw name="Should Not Be Empty" library="BuiltIn">
<doc>Verifies that the given item is not empty.</doc>
<arguments>
<arg>${response.json()["message_id"]}</arg>
</arguments>
<msg timestamp="20210322 03:17:11.797" level="INFO">Length is 32</msg>
<status status="PASS" starttime="20210322 03:17:11.796" endtime="20210322 03:17:11.797"></status>
</kw>
<kw name="Should Be Equal As Integers" library="BuiltIn">
<doc>Fails if objects are unequal after converting them to integers.</doc>
<arguments>
<arg>${response.json()["amount"]}</arg>
<arg>${amount}</arg>
</arguments>
<msg timestamp="20210322 03:17:11.798" level="INFO">Argument types are:
&lt;class 'int'&gt;
&lt;type 'unicode'&gt;</msg>
<status status="PASS" starttime="20210322 03:17:11.797" endtime="20210322 03:17:11.798"></status>
</kw>
<kw name="Should Be Equal" library="BuiltIn">
<doc>Fails if the given objects are unequal.</doc>
<arguments>
<arg>${response.json()["description"]}</arg>
<arg>${pix_description}</arg>
</arguments>
<status status="PASS" starttime="20210322 03:17:11.798" endtime="20210322 03:17:11.798"></status>
</kw>
<kw name="Should Be Equal" library="BuiltIn">
<doc>Fails if the given objects are unequal.</doc>
<arguments>
<arg>${response.json()["debtor"]["national_registration"]}</arg>
<arg>${debitor_national_registration}</arg>
</arguments>
<status status="PASS" starttime="20210322 03:17:11.799" endtime="20210322 03:17:11.799"></status>
</kw>
<kw name="Should Be Equal" library="BuiltIn">
<doc>Fails if the given objects are unequal.</doc>
<arguments>
<arg>${response.json()["debtor"]["name"]}</arg>
<arg>${debitor_name}</arg>
</arguments>
<status status="PASS" starttime="20210322 03:17:11.799" endtime="20210322 03:17:11.800"></status>
</kw>
<kw name="Should Be Equal" library="BuiltIn">
<doc>Fails if the given objects are unequal.</doc>
<arguments>
<arg>${response.json()["debtor"]["type"]}</arg>
<arg>${debitor_type}</arg>
</arguments>
<status status="PASS" starttime="20210322 03:17:11.800" endtime="20210322 03:17:11.801"></status>
</kw>
<kw name="Should Be Equal" library="BuiltIn">
<doc>Fails if the given objects are unequal.</doc>
<arguments>
<arg>${response.json()["debtor"]["holder_id"]}</arg>
<arg>${debitor_holder_id}</arg>
</arguments>
<status status="PASS" starttime="20210322 03:17:11.801" endtime="20210322 03:17:11.802"></status>
</kw>
<kw name="Should Be Equal" library="BuiltIn">
<doc>Fails if the given objects are unequal.</doc>
<arguments>
<arg>${response.json()["debtor"]["account"]["psp"]["code"]}</arg>
<arg>${debtor_account_psp_code}</arg>
</arguments>
<status status="PASS" starttime="20210322 03:17:11.804" endtime="20210322 03:17:11.804"></status>
</kw>
<kw name="Should Be Equal" library="BuiltIn">
<doc>Fails if the given objects are unequal.</doc>
<arguments>
<arg>${response.json()["debtor"]["account"]["psp"]["name"]}</arg>
<arg>${debtor_account_psp_name}</arg>
</arguments>
<status status="PASS" starttime="20210322 03:17:11.804" endtime="20210322 03:17:11.804"></status>
</kw>
<kw name="Should Be Equal" library="BuiltIn">
<doc>Fails if the given objects are unequal.</doc>
<arguments>
<arg>${response.json()["debtor"]["account"]["digital_account_id"]}</arg>
<arg>${debtor_digital_account}</arg>
</arguments>
<status status="PASS" starttime="20210322 03:17:11.805" endtime="20210322 03:17:11.805"></status>
</kw>
<kw name="Should Be Equal" library="BuiltIn">
<doc>Fails if the given objects are unequal.</doc>
<arguments>
<arg>${response.json()["debtor"]["account"]["number"]}</arg>
<arg>${account_number}</arg>
</arguments>
<status status="PASS" starttime="20210322 03:17:11.805" endtime="20210322 03:17:11.806"></status>
</kw>
<kw name="Should Be Equal" library="BuiltIn">
<doc>Fails if the given objects are unequal.</doc>
<arguments>
<arg>${response.json()["debtor"]["account"]["routing_number"]}</arg>
<arg>0${debtor_account_routing_number}</arg>
</arguments>
<status status="PASS" starttime="20210322 03:17:11.806" endtime="20210322 03:17:11.807"></status>
</kw>
<kw name="Should Be Equal" library="BuiltIn">
<doc>Fails if the given objects are unequal.</doc>
<arguments>
<arg>${response.json()["debtor"]["account"]["type"]}</arg>
<arg>${debtor_account_type}</arg>
</arguments>
<status status="PASS" starttime="20210322 03:17:11.807" endtime="20210322 03:17:11.808"></status>
</kw>
<kw name="Should Be Equal" library="BuiltIn">
<doc>Fails if the given objects are unequal.</doc>
<arguments>
<arg>${response.json()["creditor"]["national_registration"]}</arg>
<arg>${creditor_national_registration}</arg>
</arguments>
<status status="PASS" starttime="20210322 03:17:11.808" endtime="20210322 03:17:11.808"></status>
</kw>
<kw name="Should Be Equal" library="BuiltIn">
<doc>Fails if the given objects are unequal.</doc>
<arguments>
<arg>${response.json()["creditor"]["name"]}</arg>
<arg>${creditor_name}</arg>
</arguments>
<status status="PASS" starttime="20210322 03:17:11.809" endtime="20210322 03:17:11.809"></status>
</kw>
<kw name="Should Be Equal" library="BuiltIn">
<doc>Fails if the given objects are unequal.</doc>
<arguments>
<arg>${response.json()["creditor"]["type"]}</arg>
<arg>${creditor_type}</arg>
</arguments>
<status status="PASS" starttime="20210322 03:17:11.809" endtime="20210322 03:17:11.809"></status>
</kw>
<kw name="Should Be Equal" library="BuiltIn">
<doc>Fails if the given objects are unequal.</doc>
<arguments>
<arg>${response.json()["creditor"]["account"]["psp"]["code"]}</arg>
<arg>${creditor_account_psp_code}</arg>
</arguments>
<status status="PASS" starttime="20210322 03:17:11.810" endtime="20210322 03:17:11.810"></status>
</kw>
<kw name="Should Be Equal" library="BuiltIn">
<doc>Fails if the given objects are unequal.</doc>
<arguments>
<arg>${response.json()["creditor"]["account"]["number"]}</arg>
<arg>${creditor_account_number}</arg>
</arguments>
<status status="PASS" starttime="20210322 03:17:11.810" endtime="20210322 03:17:11.811"></status>
</kw>
<kw name="Should Be Equal" library="BuiltIn">
<doc>Fails if the given objects are unequal.</doc>
<arguments>
<arg>${response.json()["creditor"]["account"]["routing_number"]}</arg>
<arg>${creditor_account_routing_number}</arg>
</arguments>
<status status="PASS" starttime="20210322 03:17:11.811" endtime="20210322 03:17:11.811"></status>
</kw>
<kw name="Should Be Equal" library="BuiltIn">
<doc>Fails if the given objects are unequal.</doc>
<arguments>
<arg>${response.json()["creditor"]["account"]["type"]}</arg>
<arg>${creditor_account_type}</arg>
</arguments>
<status status="PASS" starttime="20210322 03:17:11.812" endtime="20210322 03:17:11.812"></status>
</kw>
<status status="PASS" starttime="20210322 03:17:11.789" endtime="20210322 03:17:11.812"></status>
</kw>
<doc>Envio de PIX com sucesso para uma conta Iti, a partir de um Holder Business</doc>
<status status="PASS" starttime="20210322 03:17:04.296" endtime="20210322 03:17:11.813" critical="yes"></status>
</test>
<doc>Funcionalidade: Criar Chave de Endereçamento
Eu, como um Holder, portador de uma conta ativa em Banking
Desejo criar uma pagamento PIX</doc>
<status status="FAIL" starttime="20210322 03:16:55.585" endtime="20210322 03:17:11.813"></status>
</suite>
<status status="FAIL" starttime="20210322 03:16:24.372" endtime="20210322 03:17:11.816"></status>
</suite>
<status status="FAIL" starttime="20210322 03:16:24.337" endtime="20210322 03:17:11.818"></status>
</suite>
<statistics>
<total>
<stat pass="2" fail="2">Critical Tests</stat>
<stat pass="2" fail="2">All Tests</stat>
</total>
<tag>
</tag>
<suite>
<stat pass="2" fail="2" id="s1" name="Pix-Payments">Pix-Payments</stat>
<stat pass="2" fail="2" id="s1-s1" name="Envio">Pix-Payments.Envio</stat>
<stat pass="1" fail="1" id="s1-s1-s1" name="Confirmar Pagamento PIX">Pix-Payments.Envio.Confirmar Pagamento PIX</stat>
<stat pass="1" fail="1" id="s1-s1-s2" name="Criar Pagamento PIX">Pix-Payments.Envio.Criar Pagamento PIX</stat>
</suite>
</statistics>
<errors>
</errors>
</robot>
