<?xml version="1.0" encoding="UTF-8"?>
<robot generator="Robot 3.1.2 (Python 3.8.1 on win32)" generated="20210322 04:02:14.420" rpa="false">
<suite id="s1" name="Pix-Payments" source="C:\Users\vinicius.trindade\banking_continuous_testing\banking_continuous_testing\tests\pix-payments">
<suite id="s1-s1" name="Envio" source="C:\Users\vinicius.trindade\banking_continuous_testing\banking_continuous_testing\tests\pix-payments\envio">
<suite id="s1-s1-s1" name="Confirmar Pagamento PIX" source="C:\Users\vinicius.trindade\banking_continuous_testing\banking_continuous_testing\tests\pix-payments\envio\Confirmar Pagamento PIX.robot">
<test id="s1-s1-s1-t1" name="Cenário: Criar pagamento PIX de para holder individual utilizando dados completos da conta de destino">
<kw name="criar chave pix ativa" library="pix_dict_create_active_key_pix">
<arguments>
<arg>holder_type=individual</arg>
<arg>pix_type=email</arg>
</arguments>
<kw name="Random Number" library="FakerLibrary">
<doc>Returns a random number with 1 digit (default, when digits==None),
a random number with 0 to given number of digits, or a random number
with given number to given number of digits (when ``fix_len==True``).</doc>
<arguments>
<arg>digits=8</arg>
<arg>fix_len=True</arg>
</arguments>
<assign>
<var>${phone}</var>
</assign>
<msg timestamp="20210322 04:02:15.170" level="INFO">${phone} = 60369854</msg>
<status status="PASS" starttime="20210322 04:02:15.169" endtime="20210322 04:02:15.170"></status>
</kw>
<kw name="Set Variable" library="BuiltIn">
<doc>Returns the given values which can then be assigned to a variables.</doc>
<arguments>
<arg>+55219${phone}</arg>
</arguments>
<assign>
<var>${phone_pix}</var>
</assign>
<msg timestamp="20210322 04:02:15.170" level="INFO">${phone_pix} = +5521960369854</msg>
<status status="PASS" starttime="20210322 04:02:15.170" endtime="20210322 04:02:15.170"></status>
</kw>
<kw name="Set Global Variable" library="BuiltIn">
<doc>Makes a variable available globally in all tests and suites.</doc>
<arguments>
<arg>${phone_pix}</arg>
</arguments>
<msg timestamp="20210322 04:02:15.171" level="INFO">${phone_pix} = +5521960369854</msg>
<status status="PASS" starttime="20210322 04:02:15.170" endtime="20210322 04:02:15.171"></status>
</kw>
<kw name="Email" library="FakerLibrary">
<assign>
<var>${email_pix}</var>
</assign>
<msg timestamp="20210322 04:02:15.171" level="INFO">${email_pix} = fogacaevelyn@da.com</msg>
<status status="PASS" starttime="20210322 04:02:15.171" endtime="20210322 04:02:15.171"></status>
</kw>
<kw name="Set Global Variable" library="BuiltIn">
<doc>Makes a variable available globally in all tests and suites.</doc>
<arguments>
<arg>${email_pix}</arg>
</arguments>
<msg timestamp="20210322 04:02:15.172" level="INFO">${email_pix} = fogacaevelyn@da.com</msg>
<status status="PASS" starttime="20210322 04:02:15.172" endtime="20210322 04:02:15.172"></status>
</kw>
<kw name="Run Keyword If" library="BuiltIn">
<doc>Runs the given keyword with the given arguments, if ``condition`` is true.</doc>
<arguments>
<arg>'${holder_type}' == 'business'</arg>
<arg>criar holder business ativo</arg>
<arg>ELSE IF</arg>
<arg>'${holder_type}' == 'individual'</arg>
<arg>criar holder individual ativo</arg>
</arguments>
<kw name="criar holder individual ativo" library="accreditation_create_holder_active">
<kw name="conectar accreditation" library="create_session_staging_internal">
<kw name="Create Session" library="RequestsLibrary">
<doc>Create Session: create a HTTP session to a server</doc>
<arguments>
<arg>alias=accreditation</arg>
<arg>url=${accreditation_url_base}</arg>
<arg>disable_warnings=true</arg>
</arguments>
<msg timestamp="20210322 04:02:15.173" level="INFO">Creating Session using : alias=accreditation, url=https://banking-accreditation-internal.staging.zoop.tech, headers={},                     cookies={}, auth=None, timeout=None, proxies=None, verify=False,                     debug=0 </msg>
<status status="PASS" starttime="20210322 04:02:15.173" endtime="20210322 04:02:15.174"></status>
</kw>
<status status="PASS" starttime="20210322 04:02:15.173" endtime="20210322 04:02:15.174"></status>
</kw>
<kw name="Cpf" library="FakerLibrary">
<assign>
<var>${national_registration}</var>
</assign>
<msg timestamp="20210322 04:02:15.174" level="INFO">${national_registration} = 972.863.405-65</msg>
<status status="PASS" starttime="20210322 04:02:15.174" endtime="20210322 04:02:15.174"></status>
</kw>
<kw name="Replace String" library="String">
<doc>Replaces ``search_for`` in the given ``string`` with ``replace_with``.</doc>
<arguments>
<arg>${national_registration}</arg>
<arg>.</arg>
<arg>${EMPTY}</arg>
</arguments>
<assign>
<var>${national_registration}</var>
</assign>
<msg timestamp="20210322 04:02:15.175" level="INFO">${national_registration} = 972863405-65</msg>
<status status="PASS" starttime="20210322 04:02:15.175" endtime="20210322 04:02:15.175"></status>
</kw>
<kw name="Replace String" library="String">
<doc>Replaces ``search_for`` in the given ``string`` with ``replace_with``.</doc>
<arguments>
<arg>${national_registration}</arg>
<arg>-</arg>
<arg>${EMPTY}</arg>
</arguments>
<assign>
<var>${national_registration}</var>
</assign>
<msg timestamp="20210322 04:02:15.176" level="INFO">${national_registration} = 97286340565</msg>
<status status="PASS" starttime="20210322 04:02:15.175" endtime="20210322 04:02:15.176"></status>
</kw>
<kw name="Set Global Variable" library="BuiltIn">
<doc>Makes a variable available globally in all tests and suites.</doc>
<arguments>
<arg>${national_registration}</arg>
</arguments>
<msg timestamp="20210322 04:02:15.176" level="INFO">${national_registration} = 97286340565</msg>
<status status="PASS" starttime="20210322 04:02:15.176" endtime="20210322 04:02:15.176"></status>
</kw>
<kw name="Rg" library="FakerLibrary">
<doc>Brazilian RG, return plain numbers.
Check:  https://www.ngmatematica.com/2014/02/como-determinar-o-digito-verificador-do.html</doc>
<assign>
<var>${identity_card}</var>
</assign>
<msg timestamp="20210322 04:02:15.177" level="INFO">${identity_card} = 731605421</msg>
<status status="PASS" starttime="20210322 04:02:15.177" endtime="20210322 04:02:15.177"></status>
</kw>
<kw name="Set Global Variable" library="BuiltIn">
<doc>Makes a variable available globally in all tests and suites.</doc>
<arguments>
<arg>${identity_card}</arg>
</arguments>
<msg timestamp="20210322 04:02:15.177" level="INFO">${identity_card} = 731605421</msg>
<status status="PASS" starttime="20210322 04:02:15.177" endtime="20210322 04:02:15.177"></status>
</kw>
<kw name="criar holder individual" library="accreditation_post_holder_individual">
<arguments>
<arg>holder_type=individual</arg>
<arg>holder_name=${holder_name}</arg>
<arg>email=${email}</arg>
<arg>national_registration=${national_registration}</arg>
<arg>revenue=${revenue}</arg>
<arg>birthday=${birthday}</arg>
<arg>mothers_name=${mothers_name}</arg>
<arg>identity_card=${identity_card}</arg>
<arg>pep=false</arg>
<arg>cbo=${cbo}</arg>
</arguments>
<kw name="conectar accreditation" library="create_session_staging_internal">
<kw name="Create Session" library="RequestsLibrary">
<doc>Create Session: create a HTTP session to a server</doc>
<arguments>
<arg>alias=accreditation</arg>
<arg>url=${accreditation_url_base}</arg>
<arg>disable_warnings=true</arg>
</arguments>
<msg timestamp="20210322 04:02:15.179" level="INFO">Creating Session using : alias=accreditation, url=https://banking-accreditation-internal.staging.zoop.tech, headers={},                     cookies={}, auth=None, timeout=None, proxies=None, verify=False,                     debug=0 </msg>
<status status="PASS" starttime="20210322 04:02:15.179" endtime="20210322 04:02:15.179"></status>
</kw>
<status status="PASS" starttime="20210322 04:02:15.178" endtime="20210322 04:02:15.180"></status>
</kw>
<kw name="Set Global Variable" library="BuiltIn">
<doc>Makes a variable available globally in all tests and suites.</doc>
<arguments>
<arg>${holder_type}</arg>
</arguments>
<msg timestamp="20210322 04:02:15.180" level="INFO">${holder_type} = individual</msg>
<status status="PASS" starttime="20210322 04:02:15.180" endtime="20210322 04:02:15.181"></status>
</kw>
<kw name="Set Global Variable" library="BuiltIn">
<doc>Makes a variable available globally in all tests and suites.</doc>
<arguments>
<arg>${holder_name}</arg>
</arguments>
<msg timestamp="20210322 04:02:15.181" level="INFO">${holder_name} = Holder de teste</msg>
<status status="PASS" starttime="20210322 04:02:15.181" endtime="20210322 04:02:15.181"></status>
</kw>
<kw name="Create Dictionary" library="BuiltIn">
<doc>Creates and returns a dictionary based on the given ``items``.</doc>
<arguments>
<arg>Content-Type=application/json</arg>
</arguments>
<assign>
<var>${header}</var>
</assign>
<msg timestamp="20210322 04:02:15.181" level="INFO">${header} = {'Content-Type': 'application/json'}</msg>
<status status="PASS" starttime="20210322 04:02:15.181" endtime="20210322 04:02:15.181"></status>
</kw>
<kw name="Catenate" library="BuiltIn">
<doc>Catenates the given items together and returns the resulted string.</doc>
<arguments>
<arg>{</arg>
<arg>"type": "${holder_type}",</arg>
<arg>"name": "${holder_name}",</arg>
<arg>"email": "${email}",</arg>
<arg>"national_registration": "${national_registration}",</arg>
<arg>"revenue": ${revenue},</arg>
<arg>"birthday": "${birthday}",</arg>
<arg>"mothers_name": "${mothers_name}",</arg>
<arg>"identity_card": "${identity_card}",</arg>
<arg>"pep": false,</arg>
<arg>"cbo": ${cbo}</arg>
<arg>}</arg>
</arguments>
<assign>
<var>${body}</var>
</assign>
<msg timestamp="20210322 04:02:15.182" level="INFO">${body} = { "type": "individual", "name": "Holder de teste", "email": "teste@teste.com.br", "national_registration": "97286340565", "revenue": 5500.00, "birthday": "1988-04-23", "mothers_name": "Mãe do Holder",...</msg>
<status status="PASS" starttime="20210322 04:02:15.182" endtime="20210322 04:02:15.182"></status>
</kw>
<kw name="Post Request" library="RequestsLibrary">
<doc>Send a POST request on the session object found using the
given `alias`</doc>
<arguments>
<arg>accreditation</arg>
<arg>/marketplaces/${marketplace_external_key}/banking/accreditation/holders</arg>
<arg>data=${body}</arg>
<arg>headers=${header}</arg>
</arguments>
<assign>
<var>${response}</var>
</assign>
<msg timestamp="20210322 04:02:15.183" level="INFO">POST Request using : uri=/marketplaces/f71a8951368a4cc085cf7875ff44e61c/banking/accreditation/holders, params=None, files=None, allow_redirects=True, timeout=None
headers={'User-Agent': 'python-requests/2.22.0', 'Accept-Encoding': 'gzip, deflate', 'Accept': '*/*', 'Connection': 'keep-alive', 'Content-Type': 'application/json'} 
data={ "type": "individual", "name": "Holder de teste", "email": "teste@teste.com.br", "national_registration": "97286340565", "revenue": 5500.00, "birthday": "1988-04-23", "mothers_name": "Mãe do Holder", "identity_card": "731605421", "pep": false, "cbo": 821450 } 
json=None</msg>
<msg timestamp="20210322 04:02:15.871" level="INFO">${response} = &lt;Response [201]&gt;</msg>
<status status="PASS" starttime="20210322 04:02:15.182" endtime="20210322 04:02:15.871"></status>
</kw>
<kw name="Log" library="BuiltIn">
<doc>Logs the given message with the given level.</doc>
<arguments>
<arg>${response.json()}</arg>
</arguments>
<msg timestamp="20210322 04:02:15.872" level="INFO">{'id': '8bc670c9a53449fd8e7872d77fb857c3', 'name': 'Holder de teste', 'revenue': 5500.0, 'email': 'teste@teste.com.br', 'status': 'waiting_info_and_documents', 'marketplace_id': 'f71a8951368a4cc085cf7875ff44e61c', 'marketplace_name': 'Marketplace de Teste', 'created_at': '2021-03-22T04:02:16.710301', 'updated_at': '2021-03-22T04:02:16.710303', 'type': 'individual', 'national_registration': '97286340565', 'birthday': '1988-04-23', 'mothers_name': 'Mãe do Holder', 'identity_card': '731605421', 'pep': False, 'cbo': '821450', '_links': {'self': {'href': 'https://banking-accreditation-internal.staging.zoop.tech/marketplaces/f71a8951368a4cc085cf7875ff44e61c/banking/accreditation/holders/8bc670c9a53449fd8e7872d77fb857c3', 'type': 'GET'}, 'phones': {'href': 'https://banking-accreditation-internal.staging.zoop.tech/marketplaces/f71a8951368a4cc085cf7875ff44e61c/banking/accreditation/holders/8bc670c9a53449fd8e7872d77fb857c3/phones', 'type': 'GET'}, 'addresses': {'href': 'https://banking-accreditation-internal.staging.zoop.tech/marketplaces/f71a8951368a4cc085cf7875ff44e61c/banking/accreditation/holders/8bc670c9a53449fd8e7872d77fb857c3/addresses', 'type': 'GET'}, 'documents': {'href': 'https://banking-accreditation-internal.staging.zoop.tech/marketplaces/f71a8951368a4cc085cf7875ff44e61c/banking/accreditation/holders/8bc670c9a53449fd8e7872d77fb857c3/documents', 'type': 'GET'}}}</msg>
<status status="PASS" starttime="20210322 04:02:15.871" endtime="20210322 04:02:15.872"></status>
</kw>
<kw name="Log" library="BuiltIn">
<doc>Logs the given message with the given level.</doc>
<arguments>
<arg>${response.headers['X-REQUEST-ID']}</arg>
</arguments>
<msg timestamp="20210322 04:02:15.873" level="INFO">00c68b61d099481f</msg>
<status status="PASS" starttime="20210322 04:02:15.872" endtime="20210322 04:02:15.873"></status>
</kw>
<kw name="Log" library="BuiltIn">
<doc>Logs the given message with the given level.</doc>
<arguments>
<arg>${body}</arg>
</arguments>
<msg timestamp="20210322 04:02:15.873" level="INFO">{ "type": "individual", "name": "Holder de teste", "email": "teste@teste.com.br", "national_registration": "97286340565", "revenue": 5500.00, "birthday": "1988-04-23", "mothers_name": "Mãe do Holder", "identity_card": "731605421", "pep": false, "cbo": 821450 }</msg>
<status status="PASS" starttime="20210322 04:02:15.873" endtime="20210322 04:02:15.874"></status>
</kw>
<kw name="Set Global Variable" library="BuiltIn">
<doc>Makes a variable available globally in all tests and suites.</doc>
<arguments>
<arg>${response}</arg>
</arguments>
<msg timestamp="20210322 04:02:15.876" level="INFO">${response} = &lt;Response [201]&gt;</msg>
<status status="PASS" starttime="20210322 04:02:15.874" endtime="20210322 04:02:15.876"></status>
</kw>
<kw name="Set Variable If" library="BuiltIn">
<doc>Sets variable based on the given condition.</doc>
<arguments>
<arg>${response.status_code}==201</arg>
<arg>${response.json()["id"]}</arg>
</arguments>
<assign>
<var>${holder_external_key}</var>
</assign>
<msg timestamp="20210322 04:02:15.876" level="INFO">${holder_external_key} = 8bc670c9a53449fd8e7872d77fb857c3</msg>
<status status="PASS" starttime="20210322 04:02:15.876" endtime="20210322 04:02:15.876"></status>
</kw>
<kw name="Set Global Variable" library="BuiltIn">
<doc>Makes a variable available globally in all tests and suites.</doc>
<arguments>
<arg>${holder_external_key}</arg>
</arguments>
<msg timestamp="20210322 04:02:15.878" level="INFO">${holder_external_key} = 8bc670c9a53449fd8e7872d77fb857c3</msg>
<status status="PASS" starttime="20210322 04:02:15.877" endtime="20210322 04:02:15.878"></status>
</kw>
<status status="PASS" starttime="20210322 04:02:15.178" endtime="20210322 04:02:15.878"></status>
</kw>
<kw name="Set Global Variable" library="BuiltIn">
<doc>Makes a variable available globally in all tests and suites.</doc>
<arguments>
<arg>${holder_name}</arg>
</arguments>
<msg timestamp="20210322 04:02:15.879" level="INFO">${holder_name} = Holder de teste</msg>
<status status="PASS" starttime="20210322 04:02:15.878" endtime="20210322 04:02:15.879"></status>
</kw>
<kw name="Should Be Equal As Integers" library="BuiltIn">
<doc>Fails if objects are unequal after converting them to integers.</doc>
<arguments>
<arg>${response.status_code}</arg>
<arg>201</arg>
</arguments>
<msg timestamp="20210322 04:02:15.881" level="INFO">Argument types are:
&lt;class 'int'&gt;
&lt;type 'unicode'&gt;</msg>
<status status="PASS" starttime="20210322 04:02:15.879" endtime="20210322 04:02:15.881"></status>
</kw>
<kw name="criar holder phone" library="accreditation_post_holder_phone">
<arguments>
<arg>21</arg>
<arg>51</arg>
<arg>996221236</arg>
</arguments>
<kw name="Create Dictionary" library="BuiltIn">
<doc>Creates and returns a dictionary based on the given ``items``.</doc>
<arguments>
<arg>Content-Type=application/json</arg>
</arguments>
<assign>
<var>${header}</var>
</assign>
<msg timestamp="20210322 04:02:15.882" level="INFO">${header} = {'Content-Type': 'application/json'}</msg>
<status status="PASS" starttime="20210322 04:02:15.881" endtime="20210322 04:02:15.882"></status>
</kw>
<kw name="Catenate" library="BuiltIn">
<doc>Catenates the given items together and returns the resulted string.</doc>
<arguments>
<arg>{</arg>
<arg>"area_code": "${phone_area_code}",</arg>
<arg>"country_code": "${phone_country_code}",</arg>
<arg>"number": "${phone_number}"</arg>
<arg>}</arg>
</arguments>
<assign>
<var>${body}</var>
</assign>
<msg timestamp="20210322 04:02:15.883" level="INFO">${body} = { "area_code": "21", "country_code": "51", "number": "996221236" }</msg>
<status status="PASS" starttime="20210322 04:02:15.883" endtime="20210322 04:02:15.883"></status>
</kw>
<kw name="Post Request" library="RequestsLibrary">
<doc>Send a POST request on the session object found using the
given `alias`</doc>
<arguments>
<arg>accreditation</arg>
<arg>/marketplaces/${marketplace_external_key}/banking/accreditation/holders/${holder_external_key}/phones</arg>
<arg>data=${body}</arg>
<arg>headers=${header}</arg>
</arguments>
<assign>
<var>${response}</var>
</assign>
<msg timestamp="20210322 04:02:15.885" level="INFO">POST Request using : uri=/marketplaces/f71a8951368a4cc085cf7875ff44e61c/banking/accreditation/holders/8bc670c9a53449fd8e7872d77fb857c3/phones, params=None, files=None, allow_redirects=True, timeout=None
headers={'User-Agent': 'python-requests/2.22.0', 'Accept-Encoding': 'gzip, deflate', 'Accept': '*/*', 'Connection': 'keep-alive', 'Content-Type': 'application/json'} 
data={ "area_code": "21", "country_code": "51", "number": "996221236" } 
json=None</msg>
<msg timestamp="20210322 04:02:16.138" level="INFO">${response} = &lt;Response [201]&gt;</msg>
<status status="PASS" starttime="20210322 04:02:15.884" endtime="20210322 04:02:16.138"></status>
</kw>
<kw name="Log" library="BuiltIn">
<doc>Logs the given message with the given level.</doc>
<arguments>
<arg>${response.json()}</arg>
</arguments>
<msg timestamp="20210322 04:02:16.139" level="INFO">{'id': '3639d55179a446868076ce1dc0212001', 'area_code': '21', 'country_code': '51', 'number': '996221236', 'main': True, '_links': {'self': {'href': 'https://banking-accreditation-internal.staging.zoop.tech/marketplaces/f71a8951368a4cc085cf7875ff44e61c/banking/accreditation/holders/8bc670c9a53449fd8e7872d77fb857c3/phones/3639d55179a446868076ce1dc0212001', 'type': 'GET'}, 'holder': {'href': 'https://banking-accreditation-internal.staging.zoop.tech/marketplaces/f71a8951368a4cc085cf7875ff44e61c/banking/accreditation/holders/8bc670c9a53449fd8e7872d77fb857c3', 'type': 'GET'}}}</msg>
<status status="PASS" starttime="20210322 04:02:16.138" endtime="20210322 04:02:16.139"></status>
</kw>
<kw name="Log" library="BuiltIn">
<doc>Logs the given message with the given level.</doc>
<arguments>
<arg>${response.headers['X-REQUEST-ID']}</arg>
</arguments>
<msg timestamp="20210322 04:02:16.140" level="INFO">f6c8a373220f8efe</msg>
<status status="PASS" starttime="20210322 04:02:16.139" endtime="20210322 04:02:16.140"></status>
</kw>
<kw name="Set Global Variable" library="BuiltIn">
<doc>Makes a variable available globally in all tests and suites.</doc>
<arguments>
<arg>${response}</arg>
</arguments>
<msg timestamp="20210322 04:02:16.141" level="INFO">${response} = &lt;Response [201]&gt;</msg>
<status status="PASS" starttime="20210322 04:02:16.140" endtime="20210322 04:02:16.141"></status>
</kw>
<kw name="Set Variable If" library="BuiltIn">
<doc>Sets variable based on the given condition.</doc>
<arguments>
<arg>${response.status_code}==201</arg>
<arg>${response.json()["id"]}</arg>
</arguments>
<assign>
<var>${phone_external_key}</var>
</assign>
<msg timestamp="20210322 04:02:16.142" level="INFO">${phone_external_key} = 3639d55179a446868076ce1dc0212001</msg>
<status status="PASS" starttime="20210322 04:02:16.141" endtime="20210322 04:02:16.142"></status>
</kw>
<kw name="Set Global Variable" library="BuiltIn">
<doc>Makes a variable available globally in all tests and suites.</doc>
<arguments>
<arg>${phone_external_key}</arg>
</arguments>
<msg timestamp="20210322 04:02:16.143" level="INFO">${phone_external_key} = 3639d55179a446868076ce1dc0212001</msg>
<status status="PASS" starttime="20210322 04:02:16.143" endtime="20210322 04:02:16.143"></status>
</kw>
<status status="PASS" starttime="20210322 04:02:15.881" endtime="20210322 04:02:16.144"></status>
</kw>
<kw name="Should Be Equal As Integers" library="BuiltIn">
<doc>Fails if objects are unequal after converting them to integers.</doc>
<arguments>
<arg>${response.status_code}</arg>
<arg>201</arg>
</arguments>
<msg timestamp="20210322 04:02:16.145" level="INFO">Argument types are:
&lt;class 'int'&gt;
&lt;type 'unicode'&gt;</msg>
<status status="PASS" starttime="20210322 04:02:16.144" endtime="20210322 04:02:16.145"></status>
</kw>
<kw name="criar holder address" library="accreditation_post_holder_address">
<arguments>
<arg>Rio de Janeiro</arg>
<arg>Rio de Janeiro</arg>
<arg>Brasil</arg>
<arg>Bairro de Testes</arg>
<arg>Rua de Testes</arg>
<arg>90</arg>
<arg>apto 200</arg>
<arg>21550987</arg>
</arguments>
<kw name="Create Dictionary" library="BuiltIn">
<doc>Creates and returns a dictionary based on the given ``items``.</doc>
<arguments>
<arg>Content-Type=application/json</arg>
</arguments>
<assign>
<var>${header}</var>
</assign>
<msg timestamp="20210322 04:02:16.147" level="INFO">${header} = {'Content-Type': 'application/json'}</msg>
<status status="PASS" starttime="20210322 04:02:16.146" endtime="20210322 04:02:16.147"></status>
</kw>
<kw name="Catenate" library="BuiltIn">
<doc>Catenates the given items together and returns the resulted string.</doc>
<arguments>
<arg>{</arg>
<arg>"city": "${city}",</arg>
<arg>"state": "${state}",</arg>
<arg>"country": "${country}",</arg>
<arg>"neighborhood": "${neighborhood}",</arg>
<arg>"street": "${street}",</arg>
<arg>"number": "${number}",</arg>
<arg>"complement": "${complement}",</arg>
<arg>"postal_code": "${postal_code}"</arg>
<arg>}</arg>
</arguments>
<assign>
<var>${body}</var>
</assign>
<msg timestamp="20210322 04:02:16.148" level="INFO">${body} = { "city": "Rio de Janeiro", "state": "Rio de Janeiro", "country": "Brasil", "neighborhood": "Bairro de Testes", "street": "Rua de Testes", "number": "90", "complement": "apto 200", "postal_code": "215...</msg>
<status status="PASS" starttime="20210322 04:02:16.147" endtime="20210322 04:02:16.148"></status>
</kw>
<kw name="Post Request" library="RequestsLibrary">
<doc>Send a POST request on the session object found using the
given `alias`</doc>
<arguments>
<arg>accreditation</arg>
<arg>/marketplaces/${marketplace_external_key}/banking/accreditation/holders/${holder_external_key}/addresses</arg>
<arg>data=${body}</arg>
<arg>headers=${header}</arg>
</arguments>
<assign>
<var>${response}</var>
</assign>
<msg timestamp="20210322 04:02:16.150" level="INFO">POST Request using : uri=/marketplaces/f71a8951368a4cc085cf7875ff44e61c/banking/accreditation/holders/8bc670c9a53449fd8e7872d77fb857c3/addresses, params=None, files=None, allow_redirects=True, timeout=None
headers={'User-Agent': 'python-requests/2.22.0', 'Accept-Encoding': 'gzip, deflate', 'Accept': '*/*', 'Connection': 'keep-alive', 'Content-Type': 'application/json'} 
data={ "city": "Rio de Janeiro", "state": "Rio de Janeiro", "country": "Brasil", "neighborhood": "Bairro de Testes", "street": "Rua de Testes", "number": "90", "complement": "apto 200", "postal_code": "21550987" } 
json=None</msg>
<msg timestamp="20210322 04:02:16.374" level="INFO">${response} = &lt;Response [201]&gt;</msg>
<status status="PASS" starttime="20210322 04:02:16.149" endtime="20210322 04:02:16.374"></status>
</kw>
<kw name="Log" library="BuiltIn">
<doc>Logs the given message with the given level.</doc>
<arguments>
<arg>${response.json()}</arg>
</arguments>
<msg timestamp="20210322 04:02:16.376" level="INFO">{'id': '5421fe1a862948feac926228ccc4d959', 'street': 'Rua de Testes', 'number': '90', 'city': 'Rio de Janeiro', 'complement': 'apto 200', 'state': 'Rio de Janeiro', 'neighborhood': 'Bairro de Testes', 'postal_code': '21550987', 'country': 'Brasil', 'main': True, '_links': {'self': {'href': 'https://banking-accreditation-internal.staging.zoop.tech/marketplaces/f71a8951368a4cc085cf7875ff44e61c/banking/accreditation/holders/8bc670c9a53449fd8e7872d77fb857c3/addresses/5421fe1a862948feac926228ccc4d959', 'type': 'GET'}, 'holder': {'href': 'https://banking-accreditation-internal.staging.zoop.tech/marketplaces/f71a8951368a4cc085cf7875ff44e61c/banking/accreditation/holders/8bc670c9a53449fd8e7872d77fb857c3', 'type': 'GET'}}}</msg>
<status status="PASS" starttime="20210322 04:02:16.375" endtime="20210322 04:02:16.376"></status>
</kw>
<kw name="Log" library="BuiltIn">
<doc>Logs the given message with the given level.</doc>
<arguments>
<arg>${response.headers['X-REQUEST-ID']}</arg>
</arguments>
<msg timestamp="20210322 04:02:16.377" level="INFO">e1f29dc43927300b</msg>
<status status="PASS" starttime="20210322 04:02:16.376" endtime="20210322 04:02:16.378"></status>
</kw>
<kw name="Set Global Variable" library="BuiltIn">
<doc>Makes a variable available globally in all tests and suites.</doc>
<arguments>
<arg>${response}</arg>
</arguments>
<msg timestamp="20210322 04:02:16.378" level="INFO">${response} = &lt;Response [201]&gt;</msg>
<status status="PASS" starttime="20210322 04:02:16.378" endtime="20210322 04:02:16.378"></status>
</kw>
<kw name="Set Variable If" library="BuiltIn">
<doc>Sets variable based on the given condition.</doc>
<arguments>
<arg>${response.status_code}==201</arg>
<arg>${response.json()["id"]}</arg>
</arguments>
<assign>
<var>${address_external_key}</var>
</assign>
<msg timestamp="20210322 04:02:16.380" level="INFO">${address_external_key} = 5421fe1a862948feac926228ccc4d959</msg>
<status status="PASS" starttime="20210322 04:02:16.379" endtime="20210322 04:02:16.380"></status>
</kw>
<kw name="Set Global Variable" library="BuiltIn">
<doc>Makes a variable available globally in all tests and suites.</doc>
<arguments>
<arg>${address_external_key}</arg>
</arguments>
<msg timestamp="20210322 04:02:16.381" level="INFO">${address_external_key} = 5421fe1a862948feac926228ccc4d959</msg>
<status status="PASS" starttime="20210322 04:02:16.380" endtime="20210322 04:02:16.381"></status>
</kw>
<status status="PASS" starttime="20210322 04:02:16.145" endtime="20210322 04:02:16.381"></status>
</kw>
<kw name="Should Be Equal As Integers" library="BuiltIn">
<doc>Fails if objects are unequal after converting them to integers.</doc>
<arguments>
<arg>${response.status_code}</arg>
<arg>201</arg>
</arguments>
<msg timestamp="20210322 04:02:16.382" level="INFO">Argument types are:
&lt;class 'int'&gt;
&lt;type 'unicode'&gt;</msg>
<status status="PASS" starttime="20210322 04:02:16.381" endtime="20210322 04:02:16.382"></status>
</kw>
<kw name="criar holder document" library="accreditation_post_holder_document">
<arguments>
<arg>SELFIE</arg>
</arguments>
<kw name="Create Dictionary" library="BuiltIn">
<doc>Creates and returns a dictionary based on the given ``items``.</doc>
<arguments>
<arg>Content-Type=image/jpeg</arg>
</arguments>
<assign>
<var>${header}</var>
</assign>
<msg timestamp="20210322 04:02:16.384" level="INFO">${header} = {'Content-Type': 'image/jpeg'}</msg>
<status status="PASS" starttime="20210322 04:02:16.383" endtime="20210322 04:02:16.384"></status>
</kw>
<kw name="Get Binary File" library="OperatingSystem">
<doc>Returns the contents of a specified file.</doc>
<arguments>
<arg>./../../images/accreditation/image.jpg</arg>
</arguments>
<assign>
<var>${data}</var>
</assign>
<msg timestamp="20210322 04:02:16.385" level="INFO" html="yes">Getting file '&lt;a href="file://C:\Users\vinicius.trindade\banking_continuous_testing\banking_continuous_testing\images\accreditation\image.jpg"&gt;C:\Users\vinicius.trindade\banking_continuous_testing\banking_continuous_testing\images\accreditation\image.jpg&lt;/a&gt;'.</msg>
<msg timestamp="20210322 04:02:16.387" level="INFO">${data} = \xff\xd8\xff\xe0JFIF\xf0\xf0\xff\xdbC


		
%# , #&amp;')*)-0-(0%()(\xff\xc0\xa0\xf0\xff\xc4	\xff\xc4=...</msg>
<status status="PASS" starttime="20210322 04:02:16.384" endtime="20210322 04:02:16.387"></status>
</kw>
<kw name="Post Request" library="RequestsLibrary">
<doc>Send a POST request on the session object found using the
given `alias`</doc>
<arguments>
<arg>accreditation</arg>
<arg>/marketplaces/${marketplace_external_key}/banking/accreditation/holders/${holder_external_key}/documents?type=${document_type}</arg>
<arg>data=${data}</arg>
<arg>headers=${header}</arg>
</arguments>
<assign>
<var>${response}</var>
</assign>
<msg timestamp="20210322 04:02:16.389" level="INFO">POST Request using : uri=/marketplaces/f71a8951368a4cc085cf7875ff44e61c/banking/accreditation/holders/8bc670c9a53449fd8e7872d77fb857c3/documents?type=SELFIE, params=None, files=None, allow_redirects=True, timeout=None
headers={'User-Agent': 'python-requests/2.22.0', 'Accept-Encoding': 'gzip, deflate', 'Accept': '*/*', 'Connection': 'keep-alive', 'Content-Type': 'image/jpeg'} 
data=&lt;image/jpeg&gt; 
json=None</msg>
<msg timestamp="20210322 04:02:16.709" level="INFO">${response} = &lt;Response [201]&gt;</msg>
<status status="PASS" starttime="20210322 04:02:16.388" endtime="20210322 04:02:16.709"></status>
</kw>
<kw name="Log" library="BuiltIn">
<doc>Logs the given message with the given level.</doc>
<arguments>
<arg>${response.json()}</arg>
</arguments>
<msg timestamp="20210322 04:02:16.709" level="INFO">{'id': '1b10c0bab572446481222dde937b542e', 'document_type': 'selfie', 'media_type': 'image_jpeg', 'length': 3135, '_links': {'self': {'href': 'https://banking-accreditation-internal.staging.zoop.tech/marketplaces/f71a8951368a4cc085cf7875ff44e61c/banking/accreditation/holders/8bc670c9a53449fd8e7872d77fb857c3/documents/1b10c0bab572446481222dde937b542e', 'type': 'GET'}, 'holder': {'href': 'https://banking-accreditation-internal.staging.zoop.tech/marketplaces/f71a8951368a4cc085cf7875ff44e61c/banking/accreditation/holders/8bc670c9a53449fd8e7872d77fb857c3', 'type': 'GET'}, 'download': {'href': 'https://banking-accreditation-internal.staging.zoop.tech/marketplaces/f71a8951368a4cc085cf7875ff44e61c/banking/accreditation/holders/8bc670c9a53449fd8e7872d77fb857c3/documents/1b10c0bab572446481222dde937b542e/download', 'type': 'GET'}}}</msg>
<status status="PASS" starttime="20210322 04:02:16.709" endtime="20210322 04:02:16.709"></status>
</kw>
<kw name="Log" library="BuiltIn">
<doc>Logs the given message with the given level.</doc>
<arguments>
<arg>${response.headers['X-REQUEST-ID']}</arg>
</arguments>
<msg timestamp="20210322 04:02:16.710" level="INFO">f830d0a3b1ae1074</msg>
<status status="PASS" starttime="20210322 04:02:16.710" endtime="20210322 04:02:16.710"></status>
</kw>
<kw name="Set Global Variable" library="BuiltIn">
<doc>Makes a variable available globally in all tests and suites.</doc>
<arguments>
<arg>${response}</arg>
</arguments>
<msg timestamp="20210322 04:02:16.710" level="INFO">${response} = &lt;Response [201]&gt;</msg>
<status status="PASS" starttime="20210322 04:02:16.710" endtime="20210322 04:02:16.710"></status>
</kw>
<kw name="Set Variable If" library="BuiltIn">
<doc>Sets variable based on the given condition.</doc>
<arguments>
<arg>${response.status_code}==201</arg>
<arg>${response.json()["id"]}</arg>
</arguments>
<assign>
<var>${document_external_key}</var>
</assign>
<msg timestamp="20210322 04:02:16.711" level="INFO">${document_external_key} = 1b10c0bab572446481222dde937b542e</msg>
<status status="PASS" starttime="20210322 04:02:16.710" endtime="20210322 04:02:16.711"></status>
</kw>
<kw name="Set Global Variable" library="BuiltIn">
<doc>Makes a variable available globally in all tests and suites.</doc>
<arguments>
<arg>${document_external_key}</arg>
</arguments>
<msg timestamp="20210322 04:02:16.711" level="INFO">${document_external_key} = 1b10c0bab572446481222dde937b542e</msg>
<status status="PASS" starttime="20210322 04:02:16.711" endtime="20210322 04:02:16.712"></status>
</kw>
<status status="PASS" starttime="20210322 04:02:16.382" endtime="20210322 04:02:16.712"></status>
</kw>
<kw name="Should Be Equal As Integers" library="BuiltIn">
<doc>Fails if objects are unequal after converting them to integers.</doc>
<arguments>
<arg>${response.status_code}</arg>
<arg>201</arg>
</arguments>
<msg timestamp="20210322 04:02:16.712" level="INFO">Argument types are:
&lt;class 'int'&gt;
&lt;type 'unicode'&gt;</msg>
<status status="PASS" starttime="20210322 04:02:16.712" endtime="20210322 04:02:16.712"></status>
</kw>
<kw name="criar holder document" library="accreditation_post_holder_document">
<arguments>
<arg>RG_FRENTE</arg>
</arguments>
<kw name="Create Dictionary" library="BuiltIn">
<doc>Creates and returns a dictionary based on the given ``items``.</doc>
<arguments>
<arg>Content-Type=image/jpeg</arg>
</arguments>
<assign>
<var>${header}</var>
</assign>
<msg timestamp="20210322 04:02:16.713" level="INFO">${header} = {'Content-Type': 'image/jpeg'}</msg>
<status status="PASS" starttime="20210322 04:02:16.712" endtime="20210322 04:02:16.713"></status>
</kw>
<kw name="Get Binary File" library="OperatingSystem">
<doc>Returns the contents of a specified file.</doc>
<arguments>
<arg>./../../images/accreditation/image.jpg</arg>
</arguments>
<assign>
<var>${data}</var>
</assign>
<msg timestamp="20210322 04:02:16.713" level="INFO" html="yes">Getting file '&lt;a href="file://C:\Users\vinicius.trindade\banking_continuous_testing\banking_continuous_testing\images\accreditation\image.jpg"&gt;C:\Users\vinicius.trindade\banking_continuous_testing\banking_continuous_testing\images\accreditation\image.jpg&lt;/a&gt;'.</msg>
<msg timestamp="20210322 04:02:16.714" level="INFO">${data} = \xff\xd8\xff\xe0JFIF\xf0\xf0\xff\xdbC


		
%# , #&amp;')*)-0-(0%()(\xff\xc0\xa0\xf0\xff\xc4	\xff\xc4=...</msg>
<status status="PASS" starttime="20210322 04:02:16.713" endtime="20210322 04:02:16.714"></status>
</kw>
<kw name="Post Request" library="RequestsLibrary">
<doc>Send a POST request on the session object found using the
given `alias`</doc>
<arguments>
<arg>accreditation</arg>
<arg>/marketplaces/${marketplace_external_key}/banking/accreditation/holders/${holder_external_key}/documents?type=${document_type}</arg>
<arg>data=${data}</arg>
<arg>headers=${header}</arg>
</arguments>
<assign>
<var>${response}</var>
</assign>
<msg timestamp="20210322 04:02:16.715" level="INFO">POST Request using : uri=/marketplaces/f71a8951368a4cc085cf7875ff44e61c/banking/accreditation/holders/8bc670c9a53449fd8e7872d77fb857c3/documents?type=RG_FRENTE, params=None, files=None, allow_redirects=True, timeout=None
headers={'User-Agent': 'python-requests/2.22.0', 'Accept-Encoding': 'gzip, deflate', 'Accept': '*/*', 'Connection': 'keep-alive', 'Content-Type': 'image/jpeg'} 
data=&lt;image/jpeg&gt; 
json=None</msg>
<msg timestamp="20210322 04:02:17.020" level="INFO">${response} = &lt;Response [201]&gt;</msg>
<status status="PASS" starttime="20210322 04:02:16.714" endtime="20210322 04:02:17.020"></status>
</kw>
<kw name="Log" library="BuiltIn">
<doc>Logs the given message with the given level.</doc>
<arguments>
<arg>${response.json()}</arg>
</arguments>
<msg timestamp="20210322 04:02:17.022" level="INFO">{'id': '6a68c1a9bcc541a4a474e0bbe412c41e', 'document_type': 'rg_frente', 'media_type': 'image_jpeg', 'length': 3135, '_links': {'self': {'href': 'https://banking-accreditation-internal.staging.zoop.tech/marketplaces/f71a8951368a4cc085cf7875ff44e61c/banking/accreditation/holders/8bc670c9a53449fd8e7872d77fb857c3/documents/6a68c1a9bcc541a4a474e0bbe412c41e', 'type': 'GET'}, 'holder': {'href': 'https://banking-accreditation-internal.staging.zoop.tech/marketplaces/f71a8951368a4cc085cf7875ff44e61c/banking/accreditation/holders/8bc670c9a53449fd8e7872d77fb857c3', 'type': 'GET'}, 'download': {'href': 'https://banking-accreditation-internal.staging.zoop.tech/marketplaces/f71a8951368a4cc085cf7875ff44e61c/banking/accreditation/holders/8bc670c9a53449fd8e7872d77fb857c3/documents/6a68c1a9bcc541a4a474e0bbe412c41e/download', 'type': 'GET'}}}</msg>
<status status="PASS" starttime="20210322 04:02:17.021" endtime="20210322 04:02:17.023"></status>
</kw>
<kw name="Log" library="BuiltIn">
<doc>Logs the given message with the given level.</doc>
<arguments>
<arg>${response.headers['X-REQUEST-ID']}</arg>
</arguments>
<msg timestamp="20210322 04:02:17.024" level="INFO">39b8a3a50f464b4f</msg>
<status status="PASS" starttime="20210322 04:02:17.023" endtime="20210322 04:02:17.025"></status>
</kw>
<kw name="Set Global Variable" library="BuiltIn">
<doc>Makes a variable available globally in all tests and suites.</doc>
<arguments>
<arg>${response}</arg>
</arguments>
<msg timestamp="20210322 04:02:17.027" level="INFO">${response} = &lt;Response [201]&gt;</msg>
<status status="PASS" starttime="20210322 04:02:17.025" endtime="20210322 04:02:17.027"></status>
</kw>
<kw name="Set Variable If" library="BuiltIn">
<doc>Sets variable based on the given condition.</doc>
<arguments>
<arg>${response.status_code}==201</arg>
<arg>${response.json()["id"]}</arg>
</arguments>
<assign>
<var>${document_external_key}</var>
</assign>
<msg timestamp="20210322 04:02:17.030" level="INFO">${document_external_key} = 6a68c1a9bcc541a4a474e0bbe412c41e</msg>
<status status="PASS" starttime="20210322 04:02:17.028" endtime="20210322 04:02:17.030"></status>
</kw>
<kw name="Set Global Variable" library="BuiltIn">
<doc>Makes a variable available globally in all tests and suites.</doc>
<arguments>
<arg>${document_external_key}</arg>
</arguments>
<msg timestamp="20210322 04:02:17.032" level="INFO">${document_external_key} = 6a68c1a9bcc541a4a474e0bbe412c41e</msg>
<status status="PASS" starttime="20210322 04:02:17.031" endtime="20210322 04:02:17.032"></status>
</kw>
<status status="PASS" starttime="20210322 04:02:16.712" endtime="20210322 04:02:17.033"></status>
</kw>
<kw name="Should Be Equal As Integers" library="BuiltIn">
<doc>Fails if objects are unequal after converting them to integers.</doc>
<arguments>
<arg>${response.status_code}</arg>
<arg>201</arg>
</arguments>
<msg timestamp="20210322 04:02:17.035" level="INFO">Argument types are:
&lt;class 'int'&gt;
&lt;type 'unicode'&gt;</msg>
<status status="PASS" starttime="20210322 04:02:17.033" endtime="20210322 04:02:17.035"></status>
</kw>
<kw name="criar holder document" library="accreditation_post_holder_document">
<arguments>
<arg>RG_VERSO</arg>
</arguments>
<kw name="Create Dictionary" library="BuiltIn">
<doc>Creates and returns a dictionary based on the given ``items``.</doc>
<arguments>
<arg>Content-Type=image/jpeg</arg>
</arguments>
<assign>
<var>${header}</var>
</assign>
<msg timestamp="20210322 04:02:17.037" level="INFO">${header} = {'Content-Type': 'image/jpeg'}</msg>
<status status="PASS" starttime="20210322 04:02:17.036" endtime="20210322 04:02:17.037"></status>
</kw>
<kw name="Get Binary File" library="OperatingSystem">
<doc>Returns the contents of a specified file.</doc>
<arguments>
<arg>./../../images/accreditation/image.jpg</arg>
</arguments>
<assign>
<var>${data}</var>
</assign>
<msg timestamp="20210322 04:02:17.038" level="INFO" html="yes">Getting file '&lt;a href="file://C:\Users\vinicius.trindade\banking_continuous_testing\banking_continuous_testing\images\accreditation\image.jpg"&gt;C:\Users\vinicius.trindade\banking_continuous_testing\banking_continuous_testing\images\accreditation\image.jpg&lt;/a&gt;'.</msg>
<msg timestamp="20210322 04:02:17.040" level="INFO">${data} = \xff\xd8\xff\xe0JFIF\xf0\xf0\xff\xdbC


		
%# , #&amp;')*)-0-(0%()(\xff\xc0\xa0\xf0\xff\xc4	\xff\xc4=...</msg>
<status status="PASS" starttime="20210322 04:02:17.038" endtime="20210322 04:02:17.041"></status>
</kw>
<kw name="Post Request" library="RequestsLibrary">
<doc>Send a POST request on the session object found using the
given `alias`</doc>
<arguments>
<arg>accreditation</arg>
<arg>/marketplaces/${marketplace_external_key}/banking/accreditation/holders/${holder_external_key}/documents?type=${document_type}</arg>
<arg>data=${data}</arg>
<arg>headers=${header}</arg>
</arguments>
<assign>
<var>${response}</var>
</assign>
<msg timestamp="20210322 04:02:17.042" level="INFO">POST Request using : uri=/marketplaces/f71a8951368a4cc085cf7875ff44e61c/banking/accreditation/holders/8bc670c9a53449fd8e7872d77fb857c3/documents?type=RG_VERSO, params=None, files=None, allow_redirects=True, timeout=None
headers={'User-Agent': 'python-requests/2.22.0', 'Accept-Encoding': 'gzip, deflate', 'Accept': '*/*', 'Connection': 'keep-alive', 'Content-Type': 'image/jpeg'} 
data=&lt;image/jpeg&gt; 
json=None</msg>
<msg timestamp="20210322 04:02:17.327" level="INFO">${response} = &lt;Response [201]&gt;</msg>
<status status="PASS" starttime="20210322 04:02:17.041" endtime="20210322 04:02:17.327"></status>
</kw>
<kw name="Log" library="BuiltIn">
<doc>Logs the given message with the given level.</doc>
<arguments>
<arg>${response.json()}</arg>
</arguments>
<msg timestamp="20210322 04:02:17.328" level="INFO">{'id': '0e072cc6b6a44cac8748dde57bb5b28a', 'document_type': 'rg_verso', 'media_type': 'image_jpeg', 'length': 3135, '_links': {'self': {'href': 'https://banking-accreditation-internal.staging.zoop.tech/marketplaces/f71a8951368a4cc085cf7875ff44e61c/banking/accreditation/holders/8bc670c9a53449fd8e7872d77fb857c3/documents/0e072cc6b6a44cac8748dde57bb5b28a', 'type': 'GET'}, 'holder': {'href': 'https://banking-accreditation-internal.staging.zoop.tech/marketplaces/f71a8951368a4cc085cf7875ff44e61c/banking/accreditation/holders/8bc670c9a53449fd8e7872d77fb857c3', 'type': 'GET'}, 'download': {'href': 'https://banking-accreditation-internal.staging.zoop.tech/marketplaces/f71a8951368a4cc085cf7875ff44e61c/banking/accreditation/holders/8bc670c9a53449fd8e7872d77fb857c3/documents/0e072cc6b6a44cac8748dde57bb5b28a/download', 'type': 'GET'}}}</msg>
<status status="PASS" starttime="20210322 04:02:17.328" endtime="20210322 04:02:17.329"></status>
</kw>
<kw name="Log" library="BuiltIn">
<doc>Logs the given message with the given level.</doc>
<arguments>
<arg>${response.headers['X-REQUEST-ID']}</arg>
</arguments>
<msg timestamp="20210322 04:02:17.330" level="INFO">3062558971e3a198</msg>
<status status="PASS" starttime="20210322 04:02:17.329" endtime="20210322 04:02:17.330"></status>
</kw>
<kw name="Set Global Variable" library="BuiltIn">
<doc>Makes a variable available globally in all tests and suites.</doc>
<arguments>
<arg>${response}</arg>
</arguments>
<msg timestamp="20210322 04:02:17.331" level="INFO">${response} = &lt;Response [201]&gt;</msg>
<status status="PASS" starttime="20210322 04:02:17.331" endtime="20210322 04:02:17.332"></status>
</kw>
<kw name="Set Variable If" library="BuiltIn">
<doc>Sets variable based on the given condition.</doc>
<arguments>
<arg>${response.status_code}==201</arg>
<arg>${response.json()["id"]}</arg>
</arguments>
<assign>
<var>${document_external_key}</var>
</assign>
<msg timestamp="20210322 04:02:17.333" level="INFO">${document_external_key} = 0e072cc6b6a44cac8748dde57bb5b28a</msg>
<status status="PASS" starttime="20210322 04:02:17.332" endtime="20210322 04:02:17.333"></status>
</kw>
<kw name="Set Global Variable" library="BuiltIn">
<doc>Makes a variable available globally in all tests and suites.</doc>
<arguments>
<arg>${document_external_key}</arg>
</arguments>
<msg timestamp="20210322 04:02:17.335" level="INFO">${document_external_key} = 0e072cc6b6a44cac8748dde57bb5b28a</msg>
<status status="PASS" starttime="20210322 04:02:17.334" endtime="20210322 04:02:17.335"></status>
</kw>
<status status="PASS" starttime="20210322 04:02:17.035" endtime="20210322 04:02:17.335"></status>
</kw>
<kw name="Should Be Equal As Integers" library="BuiltIn">
<doc>Fails if objects are unequal after converting them to integers.</doc>
<arguments>
<arg>${response.status_code}</arg>
<arg>201</arg>
</arguments>
<msg timestamp="20210322 04:02:17.336" level="INFO">Argument types are:
&lt;class 'int'&gt;
&lt;type 'unicode'&gt;</msg>
<status status="PASS" starttime="20210322 04:02:17.336" endtime="20210322 04:02:17.337"></status>
</kw>
<kw name="solicitar aprovação do holder" library="accreditation_request_approval">
<kw name="Create Dictionary" library="BuiltIn">
<doc>Creates and returns a dictionary based on the given ``items``.</doc>
<arguments>
<arg>Content-Type=application/json</arg>
</arguments>
<assign>
<var>${header}</var>
</assign>
<msg timestamp="20210322 04:02:17.339" level="INFO">${header} = {'Content-Type': 'application/json'}</msg>
<status status="PASS" starttime="20210322 04:02:17.338" endtime="20210322 04:02:17.339"></status>
</kw>
<kw name="Post Request" library="RequestsLibrary">
<doc>Send a POST request on the session object found using the
given `alias`</doc>
<arguments>
<arg>accreditation</arg>
<arg>/marketplaces/${marketplace_external_key}/banking/accreditation/holders/${holder_external_key}/approval</arg>
<arg>headers=${header}</arg>
</arguments>
<assign>
<var>${response}</var>
</assign>
<msg timestamp="20210322 04:02:17.340" level="INFO">POST Request using : uri=/marketplaces/f71a8951368a4cc085cf7875ff44e61c/banking/accreditation/holders/8bc670c9a53449fd8e7872d77fb857c3/approval, params=None, files=None, allow_redirects=True, timeout=None
headers={'User-Agent': 'python-requests/2.22.0', 'Accept-Encoding': 'gzip, deflate', 'Accept': '*/*', 'Connection': 'keep-alive', 'Content-Type': 'application/json'} 
data=None 
json=None</msg>
<msg timestamp="20210322 04:02:17.631" level="INFO">${response} = &lt;Response [200]&gt;</msg>
<status status="PASS" starttime="20210322 04:02:17.339" endtime="20210322 04:02:17.631"></status>
</kw>
<kw name="Log" library="BuiltIn">
<doc>Logs the given message with the given level.</doc>
<arguments>
<arg>${response.json()}</arg>
</arguments>
<msg timestamp="20210322 04:02:17.632" level="INFO">{'message': 'Approval request accepted successfully. Processing analysis'}</msg>
<status status="PASS" starttime="20210322 04:02:17.632" endtime="20210322 04:02:17.632"></status>
</kw>
<kw name="Log" library="BuiltIn">
<doc>Logs the given message with the given level.</doc>
<arguments>
<arg>${response.headers['X-REQUEST-ID']}</arg>
</arguments>
<msg timestamp="20210322 04:02:17.633" level="INFO">c03bb09a62dc92dd</msg>
<status status="PASS" starttime="20210322 04:02:17.633" endtime="20210322 04:02:17.634"></status>
</kw>
<kw name="Set Global Variable" library="BuiltIn">
<doc>Makes a variable available globally in all tests and suites.</doc>
<arguments>
<arg>${response}</arg>
</arguments>
<msg timestamp="20210322 04:02:17.634" level="INFO">${response} = &lt;Response [200]&gt;</msg>
<status status="PASS" starttime="20210322 04:02:17.634" endtime="20210322 04:02:17.634"></status>
</kw>
<status status="PASS" starttime="20210322 04:02:17.337" endtime="20210322 04:02:17.634"></status>
</kw>
<kw name="Should Be Equal As Integers" library="BuiltIn">
<doc>Fails if objects are unequal after converting them to integers.</doc>
<arguments>
<arg>${response.status_code}</arg>
<arg>200</arg>
</arguments>
<msg timestamp="20210322 04:02:17.635" level="INFO">Argument types are:
&lt;class 'int'&gt;
&lt;type 'unicode'&gt;</msg>
<status status="PASS" starttime="20210322 04:02:17.634" endtime="20210322 04:02:17.635"></status>
</kw>
<kw name="recebendo notificação de aprovação" library="accreditation_risk_notification">
<kw name="Uuid 4" library="FakerLibrary">
<doc>Generates a random UUID4 string.
:param cast_to: Specify what type the UUID should be cast to. Default is `str`
:type cast_to: callable</doc>
<assign>
<var>${assessment_id}</var>
</assign>
<msg timestamp="20210322 04:02:17.635" level="INFO">${assessment_id} = 12ae6379-a8dc-486e-a319-704ce83bb189</msg>
<status status="PASS" starttime="20210322 04:02:17.635" endtime="20210322 04:02:17.635"></status>
</kw>
<kw name="Get Time" library="BuiltIn">
<doc>Returns the given time in the requested format.</doc>
<arguments>
<arg>year</arg>
</arguments>
<assign>
<var>${year}</var>
</assign>
<msg timestamp="20210322 04:02:17.636" level="INFO">${year} = 2021</msg>
<status status="PASS" starttime="20210322 04:02:17.635" endtime="20210322 04:02:17.636"></status>
</kw>
<kw name="Get Time" library="BuiltIn">
<doc>Returns the given time in the requested format.</doc>
<arguments>
<arg>month</arg>
</arguments>
<assign>
<var>${month}</var>
</assign>
<msg timestamp="20210322 04:02:17.636" level="INFO">${month} = 03</msg>
<status status="PASS" starttime="20210322 04:02:17.636" endtime="20210322 04:02:17.636"></status>
</kw>
<kw name="Get Time" library="BuiltIn">
<doc>Returns the given time in the requested format.</doc>
<arguments>
<arg>day</arg>
</arguments>
<assign>
<var>${day}</var>
</assign>
<msg timestamp="20210322 04:02:17.637" level="INFO">${day} = 22</msg>
<status status="PASS" starttime="20210322 04:02:17.636" endtime="20210322 04:02:17.637"></status>
</kw>
<kw name="Create Dictionary" library="BuiltIn">
<doc>Creates and returns a dictionary based on the given ``items``.</doc>
<arguments>
<arg>Content-Type=application/json</arg>
</arguments>
<assign>
<var>${header}</var>
</assign>
<msg timestamp="20210322 04:02:17.637" level="INFO">${header} = {'Content-Type': 'application/json'}</msg>
<status status="PASS" starttime="20210322 04:02:17.637" endtime="20210322 04:02:17.637"></status>
</kw>
<kw name="Catenate" library="BuiltIn">
<doc>Catenates the given items together and returns the resulted string.</doc>
<arguments>
<arg>{</arg>
<arg>"type": "risk.assessment.result",</arg>
<arg>"resource": "business.holder",</arg>
<arg>"created_at": "${year}-${month}-${day} 15:28:56.747Z",</arg>
<arg>"marketplace_id": "${marketplace_external_key}",</arg>
<arg>"object": {</arg>
<arg>"result": "APPROVED",</arg>
<arg>"holder_id": "${holder_external_key}",</arg>
<arg>"applicant_id": "${application_external_key}",</arg>
<arg>"assessment_id": "${assessment_id}"</arg>
<arg>}</arg>
<arg>}</arg>
</arguments>
<assign>
<var>${body}</var>
</assign>
<msg timestamp="20210322 04:02:17.638" level="INFO">${body} = { "type": "risk.assessment.result", "resource": "business.holder", "created_at": "2021-03-22 15:28:56.747Z", "marketplace_id": "f71a8951368a4cc085cf7875ff44e61c", "object": { "result": "APPROVED", "ho...</msg>
<status status="PASS" starttime="20210322 04:02:17.637" endtime="20210322 04:02:17.638"></status>
</kw>
<kw name="Post Request" library="RequestsLibrary">
<doc>Send a POST request on the session object found using the
given `alias`</doc>
<arguments>
<arg>accreditation</arg>
<arg>/admin/internal_operation/marketplaces/${marketplace_external_key}/banking/accreditation/holders/${holder_external_key}/registration/approval</arg>
<arg>data=${body}</arg>
<arg>headers=${header}</arg>
</arguments>
<assign>
<var>${response}</var>
</assign>
<msg timestamp="20210322 04:02:17.638" level="INFO">POST Request using : uri=/admin/internal_operation/marketplaces/f71a8951368a4cc085cf7875ff44e61c/banking/accreditation/holders/8bc670c9a53449fd8e7872d77fb857c3/registration/approval, params=None, files=None, allow_redirects=True, timeout=None
headers={'User-Agent': 'python-requests/2.22.0', 'Accept-Encoding': 'gzip, deflate', 'Accept': '*/*', 'Connection': 'keep-alive', 'Content-Type': 'application/json'} 
data={ "type": "risk.assessment.result", "resource": "business.holder", "created_at": "2021-03-22 15:28:56.747Z", "marketplace_id": "f71a8951368a4cc085cf7875ff44e61c", "object": { "result": "APPROVED", "holder_id": "8bc670c9a53449fd8e7872d77fb857c3", "applicant_id": "bcc25a6751c14b52af1340d40dba78c5", "assessment_id": "12ae6379-a8dc-486e-a319-704ce83bb189" } } 
json=None</msg>
<msg timestamp="20210322 04:02:17.842" level="INFO">${response} = &lt;Response [200]&gt;</msg>
<status status="PASS" starttime="20210322 04:02:17.638" endtime="20210322 04:02:17.843"></status>
</kw>
<kw name="Log" library="BuiltIn">
<doc>Logs the given message with the given level.</doc>
<arguments>
<arg>${response.json()}</arg>
</arguments>
<msg timestamp="20210322 04:02:17.845" level="INFO">{'message': 'Holder approved successfully'}</msg>
<status status="PASS" starttime="20210322 04:02:17.844" endtime="20210322 04:02:17.846"></status>
</kw>
<kw name="Log" library="BuiltIn">
<doc>Logs the given message with the given level.</doc>
<arguments>
<arg>${response.headers['X-REQUEST-ID']}</arg>
</arguments>
<msg timestamp="20210322 04:02:17.848" level="INFO">daf8a07e9079633d</msg>
<status status="PASS" starttime="20210322 04:02:17.847" endtime="20210322 04:02:17.848"></status>
</kw>
<kw name="Set Global Variable" library="BuiltIn">
<doc>Makes a variable available globally in all tests and suites.</doc>
<arguments>
<arg>${response}</arg>
</arguments>
<msg timestamp="20210322 04:02:17.849" level="INFO">${response} = &lt;Response [200]&gt;</msg>
<status status="PASS" starttime="20210322 04:02:17.849" endtime="20210322 04:02:17.850"></status>
</kw>
<kw name="Should Be Equal As Strings" library="BuiltIn">
<doc>Fails if objects are unequal after converting them to strings.</doc>
<arguments>
<arg>${response.status_code}</arg>
<arg>200</arg>
</arguments>
<msg timestamp="20210322 04:02:17.851" level="INFO">Argument types are:
&lt;class 'int'&gt;
&lt;type 'unicode'&gt;</msg>
<status status="PASS" starttime="20210322 04:02:17.850" endtime="20210322 04:02:17.851"></status>
</kw>
<status status="PASS" starttime="20210322 04:02:17.635" endtime="20210322 04:02:17.851"></status>
</kw>
<kw name="Should Be Equal As Integers" library="BuiltIn">
<doc>Fails if objects are unequal after converting them to integers.</doc>
<arguments>
<arg>${response.status_code}</arg>
<arg>200</arg>
</arguments>
<msg timestamp="20210322 04:02:17.853" level="INFO">Argument types are:
&lt;class 'int'&gt;
&lt;type 'unicode'&gt;</msg>
<status status="PASS" starttime="20210322 04:02:17.852" endtime="20210322 04:02:17.853"></status>
</kw>
<kw name="buscar account por holder" library="accounts_get_accounts_by_holder">
<kw name="conectar accounts" library="create_session_staging_internal">
<kw name="Create Session" library="RequestsLibrary">
<doc>Create Session: create a HTTP session to a server</doc>
<arguments>
<arg>alias=accounts</arg>
<arg>url=${account_url_base}</arg>
<arg>disable_warnings=true</arg>
</arguments>
<msg timestamp="20210322 04:02:17.855" level="INFO">Creating Session using : alias=accounts, url=https://banking-accounts-internal.staging.zoop.tech, headers={},                     cookies={}, auth=None, timeout=None, proxies=None, verify=False,                     debug=0 </msg>
<status status="PASS" starttime="20210322 04:02:17.855" endtime="20210322 04:02:17.856"></status>
</kw>
<status status="PASS" starttime="20210322 04:02:17.854" endtime="20210322 04:02:17.857"></status>
</kw>
<kw name="Get Request" library="RequestsLibrary">
<doc>Send a GET request on the session object found using the
given `alias`</doc>
<arguments>
<arg>accounts</arg>
<arg>/marketplaces/${marketplace_external_key}/holders/${holder_external_key}/accounts</arg>
</arguments>
<assign>
<var>${response}</var>
</assign>
<msg timestamp="20210322 04:02:17.858" level="INFO">GET Request using : uri=/marketplaces/f71a8951368a4cc085cf7875ff44e61c/holders/8bc670c9a53449fd8e7872d77fb857c3/accounts, params=None, allow_redirects=True, timeout=None
headers={'User-Agent': 'python-requests/2.22.0', 'Accept-Encoding': 'gzip, deflate', 'Accept': '*/*', 'Connection': 'keep-alive'} 
data=None 
json=None</msg>
<msg timestamp="20210322 04:02:18.444" level="INFO">${response} = &lt;Response [200]&gt;</msg>
<status status="PASS" starttime="20210322 04:02:17.857" endtime="20210322 04:02:18.444"></status>
</kw>
<kw name="Log" library="BuiltIn">
<doc>Logs the given message with the given level.</doc>
<arguments>
<arg>${response.json()}</arg>
</arguments>
<msg timestamp="20210322 04:02:18.444" level="INFO">{'items': [{'id': '92d7dda5b741460eb018e320a75f5dac', 'holder': '8bc670c9a53449fd8e7872d77fb857c3', 'balance': '0.00', 'currency': 'BRL', 'routing_number': '001', 'number': '2075962380', 'status': 'active', 'metadata': {}, 'created_at': '2021-03-22T07:02:18.705976', 'updated_at': '2021-03-22T07:02:18.705976', 'primary': True, 'marketplace_id': 'f71a8951368a4cc085cf7875ff44e61c', 'uri': '/v2/marketplaces/f71a8951368a4cc085cf7875ff44e61c/accounts/92d7dda5b741460eb018e320a75f5dac', 'resource': 'payment_account'}], 'has_more': False, 'limit': 100, 'total_pages': 1, 'page': 1, 'offset': 0, 'total': '1', 'query_count': '1'}</msg>
<status status="PASS" starttime="20210322 04:02:18.444" endtime="20210322 04:02:18.444"></status>
</kw>
<kw name="Set Global Variable" library="BuiltIn">
<doc>Makes a variable available globally in all tests and suites.</doc>
<arguments>
<arg>${response}</arg>
</arguments>
<msg timestamp="20210322 04:02:18.445" level="INFO">${response} = &lt;Response [200]&gt;</msg>
<status status="PASS" starttime="20210322 04:02:18.445" endtime="20210322 04:02:18.445"></status>
</kw>
<kw name="Set Variable If" library="BuiltIn">
<doc>Sets variable based on the given condition.</doc>
<arguments>
<arg>${response.status_code}==200</arg>
<arg>${response.json()["items"][0]["id"]}</arg>
</arguments>
<assign>
<var>${account_external_key}</var>
</assign>
<msg timestamp="20210322 04:02:18.446" level="INFO">${account_external_key} = 92d7dda5b741460eb018e320a75f5dac</msg>
<status status="PASS" starttime="20210322 04:02:18.445" endtime="20210322 04:02:18.446"></status>
</kw>
<kw name="Set Global Variable" library="BuiltIn">
<doc>Makes a variable available globally in all tests and suites.</doc>
<arguments>
<arg>${account_external_key}</arg>
</arguments>
<msg timestamp="20210322 04:02:18.446" level="INFO">${account_external_key} = 92d7dda5b741460eb018e320a75f5dac</msg>
<status status="PASS" starttime="20210322 04:02:18.446" endtime="20210322 04:02:18.446"></status>
</kw>
<kw name="Set Variable If" library="BuiltIn">
<doc>Sets variable based on the given condition.</doc>
<arguments>
<arg>${response.status_code}==200</arg>
<arg>${response.json()["items"][0]["number"]}</arg>
</arguments>
<assign>
<var>${account_number}</var>
</assign>
<msg timestamp="20210322 04:02:18.447" level="INFO">${account_number} = 2075962380</msg>
<status status="PASS" starttime="20210322 04:02:18.446" endtime="20210322 04:02:18.447"></status>
</kw>
<kw name="Set Global Variable" library="BuiltIn">
<doc>Makes a variable available globally in all tests and suites.</doc>
<arguments>
<arg>${account_number}</arg>
</arguments>
<msg timestamp="20210322 04:02:18.447" level="INFO">${account_number} = 2075962380</msg>
<status status="PASS" starttime="20210322 04:02:18.447" endtime="20210322 04:02:18.447"></status>
</kw>
<kw name="Set Variable If" library="BuiltIn">
<doc>Sets variable based on the given condition.</doc>
<arguments>
<arg>${response.status_code}==200</arg>
<arg>${response.json()["items"][0]["routing_number"]}</arg>
</arguments>
<assign>
<var>${account_routing_number}</var>
</assign>
<msg timestamp="20210322 04:02:18.448" level="INFO">${account_routing_number} = 001</msg>
<status status="PASS" starttime="20210322 04:02:18.447" endtime="20210322 04:02:18.448"></status>
</kw>
<kw name="Set Global Variable" library="BuiltIn">
<doc>Makes a variable available globally in all tests and suites.</doc>
<arguments>
<arg>${account_routing_number}</arg>
</arguments>
<msg timestamp="20210322 04:02:18.448" level="INFO">${account_routing_number} = 001</msg>
<status status="PASS" starttime="20210322 04:02:18.448" endtime="20210322 04:02:18.448"></status>
</kw>
<status status="PASS" starttime="20210322 04:02:17.853" endtime="20210322 04:02:18.448"></status>
</kw>
<kw name="Should Be Equal As Integers" library="BuiltIn">
<doc>Fails if objects are unequal after converting them to integers.</doc>
<arguments>
<arg>${response.status_code}</arg>
<arg>200</arg>
</arguments>
<msg timestamp="20210322 04:02:18.449" level="INFO">Argument types are:
&lt;class 'int'&gt;
&lt;type 'unicode'&gt;</msg>
<status status="PASS" starttime="20210322 04:02:18.449" endtime="20210322 04:02:18.449"></status>
</kw>
<status status="PASS" starttime="20210322 04:02:15.173" endtime="20210322 04:02:18.449"></status>
</kw>
<status status="PASS" starttime="20210322 04:02:15.172" endtime="20210322 04:02:18.449"></status>
</kw>
<kw name="gerar saldo para account" library="account_generate_balance">
<arguments>
<arg>${account_external_key}</arg>
</arguments>
<kw name="conectar accounts" library="create_session_staging_internal">
<kw name="Create Session" library="RequestsLibrary">
<doc>Create Session: create a HTTP session to a server</doc>
<arguments>
<arg>alias=accounts</arg>
<arg>url=${account_url_base}</arg>
<arg>disable_warnings=true</arg>
</arguments>
<msg timestamp="20210322 04:02:18.450" level="INFO">Creating Session using : alias=accounts, url=https://banking-accounts-internal.staging.zoop.tech, headers={},                     cookies={}, auth=None, timeout=None, proxies=None, verify=False,                     debug=0 </msg>
<status status="PASS" starttime="20210322 04:02:18.450" endtime="20210322 04:02:18.450"></status>
</kw>
<status status="PASS" starttime="20210322 04:02:18.450" endtime="20210322 04:02:18.450"></status>
</kw>
<kw name="Uuid 4" library="FakerLibrary">
<doc>Generates a random UUID4 string.
:param cast_to: Specify what type the UUID should be cast to. Default is `str`
:type cast_to: callable</doc>
<assign>
<var>${uuid}</var>
</assign>
<msg timestamp="20210322 04:02:18.451" level="INFO">${uuid} = 062dc8cf-891a-48a0-b56f-7415085081f0</msg>
<status status="PASS" starttime="20210322 04:02:18.451" endtime="20210322 04:02:18.451"></status>
</kw>
<kw name="conectar accounts" library="create_session_staging_internal">
<kw name="Create Session" library="RequestsLibrary">
<doc>Create Session: create a HTTP session to a server</doc>
<arguments>
<arg>alias=accounts</arg>
<arg>url=${account_url_base}</arg>
<arg>disable_warnings=true</arg>
</arguments>
<msg timestamp="20210322 04:02:18.451" level="INFO">Creating Session using : alias=accounts, url=https://banking-accounts-internal.staging.zoop.tech, headers={},                     cookies={}, auth=None, timeout=None, proxies=None, verify=False,                     debug=0 </msg>
<status status="PASS" starttime="20210322 04:02:18.451" endtime="20210322 04:02:18.452"></status>
</kw>
<status status="PASS" starttime="20210322 04:02:18.451" endtime="20210322 04:02:18.452"></status>
</kw>
<kw name="Create Dictionary" library="BuiltIn">
<doc>Creates and returns a dictionary based on the given ``items``.</doc>
<arguments>
<arg>Content-Type=application/json</arg>
</arguments>
<assign>
<var>${header}</var>
</assign>
<msg timestamp="20210322 04:02:18.452" level="INFO">${header} = {'Content-Type': 'application/json'}</msg>
<status status="PASS" starttime="20210322 04:02:18.452" endtime="20210322 04:02:18.452"></status>
</kw>
<kw name="Catenate" library="BuiltIn">
<doc>Catenates the given items together and returns the resulted string.</doc>
<arguments>
<arg>{</arg>
<arg>"operations": [</arg>
<arg>{</arg>
<arg>"amount": 9000000000000,</arg>
<arg>"authorization_code": "${uuid}",</arg>
<arg>"transaction_id": "${uuid}",</arg>
<arg>"id": "${uuid}",</arg>
<arg>"id_checking_account": "${account_external_key}",</arg>
<arg>"transfer_date": "2020-02-20T20:58:06.510Z",</arg>
<arg>"fee": 0,</arg>
<arg>"description": "Teste",</arg>
<arg>"object_type": "transfer",</arg>
<arg>"object_id": "${uuid}",</arg>
<arg>"dflag": "ACTIVE",</arg>
<arg>"created_at": "2019-10-14T20:58:06.510Z",</arg>
<arg>"type": "Transfer"</arg>
<arg>}</arg>
<arg>],</arg>
<arg>"reference_id": "Criando saldo na account"</arg>
<arg>}</arg>
</arguments>
<assign>
<var>${body}</var>
</assign>
<msg timestamp="20210322 04:02:18.453" level="INFO">${body} = { "operations": [ { "amount": 9000000000000, "authorization_code": "062dc8cf-891a-48a0-b56f-7415085081f0", "transaction_id": "062dc8cf-891a-48a0-b56f-7415085081f0", "id": "062dc8cf-891a-48a0-b56f-7415...</msg>
<status status="PASS" starttime="20210322 04:02:18.453" endtime="20210322 04:02:18.453"></status>
</kw>
<kw name="Post Request" library="RequestsLibrary">
<doc>Send a POST request on the session object found using the
given `alias`</doc>
<arguments>
<arg>accounts</arg>
<arg>/admin/internal_operation/authorization/${uuid}</arg>
<arg>data=${body}</arg>
<arg>headers=${header}</arg>
</arguments>
<assign>
<var>${response}</var>
</assign>
<msg timestamp="20210322 04:02:18.453" level="INFO">POST Request using : uri=/admin/internal_operation/authorization/062dc8cf-891a-48a0-b56f-7415085081f0, params=None, files=None, allow_redirects=True, timeout=None
headers={'User-Agent': 'python-requests/2.22.0', 'Accept-Encoding': 'gzip, deflate', 'Accept': '*/*', 'Connection': 'keep-alive', 'Content-Type': 'application/json'} 
data={ "operations": [ { "amount": 9000000000000, "authorization_code": "062dc8cf-891a-48a0-b56f-7415085081f0", "transaction_id": "062dc8cf-891a-48a0-b56f-7415085081f0", "id": "062dc8cf-891a-48a0-b56f-7415085081f0", "id_checking_account": "92d7dda5b741460eb018e320a75f5dac", "transfer_date": "2020-02-20T20:58:06.510Z", "fee": 0, "description": "Teste", "object_type": "transfer", "object_id": "062dc8cf-891a-48a0-b56f-7415085081f0", "dflag": "ACTIVE", "created_at": "2019-10-14T20:58:06.510Z", "type": "Transfer" } ], "reference_id": "Criando saldo na account" } 
json=None</msg>
<msg timestamp="20210322 04:02:19.084" level="INFO">${response} = &lt;Response [200]&gt;</msg>
<status status="PASS" starttime="20210322 04:02:18.453" endtime="20210322 04:02:19.084"></status>
</kw>
<kw name="Run Keyword If" library="BuiltIn">
<doc>Runs the given keyword with the given arguments, if ``condition`` is true.</doc>
<arguments>
<arg>'${response.status_code}' == 200</arg>
<arg>Log</arg>
<arg>${response.json()}</arg>
</arguments>
<status status="PASS" starttime="20210322 04:02:19.086" endtime="20210322 04:02:19.087"></status>
</kw>
<kw name="Run Keyword If" library="BuiltIn">
<doc>Runs the given keyword with the given arguments, if ``condition`` is true.</doc>
<arguments>
<arg>'${response.status_code}' == 200</arg>
<arg>Log</arg>
<arg>${response.headers['X-REQUEST-ID']}</arg>
</arguments>
<status status="PASS" starttime="20210322 04:02:19.088" endtime="20210322 04:02:19.089"></status>
</kw>
<kw name="Run Keyword If" library="BuiltIn">
<doc>Runs the given keyword with the given arguments, if ``condition`` is true.</doc>
<arguments>
<arg>'${response.status_code}' == 200</arg>
<arg>Log</arg>
<arg>${response.status_code}</arg>
</arguments>
<status status="PASS" starttime="20210322 04:02:19.090" endtime="20210322 04:02:19.091"></status>
</kw>
<status status="PASS" starttime="20210322 04:02:18.449" endtime="20210322 04:02:19.091"></status>
</kw>
<kw name="Run Keyword If" library="BuiltIn">
<doc>Runs the given keyword with the given arguments, if ``condition`` is true.</doc>
<arguments>
<arg>'${pix_type}' == 'phone'</arg>
<arg>criar chave pix</arg>
<arg>${pix_type}</arg>
<arg>${phone_pix}</arg>
<arg>ELSE IF</arg>
<arg>'${pix_type}' == 'email'</arg>
<arg>criar chave pix</arg>
<arg>${pix_type}</arg>
<arg>${email_pix}</arg>
<arg>ELSE IF</arg>
<arg>'${pix_type}' == 'evp'</arg>
<arg>criar chave pix</arg>
<arg>${pix_type}</arg>
<arg>${EMPTY}</arg>
<arg>ELSE IF</arg>
<arg>'${pix_type}' == 'national_registration'</arg>
<arg>criar chave pix</arg>
<arg>${pix_type}</arg>
<arg>${EMPTY}</arg>
</arguments>
<kw name="criar chave pix" library="pix_dict_create_entry">
<arguments>
<arg>${pix_type}</arg>
<arg>${email_pix}</arg>
</arguments>
<kw name="conectar pix-dict" library="create_session_staging_internal">
<kw name="Create Session" library="RequestsLibrary">
<doc>Create Session: create a HTTP session to a server</doc>
<arguments>
<arg>alias=pix-dict</arg>
<arg>url=${pix_dict_url_base}</arg>
<arg>disable_warnings=true</arg>
</arguments>
<msg timestamp="20210322 04:02:19.097" level="INFO">Creating Session using : alias=pix-dict, url=https://banking-pix-dict-internal.staging.zoop.tech, headers={},                     cookies={}, auth=None, timeout=None, proxies=None, verify=False,                     debug=0 </msg>
<status status="PASS" starttime="20210322 04:02:19.097" endtime="20210322 04:02:19.098"></status>
</kw>
<status status="PASS" starttime="20210322 04:02:19.095" endtime="20210322 04:02:19.098"></status>
</kw>
<kw name="Set Global Variable" library="BuiltIn">
<doc>Makes a variable available globally in all tests and suites.</doc>
<arguments>
<arg>${type}</arg>
</arguments>
<msg timestamp="20210322 04:02:19.099" level="INFO">${type} = email</msg>
<status status="PASS" starttime="20210322 04:02:19.098" endtime="20210322 04:02:19.099"></status>
</kw>
<kw name="Set Global Variable" library="BuiltIn">
<doc>Makes a variable available globally in all tests and suites.</doc>
<arguments>
<arg>${value}</arg>
</arguments>
<msg timestamp="20210322 04:02:19.100" level="INFO">${value} = fogacaevelyn@da.com</msg>
<status status="PASS" starttime="20210322 04:02:19.099" endtime="20210322 04:02:19.100"></status>
</kw>
<kw name="Create Dictionary" library="BuiltIn">
<doc>Creates and returns a dictionary based on the given ``items``.</doc>
<arguments>
<arg>Content-Type=application/json</arg>
</arguments>
<assign>
<var>${header}</var>
</assign>
<msg timestamp="20210322 04:02:19.101" level="INFO">${header} = {'Content-Type': 'application/json'}</msg>
<status status="PASS" starttime="20210322 04:02:19.100" endtime="20210322 04:02:19.101"></status>
</kw>
<kw name="Catenate" library="BuiltIn">
<doc>Catenates the given items together and returns the resulted string.</doc>
<arguments>
<arg>{</arg>
<arg>"type": "${type}",</arg>
<arg>"value": "${value}"</arg>
<arg>}</arg>
</arguments>
<assign>
<var>${body}</var>
</assign>
<msg timestamp="20210322 04:02:19.102" level="INFO">${body} = { "type": "email", "value": "fogacaevelyn@da.com" }</msg>
<status status="PASS" starttime="20210322 04:02:19.101" endtime="20210322 04:02:19.102"></status>
</kw>
<kw name="Post Request" library="RequestsLibrary">
<doc>Send a POST request on the session object found using the
given `alias`</doc>
<arguments>
<arg>pix-dict</arg>
<arg>/marketplaces/${marketplace_external_key}/banking/dict/holders/${holder_external_key}/accounts/${account_external_key}/entries</arg>
<arg>data=${body}</arg>
<arg>headers=${header}</arg>
</arguments>
<assign>
<var>${response}</var>
</assign>
<msg timestamp="20210322 04:02:19.103" level="INFO">POST Request using : uri=/marketplaces/f71a8951368a4cc085cf7875ff44e61c/banking/dict/holders/8bc670c9a53449fd8e7872d77fb857c3/accounts/92d7dda5b741460eb018e320a75f5dac/entries, params=None, files=None, allow_redirects=True, timeout=None
headers={'User-Agent': 'python-requests/2.22.0', 'Accept-Encoding': 'gzip, deflate', 'Accept': '*/*', 'Connection': 'keep-alive', 'Content-Type': 'application/json'} 
data={ "type": "email", "value": "fogacaevelyn@da.com" } 
json=None</msg>
<msg timestamp="20210322 04:02:19.779" level="INFO">${response} = &lt;Response [202]&gt;</msg>
<status status="PASS" starttime="20210322 04:02:19.102" endtime="20210322 04:02:19.779"></status>
</kw>
<kw name="Log" library="BuiltIn">
<doc>Logs the given message with the given level.</doc>
<arguments>
<arg>${response.json()}</arg>
</arguments>
<msg timestamp="20210322 04:02:19.780" level="INFO">{'id': '236ac35af4344a1f84d130af0a3e5176', 'status': 'waiting_ownership_verification', 'created_at': '2021-03-22T04:02:20.658', 'updated_at': '2021-03-22T04:02:20.658', 'key': {'value': 'fogacaevelyn@da.com', 'type': 'email'}, 'account': {'id': '92d7dda5b741460eb018e320a75f5dac', 'marketplace': 'f71a8951368a4cc085cf7875ff44e61c', 'holder': '8bc670c9a53449fd8e7872d77fb857c3', 'owner': {'name': 'Holder de teste', 'national_registration': '97286340565', 'type': 'individual'}, 'routing_number': '001', 'number': '2075962380', 'type': 'CACC'}, 'psp': {'code': '19468242', 'name': 'Zoop Tecnologia e Meios de Pagamento S.A.'}, 'resource': 'pix.entry'}</msg>
<status status="PASS" starttime="20210322 04:02:19.779" endtime="20210322 04:02:19.780"></status>
</kw>
<kw name="Log" library="BuiltIn">
<doc>Logs the given message with the given level.</doc>
<arguments>
<arg>${response.headers['X-REQUEST-ID']}</arg>
</arguments>
<msg timestamp="20210322 04:02:19.780" level="INFO">e3bfd0aa466f5075</msg>
<status status="PASS" starttime="20210322 04:02:19.780" endtime="20210322 04:02:19.781"></status>
</kw>
<kw name="Log" library="BuiltIn">
<doc>Logs the given message with the given level.</doc>
<arguments>
<arg>${response.status_code}</arg>
</arguments>
<msg timestamp="20210322 04:02:19.781" level="INFO">202</msg>
<status status="PASS" starttime="20210322 04:02:19.781" endtime="20210322 04:02:19.781"></status>
</kw>
<kw name="Set Global Variable" library="BuiltIn">
<doc>Makes a variable available globally in all tests and suites.</doc>
<arguments>
<arg>${response}</arg>
</arguments>
<msg timestamp="20210322 04:02:19.781" level="INFO">${response} = &lt;Response [202]&gt;</msg>
<status status="PASS" starttime="20210322 04:02:19.781" endtime="20210322 04:02:19.782"></status>
</kw>
<kw name="Set Variable If" library="BuiltIn">
<doc>Sets variable based on the given condition.</doc>
<arguments>
<arg>${response.status_code}==201</arg>
<arg>${response.json()["id"]}</arg>
<arg>${response.status_code}==202</arg>
<arg>${response.json()["id"]}</arg>
</arguments>
<assign>
<var>${entry_external_key}</var>
</assign>
<kw name="Set Variable If" library="BuiltIn">
<doc>Sets variable based on the given condition.</doc>
<arguments>
<arg>${response.status_code}==202</arg>
<arg>${response.json()["id"]}</arg>
</arguments>
<status status="PASS" starttime="20210322 04:02:19.782" endtime="20210322 04:02:19.783"></status>
</kw>
<msg timestamp="20210322 04:02:19.783" level="INFO">${entry_external_key} = 236ac35af4344a1f84d130af0a3e5176</msg>
<status status="PASS" starttime="20210322 04:02:19.782" endtime="20210322 04:02:19.783"></status>
</kw>
<kw name="Set Global Variable" library="BuiltIn">
<doc>Makes a variable available globally in all tests and suites.</doc>
<arguments>
<arg>${entry_external_key}</arg>
</arguments>
<msg timestamp="20210322 04:02:19.783" level="INFO">${entry_external_key} = 236ac35af4344a1f84d130af0a3e5176</msg>
<status status="PASS" starttime="20210322 04:02:19.783" endtime="20210322 04:02:19.783"></status>
</kw>
<kw name="Set Variable If" library="BuiltIn">
<doc>Sets variable based on the given condition.</doc>
<arguments>
<arg>${response.status_code}==201</arg>
<arg>${response.json()["key"]["value"]}</arg>
<arg>${response.status_code}==202</arg>
<arg>${response.json()["key"]["value"]}</arg>
</arguments>
<assign>
<var>${entry_key_value}</var>
</assign>
<kw name="Set Variable If" library="BuiltIn">
<doc>Sets variable based on the given condition.</doc>
<arguments>
<arg>${response.status_code}==202</arg>
<arg>${response.json()["key"]["value"]}</arg>
</arguments>
<status status="PASS" starttime="20210322 04:02:19.784" endtime="20210322 04:02:19.784"></status>
</kw>
<msg timestamp="20210322 04:02:19.784" level="INFO">${entry_key_value} = fogacaevelyn@da.com</msg>
<status status="PASS" starttime="20210322 04:02:19.783" endtime="20210322 04:02:19.784"></status>
</kw>
<kw name="Set Global Variable" library="BuiltIn">
<doc>Makes a variable available globally in all tests and suites.</doc>
<arguments>
<arg>${entry_key_value}</arg>
</arguments>
<msg timestamp="20210322 04:02:19.784" level="INFO">${entry_key_value} = fogacaevelyn@da.com</msg>
<status status="PASS" starttime="20210322 04:02:19.784" endtime="20210322 04:02:19.784"></status>
</kw>
<status status="PASS" starttime="20210322 04:02:19.095" endtime="20210322 04:02:19.785"></status>
</kw>
<status status="PASS" starttime="20210322 04:02:19.092" endtime="20210322 04:02:19.785"></status>
</kw>
<kw name="Run Keyword If" library="BuiltIn">
<doc>Runs the given keyword with the given arguments, if ``condition`` is true.</doc>
<arguments>
<arg>'${pix_type}' == 'phone'</arg>
<arg>buscar verification code</arg>
<arg>${holder_external_key}</arg>
<arg>${account_external_key}</arg>
<arg>${entry_external_key}</arg>
<arg>ELSE IF</arg>
<arg>'${pix_type}' == 'email'</arg>
<arg>buscar verification code</arg>
<arg>${holder_external_key}</arg>
<arg>${account_external_key}</arg>
<arg>${entry_external_key}</arg>
</arguments>
<kw name="buscar verification code" library="pix_dict_verification_code">
<arguments>
<arg>${holder_external_key}</arg>
<arg>${account_external_key}</arg>
<arg>${entry_external_key}</arg>
</arguments>
<kw name="conectar pix-dict" library="create_session_staging_internal">
<kw name="Create Session" library="RequestsLibrary">
<doc>Create Session: create a HTTP session to a server</doc>
<arguments>
<arg>alias=pix-dict</arg>
<arg>url=${pix_dict_url_base}</arg>
<arg>disable_warnings=true</arg>
</arguments>
<msg timestamp="20210322 04:02:19.786" level="INFO">Creating Session using : alias=pix-dict, url=https://banking-pix-dict-internal.staging.zoop.tech, headers={},                     cookies={}, auth=None, timeout=None, proxies=None, verify=False,                     debug=0 </msg>
<status status="PASS" starttime="20210322 04:02:19.786" endtime="20210322 04:02:19.786"></status>
</kw>
<status status="PASS" starttime="20210322 04:02:19.785" endtime="20210322 04:02:19.786"></status>
</kw>
<kw name="Get Request" library="RequestsLibrary">
<doc>Send a GET request on the session object found using the
given `alias`</doc>
<arguments>
<arg>pix-dict</arg>
<arg>/admin/internal_operation/marketplaces/${marketplace_external_key}/banking/dict/holders/${holder_external_key}/accounts/${account_external_key}/entries/${entry_external_key}/code</arg>
</arguments>
<assign>
<var>${response}</var>
</assign>
<msg timestamp="20210322 04:02:19.787" level="INFO">GET Request using : uri=/admin/internal_operation/marketplaces/f71a8951368a4cc085cf7875ff44e61c/banking/dict/holders/8bc670c9a53449fd8e7872d77fb857c3/accounts/92d7dda5b741460eb018e320a75f5dac/entries/236ac35af4344a1f84d130af0a3e5176/code, params=None, allow_redirects=True, timeout=None
headers={'User-Agent': 'python-requests/2.22.0', 'Accept-Encoding': 'gzip, deflate', 'Accept': '*/*', 'Connection': 'keep-alive'} 
data=None 
json=None</msg>
<msg timestamp="20210322 04:02:20.399" level="INFO">${response} = &lt;Response [200]&gt;</msg>
<status status="PASS" starttime="20210322 04:02:19.786" endtime="20210322 04:02:20.399"></status>
</kw>
<kw name="Log" library="BuiltIn">
<doc>Logs the given message with the given level.</doc>
<arguments>
<arg>${response.json()}</arg>
</arguments>
<msg timestamp="20210322 04:02:20.401" level="INFO">{'code': '3042'}</msg>
<status status="PASS" starttime="20210322 04:02:20.400" endtime="20210322 04:02:20.401"></status>
</kw>
<kw name="Log" library="BuiltIn">
<doc>Logs the given message with the given level.</doc>
<arguments>
<arg>${response.headers['X-REQUEST-ID']}</arg>
</arguments>
<msg timestamp="20210322 04:02:20.402" level="INFO">814e8182997e8c33</msg>
<status status="PASS" starttime="20210322 04:02:20.401" endtime="20210322 04:02:20.402"></status>
</kw>
<kw name="Log" library="BuiltIn">
<doc>Logs the given message with the given level.</doc>
<arguments>
<arg>${response.status_code}</arg>
</arguments>
<msg timestamp="20210322 04:02:20.403" level="INFO">200</msg>
<status status="PASS" starttime="20210322 04:02:20.403" endtime="20210322 04:02:20.403"></status>
</kw>
<kw name="Set Global Variable" library="BuiltIn">
<doc>Makes a variable available globally in all tests and suites.</doc>
<arguments>
<arg>${response}</arg>
</arguments>
[...]
<arg>creditor_routing_number=${creditor_routing_number}</arg>
<arg>creditor_account_type=${creditor_account_type}</arg>
<arg>creditor_name=${creditor_name}</arg>
<arg>creditor_national_registration=${creditor_national_registration}</arg>
<arg>creditor_psp=${creditor_psp}</arg>
<arg>pix_description=${pix_description}</arg>
</arguments>
<kw name="conectar pix-payments" library="create_session_staging_internal">
<kw name="Create Session" library="RequestsLibrary">
<doc>Create Session: create a HTTP session to a server</doc>
<arguments>
<arg>alias=pix-payments</arg>
<arg>url=${pix_payments_url_base}</arg>
<arg>disable_warnings=true</arg>
</arguments>
<msg timestamp="20210322 04:02:43.136" level="INFO">Creating Session using : alias=pix-payments, url=https://banking-pix-payments-internal.staging.zoop.tech, headers={},                     cookies={}, auth=None, timeout=None, proxies=None, verify=False,                     debug=0 </msg>
<status status="PASS" starttime="20210322 04:02:43.136" endtime="20210322 04:02:43.137"></status>
</kw>
<status status="PASS" starttime="20210322 04:02:43.135" endtime="20210322 04:02:43.137"></status>
</kw>
<kw name="Create Dictionary" library="BuiltIn">
<doc>Creates and returns a dictionary based on the given ``items``.</doc>
<arguments>
<arg>Content-Type=application/json</arg>
</arguments>
<assign>
<var>${header}</var>
</assign>
<msg timestamp="20210322 04:02:43.138" level="INFO">${header} = {'Content-Type': 'application/json'}</msg>
<status status="PASS" starttime="20210322 04:02:43.137" endtime="20210322 04:02:43.138"></status>
</kw>
<kw name="Catenate" library="BuiltIn">
<doc>Catenates the given items together and returns the resulted string.</doc>
<arguments>
<arg>{</arg>
<arg>"amount": ${amount},</arg>
<arg>"creditor": {</arg>
<arg>"account": {</arg>
<arg>"number": "${creditor_account_number}",</arg>
<arg>"routing_number": "${creditor_routing_number}",</arg>
<arg>"type": "${creditor_account_type}"</arg>
<arg>},</arg>
<arg>"name": "${creditor_name}",</arg>
<arg>"national_registration": "${creditor_national_registration}",</arg>
<arg>"psp": "${creditor_psp}"</arg>
<arg>},</arg>
<arg>"description": "${pix_description}"</arg>
<arg>}</arg>
</arguments>
<assign>
<var>${body}</var>
</assign>
<msg timestamp="20210322 04:02:43.139" level="INFO">${body} = { "amount": 100, "creditor": { "account": { "number": "0243882974", "routing_number": "0500", "type": "cacc" }, "name": "Massa iti PF NauNNMO", "national_registration": "42808422644", "psp": "17192451...</msg>
<status status="PASS" starttime="20210322 04:02:43.138" endtime="20210322 04:02:43.139"></status>
</kw>
<kw name="Post Request" library="RequestsLibrary">
<doc>Send a POST request on the session object found using the
given `alias`</doc>
<arguments>
<arg>pix-payments</arg>
<arg>/marketplaces/${marketplace_external_key}/banking/pix/holders/${holder_external_key}/accounts/${account_external_key}/payments</arg>
<arg>data=${body}</arg>
<arg>headers=${header}</arg>
</arguments>
<assign>
<var>${response}</var>
</assign>
<msg timestamp="20210322 04:02:43.141" level="INFO">POST Request using : uri=/marketplaces/f71a8951368a4cc085cf7875ff44e61c/banking/pix/holders/0ef9ff0cbd0a41ddbfba15af40854bed/accounts/a412f43d7eca43ee8a87088b7605477f/payments, params=None, files=None, allow_redirects=True, timeout=None
headers={'User-Agent': 'python-requests/2.22.0', 'Accept-Encoding': 'gzip, deflate', 'Accept': '*/*', 'Connection': 'keep-alive', 'Content-Type': 'application/json'} 
data={ "amount": 100, "creditor": { "account": { "number": "0243882974", "routing_number": "0500", "type": "cacc" }, "name": "Massa iti PF NauNNMO", "national_registration": "42808422644", "psp": "17192451" }, "description": "Envio de PIX" } 
json=None</msg>
<msg timestamp="20210322 04:02:43.885" level="INFO">${response} = &lt;Response [201]&gt;</msg>
<status status="PASS" starttime="20210322 04:02:43.140" endtime="20210322 04:02:43.885"></status>
</kw>
<kw name="Log" library="BuiltIn">
<doc>Logs the given message with the given level.</doc>
<arguments>
<arg>${response.json()}</arg>
</arguments>
<msg timestamp="20210322 04:02:43.888" level="INFO">{'id': '026f2e06013f4076ac8afa548eed436c', 'marketplace_id': 'f71a8951368a4cc085cf7875ff44e61c', 'status': 'pending', 'end_to_end_id': 'E1946824220210322070287434662cb7', 'message_id': 'M1946824299262564262bad00dbebf55', 'amount': 100, 'created_at': '2021-03-22T04:02:44.745281', 'description': 'Envio de PIX', 'debtor': {'national_registration': '97358061420', 'name': 'Holder de teste', 'type': 'individual', 'holder_id': '0ef9ff0cbd0a41ddbfba15af40854bed', 'account': {'psp': {'code': '19468242', 'name': 'Zoop Tecnologia e Meios de Pagamento S.A.'}, 'digital_account_id': 'a412f43d7eca43ee8a87088b7605477f', 'number': '1483850607', 'routing_number': '0001', 'type': 'cacc'}}, 'creditor': {'national_registration': '42808422644', 'name': 'Massa iti PF NauNNMO', 'type': 'individual', 'account': {'psp': {'code': '17192451'}, 'number': '0243882974', 'routing_number': '0500', 'type': 'cacc'}}, 'refunded_amount': 0}</msg>
<status status="PASS" starttime="20210322 04:02:43.887" endtime="20210322 04:02:43.888"></status>
</kw>
<kw name="Log" library="BuiltIn">
<doc>Logs the given message with the given level.</doc>
<arguments>
<arg>${response.headers['X-REQUEST-ID']}</arg>
</arguments>
<msg timestamp="20210322 04:02:43.890" level="INFO">c51f61375f4e2971</msg>
<status status="PASS" starttime="20210322 04:02:43.890" endtime="20210322 04:02:43.890"></status>
</kw>
<kw name="Log" library="BuiltIn">
<doc>Logs the given message with the given level.</doc>
<arguments>
<arg>${response.status_code}</arg>
</arguments>
<msg timestamp="20210322 04:02:43.893" level="INFO">201</msg>
<status status="PASS" starttime="20210322 04:02:43.891" endtime="20210322 04:02:43.894"></status>
</kw>
<kw name="Set Global Variable" library="BuiltIn">
<doc>Makes a variable available globally in all tests and suites.</doc>
<arguments>
<arg>${response}</arg>
</arguments>
<msg timestamp="20210322 04:02:43.896" level="INFO">${response} = &lt;Response [201]&gt;</msg>
<status status="PASS" starttime="20210322 04:02:43.895" endtime="20210322 04:02:43.896"></status>
</kw>
<kw name="Set Variable If" library="BuiltIn">
<doc>Sets variable based on the given condition.</doc>
<arguments>
<arg>${response.status_code}==201</arg>
<arg>${response.json()["id"]}</arg>
</arguments>
<assign>
<var>${payment_external_key}</var>
</assign>
<msg timestamp="20210322 04:02:43.898" level="INFO">${payment_external_key} = 026f2e06013f4076ac8afa548eed436c</msg>
<status status="PASS" starttime="20210322 04:02:43.897" endtime="20210322 04:02:43.898"></status>
</kw>
<kw name="Set Global Variable" library="BuiltIn">
<doc>Makes a variable available globally in all tests and suites.</doc>
<arguments>
<arg>${payment_external_key}</arg>
</arguments>
<msg timestamp="20210322 04:02:43.900" level="INFO">${payment_external_key} = 026f2e06013f4076ac8afa548eed436c</msg>
<status status="PASS" starttime="20210322 04:02:43.900" endtime="20210322 04:02:43.900"></status>
</kw>
<kw name="Set Variable If" library="BuiltIn">
<doc>Sets variable based on the given condition.</doc>
<arguments>
<arg>${response.status_code}==201</arg>
<arg>${response.json()["end_to_end_id"]}</arg>
</arguments>
<assign>
<var>${end_to_end_id}</var>
</assign>
<msg timestamp="20210322 04:02:43.903" level="INFO">${end_to_end_id} = E1946824220210322070287434662cb7</msg>
<status status="PASS" starttime="20210322 04:02:43.900" endtime="20210322 04:02:43.903"></status>
</kw>
<kw name="Set Global Variable" library="BuiltIn">
<doc>Makes a variable available globally in all tests and suites.</doc>
<arguments>
<arg>${end_to_end_id}</arg>
</arguments>
<msg timestamp="20210322 04:02:43.903" level="INFO">${end_to_end_id} = E1946824220210322070287434662cb7</msg>
<status status="PASS" starttime="20210322 04:02:43.903" endtime="20210322 04:02:43.903"></status>
</kw>
<kw name="Set Variable If" library="BuiltIn">
<doc>Sets variable based on the given condition.</doc>
<arguments>
<arg>${response.status_code}==201</arg>
<arg>${response.json()["message_id"]}</arg>
</arguments>
<assign>
<var>${message_id}</var>
</assign>
<msg timestamp="20210322 04:02:43.906" level="INFO">${message_id} = M1946824299262564262bad00dbebf55</msg>
<status status="PASS" starttime="20210322 04:02:43.904" endtime="20210322 04:02:43.906"></status>
</kw>
<kw name="Set Global Variable" library="BuiltIn">
<doc>Makes a variable available globally in all tests and suites.</doc>
<arguments>
<arg>${message_id}</arg>
</arguments>
<msg timestamp="20210322 04:02:43.906" level="INFO">${message_id} = M1946824299262564262bad00dbebf55</msg>
<status status="PASS" starttime="20210322 04:02:43.906" endtime="20210322 04:02:43.906"></status>
</kw>
<status status="PASS" starttime="20210322 04:02:43.133" endtime="20210322 04:02:43.906"></status>
</kw>
<kw name="validar pagamento pix" library="asserts">
<arguments>
<arg>marketplace_external_key=${marketplace_external_key}</arg>
<arg>status_pix_payments=pending</arg>
<arg>amount=${amount}</arg>
<arg>pix_description=${pix_description}</arg>
<arg>debitor_national_registration=${national_registration}</arg>
<arg>debitor_name=${holder_name}</arg>
<arg>debitor_type=${holder_type}</arg>
<arg>debitor_holder_id=${holder_external_key}</arg>
<arg>debtor_account_psp_code=${debtor_account_psp_code}</arg>
<arg>debtor_account_psp_name=${debtor_account_psp_name}</arg>
<arg>debtor_digital_account=${account_external_key}</arg>
<arg>debtor_account_number=${account_number}</arg>
<arg>debtor_account_routing_number=${account_routing_number}</arg>
<arg>debtor_account_type=${debtor_account_type}</arg>
<arg>creditor_national_registration=${creditor_national_registration}</arg>
<arg>creditor_name=${creditor_name}</arg>
<arg>creditor_type=individual</arg>
<arg>creditor_account_psp_code=${creditor_psp}</arg>
<arg>creditor_account_number=${creditor_account_number}</arg>
<arg>creditor_account_routing_number=${creditor_routing_number}</arg>
<arg>creditor_account_type=${creditor_account_type}</arg>
<arg>refunded_amount=0</arg>
</arguments>
<kw name="Get Current Date" library="DateTime">
<doc>Returns current local or UTC time with an optional increment.</doc>
<arguments>
<arg>result_format=datetime</arg>
</arguments>
<assign>
<var>${date}</var>
</assign>
<msg timestamp="20210322 04:02:43.910" level="INFO">${date} = 2021-03-22 04:02:43.910428</msg>
<status status="PASS" starttime="20210322 04:02:43.910" endtime="20210322 04:02:43.910"></status>
</kw>
<kw name="Convert Date" library="DateTime">
<doc>Converts between supported `date formats`.</doc>
<arguments>
<arg>${date}</arg>
<arg>exclude_millis=yes</arg>
<arg>result_format=%Y-%m-%d</arg>
<arg>date_format=%d-%m-%Y</arg>
</arguments>
<assign>
<var>${date}</var>
</assign>
<msg timestamp="20210322 04:02:43.911" level="INFO">${date} = 2021-03-22</msg>
<status status="PASS" starttime="20210322 04:02:43.911" endtime="20210322 04:02:43.911"></status>
</kw>
<kw name="Should Be Equal" library="BuiltIn">
<doc>Fails if the given objects are unequal.</doc>
<arguments>
<arg>${response.json()["marketplace_id"]}</arg>
<arg>${marketplace_external_key}</arg>
</arguments>
<status status="PASS" starttime="20210322 04:02:43.912" endtime="20210322 04:02:43.913"></status>
</kw>
<kw name="Should Be Equal" library="BuiltIn">
<doc>Fails if the given objects are unequal.</doc>
<arguments>
<arg>${response.json()["status"]}</arg>
<arg>${status_pix_payments}</arg>
</arguments>
<status status="PASS" starttime="20210322 04:02:43.913" endtime="20210322 04:02:43.913"></status>
</kw>
<kw name="Should Not Be Empty" library="BuiltIn">
<doc>Verifies that the given item is not empty.</doc>
<arguments>
<arg>${response.json()["end_to_end_id"]}</arg>
</arguments>
<msg timestamp="20210322 04:02:43.914" level="INFO">Length is 32</msg>
<status status="PASS" starttime="20210322 04:02:43.913" endtime="20210322 04:02:43.914"></status>
</kw>
<kw name="Should Not Be Empty" library="BuiltIn">
<doc>Verifies that the given item is not empty.</doc>
<arguments>
<arg>${response.json()["message_id"]}</arg>
</arguments>
<msg timestamp="20210322 04:02:43.915" level="INFO">Length is 32</msg>
<status status="PASS" starttime="20210322 04:02:43.914" endtime="20210322 04:02:43.915"></status>
</kw>
<kw name="Should Be Equal As Integers" library="BuiltIn">
<doc>Fails if objects are unequal after converting them to integers.</doc>
<arguments>
<arg>${response.json()["amount"]}</arg>
<arg>${amount}</arg>
</arguments>
<msg timestamp="20210322 04:02:43.916" level="INFO">Argument types are:
&lt;class 'int'&gt;
&lt;type 'unicode'&gt;</msg>
<status status="PASS" starttime="20210322 04:02:43.915" endtime="20210322 04:02:43.916"></status>
</kw>
<kw name="Should Be Equal" library="BuiltIn">
<doc>Fails if the given objects are unequal.</doc>
<arguments>
<arg>${response.json()["description"]}</arg>
<arg>${pix_description}</arg>
</arguments>
<status status="PASS" starttime="20210322 04:02:43.916" endtime="20210322 04:02:43.917"></status>
</kw>
<kw name="Should Be Equal" library="BuiltIn">
<doc>Fails if the given objects are unequal.</doc>
<arguments>
<arg>${response.json()["debtor"]["national_registration"]}</arg>
<arg>${debitor_national_registration}</arg>
</arguments>
<status status="PASS" starttime="20210322 04:02:43.917" endtime="20210322 04:02:43.918"></status>
</kw>
<kw name="Should Be Equal" library="BuiltIn">
<doc>Fails if the given objects are unequal.</doc>
<arguments>
<arg>${response.json()["debtor"]["name"]}</arg>
<arg>${debitor_name}</arg>
</arguments>
<status status="PASS" starttime="20210322 04:02:43.918" endtime="20210322 04:02:43.919"></status>
</kw>
<kw name="Should Be Equal" library="BuiltIn">
<doc>Fails if the given objects are unequal.</doc>
<arguments>
<arg>${response.json()["debtor"]["type"]}</arg>
<arg>${debitor_type}</arg>
</arguments>
<status status="PASS" starttime="20210322 04:02:43.919" endtime="20210322 04:02:43.920"></status>
</kw>
<kw name="Should Be Equal" library="BuiltIn">
<doc>Fails if the given objects are unequal.</doc>
<arguments>
<arg>${response.json()["debtor"]["holder_id"]}</arg>
<arg>${debitor_holder_id}</arg>
</arguments>
<status status="PASS" starttime="20210322 04:02:43.920" endtime="20210322 04:02:43.922"></status>
</kw>
<kw name="Should Be Equal" library="BuiltIn">
<doc>Fails if the given objects are unequal.</doc>
<arguments>
<arg>${response.json()["debtor"]["account"]["psp"]["code"]}</arg>
<arg>${debtor_account_psp_code}</arg>
</arguments>
<status status="PASS" starttime="20210322 04:02:43.922" endtime="20210322 04:02:43.922"></status>
</kw>
<kw name="Should Be Equal" library="BuiltIn">
<doc>Fails if the given objects are unequal.</doc>
<arguments>
<arg>${response.json()["debtor"]["account"]["psp"]["name"]}</arg>
<arg>${debtor_account_psp_name}</arg>
</arguments>
<status status="PASS" starttime="20210322 04:02:43.922" endtime="20210322 04:02:43.923"></status>
</kw>
<kw name="Should Be Equal" library="BuiltIn">
<doc>Fails if the given objects are unequal.</doc>
<arguments>
<arg>${response.json()["debtor"]["account"]["digital_account_id"]}</arg>
<arg>${debtor_digital_account}</arg>
</arguments>
<status status="PASS" starttime="20210322 04:02:43.923" endtime="20210322 04:02:43.925"></status>
</kw>
<kw name="Should Be Equal" library="BuiltIn">
<doc>Fails if the given objects are unequal.</doc>
<arguments>
<arg>${response.json()["debtor"]["account"]["number"]}</arg>
<arg>${account_number}</arg>
</arguments>
<status status="PASS" starttime="20210322 04:02:43.925" endtime="20210322 04:02:43.925"></status>
</kw>
<kw name="Should Be Equal" library="BuiltIn">
<doc>Fails if the given objects are unequal.</doc>
<arguments>
<arg>${response.json()["debtor"]["account"]["routing_number"]}</arg>
<arg>0${debtor_account_routing_number}</arg>
</arguments>
<status status="PASS" starttime="20210322 04:02:43.926" endtime="20210322 04:02:43.926"></status>
</kw>
<kw name="Should Be Equal" library="BuiltIn">
<doc>Fails if the given objects are unequal.</doc>
<arguments>
<arg>${response.json()["debtor"]["account"]["type"]}</arg>
<arg>${debtor_account_type}</arg>
</arguments>
<status status="PASS" starttime="20210322 04:02:43.926" endtime="20210322 04:02:43.927"></status>
</kw>
<kw name="Should Be Equal" library="BuiltIn">
<doc>Fails if the given objects are unequal.</doc>
<arguments>
<arg>${response.json()["creditor"]["national_registration"]}</arg>
<arg>${creditor_national_registration}</arg>
</arguments>
<status status="PASS" starttime="20210322 04:02:43.928" endtime="20210322 04:02:43.928"></status>
</kw>
<kw name="Should Be Equal" library="BuiltIn">
<doc>Fails if the given objects are unequal.</doc>
<arguments>
<arg>${response.json()["creditor"]["name"]}</arg>
<arg>${creditor_name}</arg>
</arguments>
<status status="PASS" starttime="20210322 04:02:43.928" endtime="20210322 04:02:43.929"></status>
</kw>
<kw name="Should Be Equal" library="BuiltIn">
<doc>Fails if the given objects are unequal.</doc>
<arguments>
<arg>${response.json()["creditor"]["type"]}</arg>
<arg>${creditor_type}</arg>
</arguments>
<status status="PASS" starttime="20210322 04:02:43.931" endtime="20210322 04:02:43.931"></status>
</kw>
<kw name="Should Be Equal" library="BuiltIn">
<doc>Fails if the given objects are unequal.</doc>
<arguments>
<arg>${response.json()["creditor"]["account"]["psp"]["code"]}</arg>
<arg>${creditor_account_psp_code}</arg>
</arguments>
<status status="PASS" starttime="20210322 04:02:43.931" endtime="20210322 04:02:43.933"></status>
</kw>
<kw name="Should Be Equal" library="BuiltIn">
<doc>Fails if the given objects are unequal.</doc>
<arguments>
<arg>${response.json()["creditor"]["account"]["number"]}</arg>
<arg>${creditor_account_number}</arg>
</arguments>
<status status="PASS" starttime="20210322 04:02:43.933" endtime="20210322 04:02:43.933"></status>
</kw>
<kw name="Should Be Equal" library="BuiltIn">
<doc>Fails if the given objects are unequal.</doc>
<arguments>
<arg>${response.json()["creditor"]["account"]["routing_number"]}</arg>
<arg>${creditor_account_routing_number}</arg>
</arguments>
<status status="PASS" starttime="20210322 04:02:43.933" endtime="20210322 04:02:43.934"></status>
</kw>
<kw name="Should Be Equal" library="BuiltIn">
<doc>Fails if the given objects are unequal.</doc>
<arguments>
<arg>${response.json()["creditor"]["account"]["type"]}</arg>
<arg>${creditor_account_type}</arg>
</arguments>
<status status="PASS" starttime="20210322 04:02:43.934" endtime="20210322 04:02:43.935"></status>
</kw>
<status status="PASS" starttime="20210322 04:02:43.907" endtime="20210322 04:02:43.935"></status>
</kw>
<doc>Envio de PIX com sucesso para uma conta Iti, a partir de um Holder Business</doc>
<tags>
<tag>smoke_test</tag>
</tags>
<status status="PASS" starttime="20210322 04:02:36.225" endtime="20210322 04:02:43.935" critical="yes"></status>
</test>
<doc>Funcionalidade: Criar Chave de Endereçamento
Eu, como um Holder, portador de uma conta ativa em Banking
Desejo criar uma pagamento PIX</doc>
<status status="PASS" starttime="20210322 04:02:36.168" endtime="20210322 04:02:43.936"></status>
</suite>
<status status="PASS" starttime="20210322 04:02:14.453" endtime="20210322 04:02:43.938"></status>
</suite>
<status status="PASS" starttime="20210322 04:02:14.422" endtime="20210322 04:02:43.940"></status>
</suite>
<statistics>
<total>
<stat pass="2" fail="0">Critical Tests</stat>
<stat pass="2" fail="0">All Tests</stat>
</total>
<tag>
<stat pass="2" fail="0">smoke_test</stat>
</tag>
<suite>
<stat pass="2" fail="0" id="s1" name="Pix-Payments">Pix-Payments</stat>
<stat pass="2" fail="0" id="s1-s1" name="Envio">Pix-Payments.Envio</stat>
<stat pass="1" fail="0" id="s1-s1-s1" name="Confirmar Pagamento PIX">Pix-Payments.Envio.Confirmar Pagamento PIX</stat>
<stat pass="1" fail="0" id="s1-s1-s2" name="Criar Pagamento PIX">Pix-Payments.Envio.Criar Pagamento PIX</stat>
</suite>
</statistics>
<errors>
</errors>
</robot>
