<?xml version="1.0" encoding="UTF-8"?>
<robot generator="Robot 3.1.2 (Python 3.8.1 on win32)" generated="20210326 21:18:57.897" rpa="false">
<suite id="s1" name="Criar Reivindicação de Posse" source="C:\Users\vinicius.trindade\banking_continuous_testing\banking_continuous_testing\tests\pix-dict\reivindicacao\Criar Reivindicação de Posse.robot">
<test id="s1-t1" name="Cenário: Criar Reivindicação de Posse para chave do tipo email">
<kw name="Email" library="FakerLibrary">
<assign>
<var>${email_pix}</var>
</assign>
<msg timestamp="20210326 21:18:59.133" level="INFO">${email_pix} = mouraeduarda@azevedo.com</msg>
<status status="PASS" starttime="20210326 21:18:59.133" endtime="20210326 21:18:59.133"></status>
</kw>
<kw name="Set Global Variable" library="BuiltIn">
<doc>Makes a variable available globally in all tests and suites.</doc>
<arguments>
<arg>${email_pix}</arg>
</arguments>
<msg timestamp="20210326 21:18:59.135" level="INFO">${email_pix} = mouraeduarda@azevedo.com</msg>
<status status="PASS" starttime="20210326 21:18:59.135" endtime="20210326 21:18:59.135"></status>
</kw>
<kw name="criar holder individual ativo" library="accreditation_create_holder_active">
<kw name="conectar accreditation" library="create_session_staging_internal">
<kw name="Create Session" library="RequestsLibrary">
<doc>Create Session: create a HTTP session to a server</doc>
<arguments>
<arg>alias=accreditation</arg>
<arg>url=${accreditation_url_base}</arg>
<arg>disable_warnings=true</arg>
</arguments>
<msg timestamp="20210326 21:18:59.138" level="INFO">Creating Session using : alias=accreditation, url=https://banking-accreditation-internal.staging.zoop.tech, headers={},                     cookies={}, auth=None, timeout=None, proxies=None, verify=False,                     debug=0 </msg>
<status status="PASS" starttime="20210326 21:18:59.137" endtime="20210326 21:18:59.138"></status>
</kw>
<status status="PASS" starttime="20210326 21:18:59.137" endtime="20210326 21:18:59.138"></status>
</kw>
<kw name="Cpf" library="FakerLibrary">
<assign>
<var>${national_registration}</var>
</assign>
<msg timestamp="20210326 21:18:59.139" level="INFO">${national_registration} = 357.049.216-80</msg>
<status status="PASS" starttime="20210326 21:18:59.138" endtime="20210326 21:18:59.139"></status>
</kw>
<kw name="Replace String" library="String">
<doc>Replaces ``search_for`` in the given ``string`` with ``replace_with``.</doc>
<arguments>
<arg>${national_registration}</arg>
<arg>.</arg>
<arg>${EMPTY}</arg>
</arguments>
<assign>
<var>${national_registration}</var>
</assign>
<msg timestamp="20210326 21:18:59.140" level="INFO">${national_registration} = 357049216-80</msg>
<status status="PASS" starttime="20210326 21:18:59.139" endtime="20210326 21:18:59.140"></status>
</kw>
<kw name="Replace String" library="String">
<doc>Replaces ``search_for`` in the given ``string`` with ``replace_with``.</doc>
<arguments>
<arg>${national_registration}</arg>
<arg>-</arg>
<arg>${EMPTY}</arg>
</arguments>
<assign>
<var>${national_registration}</var>
</assign>
<msg timestamp="20210326 21:18:59.140" level="INFO">${national_registration} = 35704921680</msg>
<status status="PASS" starttime="20210326 21:18:59.140" endtime="20210326 21:18:59.140"></status>
</kw>
<kw name="Set Global Variable" library="BuiltIn">
<doc>Makes a variable available globally in all tests and suites.</doc>
<arguments>
<arg>${national_registration}</arg>
</arguments>
<msg timestamp="20210326 21:18:59.141" level="INFO">${national_registration} = 35704921680</msg>
<status status="PASS" starttime="20210326 21:18:59.141" endtime="20210326 21:18:59.141"></status>
</kw>
<kw name="Rg" library="FakerLibrary">
<doc>Brazilian RG, return plain numbers.
Check:  https://www.ngmatematica.com/2014/02/como-determinar-o-digito-verificador-do.html</doc>
<assign>
<var>${identity_card}</var>
</assign>
<msg timestamp="20210326 21:18:59.142" level="INFO">${identity_card} = 048573218</msg>
<status status="PASS" starttime="20210326 21:18:59.141" endtime="20210326 21:18:59.142"></status>
</kw>
<kw name="Set Global Variable" library="BuiltIn">
<doc>Makes a variable available globally in all tests and suites.</doc>
<arguments>
<arg>${identity_card}</arg>
</arguments>
<msg timestamp="20210326 21:18:59.142" level="INFO">${identity_card} = 048573218</msg>
<status status="PASS" starttime="20210326 21:18:59.142" endtime="20210326 21:18:59.142"></status>
</kw>
<kw name="criar holder individual" library="accreditation_post_holder_individual">
<arguments>
<arg>holder_type=individual</arg>
<arg>holder_name=${holder_name}</arg>
<arg>email=${email}</arg>
<arg>national_registration=${national_registration}</arg>
<arg>revenue=${revenue}</arg>
<arg>birthday=${birthday}</arg>
<arg>mothers_name=${mothers_name}</arg>
<arg>identity_card=${identity_card}</arg>
<arg>pep=false</arg>
<arg>cbo=${cbo}</arg>
</arguments>
<kw name="conectar accreditation" library="create_session_staging_internal">
<kw name="Create Session" library="RequestsLibrary">
<doc>Create Session: create a HTTP session to a server</doc>
<arguments>
<arg>alias=accreditation</arg>
<arg>url=${accreditation_url_base}</arg>
<arg>disable_warnings=true</arg>
</arguments>
<msg timestamp="20210326 21:18:59.144" level="INFO">Creating Session using : alias=accreditation, url=https://banking-accreditation-internal.staging.zoop.tech, headers={},                     cookies={}, auth=None, timeout=None, proxies=None, verify=False,                     debug=0 </msg>
<status status="PASS" starttime="20210326 21:18:59.144" endtime="20210326 21:18:59.145"></status>
</kw>
<status status="PASS" starttime="20210326 21:18:59.144" endtime="20210326 21:18:59.145"></status>
</kw>
<kw name="Set Global Variable" library="BuiltIn">
<doc>Makes a variable available globally in all tests and suites.</doc>
<arguments>
<arg>${holder_type}</arg>
</arguments>
<msg timestamp="20210326 21:18:59.145" level="INFO">${holder_type} = individual</msg>
<status status="PASS" starttime="20210326 21:18:59.145" endtime="20210326 21:18:59.146"></status>
</kw>
<kw name="Set Global Variable" library="BuiltIn">
<doc>Makes a variable available globally in all tests and suites.</doc>
<arguments>
<arg>${holder_name}</arg>
</arguments>
<msg timestamp="20210326 21:18:59.146" level="INFO">${holder_name} = Holder de teste</msg>
<status status="PASS" starttime="20210326 21:18:59.146" endtime="20210326 21:18:59.146"></status>
</kw>
<kw name="Create Dictionary" library="BuiltIn">
<doc>Creates and returns a dictionary based on the given ``items``.</doc>
<arguments>
<arg>Content-Type=application/json</arg>
</arguments>
<assign>
<var>${header}</var>
</assign>
<msg timestamp="20210326 21:18:59.147" level="INFO">${header} = {'Content-Type': 'application/json'}</msg>
<status status="PASS" starttime="20210326 21:18:59.146" endtime="20210326 21:18:59.147"></status>
</kw>
<kw name="Catenate" library="BuiltIn">
<doc>Catenates the given items together and returns the resulted string.</doc>
<arguments>
<arg>{</arg>
<arg>"type": "${holder_type}",</arg>
<arg>"name": "${holder_name}",</arg>
<arg>"email": "${email}",</arg>
<arg>"national_registration": "${national_registration}",</arg>
<arg>"revenue": ${revenue},</arg>
<arg>"birthday": "${birthday}",</arg>
<arg>"mothers_name": "${mothers_name}",</arg>
<arg>"identity_card": "${identity_card}",</arg>
<arg>"pep": false,</arg>
<arg>"cbo": ${cbo}</arg>
<arg>}</arg>
</arguments>
<assign>
<var>${body}</var>
</assign>
<msg timestamp="20210326 21:18:59.149" level="INFO">${body} = { "type": "individual", "name": "Holder de teste", "email": "teste@teste.com.br", "national_registration": "35704921680", "revenue": 5500.00, "birthday": "1988-04-23", "mothers_name": "Mãe do Holder",...</msg>
<status status="PASS" starttime="20210326 21:18:59.148" endtime="20210326 21:18:59.149"></status>
</kw>
<kw name="Post Request" library="RequestsLibrary">
<doc>Send a POST request on the session object found using the
given `alias`</doc>
<arguments>
<arg>accreditation</arg>
<arg>/marketplaces/${marketplace_external_key}/banking/accreditation/holders</arg>
<arg>data=${body}</arg>
<arg>headers=${header}</arg>
</arguments>
<assign>
<var>${response}</var>
</assign>
<msg timestamp="20210326 21:18:59.151" level="INFO">POST Request using : uri=/marketplaces/f71a8951368a4cc085cf7875ff44e61c/banking/accreditation/holders, params=None, files=None, allow_redirects=True, timeout=None
headers={'User-Agent': 'python-requests/2.22.0', 'Accept-Encoding': 'gzip, deflate', 'Accept': '*/*', 'Connection': 'keep-alive', 'Content-Type': 'application/json'} 
data={ "type": "individual", "name": "Holder de teste", "email": "teste@teste.com.br", "national_registration": "35704921680", "revenue": 5500.00, "birthday": "1988-04-23", "mothers_name": "Mãe do Holder", "identity_card": "048573218", "pep": false, "cbo": 821450 } 
json=None</msg>
<msg timestamp="20210326 21:18:59.982" level="INFO">${response} = &lt;Response [201]&gt;</msg>
<status status="PASS" starttime="20210326 21:18:59.150" endtime="20210326 21:18:59.983"></status>
</kw>
<kw name="Log" library="BuiltIn">
<doc>Logs the given message with the given level.</doc>
<arguments>
<arg>${response.json()}</arg>
</arguments>
<msg timestamp="20210326 21:18:59.986" level="INFO">{'id': 'f35a9f57dc174783b0ac026022d7b802', 'name': 'Holder de teste', 'revenue': 5500.0, 'email': 'teste@teste.com.br', 'status': 'waiting_info_and_documents', 'marketplace_id': 'f71a8951368a4cc085cf7875ff44e61c', 'marketplace_name': 'Marketplace de Teste', 'created_at': '2021-03-26T21:19:00.096777', 'updated_at': '2021-03-26T21:19:00.09678', 'type': 'individual', 'national_registration': '35704921680', 'birthday': '1988-04-23', 'mothers_name': 'Mãe do Holder', 'identity_card': '048573218', 'pep': False, 'cbo': '821450', '_links': {'self': {'href': 'https://banking-accreditation-internal.staging.zoop.tech/marketplaces/f71a8951368a4cc085cf7875ff44e61c/banking/accreditation/holders/f35a9f57dc174783b0ac026022d7b802', 'type': 'GET'}, 'phones': {'href': 'https://banking-accreditation-internal.staging.zoop.tech/marketplaces/f71a8951368a4cc085cf7875ff44e61c/banking/accreditation/holders/f35a9f57dc174783b0ac026022d7b802/phones', 'type': 'GET'}, 'addresses': {'href': 'https://banking-accreditation-internal.staging.zoop.tech/marketplaces/f71a8951368a4cc085cf7875ff44e61c/banking/accreditation/holders/f35a9f57dc174783b0ac026022d7b802/addresses', 'type': 'GET'}, 'documents': {'href': 'https://banking-accreditation-internal.staging.zoop.tech/marketplaces/f71a8951368a4cc085cf7875ff44e61c/banking/accreditation/holders/f35a9f57dc174783b0ac026022d7b802/documents', 'type': 'GET'}}}</msg>
<status status="PASS" starttime="20210326 21:18:59.984" endtime="20210326 21:18:59.986"></status>
</kw>
<kw name="Log" library="BuiltIn">
<doc>Logs the given message with the given level.</doc>
<arguments>
<arg>${response.headers['X-REQUEST-ID']}</arg>
</arguments>
<msg timestamp="20210326 21:18:59.987" level="INFO">ff2e5f5d415ec3e2</msg>
<status status="PASS" starttime="20210326 21:18:59.986" endtime="20210326 21:18:59.987"></status>
</kw>
<kw name="Log" library="BuiltIn">
<doc>Logs the given message with the given level.</doc>
<arguments>
<arg>${body}</arg>
</arguments>
<msg timestamp="20210326 21:18:59.989" level="INFO">{ "type": "individual", "name": "Holder de teste", "email": "teste@teste.com.br", "national_registration": "35704921680", "revenue": 5500.00, "birthday": "1988-04-23", "mothers_name": "Mãe do Holder", "identity_card": "048573218", "pep": false, "cbo": 821450 }</msg>
<status status="PASS" starttime="20210326 21:18:59.988" endtime="20210326 21:18:59.989"></status>
</kw>
<kw name="Set Global Variable" library="BuiltIn">
<doc>Makes a variable available globally in all tests and suites.</doc>
<arguments>
<arg>${response}</arg>
</arguments>
<msg timestamp="20210326 21:18:59.991" level="INFO">${response} = &lt;Response [201]&gt;</msg>
<status status="PASS" starttime="20210326 21:18:59.991" endtime="20210326 21:18:59.991"></status>
</kw>
<kw name="Set Variable If" library="BuiltIn">
<doc>Sets variable based on the given condition.</doc>
<arguments>
<arg>${response.status_code}==201</arg>
<arg>${response.json()["id"]}</arg>
</arguments>
<assign>
<var>${holder_external_key}</var>
</assign>
<msg timestamp="20210326 21:18:59.995" level="INFO">${holder_external_key} = f35a9f57dc174783b0ac026022d7b802</msg>
<status status="PASS" starttime="20210326 21:18:59.992" endtime="20210326 21:18:59.995"></status>
</kw>
<kw name="Set Global Variable" library="BuiltIn">
<doc>Makes a variable available globally in all tests and suites.</doc>
<arguments>
<arg>${holder_external_key}</arg>
</arguments>
<msg timestamp="20210326 21:18:59.996" level="INFO">${holder_external_key} = f35a9f57dc174783b0ac026022d7b802</msg>
<status status="PASS" starttime="20210326 21:18:59.995" endtime="20210326 21:18:59.997"></status>
</kw>
<status status="PASS" starttime="20210326 21:18:59.143" endtime="20210326 21:18:59.997"></status>
</kw>
<kw name="Set Global Variable" library="BuiltIn">
<doc>Makes a variable available globally in all tests and suites.</doc>
<arguments>
<arg>${holder_name}</arg>
</arguments>
<msg timestamp="20210326 21:18:59.999" level="INFO">${holder_name} = Holder de teste</msg>
<status status="PASS" starttime="20210326 21:18:59.999" endtime="20210326 21:18:59.999"></status>
</kw>
<kw name="Should Be Equal As Integers" library="BuiltIn">
<doc>Fails if objects are unequal after converting them to integers.</doc>
<arguments>
<arg>${response.status_code}</arg>
<arg>201</arg>
</arguments>
<msg timestamp="20210326 21:19:00.002" level="INFO">Argument types are:
&lt;class 'int'&gt;
&lt;type 'unicode'&gt;</msg>
<status status="PASS" starttime="20210326 21:19:00.001" endtime="20210326 21:19:00.003"></status>
</kw>
<kw name="criar holder phone" library="accreditation_post_holder_phone">
<arguments>
<arg>21</arg>
<arg>51</arg>
<arg>996221236</arg>
</arguments>
<kw name="Create Dictionary" library="BuiltIn">
<doc>Creates and returns a dictionary based on the given ``items``.</doc>
<arguments>
<arg>Content-Type=application/json</arg>
</arguments>
<assign>
<var>${header}</var>
</assign>
<msg timestamp="20210326 21:19:00.007" level="INFO">${header} = {'Content-Type': 'application/json'}</msg>
<status status="PASS" starttime="20210326 21:19:00.006" endtime="20210326 21:19:00.008"></status>
</kw>
<kw name="Catenate" library="BuiltIn">
<doc>Catenates the given items together and returns the resulted string.</doc>
<arguments>
<arg>{</arg>
<arg>"area_code": "${phone_area_code}",</arg>
<arg>"country_code": "${phone_country_code}",</arg>
<arg>"number": "${phone_number}"</arg>
<arg>}</arg>
</arguments>
<assign>
<var>${body}</var>
</assign>
<msg timestamp="20210326 21:19:00.011" level="INFO">${body} = { "area_code": "21", "country_code": "51", "number": "996221236" }</msg>
<status status="PASS" starttime="20210326 21:19:00.009" endtime="20210326 21:19:00.011"></status>
</kw>
<kw name="Post Request" library="RequestsLibrary">
<doc>Send a POST request on the session object found using the
given `alias`</doc>
<arguments>
<arg>accreditation</arg>
<arg>/marketplaces/${marketplace_external_key}/banking/accreditation/holders/${holder_external_key}/phones</arg>
<arg>data=${body}</arg>
<arg>headers=${header}</arg>
</arguments>
<assign>
<var>${response}</var>
</assign>
<msg timestamp="20210326 21:19:00.015" level="INFO">POST Request using : uri=/marketplaces/f71a8951368a4cc085cf7875ff44e61c/banking/accreditation/holders/f35a9f57dc174783b0ac026022d7b802/phones, params=None, files=None, allow_redirects=True, timeout=None
headers={'User-Agent': 'python-requests/2.22.0', 'Accept-Encoding': 'gzip, deflate', 'Accept': '*/*', 'Connection': 'keep-alive', 'Content-Type': 'application/json'} 
data={ "area_code": "21", "country_code": "51", "number": "996221236" } 
json=None</msg>
<msg timestamp="20210326 21:19:00.285" level="INFO">${response} = &lt;Response [201]&gt;</msg>
<status status="PASS" starttime="20210326 21:19:00.012" endtime="20210326 21:19:00.285"></status>
</kw>
<kw name="Log" library="BuiltIn">
<doc>Logs the given message with the given level.</doc>
<arguments>
<arg>${response.json()}</arg>
</arguments>
<msg timestamp="20210326 21:19:00.289" level="INFO">{'id': '61f8d802c9ef48c6aba21a44a665c501', 'area_code': '21', 'country_code': '51', 'number': '996221236', 'main': True, '_links': {'self': {'href': 'https://banking-accreditation-internal.staging.zoop.tech/marketplaces/f71a8951368a4cc085cf7875ff44e61c/banking/accreditation/holders/f35a9f57dc174783b0ac026022d7b802/phones/61f8d802c9ef48c6aba21a44a665c501', 'type': 'GET'}, 'holder': {'href': 'https://banking-accreditation-internal.staging.zoop.tech/marketplaces/f71a8951368a4cc085cf7875ff44e61c/banking/accreditation/holders/f35a9f57dc174783b0ac026022d7b802', 'type': 'GET'}}}</msg>
<status status="PASS" starttime="20210326 21:19:00.286" endtime="20210326 21:19:00.289"></status>
</kw>
<kw name="Log" library="BuiltIn">
<doc>Logs the given message with the given level.</doc>
<arguments>
<arg>${response.headers['X-REQUEST-ID']}</arg>
</arguments>
<msg timestamp="20210326 21:19:00.292" level="INFO">f95d0b7ae8e21a36</msg>
<status status="PASS" starttime="20210326 21:19:00.290" endtime="20210326 21:19:00.292"></status>
</kw>
<kw name="Set Global Variable" library="BuiltIn">
<doc>Makes a variable available globally in all tests and suites.</doc>
<arguments>
<arg>${response}</arg>
</arguments>
<msg timestamp="20210326 21:19:00.293" level="INFO">${response} = &lt;Response [201]&gt;</msg>
<status status="PASS" starttime="20210326 21:19:00.293" endtime="20210326 21:19:00.294"></status>
</kw>
<kw name="Set Variable If" library="BuiltIn">
<doc>Sets variable based on the given condition.</doc>
<arguments>
<arg>${response.status_code}==201</arg>
<arg>${response.json()["id"]}</arg>
</arguments>
<assign>
<var>${phone_external_key}</var>
</assign>
<msg timestamp="20210326 21:19:00.298" level="INFO">${phone_external_key} = 61f8d802c9ef48c6aba21a44a665c501</msg>
<status status="PASS" starttime="20210326 21:19:00.295" endtime="20210326 21:19:00.298"></status>
</kw>
<kw name="Set Global Variable" library="BuiltIn">
<doc>Makes a variable available globally in all tests and suites.</doc>
<arguments>
<arg>${phone_external_key}</arg>
</arguments>
<msg timestamp="20210326 21:19:00.300" level="INFO">${phone_external_key} = 61f8d802c9ef48c6aba21a44a665c501</msg>
<status status="PASS" starttime="20210326 21:19:00.299" endtime="20210326 21:19:00.300"></status>
</kw>
<status status="PASS" starttime="20210326 21:19:00.004" endtime="20210326 21:19:00.301"></status>
</kw>
<kw name="Should Be Equal As Integers" library="BuiltIn">
<doc>Fails if objects are unequal after converting them to integers.</doc>
<arguments>
<arg>${response.status_code}</arg>
<arg>201</arg>
</arguments>
<msg timestamp="20210326 21:19:00.303" level="INFO">Argument types are:
&lt;class 'int'&gt;
&lt;type 'unicode'&gt;</msg>
<status status="PASS" starttime="20210326 21:19:00.302" endtime="20210326 21:19:00.304"></status>
</kw>
<kw name="criar holder address" library="accreditation_post_holder_address">
<arguments>
<arg>Rio de Janeiro</arg>
<arg>Rio de Janeiro</arg>
<arg>Brasil</arg>
<arg>Bairro de Testes</arg>
<arg>Rua de Testes</arg>
<arg>90</arg>
<arg>apto 200</arg>
<arg>21550987</arg>
</arguments>
<kw name="Create Dictionary" library="BuiltIn">
<doc>Creates and returns a dictionary based on the given ``items``.</doc>
<arguments>
<arg>Content-Type=application/json</arg>
</arguments>
<assign>
<var>${header}</var>
</assign>
<msg timestamp="20210326 21:19:00.307" level="INFO">${header} = {'Content-Type': 'application/json'}</msg>
<status status="PASS" starttime="20210326 21:19:00.306" endtime="20210326 21:19:00.307"></status>
</kw>
<kw name="Catenate" library="BuiltIn">
<doc>Catenates the given items together and returns the resulted string.</doc>
<arguments>
<arg>{</arg>
<arg>"city": "${city}",</arg>
<arg>"state": "${state}",</arg>
<arg>"country": "${country}",</arg>
<arg>"neighborhood": "${neighborhood}",</arg>
<arg>"street": "${street}",</arg>
<arg>"number": "${number}",</arg>
<arg>"complement": "${complement}",</arg>
<arg>"postal_code": "${postal_code}"</arg>
<arg>}</arg>
</arguments>
<assign>
<var>${body}</var>
</assign>
<msg timestamp="20210326 21:19:00.310" level="INFO">${body} = { "city": "Rio de Janeiro", "state": "Rio de Janeiro", "country": "Brasil", "neighborhood": "Bairro de Testes", "street": "Rua de Testes", "number": "90", "complement": "apto 200", "postal_code": "215...</msg>
<status status="PASS" starttime="20210326 21:19:00.308" endtime="20210326 21:19:00.310"></status>
</kw>
<kw name="Post Request" library="RequestsLibrary">
<doc>Send a POST request on the session object found using the
given `alias`</doc>
<arguments>
<arg>accreditation</arg>
<arg>/marketplaces/${marketplace_external_key}/banking/accreditation/holders/${holder_external_key}/addresses</arg>
<arg>data=${body}</arg>
<arg>headers=${header}</arg>
</arguments>
<assign>
<var>${response}</var>
</assign>
<msg timestamp="20210326 21:19:00.314" level="INFO">POST Request using : uri=/marketplaces/f71a8951368a4cc085cf7875ff44e61c/banking/accreditation/holders/f35a9f57dc174783b0ac026022d7b802/addresses, params=None, files=None, allow_redirects=True, timeout=None
headers={'User-Agent': 'python-requests/2.22.0', 'Accept-Encoding': 'gzip, deflate', 'Accept': '*/*', 'Connection': 'keep-alive', 'Content-Type': 'application/json'} 
data={ "city": "Rio de Janeiro", "state": "Rio de Janeiro", "country": "Brasil", "neighborhood": "Bairro de Testes", "street": "Rua de Testes", "number": "90", "complement": "apto 200", "postal_code": "21550987" } 
json=None</msg>
<msg timestamp="20210326 21:19:00.564" level="INFO">${response} = &lt;Response [201]&gt;</msg>
<status status="PASS" starttime="20210326 21:19:00.311" endtime="20210326 21:19:00.564"></status>
</kw>
<kw name="Log" library="BuiltIn">
<doc>Logs the given message with the given level.</doc>
<arguments>
<arg>${response.json()}</arg>
</arguments>
<msg timestamp="20210326 21:19:00.566" level="INFO">{'id': '9eee8c90f53243e3a2b5fbe2682df010', 'street': 'Rua de Testes', 'number': '90', 'city': 'Rio de Janeiro', 'complement': 'apto 200', 'state': 'Rio de Janeiro', 'neighborhood': 'Bairro de Testes', 'postal_code': '21550987', 'country': 'Brasil', 'main': True, '_links': {'self': {'href': 'https://banking-accreditation-internal.staging.zoop.tech/marketplaces/f71a8951368a4cc085cf7875ff44e61c/banking/accreditation/holders/f35a9f57dc174783b0ac026022d7b802/addresses/9eee8c90f53243e3a2b5fbe2682df010', 'type': 'GET'}, 'holder': {'href': 'https://banking-accreditation-internal.staging.zoop.tech/marketplaces/f71a8951368a4cc085cf7875ff44e61c/banking/accreditation/holders/f35a9f57dc174783b0ac026022d7b802', 'type': 'GET'}}}</msg>
<status status="PASS" starttime="20210326 21:19:00.566" endtime="20210326 21:19:00.567"></status>
</kw>
<kw name="Log" library="BuiltIn">
<doc>Logs the given message with the given level.</doc>
<arguments>
<arg>${response.headers['X-REQUEST-ID']}</arg>
</arguments>
<msg timestamp="20210326 21:19:00.568" level="INFO">6e2e34226dc5e82d</msg>
<status status="PASS" starttime="20210326 21:19:00.567" endtime="20210326 21:19:00.568"></status>
</kw>
<kw name="Set Global Variable" library="BuiltIn">
<doc>Makes a variable available globally in all tests and suites.</doc>
<arguments>
<arg>${response}</arg>
</arguments>
<msg timestamp="20210326 21:19:00.569" level="INFO">${response} = &lt;Response [201]&gt;</msg>
<status status="PASS" starttime="20210326 21:19:00.569" endtime="20210326 21:19:00.569"></status>
</kw>
<kw name="Set Variable If" library="BuiltIn">
<doc>Sets variable based on the given condition.</doc>
<arguments>
<arg>${response.status_code}==201</arg>
<arg>${response.json()["id"]}</arg>
</arguments>
<assign>
<var>${address_external_key}</var>
</assign>
<msg timestamp="20210326 21:19:00.572" level="INFO">${address_external_key} = 9eee8c90f53243e3a2b5fbe2682df010</msg>
<status status="PASS" starttime="20210326 21:19:00.570" endtime="20210326 21:19:00.572"></status>
</kw>
<kw name="Set Global Variable" library="BuiltIn">
<doc>Makes a variable available globally in all tests and suites.</doc>
<arguments>
<arg>${address_external_key}</arg>
</arguments>
<msg timestamp="20210326 21:19:00.573" level="INFO">${address_external_key} = 9eee8c90f53243e3a2b5fbe2682df010</msg>
<status status="PASS" starttime="20210326 21:19:00.573" endtime="20210326 21:19:00.574"></status>
</kw>
<status status="PASS" starttime="20210326 21:19:00.304" endtime="20210326 21:19:00.574"></status>
</kw>
<kw name="Should Be Equal As Integers" library="BuiltIn">
<doc>Fails if objects are unequal after converting them to integers.</doc>
<arguments>
<arg>${response.status_code}</arg>
<arg>201</arg>
</arguments>
<msg timestamp="20210326 21:19:00.575" level="INFO">Argument types are:
&lt;class 'int'&gt;
&lt;type 'unicode'&gt;</msg>
<status status="PASS" starttime="20210326 21:19:00.574" endtime="20210326 21:19:00.575"></status>
</kw>
<kw name="criar holder document" library="accreditation_post_holder_document">
<arguments>
<arg>SELFIE</arg>
</arguments>
<kw name="Create Dictionary" library="BuiltIn">
<doc>Creates and returns a dictionary based on the given ``items``.</doc>
<arguments>
<arg>Content-Type=image/jpeg</arg>
</arguments>
<assign>
<var>${header}</var>
</assign>
<msg timestamp="20210326 21:19:00.578" level="INFO">${header} = {'Content-Type': 'image/jpeg'}</msg>
<status status="PASS" starttime="20210326 21:19:00.576" endtime="20210326 21:19:00.578"></status>
</kw>
<kw name="Get Binary File" library="OperatingSystem">
<doc>Returns the contents of a specified file.</doc>
<arguments>
<arg>C:\\Users\\vinicius.trindade\\banking_continuous_testing\\banking_continuous_testing\\apis\\accreditation\\documents\\holder_documents\\post.${/}..${/}..${/}..${/}..${/}..${/}images${/}accreditation${/}image.jpg</arg>
</arguments>
<assign>
<var>${data}</var>
</assign>
<msg timestamp="20210326 21:19:00.579" level="INFO" html="yes">Getting file '&lt;a href="file://C:\Users\vinicius.trindade\banking_continuous_testing\banking_continuous_testing\images\accreditation\image.jpg"&gt;C:\Users\vinicius.trindade\banking_continuous_testing\banking_continuous_testing\images\accreditation\image.jpg&lt;/a&gt;'.</msg>
<msg timestamp="20210326 21:19:00.583" level="INFO">${data} = \xff\xd8\xff\xe0JFIF\xf0\xf0\xff\xdbC


		
%# , #&amp;')*)-0-(0%()(\xff\xc0\xa0\xf0\xff\xc4	\xff\xc4=...</msg>
<status status="PASS" starttime="20210326 21:19:00.578" endtime="20210326 21:19:00.584"></status>
</kw>
<kw name="Post Request" library="RequestsLibrary">
<doc>Send a POST request on the session object found using the
given `alias`</doc>
<arguments>
<arg>accreditation</arg>
<arg>/marketplaces/${marketplace_external_key}/banking/accreditation/holders/${holder_external_key}/documents?type=${document_type}</arg>
<arg>data=${data}</arg>
<arg>headers=${header}</arg>
</arguments>
<assign>
<var>${response}</var>
</assign>
<msg timestamp="20210326 21:19:00.587" level="INFO">POST Request using : uri=/marketplaces/f71a8951368a4cc085cf7875ff44e61c/banking/accreditation/holders/f35a9f57dc174783b0ac026022d7b802/documents?type=SELFIE, params=None, files=None, allow_redirects=True, timeout=None
headers={'User-Agent': 'python-requests/2.22.0', 'Accept-Encoding': 'gzip, deflate', 'Accept': '*/*', 'Connection': 'keep-alive', 'Content-Type': 'image/jpeg'} 
data=&lt;image/jpeg&gt; 
json=None</msg>
<msg timestamp="20210326 21:19:00.975" level="INFO">${response} = &lt;Response [201]&gt;</msg>
<status status="PASS" starttime="20210326 21:19:00.584" endtime="20210326 21:19:00.975"></status>
</kw>
<kw name="Log" library="BuiltIn">
<doc>Logs the given message with the given level.</doc>
<arguments>
<arg>${response.json()}</arg>
</arguments>
<msg timestamp="20210326 21:19:00.978" level="INFO">{'id': '4bf4f7781e774162adf994bfcc615e5e', 'document_type': 'selfie', 'media_type': 'image_jpeg', 'length': 3135, '_links': {'self': {'href': 'https://banking-accreditation-internal.staging.zoop.tech/marketplaces/f71a8951368a4cc085cf7875ff44e61c/banking/accreditation/holders/f35a9f57dc174783b0ac026022d7b802/documents/4bf4f7781e774162adf994bfcc615e5e', 'type': 'GET'}, 'holder': {'href': 'https://banking-accreditation-internal.staging.zoop.tech/marketplaces/f71a8951368a4cc085cf7875ff44e61c/banking/accreditation/holders/f35a9f57dc174783b0ac026022d7b802', 'type': 'GET'}, 'download': {'href': 'https://banking-accreditation-internal.staging.zoop.tech/marketplaces/f71a8951368a4cc085cf7875ff44e61c/banking/accreditation/holders/f35a9f57dc174783b0ac026022d7b802/documents/4bf4f7781e774162adf994bfcc615e5e/download', 'type': 'GET'}}}</msg>
<status status="PASS" starttime="20210326 21:19:00.976" endtime="20210326 21:19:00.978"></status>
</kw>
<kw name="Log" library="BuiltIn">
<doc>Logs the given message with the given level.</doc>
<arguments>
<arg>${response.headers['X-REQUEST-ID']}</arg>
</arguments>
<msg timestamp="20210326 21:19:00.980" level="INFO">0143134484e1df68</msg>
<status status="PASS" starttime="20210326 21:19:00.979" endtime="20210326 21:19:00.980"></status>
</kw>
<kw name="Set Global Variable" library="BuiltIn">
<doc>Makes a variable available globally in all tests and suites.</doc>
<arguments>
<arg>${response}</arg>
</arguments>
<msg timestamp="20210326 21:19:00.983" level="INFO">${response} = &lt;Response [201]&gt;</msg>
<status status="PASS" starttime="20210326 21:19:00.981" endtime="20210326 21:19:00.983"></status>
</kw>
<kw name="Set Variable If" library="BuiltIn">
<doc>Sets variable based on the given condition.</doc>
<arguments>
<arg>${response.status_code}==201</arg>
<arg>${response.json()["id"]}</arg>
</arguments>
<assign>
<var>${document_external_key}</var>
</assign>
<msg timestamp="20210326 21:19:00.985" level="INFO">${document_external_key} = 4bf4f7781e774162adf994bfcc615e5e</msg>
<status status="PASS" starttime="20210326 21:19:00.984" endtime="20210326 21:19:00.986"></status>
</kw>
<kw name="Set Global Variable" library="BuiltIn">
<doc>Makes a variable available globally in all tests and suites.</doc>
<arguments>
<arg>${document_external_key}</arg>
</arguments>
<msg timestamp="20210326 21:19:00.987" level="INFO">${document_external_key} = 4bf4f7781e774162adf994bfcc615e5e</msg>
<status status="PASS" starttime="20210326 21:19:00.986" endtime="20210326 21:19:00.987"></status>
</kw>
<status status="PASS" starttime="20210326 21:19:00.576" endtime="20210326 21:19:00.987"></status>
</kw>
<kw name="Should Be Equal As Integers" library="BuiltIn">
<doc>Fails if objects are unequal after converting them to integers.</doc>
<arguments>
<arg>${response.status_code}</arg>
<arg>201</arg>
</arguments>
<msg timestamp="20210326 21:19:00.989" level="INFO">Argument types are:
&lt;class 'int'&gt;
&lt;type 'unicode'&gt;</msg>
<status status="PASS" starttime="20210326 21:19:00.988" endtime="20210326 21:19:00.991"></status>
</kw>
<kw name="criar holder document" library="accreditation_post_holder_document">
<arguments>
<arg>RG_FRENTE</arg>
</arguments>
<kw name="Create Dictionary" library="BuiltIn">
<doc>Creates and returns a dictionary based on the given ``items``.</doc>
<arguments>
<arg>Content-Type=image/jpeg</arg>
</arguments>
<assign>
<var>${header}</var>
</assign>
<msg timestamp="20210326 21:19:00.993" level="INFO">${header} = {'Content-Type': 'image/jpeg'}</msg>
<status status="PASS" starttime="20210326 21:19:00.992" endtime="20210326 21:19:00.993"></status>
</kw>
<kw name="Get Binary File" library="OperatingSystem">
<doc>Returns the contents of a specified file.</doc>
<arguments>
<arg>C:\\Users\\vinicius.trindade\\banking_continuous_testing\\banking_continuous_testing\\apis\\accreditation\\documents\\holder_documents\\post.${/}..${/}..${/}..${/}..${/}..${/}images${/}accreditation${/}image.jpg</arg>
</arguments>
<assign>
<var>${data}</var>
</assign>
<msg timestamp="20210326 21:19:00.995" level="INFO" html="yes">Getting file '&lt;a href="file://C:\Users\vinicius.trindade\banking_continuous_testing\banking_continuous_testing\images\accreditation\image.jpg"&gt;C:\Users\vinicius.trindade\banking_continuous_testing\banking_continuous_testing\images\accreditation\image.jpg&lt;/a&gt;'.</msg>
<msg timestamp="20210326 21:19:01.000" level="INFO">${data} = \xff\xd8\xff\xe0JFIF\xf0\xf0\xff\xdbC


		
%# , #&amp;')*)-0-(0%()(\xff\xc0\xa0\xf0\xff\xc4	\xff\xc4=...</msg>
<status status="PASS" starttime="20210326 21:19:00.994" endtime="20210326 21:19:01.000"></status>
</kw>
<kw name="Post Request" library="RequestsLibrary">
<doc>Send a POST request on the session object found using the
given `alias`</doc>
<arguments>
<arg>accreditation</arg>
<arg>/marketplaces/${marketplace_external_key}/banking/accreditation/holders/${holder_external_key}/documents?type=${document_type}</arg>
<arg>data=${data}</arg>
<arg>headers=${header}</arg>
</arguments>
<assign>
<var>${response}</var>
</assign>
<msg timestamp="20210326 21:19:01.004" level="INFO">POST Request using : uri=/marketplaces/f71a8951368a4cc085cf7875ff44e61c/banking/accreditation/holders/f35a9f57dc174783b0ac026022d7b802/documents?type=RG_FRENTE, params=None, files=None, allow_redirects=True, timeout=None
headers={'User-Agent': 'python-requests/2.22.0', 'Accept-Encoding': 'gzip, deflate', 'Accept': '*/*', 'Connection': 'keep-alive', 'Content-Type': 'image/jpeg'} 
data=&lt;image/jpeg&gt; 
json=None</msg>
<msg timestamp="20210326 21:19:01.322" level="INFO">${response} = &lt;Response [201]&gt;</msg>
<status status="PASS" starttime="20210326 21:19:01.001" endtime="20210326 21:19:01.323"></status>
</kw>
<kw name="Log" library="BuiltIn">
<doc>Logs the given message with the given level.</doc>
<arguments>
<arg>${response.json()}</arg>
</arguments>
<msg timestamp="20210326 21:19:01.327" level="INFO">{'id': '0d5a1783e440437aa6a90632aec5e264', 'document_type': 'rg_frente', 'media_type': 'image_jpeg', 'length': 3135, '_links': {'self': {'href': 'https://banking-accreditation-internal.staging.zoop.tech/marketplaces/f71a8951368a4cc085cf7875ff44e61c/banking/accreditation/holders/f35a9f57dc174783b0ac026022d7b802/documents/0d5a1783e440437aa6a90632aec5e264', 'type': 'GET'}, 'holder': {'href': 'https://banking-accreditation-internal.staging.zoop.tech/marketplaces/f71a8951368a4cc085cf7875ff44e61c/banking/accreditation/holders/f35a9f57dc174783b0ac026022d7b802', 'type': 'GET'}, 'download': {'href': 'https://banking-accreditation-internal.staging.zoop.tech/marketplaces/f71a8951368a4cc085cf7875ff44e61c/banking/accreditation/holders/f35a9f57dc174783b0ac026022d7b802/documents/0d5a1783e440437aa6a90632aec5e264/download', 'type': 'GET'}}}</msg>
<status status="PASS" starttime="20210326 21:19:01.325" endtime="20210326 21:19:01.327"></status>
</kw>
<kw name="Log" library="BuiltIn">
<doc>Logs the given message with the given level.</doc>
<arguments>
<arg>${response.headers['X-REQUEST-ID']}</arg>
</arguments>
<msg timestamp="20210326 21:19:01.329" level="INFO">f0c3599325e70cc7</msg>
<status status="PASS" starttime="20210326 21:19:01.328" endtime="20210326 21:19:01.330"></status>
</kw>
<kw name="Set Global Variable" library="BuiltIn">
<doc>Makes a variable available globally in all tests and suites.</doc>
<arguments>
<arg>${response}</arg>
</arguments>
<msg timestamp="20210326 21:19:01.332" level="INFO">${response} = &lt;Response [201]&gt;</msg>
<status status="PASS" starttime="20210326 21:19:01.331" endtime="20210326 21:19:01.332"></status>
</kw>
<kw name="Set Variable If" library="BuiltIn">
<doc>Sets variable based on the given condition.</doc>
<arguments>
<arg>${response.status_code}==201</arg>
<arg>${response.json()["id"]}</arg>
</arguments>
<assign>
<var>${document_external_key}</var>
</assign>
<msg timestamp="20210326 21:19:01.335" level="INFO">${document_external_key} = 0d5a1783e440437aa6a90632aec5e264</msg>
<status status="PASS" starttime="20210326 21:19:01.333" endtime="20210326 21:19:01.335"></status>
</kw>
<kw name="Set Global Variable" library="BuiltIn">
<doc>Makes a variable available globally in all tests and suites.</doc>
<arguments>
<arg>${document_external_key}</arg>
</arguments>
<msg timestamp="20210326 21:19:01.337" level="INFO">${document_external_key} = 0d5a1783e440437aa6a90632aec5e264</msg>
<status status="PASS" starttime="20210326 21:19:01.336" endtime="20210326 21:19:01.337"></status>
</kw>
<status status="PASS" starttime="20210326 21:19:00.991" endtime="20210326 21:19:01.337"></status>
</kw>
<kw name="Should Be Equal As Integers" library="BuiltIn">
<doc>Fails if objects are unequal after converting them to integers.</doc>
<arguments>
<arg>${response.status_code}</arg>
<arg>201</arg>
</arguments>
<msg timestamp="20210326 21:19:01.340" level="INFO">Argument types are:
&lt;class 'int'&gt;
&lt;type 'unicode'&gt;</msg>
<status status="PASS" starttime="20210326 21:19:01.338" endtime="20210326 21:19:01.340"></status>
</kw>
<kw name="criar holder document" library="accreditation_post_holder_document">
<arguments>
<arg>RG_VERSO</arg>
</arguments>
<kw name="Create Dictionary" library="BuiltIn">
<doc>Creates and returns a dictionary based on the given ``items``.</doc>
<arguments>
<arg>Content-Type=image/jpeg</arg>
</arguments>
<assign>
<var>${header}</var>
</assign>
<msg timestamp="20210326 21:19:01.344" level="INFO">${header} = {'Content-Type': 'image/jpeg'}</msg>
<status status="PASS" starttime="20210326 21:19:01.342" endtime="20210326 21:19:01.345"></status>
</kw>
<kw name="Get Binary File" library="OperatingSystem">
<doc>Returns the contents of a specified file.</doc>
<arguments>
<arg>C:\\Users\\vinicius.trindade\\banking_continuous_testing\\banking_continuous_testing\\apis\\accreditation\\documents\\holder_documents\\post.${/}..${/}..${/}..${/}..${/}..${/}images${/}accreditation${/}image.jpg</arg>
</arguments>
<assign>
<var>${data}</var>
</assign>
<msg timestamp="20210326 21:19:01.346" level="INFO" html="yes">Getting file '&lt;a href="file://C:\Users\vinicius.trindade\banking_continuous_testing\banking_continuous_testing\images\accreditation\image.jpg"&gt;C:\Users\vinicius.trindade\banking_continuous_testing\banking_continuous_testing\images\accreditation\image.jpg&lt;/a&gt;'.</msg>
<msg timestamp="20210326 21:19:01.350" level="INFO">${data} = \xff\xd8\xff\xe0JFIF\xf0\xf0\xff\xdbC


		
%# , #&amp;')*)-0-(0%()(\xff\xc0\xa0\xf0\xff\xc4	\xff\xc4=...</msg>
<status status="PASS" starttime="20210326 21:19:01.345" endtime="20210326 21:19:01.351"></status>
</kw>
<kw name="Post Request" library="RequestsLibrary">
<doc>Send a POST request on the session object found using the
given `alias`</doc>
<arguments>
<arg>accreditation</arg>
<arg>/marketplaces/${marketplace_external_key}/banking/accreditation/holders/${holder_external_key}/documents?type=${document_type}</arg>
<arg>data=${data}</arg>
<arg>headers=${header}</arg>
</arguments>
<assign>
<var>${response}</var>
</assign>
<msg timestamp="20210326 21:19:01.354" level="INFO">POST Request using : uri=/marketplaces/f71a8951368a4cc085cf7875ff44e61c/banking/accreditation/holders/f35a9f57dc174783b0ac026022d7b802/documents?type=RG_VERSO, params=None, files=None, allow_redirects=True, timeout=None
headers={'User-Agent': 'python-requests/2.22.0', 'Accept-Encoding': 'gzip, deflate', 'Accept': '*/*', 'Connection': 'keep-alive', 'Content-Type': 'image/jpeg'} 
data=&lt;image/jpeg&gt; 
json=None</msg>
<msg timestamp="20210326 21:19:01.642" level="INFO">${response} = &lt;Response [201]&gt;</msg>
<status status="PASS" starttime="20210326 21:19:01.352" endtime="20210326 21:19:01.642"></status>
</kw>
<kw name="Log" library="BuiltIn">
<doc>Logs the given message with the given level.</doc>
<arguments>
<arg>${response.json()}</arg>
</arguments>
<msg timestamp="20210326 21:19:01.644" level="INFO">{'id': '09532e0c740a4b5299ae5b82bcf6ec7f', 'document_type': 'rg_verso', 'media_type': 'image_jpeg', 'length': 3135, '_links': {'self': {'href': 'https://banking-accreditation-internal.staging.zoop.tech/marketplaces/f71a8951368a4cc085cf7875ff44e61c/banking/accreditation/holders/f35a9f57dc174783b0ac026022d7b802/documents/09532e0c740a4b5299ae5b82bcf6ec7f', 'type': 'GET'}, 'holder': {'href': 'https://banking-accreditation-internal.staging.zoop.tech/marketplaces/f71a8951368a4cc085cf7875ff44e61c/banking/accreditation/holders/f35a9f57dc174783b0ac026022d7b802', 'type': 'GET'}, 'download': {'href': 'https://banking-accreditation-internal.staging.zoop.tech/marketplaces/f71a8951368a4cc085cf7875ff44e61c/banking/accreditation/holders/f35a9f57dc174783b0ac026022d7b802/documents/09532e0c740a4b5299ae5b82bcf6ec7f/download', 'type': 'GET'}}}</msg>
<status status="PASS" starttime="20210326 21:19:01.643" endtime="20210326 21:19:01.645"></status>
</kw>
<kw name="Log" library="BuiltIn">
<doc>Logs the given message with the given level.</doc>
<arguments>
<arg>${response.headers['X-REQUEST-ID']}</arg>
</arguments>
<msg timestamp="20210326 21:19:01.647" level="INFO">6ba318c4ba68c057</msg>
<status status="PASS" starttime="20210326 21:19:01.646" endtime="20210326 21:19:01.649"></status>
</kw>
<kw name="Set Global Variable" library="BuiltIn">
<doc>Makes a variable available globally in all tests and suites.</doc>
<arguments>
<arg>${response}</arg>
</arguments>
<msg timestamp="20210326 21:19:01.649" level="INFO">${response} = &lt;Response [201]&gt;</msg>
<status status="PASS" starttime="20210326 21:19:01.649" endtime="20210326 21:19:01.651"></status>
</kw>
<kw name="Set Variable If" library="BuiltIn">
<doc>Sets variable based on the given condition.</doc>
<arguments>
<arg>${response.status_code}==201</arg>
<arg>${response.json()["id"]}</arg>
</arguments>
<assign>
<var>${document_external_key}</var>
</assign>
<msg timestamp="20210326 21:19:01.653" level="INFO">${document_external_key} = 09532e0c740a4b5299ae5b82bcf6ec7f</msg>
<status status="PASS" starttime="20210326 21:19:01.651" endtime="20210326 21:19:01.653"></status>
</kw>
<kw name="Set Global Variable" library="BuiltIn">
<doc>Makes a variable available globally in all tests and suites.</doc>
<arguments>
<arg>${document_external_key}</arg>
</arguments>
<msg timestamp="20210326 21:19:01.654" level="INFO">${document_external_key} = 09532e0c740a4b5299ae5b82bcf6ec7f</msg>
<status status="PASS" starttime="20210326 21:19:01.653" endtime="20210326 21:19:01.654"></status>
</kw>
<status status="PASS" starttime="20210326 21:19:01.341" endtime="20210326 21:19:01.655"></status>
</kw>
<kw name="Should Be Equal As Integers" library="BuiltIn">
<doc>Fails if objects are unequal after converting them to integers.</doc>
<arguments>
<arg>${response.status_code}</arg>
<arg>201</arg>
</arguments>
<msg timestamp="20210326 21:19:01.657" level="INFO">Argument types are:
&lt;class 'int'&gt;
&lt;type 'unicode'&gt;</msg>
<status status="PASS" starttime="20210326 21:19:01.655" endtime="20210326 21:19:01.657"></status>
</kw>
<kw name="solicitar aprovação do holder" library="accreditation_request_approval">
<kw name="Create Dictionary" library="BuiltIn">
<doc>Creates and returns a dictionary based on the given ``items``.</doc>
<arguments>
<arg>Content-Type=application/json</arg>
</arguments>
<assign>
<var>${header}</var>
</assign>
<msg timestamp="20210326 21:19:01.661" level="INFO">${header} = {'Content-Type': 'application/json'}</msg>
<status status="PASS" starttime="20210326 21:19:01.660" endtime="20210326 21:19:01.661"></status>
</kw>
<kw name="Post Request" library="RequestsLibrary">
<doc>Send a POST request on the session object found using the
given `alias`</doc>
<arguments>
<arg>accreditation</arg>
<arg>/marketplaces/${marketplace_external_key}/banking/accreditation/holders/${holder_external_key}/approval</arg>
<arg>headers=${header}</arg>
</arguments>
<assign>
<var>${response}</var>
</assign>
<msg timestamp="20210326 21:19:01.664" level="INFO">POST Request using : uri=/marketplaces/f71a8951368a4cc085cf7875ff44e61c/banking/accreditation/holders/f35a9f57dc174783b0ac026022d7b802/approval, params=None, files=None, allow_redirects=True, timeout=None
headers={'User-Agent': 'python-requests/2.22.0', 'Accept-Encoding': 'gzip, deflate', 'Accept': '*/*', 'Connection': 'keep-alive', 'Content-Type': 'application/json'} 
data=None 
json=None</msg>
<msg timestamp="20210326 21:19:02.080" level="INFO">${response} = &lt;Response [200]&gt;</msg>
<status status="PASS" starttime="20210326 21:19:01.663" endtime="20210326 21:19:02.080"></status>
</kw>
<kw name="Log" library="BuiltIn">
<doc>Logs the given message with the given level.</doc>
<arguments>
<arg>${response.json()}</arg>
</arguments>
<msg timestamp="20210326 21:19:02.082" level="INFO">{'message': 'Approval request accepted successfully. Processing analysis'}</msg>
<status status="PASS" starttime="20210326 21:19:02.081" endtime="20210326 21:19:02.083"></status>
</kw>
<kw name="Log" library="BuiltIn">
<doc>Logs the given message with the given level.</doc>
<arguments>
<arg>${response.headers['X-REQUEST-ID']}</arg>
</arguments>
<msg timestamp="20210326 21:19:02.085" level="INFO">199edc9cb77bfd1e</msg>
<status status="PASS" starttime="20210326 21:19:02.084" endtime="20210326 21:19:02.085"></status>
</kw>
<kw name="Set Global Variable" library="BuiltIn">
<doc>Makes a variable available globally in all tests and suites.</doc>
<arguments>
<arg>${response}</arg>
</arguments>
<msg timestamp="20210326 21:19:02.087" level="INFO">${response} = &lt;Response [200]&gt;</msg>
<status status="PASS" starttime="20210326 21:19:02.086" endtime="20210326 21:19:02.087"></status>
</kw>
<status status="PASS" starttime="20210326 21:19:01.658" endtime="20210326 21:19:02.087"></status>
</kw>
<kw name="Should Be Equal As Integers" library="BuiltIn">
<doc>Fails if objects are unequal after converting them to integers.</doc>
<arguments>
<arg>${response.status_code}</arg>
<arg>200</arg>
</arguments>
<msg timestamp="20210326 21:19:02.089" level="INFO">Argument types are:
&lt;class 'int'&gt;
&lt;type 'unicode'&gt;</msg>
<status status="PASS" starttime="20210326 21:19:02.088" endtime="20210326 21:19:02.090"></status>
</kw>
<kw name="recebendo notificação de aprovação" library="accreditation_risk_notification">
<kw name="Uuid 4" library="FakerLibrary">
<doc>Generates a random UUID4 string.
:param cast_to: Specify what type the UUID should be cast to. Default is `str`
:type cast_to: callable</doc>
<assign>
<var>${assessment_id}</var>
</assign>
<msg timestamp="20210326 21:19:02.093" level="INFO">${assessment_id} = 1268a4f8-e2f9-4f4a-a20d-0cbe72f71a3e</msg>
<status status="PASS" starttime="20210326 21:19:02.092" endtime="20210326 21:19:02.093"></status>
</kw>
<kw name="Get Time" library="BuiltIn">
<doc>Returns the given time in the requested format.</doc>
<arguments>
<arg>year</arg>
</arguments>
<assign>
<var>${year}</var>
</assign>
<msg timestamp="20210326 21:19:02.095" level="INFO">${year} = 2021</msg>
<status status="PASS" starttime="20210326 21:19:02.094" endtime="20210326 21:19:02.096"></status>
</kw>
<kw name="Get Time" library="BuiltIn">
<doc>Returns the given time in the requested format.</doc>
<arguments>
<arg>month</arg>
</arguments>
<assign>
<var>${month}</var>
</assign>
<msg timestamp="20210326 21:19:02.097" level="INFO">${month} = 03</msg>
<status status="PASS" starttime="20210326 21:19:02.096" endtime="20210326 21:19:02.097"></status>
</kw>
<kw name="Get Time" library="BuiltIn">
<doc>Returns the given time in the requested format.</doc>
<arguments>
<arg>day</arg>
</arguments>
<assign>
<var>${day}</var>
</assign>
<msg timestamp="20210326 21:19:02.099" level="INFO">${day} = 26</msg>
<status status="PASS" starttime="20210326 21:19:02.097" endtime="20210326 21:19:02.099"></status>
</kw>
<kw name="Create Dictionary" library="BuiltIn">
<doc>Creates and returns a dictionary based on the given ``items``.</doc>
<arguments>
<arg>Content-Type=application/json</arg>
</arguments>
<assign>
<var>${header}</var>
</assign>
<msg timestamp="20210326 21:19:02.100" level="INFO">${header} = {'Content-Type': 'application/json'}</msg>
<status status="PASS" starttime="20210326 21:19:02.099" endtime="20210326 21:19:02.100"></status>
</kw>
<kw name="Catenate" library="BuiltIn">
<doc>Catenates the given items together and returns the resulted string.</doc>
<arguments>
<arg>{</arg>
<arg>"type": "risk.assessment.result",</arg>
<arg>"resource": "business.holder",</arg>
<arg>"created_at": "${year}-${month}-${day} 15:28:56.747Z",</arg>
<arg>"marketplace_id": "${marketplace_external_key}",</arg>
<arg>"object": {</arg>
<arg>"result": "APPROVED",</arg>
<arg>"holder_id": "${holder_external_key}",</arg>
<arg>"applicant_id": "${application_external_key}",</arg>
<arg>"assessment_id": "${assessment_id}"</arg>
<arg>}</arg>
<arg>}</arg>
</arguments>
<assign>
<var>${body}</var>
</assign>
<msg timestamp="20210326 21:19:02.104" level="INFO">${body} = { "type": "risk.assessment.result", "resource": "business.holder", "created_at": "2021-03-26 15:28:56.747Z", "marketplace_id": "f71a8951368a4cc085cf7875ff44e61c", "object": { "result": "APPROVED", "ho...</msg>
<status status="PASS" starttime="20210326 21:19:02.101" endtime="20210326 21:19:02.104"></status>
</kw>
<kw name="Post Request" library="RequestsLibrary">
<doc>Send a POST request on the session object found using the
given `alias`</doc>
<arguments>
<arg>accreditation</arg>
<arg>/admin/internal_operation/marketplaces/${marketplace_external_key}/banking/accreditation/holders/${holder_external_key}/registration/approval</arg>
<arg>data=${body}</arg>
<arg>headers=${header}</arg>
</arguments>
<assign>
<var>${response}</var>
</assign>
<msg timestamp="20210326 21:19:02.107" level="INFO">POST Request using : uri=/admin/internal_operation/marketplaces/f71a8951368a4cc085cf7875ff44e61c/banking/accreditation/holders/f35a9f57dc174783b0ac026022d7b802/registration/approval, params=None, files=None, allow_redirects=True, timeout=None
headers={'User-Agent': 'python-requests/2.22.0', 'Accept-Encoding': 'gzip, deflate', 'Accept': '*/*', 'Connection': 'keep-alive', 'Content-Type': 'application/json'} 
data={ "type": "risk.assessment.result", "resource": "business.holder", "created_at": "2021-03-26 15:28:56.747Z", "marketplace_id": "f71a8951368a4cc085cf7875ff44e61c", "object": { "result": "APPROVED", "holder_id": "f35a9f57dc174783b0ac026022d7b802", "applicant_id": "bcc25a6751c14b52af1340d40dba78c5", "assessment_id": "1268a4f8-e2f9-4f4a-a20d-0cbe72f71a3e" } } 
json=None</msg>
<msg timestamp="20210326 21:19:03.860" level="INFO">${response} = &lt;Response [200]&gt;</msg>
<status status="PASS" starttime="20210326 21:19:02.105" endtime="20210326 21:19:03.860"></status>
</kw>
<kw name="Log" library="BuiltIn">
<doc>Logs the given message with the given level.</doc>
<arguments>
<arg>${response.json()}</arg>
</arguments>
<msg timestamp="20210326 21:19:03.862" level="INFO">{'message': 'Holder approved successfully'}</msg>
<status status="PASS" starttime="20210326 21:19:03.861" endtime="20210326 21:19:03.862"></status>
</kw>
<kw name="Log" library="BuiltIn">
<doc>Logs the given message with the given level.</doc>
<arguments>
<arg>${response.headers['X-REQUEST-ID']}</arg>
</arguments>
<msg timestamp="20210326 21:19:03.864" level="INFO">0d57059e94276de6</msg>
<status status="PASS" starttime="20210326 21:19:03.863" endtime="20210326 21:19:03.864"></status>
</kw>
<kw name="Set Global Variable" library="BuiltIn">
<doc>Makes a variable available globally in all tests and suites.</doc>
<arguments>
<arg>${response}</arg>
</arguments>
<msg timestamp="20210326 21:19:03.866" level="INFO">${response} = &lt;Response [200]&gt;</msg>
<status status="PASS" starttime="20210326 21:19:03.865" endtime="20210326 21:19:03.866"></status>
</kw>
<kw name="Should Be Equal As Strings" library="BuiltIn">
<doc>Fails if objects are unequal after converting them to strings.</doc>
<arguments>
<arg>${response.status_code}</arg>
<arg>200</arg>
</arguments>
<msg timestamp="20210326 21:19:03.868" level="INFO">Argument types are:
&lt;class 'int'&gt;
&lt;type 'unicode'&gt;</msg>
<status status="PASS" starttime="20210326 21:19:03.867" endtime="20210326 21:19:03.868"></status>
</kw>
<status status="PASS" starttime="20210326 21:19:02.091" endtime="20210326 21:19:03.869"></status>
</kw>
<kw name="Should Be Equal As Integers" library="BuiltIn">
<doc>Fails if objects are unequal after converting them to integers.</doc>
<arguments>
<arg>${response.status_code}</arg>
<arg>200</arg>
</arguments>
<msg timestamp="20210326 21:19:03.870" level="INFO">Argument types are:
&lt;class 'int'&gt;
&lt;type 'unicode'&gt;</msg>
<status status="PASS" starttime="20210326 21:19:03.869" endtime="20210326 21:19:03.871"></status>
</kw>
<kw name="buscar account por holder" library="accounts_get_accounts_by_holder">
<kw name="conectar accounts" library="create_session_staging_internal">
<kw name="Create Session" library="RequestsLibrary">
<doc>Create Session: create a HTTP session to a server</doc>
<arguments>
<arg>alias=accounts</arg>
<arg>url=${account_url_base}</arg>
<arg>disable_warnings=true</arg>
</arguments>
<msg timestamp="20210326 21:19:03.875" level="INFO">Creating Session using : alias=accounts, url=https://banking-accounts-internal.staging.zoop.tech, headers={},                     cookies={}, auth=None, timeout=None, proxies=None, verify=False,                     debug=0 </msg>
<status status="PASS" starttime="20210326 21:19:03.874" endtime="20210326 21:19:03.876"></status>
</kw>
<status status="PASS" starttime="20210326 21:19:03.873" endtime="20210326 21:19:03.877"></status>
</kw>
<kw name="Get Request" library="RequestsLibrary">
<doc>Send a GET request on the session object found using the
given `alias`</doc>
<arguments>
<arg>accounts</arg>
<arg>/marketplaces/${marketplace_external_key}/holders/${holder_external_key}/accounts</arg>
</arguments>
<assign>
<var>${response}</var>
</assign>
<msg timestamp="20210326 21:19:03.879" level="INFO">GET Request using : uri=/marketplaces/f71a8951368a4cc085cf7875ff44e61c/holders/f35a9f57dc174783b0ac026022d7b802/accounts, params=None, allow_redirects=True, timeout=None
headers={'User-Agent': 'python-requests/2.22.0', 'Accept-Encoding': 'gzip, deflate', 'Accept': '*/*', 'Connection': 'keep-alive'} 
data=None 
json=None</msg>
<msg timestamp="20210326 21:19:04.640" level="INFO">${response} = &lt;Response [200]&gt;</msg>
<status status="PASS" starttime="20210326 21:19:03.878" endtime="20210326 21:19:04.641"></status>
</kw>
<kw name="Log" library="BuiltIn">
<doc>Logs the given message with the given level.</doc>
<arguments>
<arg>${response.json()}</arg>
</arguments>
<msg timestamp="20210326 21:19:04.643" level="INFO">{'items': [{'id': 'cc6046f5a33d4dd581406be89f225623', 'holder': 'f35a9f57dc174783b0ac026022d7b802', 'balance': '0.00', 'currency': 'BRL', 'routing_number': '001', 'number': '3174786108', 'status': 'active', 'metadata': {}, 'created_at': '2021-03-27T00:19:03.400796', 'updated_at': '2021-03-27T00:19:03.400796', 'primary': True, 'marketplace_id': 'f71a8951368a4cc085cf7875ff44e61c', 'uri': '/v2/marketplaces/f71a8951368a4cc085cf7875ff44e61c/accounts/cc6046f5a33d4dd581406be89f225623', 'resource': 'payment_account'}], 'has_more': False, 'limit': 100, 'total_pages': 1, 'page': 1, 'offset': 0, 'total': '1', 'query_count': '1'}</msg>
<status status="PASS" starttime="20210326 21:19:04.642" endtime="20210326 21:19:04.643"></status>
</kw>
<kw name="Set Global Variable" library="BuiltIn">
<doc>Makes a variable available globally in all tests and suites.</doc>
<arguments>
<arg>${response}</arg>
</arguments>
<msg timestamp="20210326 21:19:04.645" level="INFO">${response} = &lt;Response [200]&gt;</msg>
<status status="PASS" starttime="20210326 21:19:04.644" endtime="20210326 21:19:04.645"></status>
</kw>
<kw name="Set Variable If" library="BuiltIn">
<doc>Sets variable based on the given condition.</doc>
<arguments>
<arg>${response.status_code}==200</arg>
<arg>${response.json()["items"][0]["id"]}</arg>
</arguments>
<assign>
<var>${account_external_key}</var>
</assign>
<msg timestamp="20210326 21:19:04.648" level="INFO">${account_external_key} = cc6046f5a33d4dd581406be89f225623</msg>
<status status="PASS" starttime="20210326 21:19:04.646" endtime="20210326 21:19:04.648"></status>
</kw>
<kw name="Set Global Variable" library="BuiltIn">
<doc>Makes a variable available globally in all tests and suites.</doc>
<arguments>
<arg>${account_external_key}</arg>
</arguments>
<msg timestamp="20210326 21:19:04.650" level="INFO">${account_external_key} = cc6046f5a33d4dd581406be89f225623</msg>
<status status="PASS" starttime="20210326 21:19:04.649" endtime="20210326 21:19:04.650"></status>
</kw>
<kw name="Set Variable If" library="BuiltIn">
<doc>Sets variable based on the given condition.</doc>
<arguments>
<arg>${response.status_code}==200</arg>
<arg>${response.json()["items"][0]["number"]}</arg>
</arguments>
<assign>
<var>${account_number}</var>
</assign>
<msg timestamp="20210326 21:19:04.653" level="INFO">${account_number} = 3174786108</msg>
<status status="PASS" starttime="20210326 21:19:04.651" endtime="20210326 21:19:04.653"></status>
</kw>
<kw name="Set Global Variable" library="BuiltIn">
<doc>Makes a variable available globally in all tests and suites.</doc>
<arguments>
<arg>${account_number}</arg>
</arguments>
<msg timestamp="20210326 21:19:04.655" level="INFO">${account_number} = 3174786108</msg>
<status status="PASS" starttime="20210326 21:19:04.654" endtime="20210326 21:19:04.655"></status>
</kw>
<kw name="Set Variable If" library="BuiltIn">
<doc>Sets variable based on the given condition.</doc>
<arguments>
<arg>${response.status_code}==200</arg>
<arg>${response.json()["items"][0]["routing_number"]}</arg>
</arguments>
<assign>
<var>${account_routing_number}</var>
</assign>
<msg timestamp="20210326 21:19:04.657" level="INFO">${account_routing_number} = 001</msg>
<status status="PASS" starttime="20210326 21:19:04.656" endtime="20210326 21:19:04.658"></status>
</kw>
<kw name="Set Global Variable" library="BuiltIn">
<doc>Makes a variable available globally in all tests and suites.</doc>
<arguments>
<arg>${account_routing_number}</arg>
</arguments>
<msg timestamp="20210326 21:19:04.659" level="INFO">${account_routing_number} = 001</msg>
<status status="PASS" starttime="20210326 21:19:04.658" endtime="20210326 21:19:04.659"></status>
</kw>
<status status="PASS" starttime="20210326 21:19:03.871" endtime="20210326 21:19:04.660"></status>
</kw>
<kw name="Should Be Equal As Integers" library="BuiltIn">
<doc>Fails if objects are unequal after converting them to integers.</doc>
<arguments>
<arg>${response.status_code}</arg>
<arg>200</arg>
</arguments>
<msg timestamp="20210326 21:19:04.662" level="INFO">Argument types are:
&lt;class 'int'&gt;
&lt;type 'unicode'&gt;</msg>
<status status="PASS" starttime="20210326 21:19:04.661" endtime="20210326 21:19:04.662"></status>
</kw>
<status status="PASS" starttime="20210326 21:18:59.136" endtime="20210326 21:19:04.662"></status>
</kw>
<kw name="criar chave pix" library="pix_dict_create_entry">
<arguments>
<arg>type=email</arg>
<arg>value=${email_pix}</arg>
</arguments>
<kw name="conectar pix-dict" library="create_session_staging_internal">
<kw name="Create Session" library="RequestsLibrary">
<doc>Create Session: create a HTTP session to a server</doc>
<arguments>
<arg>alias=pix-dict</arg>
<arg>url=${pix_dict_url_base}</arg>
<arg>disable_warnings=true</arg>
</arguments>
<msg timestamp="20210326 21:19:04.669" level="INFO">Creating Session using : alias=pix-dict, url=https://banking-pix-dict-internal.staging.zoop.tech, headers={},                     cookies={}, auth=None, timeout=None, proxies=None, verify=False,                     debug=0 </msg>
<status status="PASS" starttime="20210326 21:19:04.668" endtime="20210326 21:19:04.670"></status>
</kw>
<status status="PASS" starttime="20210326 21:19:04.666" endtime="20210326 21:19:04.671"></status>
</kw>
<kw name="Set Global Variable" library="BuiltIn">
<doc>Makes a variable available globally in all tests and suites.</doc>
<arguments>
<arg>${type}</arg>
</arguments>
<msg timestamp="20210326 21:19:04.673" level="INFO">${type} = email</msg>
<status status="PASS" starttime="20210326 21:19:04.672" endtime="20210326 21:19:04.673"></status>
</kw>
<kw name="Set Global Variable" library="BuiltIn">
<doc>Makes a variable available globally in all tests and suites.</doc>
<arguments>
<arg>${value}</arg>
</arguments>
<msg timestamp="20210326 21:19:04.675" level="INFO">${value} = mouraeduarda@azevedo.com</msg>
<status status="PASS" starttime="20210326 21:19:04.675" endtime="20210326 21:19:04.676"></status>
</kw>
<kw name="Create Dictionary" library="BuiltIn">
<doc>Creates and returns a dictionary based on the given ``items``.</doc>
<arguments>
<arg>Content-Type=application/json</arg>
</arguments>
<assign>
<var>${header}</var>
</assign>
<msg timestamp="20210326 21:19:04.678" level="INFO">${header} = {'Content-Type': 'application/json'}</msg>
<status status="PASS" starttime="20210326 21:19:04.677" endtime="20210326 21:19:04.679"></status>
</kw>
<kw name="Catenate" library="BuiltIn">
<doc>Catenates the given items together and returns the resulted string.</doc>
<arguments>
<arg>{</arg>
<arg>"type": "${type}",</arg>
<arg>"value": "${value}"</arg>
<arg>}</arg>
</arguments>
<assign>
<var>${body}</var>
</assign>
<msg timestamp="20210326 21:19:04.681" level="INFO">${body} = { "type": "email", "value": "mouraeduarda@azevedo.com" }</msg>
<status status="PASS" starttime="20210326 21:19:04.680" endtime="20210326 21:19:04.681"></status>
</kw>
<kw name="Post Request" library="RequestsLibrary">
<doc>Send a POST request on the session object found using the
given `alias`</doc>
<arguments>
<arg>pix-dict</arg>
<arg>/marketplaces/${marketplace_external_key}/banking/dict/holders/${holder_external_key}/accounts/${account_external_key}/entries</arg>
<arg>data=${body}</arg>
<arg>headers=${header}</arg>
</arguments>
<assign>
<var>${response}</var>
</assign>
<msg timestamp="20210326 21:19:04.684" level="INFO">POST Request using : uri=/marketplaces/f71a8951368a4cc085cf7875ff44e61c/banking/dict/holders/f35a9f57dc174783b0ac026022d7b802/accounts/cc6046f5a33d4dd581406be89f225623/entries, params=None, files=None, allow_redirects=True, timeout=None
headers={'User-Agent': 'python-requests/2.22.0', 'Accept-Encoding': 'gzip, deflate', 'Accept': '*/*', 'Connection': 'keep-alive', 'Content-Type': 'application/json'} 
data={ "type": "email", "value": "mouraeduarda@azevedo.com" } 
json=None</msg>
<msg timestamp="20210326 21:19:05.538" level="INFO">${response} = &lt;Response [202]&gt;</msg>
<status status="PASS" starttime="20210326 21:19:04.682" endtime="20210326 21:19:05.539"></status>
</kw>
<kw name="Log" library="BuiltIn">
<doc>Logs the given message with the given level.</doc>
<arguments>
<arg>${response.json()}</arg>
</arguments>
<msg timestamp="20210326 21:19:05.541" level="INFO">{'id': 'a644912a2d5141c6a6394f035237e003', 'status': 'waiting_ownership_verification', 'created_at': '2021-03-26T09:19:05.666', 'updated_at': '2021-03-26T09:19:05.666', 'key': {'value': 'mouraeduarda@azevedo.com', 'type': 'email'}, 'account': {'id': 'cc6046f5a33d4dd581406be89f225623', 'marketplace': 'f71a8951368a4cc085cf7875ff44e61c', 'holder': 'f35a9f57dc174783b0ac026022d7b802', 'owner': {'name': 'Holder de teste', 'national_registration': '35704921680', 'type': 'individual'}, 'routing_number': '001', 'number': '3174786108', 'type': 'CACC'}, 'psp': {'code': '19468242', 'name': 'Zoop Tecnologia e Meios de Pagamento S.A.'}, 'resource': 'pix.entry'}</msg>
<status status="PASS" starttime="20210326 21:19:05.540" endtime="20210326 21:19:05.542"></status>
</kw>
<kw name="Log" library="BuiltIn">
<doc>Logs the given message with the given level.</doc>
<arguments>
<arg>${response.headers['X-REQUEST-ID']}</arg>
</arguments>
<msg timestamp="20210326 21:19:05.543" level="INFO">6afda07b9dc9acdd</msg>
<status status="PASS" starttime="20210326 21:19:05.543" endtime="20210326 21:19:05.544"></status>
</kw>
<kw name="Log" library="BuiltIn">
<doc>Logs the given message with the given level.</doc>
<arguments>
<arg>${response.status_code}</arg>
</arguments>
<msg timestamp="20210326 21:19:05.545" level="INFO">202</msg>
<status status="PASS" starttime="20210326 21:19:05.545" endtime="20210326 21:19:05.546"></status>
</kw>
<kw name="Set Global Variable" library="BuiltIn">
<doc>Makes a variable available globally in all tests and suites.</doc>
<arguments>
<arg>${response}</arg>
</arguments>
<msg timestamp="20210326 21:19:05.547" level="INFO">${response} = &lt;Response [202]&gt;</msg>
<status status="PASS" starttime="20210326 21:19:05.546" endtime="20210326 21:19:05.548"></status>
</kw>
<kw name="Set Variable If" library="BuiltIn">
<doc>Sets variable based on the given condition.</doc>
<arguments>
<arg>${response.status_code}==201</arg>
<arg>${response.json()["id"]}</arg>
<arg>${response.status_code}==202</arg>
<arg>${response.json()["id"]}</arg>
</arguments>
<assign>
<var>${entry_external_key}</var>
</assign>
<kw name="Set Variable If" library="BuiltIn">
<doc>Sets variable based on the given condition.</doc>
<arguments>
<arg>${response.status_code}==202</arg>
<arg>${response.json()["id"]}</arg>
</arguments>
<status status="PASS" starttime="20210326 21:19:05.551" endtime="20210326 21:19:05.553"></status>
</kw>
<msg timestamp="20210326 21:19:05.553" level="INFO">${entry_external_key} = a644912a2d5141c6a6394f035237e003</msg>
<status status="PASS" starttime="20210326 21:19:05.549" endtime="20210326 21:19:05.553"></status>
</kw>
<kw name="Set Global Variable" library="BuiltIn">
<doc>Makes a variable available globally in all tests and suites.</doc>
<arguments>
<arg>${entry_external_key}</arg>
</arguments>
<msg timestamp="20210326 21:19:05.555" level="INFO">${entry_external_key} = a644912a2d5141c6a6394f035237e003</msg>
<status status="PASS" starttime="20210326 21:19:05.554" endtime="20210326 21:19:05.555"></status>
</kw>
<kw name="Set Variable If" library="BuiltIn">
<doc>Sets variable based on the given condition.</doc>
<arguments>
<arg>${response.status_code}==201</arg>
<arg>${response.json()["key"]["value"]}</arg>
<arg>${response.status_code}==202</arg>
<arg>${response.json()["key"]["value"]}</arg>
</arguments>
<assign>
<var>${entry_key_value}</var>
</assign>
<kw name="Set Variable If" library="BuiltIn">
<doc>Sets variable based on the given condition.</doc>
<arguments>
<arg>${response.status_code}==202</arg>
<arg>${response.json()["key"]["value"]}</arg>
</arguments>
<status status="PASS" starttime="20210326 21:19:05.558" endtime="20210326 21:19:05.560"></status>
</kw>
<msg timestamp="20210326 21:19:05.560" level="INFO">${entry_key_value} = mouraeduarda@azevedo.com</msg>
<status status="PASS" starttime="20210326 21:19:05.556" endtime="20210326 21:19:05.560"></status>
</kw>
<kw name="Set Global Variable" library="BuiltIn">
<doc>Makes a variable available globally in all tests and suites.</doc>
<arguments>
<arg>${entry_key_value}</arg>
</arguments>
<msg timestamp="20210326 21:19:05.563" level="INFO">${entry_key_value} = mouraeduarda@azevedo.com</msg>
<status status="PASS" starttime="20210326 21:19:05.561" endtime="20210326 21:19:05.563"></status>
</kw>
<status status="PASS" starttime="20210326 21:19:04.665" endtime="20210326 21:19:05.563"></status>
</kw>
<kw name="Run Keyword If" library="BuiltIn">
<doc>Runs the given keyword with the given arguments, if ``condition`` is true.</doc>
<arguments>
<arg>'${response.status_code}' != '202'</arg>
<arg>Fatal Error</arg>
<arg>msg=Erro ao criar chave de endereçamento || status_code: ${response.status_code} || message: ${response.json()["message"]}</arg>
</arguments>
<status status="PASS" starttime="20210326 21:19:05.566" endtime="20210326 21:19:05.567"></status>
</kw>
<kw name="Set Variable" library="BuiltIn">
<doc>Returns the given values which can then be assigned to a variables.</doc>
<arguments>
<arg>${holder_external_key}</arg>
</arguments>
<assign>
<var>${holder_owner}</var>
</assign>
<msg timestamp="20210326 21:19:05.571" level="INFO">${holder_owner} = f35a9f57dc174783b0ac026022d7b802</msg>
<status status="PASS" starttime="20210326 21:19:05.570" endtime="20210326 21:19:05.571"></status>
</kw>
<kw name="Set Variable" library="BuiltIn">
<doc>Returns the given values which can then be assigned to a variables.</doc>
<arguments>
<arg>${holder_type}</arg>
</arguments>
<assign>
<var>${holder_type_owner}</var>
</assign>
<msg timestamp="20210326 21:19:05.575" level="INFO">${holder_type_owner} = individual</msg>
<status status="PASS" starttime="20210326 21:19:05.574" endtime="20210326 21:19:05.575"></status>
</kw>
<kw name="Set Variable" library="BuiltIn">
<doc>Returns the given values which can then be assigned to a variables.</doc>
<arguments>
<arg>${holder_name}</arg>
</arguments>
<assign>
<var>${holder_name_owner}</var>
</assign>
<msg timestamp="20210326 21:19:05.581" level="INFO">${holder_name_owner} = Holder de teste</msg>
<status status="PASS" starttime="20210326 21:19:05.578" endtime="20210326 21:19:05.581"></status>
</kw>
<kw name="Set Variable" library="BuiltIn">
<doc>Returns the given values which can then be assigned to a variables.</doc>
<arguments>
<arg>${national_registration}</arg>
</arguments>
<assign>
<var>${national_registration_owner}</var>
</assign>
<msg timestamp="20210326 21:19:05.584" level="INFO">${national_registration_owner} = 35704921680</msg>
<status status="PASS" starttime="20210326 21:19:05.583" endtime="20210326 21:19:05.584"></status>
</kw>
<kw name="Set Variable" library="BuiltIn">
<doc>Returns the given values which can then be assigned to a variables.</doc>
<arguments>
<arg>${account_external_key}</arg>
</arguments>
<assign>
<var>${account_owner}</var>
</assign>
<msg timestamp="20210326 21:19:05.591" level="INFO">${account_owner} = cc6046f5a33d4dd581406be89f225623</msg>
<status status="PASS" starttime="20210326 21:19:05.589" endtime="20210326 21:19:05.591"></status>
</kw>
<kw name="Set Variable" library="BuiltIn">
<doc>Returns the given values which can then be assigned to a variables.</doc>
<arguments>
<arg>${account_number}</arg>
</arguments>
<assign>
<var>${account_number_owner}</var>
</assign>
<msg timestamp="20210326 21:19:05.594" level="INFO">${account_number_owner} = 3174786108</msg>
<status status="PASS" starttime="20210326 21:19:05.593" endtime="20210326 21:19:05.594"></status>
</kw>
<kw name="Set Variable" library="BuiltIn">
<doc>Returns the given values which can then be assigned to a variables.</doc>
<arguments>
<arg>${account_routing_number}</arg>
</arguments>
<assign>
<var>${account_routing_number_owner}</var>
</assign>
<msg timestamp="20210326 21:19:05.598" level="INFO">${account_routing_number_owner} = 001</msg>
<status status="PASS" starttime="20210326 21:19:05.597" endtime="20210326 21:19:05.598"></status>
</kw>
<kw name="Set Variable" library="BuiltIn">
<doc>Returns the given values which can then be assigned to a variables.</doc>
<arguments>
<arg>${entry_external_key}</arg>
</arguments>
<assign>
<var>${entry_owner}</var>
</assign>
<msg timestamp="20210326 21:19:05.602" level="INFO">${entry_owner} = a644912a2d5141c6a6394f035237e003</msg>
<status status="PASS" starttime="20210326 21:19:05.601" endtime="20210326 21:19:05.603"></status>
</kw>
<kw name="buscar verification code" library="pix_dict_verification_code">
<arguments>
<arg>holder_external_key=${holder_owner}</arg>
<arg>account_external_key=${account_owner}</arg>
<arg>entry_external_key=${entry_owner}</arg>
</arguments>
<kw name="conectar pix-dict" library="create_session_staging_internal">
<kw name="Create Session" library="RequestsLibrary">
<doc>Create Session: create a HTTP session to a server</doc>
<arguments>
<arg>alias=pix-dict</arg>
<arg>url=${pix_dict_url_base}</arg>
<arg>disable_warnings=true</arg>
</arguments>
<msg timestamp="20210326 21:19:05.611" level="INFO">Creating Session using : alias=pix-dict, url=https://banking-pix-dict-internal.staging.zoop.tech, headers={},                     cookies={}, auth=None, timeout=None, proxies=None, verify=False,                     debug=0 </msg>
<status status="PASS" starttime="20210326 21:19:05.609" endtime="20210326 21:19:05.612"></status>
</kw>
<status status="PASS" starttime="20210326 21:19:05.608" endtime="20210326 21:19:05.612"></status>
</kw>
<kw name="Get Request" library="RequestsLibrary">
<doc>Send a GET request on the session object found using the
given `alias`</doc>
<arguments>
<arg>pix-dict</arg>
<arg>/admin/internal_operation/marketplaces/${marketplace_external_key}/banking/dict/holders/${holder_external_key}/accounts/${account_external_key}/entries/${entry_external_key}/code</arg>
</arguments>
<assign>
<var>${response}</var>
</assign>
<msg timestamp="20210326 21:19:05.615" level="INFO">GET Request using : uri=/admin/internal_operation/marketplaces/f71a8951368a4cc085cf7875ff44e61c/banking/dict/holders/f35a9f57dc174783b0ac026022d7b802/accounts/cc6046f5a33d4dd581406be89f225623/entries/a644912a2d5141c6a6394f035237e003/code, params=None, allow_redirects=True, timeout=None
headers={'User-Agent': 'python-requests/2.22.0', 'Accept-Encoding': 'gzip, deflate', 'Accept': '*/*', 'Connection': 'keep-alive'} 
data=None 
json=None</msg>
<msg timestamp="20210326 21:19:06.408" level="INFO">${response} = &lt;Response [200]&gt;</msg>
<status status="PASS" starttime="20210326 21:19:05.613" endtime="20210326 21:19:06.408"></status>
</kw>
<kw name="Log" library="BuiltIn">
<doc>Logs the given message with the given level.</doc>
<arguments>
<arg>${response.json()}</arg>
</arguments>
<msg timestamp="20210326 21:19:06.411" level="INFO">{'code': '4476'}</msg>
<status status="PASS" starttime="20210326 21:19:06.409" endtime="20210326 21:19:06.411"></status>
</kw>
<kw name="Log" library="BuiltIn">
<doc>Logs the given message with the given level.</doc>
<arguments>
<arg>${response.headers['X-REQUEST-ID']}</arg>
</arguments>
<msg timestamp="20210326 21:19:06.413" level="INFO">f1943587c32529d4</msg>
<status status="PASS" starttime="20210326 21:19:06.412" endtime="20210326 21:19:06.413"></status>
</kw>
<kw name="Log" library="BuiltIn">
<doc>Logs the given message with the given level.</doc>
<arguments>
<arg>${response.status_code}</arg>
</arguments>
<msg timestamp="20210326 21:19:06.415" level="INFO">200</msg>
<status status="PASS" starttime="20210326 21:19:06.414" endtime="20210326 21:19:06.415"></status>
</kw>
<kw name="Set Global Variable" library="BuiltIn">
<doc>Makes a variable available globally in all tests and suites.</doc>
<arguments>
<arg>${response}</arg>
</arguments>
<msg timestamp="20210326 21:19:06.417" level="INFO">${response} = &lt;Response [200]&gt;</msg>
<status status="PASS" starttime="20210326 21:19:06.416" endtime="20210326 21:19:06.417"></status>
</kw>
<kw name="Set Variable If" library="BuiltIn">
<doc>Sets variable based on the given condition.</doc>
<arguments>
<arg>${response.status_code}==200</arg>
<arg>${response.json()["code"]}</arg>
</arguments>
<assign>
<var>${verification_code}</var>
</assign>
<msg timestamp="20210326 21:19:06.420" level="INFO">${verification_code} = 4476</msg>
<status status="PASS" starttime="20210326 21:19:06.418" endtime="20210326 21:19:06.420"></status>
</kw>
<kw name="Set Global Variable" library="BuiltIn">
<doc>Makes a variable available globally in all tests and suites.</doc>
<arguments>
<arg>${verification_code}</arg>
</arguments>
<msg timestamp="20210326 21:19:06.422" level="INFO">${verification_code} = 4476</msg>
<status status="PASS" starttime="20210326 21:19:06.421" endtime="20210326 21:19:06.422"></status>
</kw>
<status status="PASS" starttime="20210326 21:19:05.606" endtime="20210326 21:19:06.422"></status>
</kw>
<kw name="Run Keyword If" library="BuiltIn">
<doc>Runs the given keyword with the given arguments, if ``condition`` is true.</doc>
<arguments>
<arg>'${response.status_code}' != '200'</arg>
<arg>Fatal Error</arg>
<arg>msg=Erro ao buscar verification code || status_code: ${response.status_code} || message: ${response.json()["message"]}</arg>
</arguments>
<status status="PASS" starttime="20210326 21:19:06.425" endtime="20210326 21:19:06.426"></status>
</kw>
<kw name="confirmar propriedade da chave pix" library="pix_dict_confirm_propriety">
<arguments>
<arg>verification_code=${verification_code}</arg>
<arg>holder_external_key=${holder_owner}</arg>
<arg>account_external_key=${account_owner}</arg>
<arg>entry_external_key=${entry_owner}</arg>
</arguments>
<kw name="conectar pix-dict" library="create_session_staging_internal">
<kw name="Create Session" library="RequestsLibrary">
<doc>Create Session: create a HTTP session to a server</doc>
<arguments>
<arg>alias=pix-dict</arg>
<arg>url=${pix_dict_url_base}</arg>
<arg>disable_warnings=true</arg>
</arguments>
<msg timestamp="20210326 21:19:06.434" level="INFO">Creating Session using : alias=pix-dict, url=https://banking-pix-dict-internal.staging.zoop.tech, headers={},                     cookies={}, auth=None, timeout=None, proxies=None, verify=False,                     debug=0 </msg>
<status status="PASS" starttime="20210326 21:19:06.433" endtime="20210326 21:19:06.436"></status>
</kw>
<status status="PASS" starttime="20210326 21:19:06.431" endtime="20210326 21:19:06.437"></status>
</kw>
<kw name="Create Dictionary" library="BuiltIn">
<doc>Creates and returns a dictionary based on the given ``items``.</doc>
<arguments>
<arg>Content-Type=application/json</arg>
</arguments>
<assign>
<var>${header}</var>
</assign>
<msg timestamp="20210326 21:19:06.440" level="INFO">${header} = {'Content-Type': 'application/json'}</msg>
<status status="PASS" starttime="20210326 21:19:06.438" endtime="20210326 21:19:06.440"></status>
</kw>
<kw name="Catenate" library="BuiltIn">
<doc>Catenates the given items together and returns the resulted string.</doc>
<arguments>
<arg>{</arg>
<arg>"code": "${verification_code}"</arg>
<arg>}</arg>
</arguments>
<assign>
<var>${body}</var>
</assign>
<msg timestamp="20210326 21:19:06.443" level="INFO">${body} = { "code": "4476" }</msg>
<status status="PASS" starttime="20210326 21:19:06.441" endtime="20210326 21:19:06.443"></status>
</kw>
<kw name="Post Request" library="RequestsLibrary">
<doc>Send a POST request on the session object found using the
given `alias`</doc>
<arguments>
<arg>pix-dict</arg>
<arg>/marketplaces/${marketplace_external_key}/banking/dict/holders/${holder_external_key}/accounts/${account_external_key}/entries/${entry_external_key}/ownership</arg>
<arg>data=${body}</arg>
<arg>headers=${header}</arg>
</arguments>
<assign>
<var>${response}</var>
</assign>
<msg timestamp="20210326 21:19:06.446" level="INFO">POST Request using : uri=/marketplaces/f71a8951368a4cc085cf7875ff44e61c/banking/dict/holders/f35a9f57dc174783b0ac026022d7b802/accounts/cc6046f5a33d4dd581406be89f225623/entries/a644912a2d5141c6a6394f035237e003/ownership, params=None, files=None, allow_redirects=True, timeout=None
headers={'User-Agent': 'python-requests/2.22.0', 'Accept-Encoding': 'gzip, deflate', 'Accept': '*/*', 'Connection': 'keep-alive', 'Content-Type': 'application/json'} 
data={ "code": "4476" } 
json=None</msg>
<msg timestamp="20210326 21:19:08.714" level="INFO">${response} = &lt;Response [201]&gt;</msg>
<status status="PASS" starttime="20210326 21:19:06.444" endtime="20210326 21:19:08.714"></status>
</kw>
<kw name="Log" library="BuiltIn">
<doc>Logs the given message with the given level.</doc>
<arguments>
<arg>${response.json()}</arg>
</arguments>
[...]
</kw>
<kw name="Log" library="BuiltIn">
<doc>Logs the given message with the given level.</doc>
<arguments>
<arg>Validar Holder Type do Account Owner</arg>
</arguments>
<msg timestamp="20210326 21:19:34.312" level="INFO">Validar Holder Type do Account Owner</msg>
<status status="PASS" starttime="20210326 21:19:34.311" endtime="20210326 21:19:34.312"></status>
</kw>
<kw name="Should Be Equal As Strings" library="BuiltIn">
<doc>Fails if objects are unequal after converting them to strings.</doc>
<arguments>
<arg>${response.json()["account"]["owner"]["type"]}</arg>
<arg>${holder_type}</arg>
</arguments>
<status status="PASS" starttime="20210326 21:19:34.313" endtime="20210326 21:19:34.315"></status>
</kw>
<kw name="Log" library="BuiltIn">
<doc>Logs the given message with the given level.</doc>
<arguments>
<arg>Validar PSP</arg>
</arguments>
<msg timestamp="20210326 21:19:34.316" level="INFO">Validar PSP</msg>
<status status="PASS" starttime="20210326 21:19:34.316" endtime="20210326 21:19:34.316"></status>
</kw>
<kw name="Should Be Equal" library="BuiltIn">
<doc>Fails if the given objects are unequal.</doc>
<arguments>
<arg>${response.json()["psp"]["code"]}</arg>
<arg>${psp_code}</arg>
</arguments>
<status status="PASS" starttime="20210326 21:19:34.318" endtime="20210326 21:19:34.322"></status>
</kw>
<kw name="Should Be Equal" library="BuiltIn">
<doc>Fails if the given objects are unequal.</doc>
<arguments>
<arg>${response.json()["psp"]["name"]}</arg>
<arg>${psp_name}</arg>
</arguments>
<status status="PASS" starttime="20210326 21:19:34.323" endtime="20210326 21:19:34.325"></status>
</kw>
<status status="PASS" starttime="20210326 21:19:34.265" endtime="20210326 21:19:34.325"></status>
</kw>
<kw name="buscar reivindicação de posse" library="pix_dict_get_claims">
<arguments>
<arg>holder_external_key=${holder_claimer}</arg>
<arg>account_external_key=${account_claimer}</arg>
<arg>claim_external_key=${claim_external_key}</arg>
</arguments>
<kw name="conectar pix-dict" library="create_session_staging_internal">
<kw name="Create Session" library="RequestsLibrary">
<doc>Create Session: create a HTTP session to a server</doc>
<arguments>
<arg>alias=pix-dict</arg>
<arg>url=${pix_dict_url_base}</arg>
<arg>disable_warnings=true</arg>
</arguments>
<msg timestamp="20210326 21:19:34.333" level="INFO">Creating Session using : alias=pix-dict, url=https://banking-pix-dict-internal.staging.zoop.tech, headers={},                     cookies={}, auth=None, timeout=None, proxies=None, verify=False,                     debug=0 </msg>
<status status="PASS" starttime="20210326 21:19:34.332" endtime="20210326 21:19:34.335"></status>
</kw>
<status status="PASS" starttime="20210326 21:19:34.330" endtime="20210326 21:19:34.335"></status>
</kw>
<kw name="Get Request" library="RequestsLibrary">
<doc>Send a GET request on the session object found using the
given `alias`</doc>
<arguments>
<arg>pix-dict</arg>
<arg>/marketplaces/${marketplace_external_key}/banking/dict/holders/${holder_external_key}/accounts/${account_external_key}/claims/${claim_external_key}</arg>
</arguments>
<assign>
<var>${response}</var>
</assign>
<msg timestamp="20210326 21:19:34.337" level="INFO">GET Request using : uri=/marketplaces/f71a8951368a4cc085cf7875ff44e61c/banking/dict/holders/e02d594615b54cc09f0394cfb4e985a1/accounts/14069ef25c9c48289cde8950940872a8/claims/fd09e42738ee4810917a1a680685301a, params=None, allow_redirects=True, timeout=None
headers={'User-Agent': 'python-requests/2.22.0', 'Accept-Encoding': 'gzip, deflate', 'Accept': '*/*', 'Connection': 'keep-alive'} 
data=None 
json=None</msg>
<msg timestamp="20210326 21:19:35.194" level="INFO">${response} = &lt;Response [200]&gt;</msg>
<status status="PASS" starttime="20210326 21:19:34.336" endtime="20210326 21:19:35.194"></status>
</kw>
<kw name="Log" library="BuiltIn">
<doc>Logs the given message with the given level.</doc>
<arguments>
<arg>${response.json()}</arg>
</arguments>
<msg timestamp="20210326 21:19:35.196" level="INFO">{'id': 'fd09e42738ee4810917a1a680685301a', 'marketplace': 'f71a8951368a4cc085cf7875ff44e61c', 'created_at': '2021-03-26T09:19:17.767', 'updated_at': '2021-03-26T09:19:34.424', 'type': 'OWNERSHIP', 'status': 'completed', 'confirm_reason': 'USER_REQUESTED', 'key': {'value': 'mouraeduarda@azevedo.com', 'type': 'email'}, 'claimer': {'name': 'Holder de teste', 'national_registration': '68374921013', 'type': 'individual', 'marketplace': 'f71a8951368a4cc085cf7875ff44e61c', 'holder': 'e02d594615b54cc09f0394cfb4e985a1', 'account': {'digital_account_id': '14069ef25c9c48289cde8950940872a8', 'routing_number': '001', 'number': '2841688903', 'type': 'CACC'}, 'psp': {'code': '19468242', 'name': 'Zoop Tecnologia e Meios de Pagamento S.A.'}}, 'donor': {'name': 'Holder de teste', 'national_registration': '35704921680', 'type': 'individual', 'marketplace': 'f71a8951368a4cc085cf7875ff44e61c', 'holder': 'f35a9f57dc174783b0ac026022d7b802', 'account': {'digital_account_id': 'cc6046f5a33d4dd581406be89f225623', 'routing_number': '001', 'number': '3174786108', 'type': 'CACC'}, 'psp': {'code': '19468242', 'name': 'Zoop Tecnologia e Meios de Pagamento S.A.'}}, 'completion_period_end': '2021-03-27T12:19:00.000', 'resolution_period_end': '2021-04-03T12:19:17.000', 'resource': 'pix.claim'}</msg>
<status status="PASS" starttime="20210326 21:19:35.195" endtime="20210326 21:19:35.197"></status>
</kw>
<kw name="Log" library="BuiltIn">
<doc>Logs the given message with the given level.</doc>
<arguments>
<arg>${response.headers['X-REQUEST-ID']}</arg>
</arguments>
<msg timestamp="20210326 21:19:35.199" level="INFO">e760131493dfdee7</msg>
<status status="PASS" starttime="20210326 21:19:35.197" endtime="20210326 21:19:35.199"></status>
</kw>
<kw name="Log" library="BuiltIn">
<doc>Logs the given message with the given level.</doc>
<arguments>
<arg>${response.status_code}</arg>
</arguments>
<msg timestamp="20210326 21:19:35.201" level="INFO">200</msg>
<status status="PASS" starttime="20210326 21:19:35.200" endtime="20210326 21:19:35.201"></status>
</kw>
<kw name="Set Global Variable" library="BuiltIn">
<doc>Makes a variable available globally in all tests and suites.</doc>
<arguments>
<arg>${response}</arg>
</arguments>
<msg timestamp="20210326 21:19:35.203" level="INFO">${response} = &lt;Response [200]&gt;</msg>
<status status="PASS" starttime="20210326 21:19:35.202" endtime="20210326 21:19:35.203"></status>
</kw>
<status status="PASS" starttime="20210326 21:19:34.328" endtime="20210326 21:19:35.203"></status>
</kw>
<kw name="validar reivindicação" library="asserts">
<arguments>
<arg>status_code=200</arg>
<arg>marketplace_external_key=${marketplace_external_key}</arg>
<arg>claim_type=OWNERSHIP</arg>
<arg>claim_status=completed</arg>
<arg>key_value=${value}</arg>
<arg>key_type=${type}</arg>
<arg>claimer_name=${holder_name_claimer}</arg>
<arg>claimer_national_registration=${national_registration_claimer}</arg>
<arg>claimer_type=${holder_type_claimer}</arg>
<arg>claimer_marketplace=${marketplace_external_key}</arg>
<arg>claimer_holder_id=${holder_claimer}</arg>
<arg>claimer_account_id=${account_claimer}</arg>
<arg>claimer_routing_number=${account_routing_number_claimer}</arg>
<arg>claimer_account_number=${account_number_claimer}</arg>
<arg>claimer_account_type=CACC</arg>
<arg>claimer_psp_code=${psp_code}</arg>
<arg>claimer_psp_name=${psp_name}</arg>
<arg>donor_name=${holder_name_owner}</arg>
<arg>donor_national_registration=${national_registration_owner}</arg>
<arg>donor_type=${holder_type_owner}</arg>
<arg>donor_marketplace=${marketplace_external_key}</arg>
<arg>donor_holder_id=${holder_owner}</arg>
<arg>donor_account_id=${account_owner}</arg>
<arg>donor_routing_number=${account_routing_number_owner}</arg>
<arg>donor_account_number=${account_number_owner}</arg>
<arg>donor_account_type=CACC</arg>
<arg>donor_psp_code=${psp_code}</arg>
<arg>donor_psp_name=${psp_name}</arg>
<arg>claim_resource=pix.claim</arg>
</arguments>
<kw name="Get Current Date" library="DateTime">
<doc>Returns current local or UTC time with an optional increment.</doc>
<arguments>
<arg>result_format=datetime</arg>
</arguments>
<assign>
<var>${date}</var>
</assign>
<msg timestamp="20210326 21:19:35.212" level="INFO">${date} = 2021-03-26 21:19:35.211728</msg>
<status status="PASS" starttime="20210326 21:19:35.211" endtime="20210326 21:19:35.212"></status>
</kw>
<kw name="Convert Date" library="DateTime">
<doc>Converts between supported `date formats`.</doc>
<arguments>
<arg>${date}</arg>
<arg>exclude_millis=yes</arg>
<arg>result_format=%Y-%m-%d</arg>
<arg>date_format=%d-%m-%Y</arg>
</arguments>
<assign>
<var>${date}</var>
</assign>
<msg timestamp="20210326 21:19:35.214" level="INFO">${date} = 2021-03-26</msg>
<status status="PASS" starttime="20210326 21:19:35.213" endtime="20210326 21:19:35.214"></status>
</kw>
<kw name="Run Keyword If" library="BuiltIn">
<doc>Runs the given keyword with the given arguments, if ``condition`` is true.</doc>
<arguments>
<arg>'${response.status_code}' != '${status_code}'</arg>
<arg>Fatal Error</arg>
<arg>msg=Erro ao criar reivindicação || status_code: ${response.status_code} || message: ${response.json()["message"]}</arg>
</arguments>
<status status="PASS" starttime="20210326 21:19:35.215" endtime="20210326 21:19:35.215"></status>
</kw>
<kw name="Should Not Be Empty" library="BuiltIn">
<doc>Verifies that the given item is not empty.</doc>
<arguments>
<arg>${response.json()["id"]}</arg>
</arguments>
<msg timestamp="20210326 21:19:35.217" level="INFO">Length is 32</msg>
<status status="PASS" starttime="20210326 21:19:35.216" endtime="20210326 21:19:35.217"></status>
</kw>
<kw name="Should Be Equal" library="BuiltIn">
<doc>Fails if the given objects are unequal.</doc>
<arguments>
<arg>${response.json()["marketplace"]}</arg>
<arg>${marketplace_external_key}</arg>
</arguments>
<status status="PASS" starttime="20210326 21:19:35.218" endtime="20210326 21:19:35.220"></status>
</kw>
<kw name="Should Contain" library="BuiltIn">
<doc>Fails if ``container`` does not contain ``item`` one or more times.</doc>
<arguments>
<arg>${response.json()["created_at"]}</arg>
<arg>${date}</arg>
</arguments>
<status status="PASS" starttime="20210326 21:19:35.220" endtime="20210326 21:19:35.222"></status>
</kw>
<kw name="Should Contain" library="BuiltIn">
<doc>Fails if ``container`` does not contain ``item`` one or more times.</doc>
<arguments>
<arg>${response.json()["updated_at"]}</arg>
<arg>${date}</arg>
</arguments>
<status status="PASS" starttime="20210326 21:19:35.222" endtime="20210326 21:19:35.223"></status>
</kw>
<kw name="Should Be Equal" library="BuiltIn">
<doc>Fails if the given objects are unequal.</doc>
<arguments>
<arg>${response.json()["type"]}</arg>
<arg>${claim_type}</arg>
</arguments>
<status status="PASS" starttime="20210326 21:19:35.224" endtime="20210326 21:19:35.225"></status>
</kw>
<kw name="Should Be Equal" library="BuiltIn">
<doc>Fails if the given objects are unequal.</doc>
<arguments>
<arg>${response.json()["status"]}</arg>
<arg>${claim_status}</arg>
</arguments>
<status status="PASS" starttime="20210326 21:19:35.225" endtime="20210326 21:19:35.226"></status>
</kw>
<kw name="Should Be Equal" library="BuiltIn">
<doc>Fails if the given objects are unequal.</doc>
<arguments>
<arg>${response.json()["key"]["value"]}</arg>
<arg>${key_value}</arg>
</arguments>
<status status="PASS" starttime="20210326 21:19:35.226" endtime="20210326 21:19:35.227"></status>
</kw>
<kw name="Should Be Equal" library="BuiltIn">
<doc>Fails if the given objects are unequal.</doc>
<arguments>
<arg>${response.json()["key"]["type"]}</arg>
<arg>${key_type}</arg>
</arguments>
<status status="PASS" starttime="20210326 21:19:35.228" endtime="20210326 21:19:35.229"></status>
</kw>
<kw name="Should Be Equal" library="BuiltIn">
<doc>Fails if the given objects are unequal.</doc>
<arguments>
<arg>${response.json()["claimer"]["name"]}</arg>
<arg>${claimer_name}</arg>
</arguments>
<status status="PASS" starttime="20210326 21:19:35.230" endtime="20210326 21:19:35.233"></status>
</kw>
<kw name="Should Be Equal" library="BuiltIn">
<doc>Fails if the given objects are unequal.</doc>
<arguments>
<arg>${response.json()["claimer"]["national_registration"]}</arg>
<arg>${claimer_national_registration}</arg>
</arguments>
<status status="PASS" starttime="20210326 21:19:35.234" endtime="20210326 21:19:35.235"></status>
</kw>
<kw name="Should Be Equal" library="BuiltIn">
<doc>Fails if the given objects are unequal.</doc>
<arguments>
<arg>${response.json()["claimer"]["type"]}</arg>
<arg>${claimer_type}</arg>
</arguments>
<status status="PASS" starttime="20210326 21:19:35.236" endtime="20210326 21:19:35.238"></status>
</kw>
<kw name="Should Be Equal" library="BuiltIn">
<doc>Fails if the given objects are unequal.</doc>
<arguments>
<arg>${response.json()["claimer"]["marketplace"]}</arg>
<arg>${claimer_marketplace}</arg>
</arguments>
<status status="PASS" starttime="20210326 21:19:35.239" endtime="20210326 21:19:35.241"></status>
</kw>
<kw name="Should Be Equal" library="BuiltIn">
<doc>Fails if the given objects are unequal.</doc>
<arguments>
<arg>${response.json()["claimer"]["holder"]}</arg>
<arg>${claimer_holder_id}</arg>
</arguments>
<status status="PASS" starttime="20210326 21:19:35.241" endtime="20210326 21:19:35.243"></status>
</kw>
<kw name="Should Be Equal" library="BuiltIn">
<doc>Fails if the given objects are unequal.</doc>
<arguments>
<arg>${response.json()["claimer"]["account"]["digital_account_id"]}</arg>
<arg>${claimer_account_id}</arg>
</arguments>
<status status="PASS" starttime="20210326 21:19:35.244" endtime="20210326 21:19:35.245"></status>
</kw>
<kw name="Should Be Equal" library="BuiltIn">
<doc>Fails if the given objects are unequal.</doc>
<arguments>
<arg>${response.json()["claimer"]["account"]["routing_number"]}</arg>
<arg>${claimer_routing_number}</arg>
</arguments>
<status status="PASS" starttime="20210326 21:19:35.245" endtime="20210326 21:19:35.246"></status>
</kw>
<kw name="Should Be Equal" library="BuiltIn">
<doc>Fails if the given objects are unequal.</doc>
<arguments>
<arg>${response.json()["claimer"]["account"]["number"]}</arg>
<arg>${claimer_account_number}</arg>
</arguments>
<status status="PASS" starttime="20210326 21:19:35.247" endtime="20210326 21:19:35.248"></status>
</kw>
<kw name="Should Be Equal" library="BuiltIn">
<doc>Fails if the given objects are unequal.</doc>
<arguments>
<arg>${response.json()["claimer"]["account"]["type"]}</arg>
<arg>${claimer_account_type}</arg>
</arguments>
<status status="PASS" starttime="20210326 21:19:35.249" endtime="20210326 21:19:35.250"></status>
</kw>
<kw name="Should Be Equal" library="BuiltIn">
<doc>Fails if the given objects are unequal.</doc>
<arguments>
<arg>${response.json()["claimer"]["psp"]["code"]}</arg>
<arg>${claimer_psp_code}</arg>
</arguments>
<status status="PASS" starttime="20210326 21:19:35.251" endtime="20210326 21:19:35.251"></status>
</kw>
<kw name="Should Be Equal" library="BuiltIn">
<doc>Fails if the given objects are unequal.</doc>
<arguments>
<arg>${response.json()["claimer"]["psp"]["name"]}</arg>
<arg>${claimer_psp_name}</arg>
</arguments>
<status status="PASS" starttime="20210326 21:19:35.252" endtime="20210326 21:19:35.253"></status>
</kw>
<kw name="Should Be Equal" library="BuiltIn">
<doc>Fails if the given objects are unequal.</doc>
<arguments>
<arg>${response.json()["donor"]["name"]}</arg>
<arg>${donor_name}</arg>
</arguments>
<status status="PASS" starttime="20210326 21:19:35.253" endtime="20210326 21:19:35.254"></status>
</kw>
<kw name="Should Be Equal" library="BuiltIn">
<doc>Fails if the given objects are unequal.</doc>
<arguments>
<arg>${response.json()["donor"]["national_registration"]}</arg>
<arg>${donor_national_registration}</arg>
</arguments>
<status status="PASS" starttime="20210326 21:19:35.255" endtime="20210326 21:19:35.257"></status>
</kw>
<kw name="Should Be Equal" library="BuiltIn">
<doc>Fails if the given objects are unequal.</doc>
<arguments>
<arg>${response.json()["donor"]["type"]}</arg>
<arg>${donor_type}</arg>
</arguments>
<status status="PASS" starttime="20210326 21:19:35.258" endtime="20210326 21:19:35.259"></status>
</kw>
<kw name="Should Be Equal" library="BuiltIn">
<doc>Fails if the given objects are unequal.</doc>
<arguments>
<arg>${response.json()["donor"]["marketplace"]}</arg>
<arg>${donor_marketplace}</arg>
</arguments>
<status status="PASS" starttime="20210326 21:19:35.259" endtime="20210326 21:19:35.260"></status>
</kw>
<kw name="Should Be Equal" library="BuiltIn">
<doc>Fails if the given objects are unequal.</doc>
<arguments>
<arg>${response.json()["donor"]["holder"]}</arg>
<arg>${donor_holder_id}</arg>
</arguments>
<status status="PASS" starttime="20210326 21:19:35.261" endtime="20210326 21:19:35.263"></status>
</kw>
<kw name="Should Be Equal" library="BuiltIn">
<doc>Fails if the given objects are unequal.</doc>
<arguments>
<arg>${response.json()["donor"]["account"]["digital_account_id"]}</arg>
<arg>${donor_account_id}</arg>
</arguments>
<status status="PASS" starttime="20210326 21:19:35.263" endtime="20210326 21:19:35.265"></status>
</kw>
<kw name="Should Be Equal" library="BuiltIn">
<doc>Fails if the given objects are unequal.</doc>
<arguments>
<arg>${response.json()["donor"]["account"]["routing_number"]}</arg>
<arg>${donor_routing_number}</arg>
</arguments>
<status status="PASS" starttime="20210326 21:19:35.265" endtime="20210326 21:19:35.267"></status>
</kw>
<kw name="Should Be Equal" library="BuiltIn">
<doc>Fails if the given objects are unequal.</doc>
<arguments>
<arg>${response.json()["donor"]["account"]["number"]}</arg>
<arg>${donor_account_number}</arg>
</arguments>
<status status="PASS" starttime="20210326 21:19:35.267" endtime="20210326 21:19:35.269"></status>
</kw>
<kw name="Should Be Equal" library="BuiltIn">
<doc>Fails if the given objects are unequal.</doc>
<arguments>
<arg>${response.json()["donor"]["account"]["type"]}</arg>
<arg>${donor_account_type}</arg>
</arguments>
<status status="PASS" starttime="20210326 21:19:35.271" endtime="20210326 21:19:35.272"></status>
</kw>
<kw name="Should Be Equal" library="BuiltIn">
<doc>Fails if the given objects are unequal.</doc>
<arguments>
<arg>${response.json()["donor"]["psp"]["code"]}</arg>
<arg>${donor_psp_code}</arg>
</arguments>
<status status="PASS" starttime="20210326 21:19:35.273" endtime="20210326 21:19:35.274"></status>
</kw>
<kw name="Should Be Equal" library="BuiltIn">
<doc>Fails if the given objects are unequal.</doc>
<arguments>
<arg>${response.json()["donor"]["psp"]["name"]}</arg>
<arg>${donor_psp_name}</arg>
</arguments>
<status status="PASS" starttime="20210326 21:19:35.275" endtime="20210326 21:19:35.277"></status>
</kw>
<kw name="Should Be Equal" library="BuiltIn">
<doc>Fails if the given objects are unequal.</doc>
<arguments>
<arg>${response.json()["resource"]}</arg>
<arg>${claim_resource}</arg>
</arguments>
<status status="PASS" starttime="20210326 21:19:35.277" endtime="20210326 21:19:35.279"></status>
</kw>
<status status="PASS" starttime="20210326 21:19:35.204" endtime="20210326 21:19:35.279"></status>
</kw>
<doc>Fluxo Básico</doc>
<tags>
<tag>smoke_test_email</tag>
</tags>
<status status="PASS" starttime="20210326 21:18:59.131" endtime="20210326 21:19:35.280" critical="yes"></status>
</test>
<doc>Funcionalidade: Criar Reivindicação de Posse
Eu, como um Holder, portador de uma conta ativa em Banking
Desejo aceitar uma reivindicação de posse de uma chave de endereçamento</doc>
<status status="PASS" starttime="20210326 21:18:57.904" endtime="20210326 21:19:35.285"></status>
</suite>
<statistics>
<total>
<stat pass="1" fail="0">Critical Tests</stat>
<stat pass="1" fail="0">All Tests</stat>
</total>
<tag>
<stat pass="1" fail="0">smoke_test_email</stat>
</tag>
<suite>
<stat pass="1" fail="0" id="s1" name="Criar Reivindicação de Posse">Criar Reivindicação de Posse</stat>
</suite>
</statistics>
<errors>
</errors>
</robot>
